In file included from [01m[K/home/ayaa/Agro2/src/tiago_behavior_tree/src/pick_action.cpp:2[m[K:
[01m[K/home/ayaa/Agro2/src/tiago_behavior_tree/src/pick_action.hpp:10:30:[m[K [01;31m[Kerror: [m[Kexpected template-name before ‘[01m[K<[m[K’ token
   10 | class PickObject : public bt [01;31m[K<[m[KActionNode>
      |                              [01;31m[K^[m[K
[01m[K/home/ayaa/Agro2/src/tiago_behavior_tree/src/pick_action.hpp:10:30:[m[K [01;31m[Kerror: [m[Kexpected ‘[01m[K{[m[K’ before ‘[01m[K<[m[K’ token
[01m[K/home/ayaa/Agro2/src/tiago_behavior_tree/src/pick_action.hpp:10:30:[m[K [01;31m[Kerror: [m[Kexpected unqualified-id before ‘[01m[K<[m[K’ token
[01m[K/home/ayaa/Agro2/src/tiago_behavior_tree/src/pick_action.cpp:9:47:[m[K [01;31m[Kerror: [m[Kinvalid use of incomplete type ‘[01m[Kclass PickObject[m[K’
    9 | bject(const std::string& name[01;31m[K)[m[K : ActionNode(name)
      |                              [01;31m[K^[m[K

In file included from [01m[K/home/ayaa/Agro2/src/tiago_behavior_tree/src/pick_action.cpp:2[m[K:
[01m[K/home/ayaa/Agro2/src/tiago_behavior_tree/src/pick_action.hpp:10:7:[m[K [01;36m[Knote: [m[Kforward declaration of ‘[01m[Kclass PickObject[m[K’
   10 | class [01;36m[KPickObject[m[K : public bt <ActionNode>
      |       [01;36m[K^~~~~~~~~~[m[K
[01m[K/home/ayaa/Agro2/src/tiago_behavior_tree/src/pick_action.cpp:16:25:[m[K [01;31m[Kerror: [m[Kinvalid use of incomplete type ‘[01m[Kclass PickObject[m[K’
   16 | PickObject::~PickObject([01;31m[K)[m[K
      |                         [01;31m[K^[m[K
In file included from [01m[K/home/ayaa/Agro2/src/tiago_behavior_tree/src/pick_action.cpp:2[m[K:
[01m[K/home/ayaa/Agro2/src/tiago_behavior_tree/src/pick_action.hpp:10:7:[m[K [01;36m[Knote: [m[Kforward declaration of ‘[01m[Kclass PickObject[m[K’
   10 | class [01;36m[KPickObject[m[K : public bt <ActionNode>
      |       [01;36m[K^~~~~~~~~~[m[K
[01m[K/home/ayaa/Agro2/src/tiago_behavior_tree/src/pick_action.cpp:21:1:[m[K [01;31m[Kerror: [m[K‘[01m[Kbt[m[K’ does not name a type
   21 | [01;31m[Kbt[m[K::NodeStatus PickObject::tick()
      | [01;31m[K^~[m[K
[01m[K/home/ayaa/Agro2/src/tiago_behavior_tree/src/pick_action.cpp:36:30:[m[K [01;31m[Kerror: [m[Kinvalid use of incomplete type ‘[01m[Kclass PickObject[m[K’
   36 | bool PickObject::pick_object([01;31m[K)[m[K
      |                              [01;31m[K^[m[K
In file included from [01m[K/home/ayaa/Agro2/src/tiago_behavior_tree/src/pick_action.cpp:2[m[K:
[01m[K/home/ayaa/Agro2/src/tiago_behavior_tree/src/pick_action.hpp:10:7:[m[K [01;36m[Knote: [m[Kforward declaration of ‘[01m[Kclass PickObject[m[K’
   10 | class [01;36m[KPickObject[m[K : public bt <ActionNode>
      |       [01;36m[K^~~~~~~~~~[m[K
gmake[2]: *** [CMakeFiles/pick_action_node.dir/build.make:76: CMakeFiles/pick_action_node.dir/src/pick_action.cpp.o] Error 1
gmake[1]: *** [CMakeFiles/Makefile2:137: CMakeFiles/pick_action_node.dir/all] Error 2
gmake: *** [Makefile:146: all] Error 2
