[1.255s] Invoking command in '/home/ayaa/Agro2/build/tiago_behavior_tree': CMAKE_PREFIX_PATH=/home/ayaa/Agro2/install/ur5_moveit:/home/ayaa/Agro2/install/ur_description:/home/ayaa/Agro2/install/tiago_simulation:/home/ayaa/Agro2/install/tiago_robot:/home/ayaa/Agro2/install/tiago_gazebo:/home/ayaa/Agro2/install/tiago_bringup:/home/ayaa/Agro2/install/tiago_description:/home/ayaa/Agro2/install/tiago_cpp:/home/ayaa/Agro2/install/tiago_controller_configuration:/home/ayaa/Agro2/install/tiago_behavior_tree:/home/ayaa/Agro2/install/fer_moveit:/home/ayaa/Agro2/install/tiago_custom:/home/ayaa/Agro2/install/my_nav2_bringup:/home/ayaa/Agro2/install/fer_gazebo:/home/ayaa/Agro2/install/custom_worlds:/opt/ros/humble:/home/ayaa/Agro2/install/franka_description:/home/ayaa/Agro2/install/fer_cpp_moveit /usr/bin/cmake --build /home/ayaa/Agro2/build/tiago_behavior_tree -- -j8 -l8
[1.302s] [35m[1mConsolidate compiler generated dependencies of target pick_action_node[0m
[1.329s] [ 50%] [32mBuilding CXX object CMakeFiles/pick_action_node.dir/src/pick_action.cpp.o[0m
[4.579s] In file included from [01m[K/home/ayaa/Agro2/src/tiago_behavior_tree/src/pick_action.cpp:2[m[K:
[4.579s] [01m[K/home/ayaa/Agro2/src/tiago_behavior_tree/src/pick_action.hpp:10:30:[m[K [01;31m[Kerror: [m[Kexpected template-name before ‘[01m[K<[m[K’ token
[4.579s]    10 | class PickObject : public bt [01;31m[K<[m[KActionNode>
[4.579s]       |                              [01;31m[K^[m[K
[4.579s] [01m[K/home/ayaa/Agro2/src/tiago_behavior_tree/src/pick_action.hpp:10:30:[m[K [01;31m[Kerror: [m[Kexpected ‘[01m[K{[m[K’ before ‘[01m[K<[m[K’ token
[4.579s] [01m[K/home/ayaa/Agro2/src/tiago_behavior_tree/src/pick_action.hpp:10:30:[m[K [01;31m[Kerror: [m[Kexpected unqualified-id before ‘[01m[K<[m[K’ token
[6.542s] [01m[K/home/ayaa/Agro2/src/tiago_behavior_tree/src/pick_action.cpp:9:47:[m[K [01;31m[Kerror: [m[Kinvalid use of incomplete type ‘[01m[Kclass PickObject[m[K’
[6.542s]     9 | bject(const std::string& name[01;31m[K)[m[K : ActionNode(name)
[6.542s]       |                              [01;31m[K^[m[K
[6.542s] 
[6.542s] In file included from [01m[K/home/ayaa/Agro2/src/tiago_behavior_tree/src/pick_action.cpp:2[m[K:
[6.542s] [01m[K/home/ayaa/Agro2/src/tiago_behavior_tree/src/pick_action.hpp:10:7:[m[K [01;36m[Knote: [m[Kforward declaration of ‘[01m[Kclass PickObject[m[K’
[6.542s]    10 | class [01;36m[KPickObject[m[K : public bt <ActionNode>
[6.542s]       |       [01;36m[K^~~~~~~~~~[m[K
[6.542s] [01m[K/home/ayaa/Agro2/src/tiago_behavior_tree/src/pick_action.cpp:16:25:[m[K [01;31m[Kerror: [m[Kinvalid use of incomplete type ‘[01m[Kclass PickObject[m[K’
[6.542s]    16 | PickObject::~PickObject([01;31m[K)[m[K
[6.542s]       |                         [01;31m[K^[m[K
[6.542s] In file included from [01m[K/home/ayaa/Agro2/src/tiago_behavior_tree/src/pick_action.cpp:2[m[K:
[6.543s] [01m[K/home/ayaa/Agro2/src/tiago_behavior_tree/src/pick_action.hpp:10:7:[m[K [01;36m[Knote: [m[Kforward declaration of ‘[01m[Kclass PickObject[m[K’
[6.543s]    10 | class [01;36m[KPickObject[m[K : public bt <ActionNode>
[6.543s]       |       [01;36m[K^~~~~~~~~~[m[K
[6.544s] [01m[K/home/ayaa/Agro2/src/tiago_behavior_tree/src/pick_action.cpp:21:1:[m[K [01;31m[Kerror: [m[K‘[01m[Kbt[m[K’ does not name a type
[6.544s]    21 | [01;31m[Kbt[m[K::NodeStatus PickObject::tick()
[6.544s]       | [01;31m[K^~[m[K
[6.544s] [01m[K/home/ayaa/Agro2/src/tiago_behavior_tree/src/pick_action.cpp:36:30:[m[K [01;31m[Kerror: [m[Kinvalid use of incomplete type ‘[01m[Kclass PickObject[m[K’
[6.544s]    36 | bool PickObject::pick_object([01;31m[K)[m[K
[6.544s]       |                              [01;31m[K^[m[K
[6.544s] In file included from [01m[K/home/ayaa/Agro2/src/tiago_behavior_tree/src/pick_action.cpp:2[m[K:
[6.544s] [01m[K/home/ayaa/Agro2/src/tiago_behavior_tree/src/pick_action.hpp:10:7:[m[K [01;36m[Knote: [m[Kforward declaration of ‘[01m[Kclass PickObject[m[K’
[6.544s]    10 | class [01;36m[KPickObject[m[K : public bt <ActionNode>
[6.544s]       |       [01;36m[K^~~~~~~~~~[m[K
[9.006s] gmake[2]: *** [CMakeFiles/pick_action_node.dir/build.make:76: CMakeFiles/pick_action_node.dir/src/pick_action.cpp.o] Error 1
[9.007s] gmake[1]: *** [CMakeFiles/Makefile2:137: CMakeFiles/pick_action_node.dir/all] Error 2
[9.007s] gmake: *** [Makefile:146: all] Error 2
[9.009s] Invoked command in '/home/ayaa/Agro2/build/tiago_behavior_tree' returned '2': CMAKE_PREFIX_PATH=/home/ayaa/Agro2/install/ur5_moveit:/home/ayaa/Agro2/install/ur_description:/home/ayaa/Agro2/install/tiago_simulation:/home/ayaa/Agro2/install/tiago_robot:/home/ayaa/Agro2/install/tiago_gazebo:/home/ayaa/Agro2/install/tiago_bringup:/home/ayaa/Agro2/install/tiago_description:/home/ayaa/Agro2/install/tiago_cpp:/home/ayaa/Agro2/install/tiago_controller_configuration:/home/ayaa/Agro2/install/tiago_behavior_tree:/home/ayaa/Agro2/install/fer_moveit:/home/ayaa/Agro2/install/tiago_custom:/home/ayaa/Agro2/install/my_nav2_bringup:/home/ayaa/Agro2/install/fer_gazebo:/home/ayaa/Agro2/install/custom_worlds:/opt/ros/humble:/home/ayaa/Agro2/install/franka_description:/home/ayaa/Agro2/install/fer_cpp_moveit /usr/bin/cmake --build /home/ayaa/Agro2/build/tiago_behavior_tree -- -j8 -l8
