[1.563s] Invoking command in '/home/ayaa/Agro2/src/custom_worlds': PYTHONPATH=/home/ayaa/Agro2/build/custom_worlds/prefix_override:/usr/lib/python3/dist-packages/colcon_core/task/python/colcon_distutils_commands:/home/ayaa/Agro2/install/custom_worlds/lib/python3.10/site-packages:${PYTHONPATH} /usr/bin/python3 -W ignore:setup.py install is deprecated -W ignore:easy_install command is deprecated setup.py egg_info --egg-base ../../build/custom_worlds build --build-base /home/ayaa/Agro2/build/custom_worlds/build install --record /home/ayaa/Agro2/build/custom_worlds/install.log --single-version-externally-managed install_data
[1.979s] running egg_info
[1.996s] writing ../../build/custom_worlds/custom_worlds.egg-info/PKG-INFO
[1.996s] writing dependency_links to ../../build/custom_worlds/custom_worlds.egg-info/dependency_links.txt
[1.997s] writing requirements to ../../build/custom_worlds/custom_worlds.egg-info/requires.txt
[1.997s] writing top-level names to ../../build/custom_worlds/custom_worlds.egg-info/top_level.txt
[2.043s] reading manifest file '../../build/custom_worlds/custom_worlds.egg-info/SOURCES.txt'
[2.043s] adding license file 'LICENSE'
[2.044s] writing manifest file '../../build/custom_worlds/custom_worlds.egg-info/SOURCES.txt'
[2.045s] running build
[2.045s] running build_py
[2.045s] running install
[2.051s] running install_lib
[2.068s] running install_data
[2.069s] running install_egg_info
[2.087s] removing '/home/ayaa/Agro2/install/custom_worlds/lib/python3.10/site-packages/custom_worlds-0.0.0-py3.10.egg-info' (and everything under it)
[2.087s] Copying ../../build/custom_worlds/custom_worlds.egg-info to /home/ayaa/Agro2/install/custom_worlds/lib/python3.10/site-packages/custom_worlds-0.0.0-py3.10.egg-info
[2.088s] running install_scripts
[2.155s] writing list of installed files to '/home/ayaa/Agro2/build/custom_worlds/install.log'
[2.225s] Invoked command in '/home/ayaa/Agro2/src/custom_worlds' returned '0': PYTHONPATH=/home/ayaa/Agro2/build/custom_worlds/prefix_override:/usr/lib/python3/dist-packages/colcon_core/task/python/colcon_distutils_commands:/home/ayaa/Agro2/install/custom_worlds/lib/python3.10/site-packages:${PYTHONPATH} /usr/bin/python3 -W ignore:setup.py install is deprecated -W ignore:easy_install command is deprecated setup.py egg_info --egg-base ../../build/custom_worlds build --build-base /home/ayaa/Agro2/build/custom_worlds/build install --record /home/ayaa/Agro2/build/custom_worlds/install.log --single-version-externally-managed install_data
