[0.149s] DEBUG:colcon:Command line arguments: ['/usr/bin/colcon', 'build']
[0.149s] DEBUG:colcon:Parsed command line arguments: Namespace(log_base=None, log_level=None, verb_name='build', build_base='build', install_base='install', merge_install=False, symlink_install=False, test_result_base=None, continue_on_error=False, executor='parallel', parallel_workers=8, event_handlers=None, ignore_user_meta=False, metas=['./colcon.meta'], base_paths=['.'], packages_ignore=None, packages_ignore_regex=None, paths=None, packages_up_to=None, packages_up_to_regex=None, packages_above=None, packages_above_and_dependencies=None, packages_above_depth=None, packages_select_by_dep=None, packages_skip_by_dep=None, packages_skip_up_to=None, packages_select_build_failed=False, packages_skip_build_finished=False, packages_select_test_failures=False, packages_skip_test_passed=False, packages_select=None, packages_skip=None, packages_select_regex=None, packages_skip_regex=None, packages_start=None, packages_end=None, allow_overriding=[], cmake_args=None, cmake_target=None, cmake_target_skip_unavailable=False, cmake_clean_cache=False, cmake_clean_first=False, cmake_force_configure=False, ament_cmake_args=None, catkin_cmake_args=None, catkin_skip_building_tests=False, mixin_files=None, mixin=None, verb_parser=<colcon_mixin.mixin.mixin_argument.MixinArgumentDecorator object at 0x7ff26a59b550>, verb_extension=<colcon_core.verb.build.BuildVerb object at 0x7ff26a5989d0>, main=<bound method BuildVerb.main of <colcon_core.verb.build.BuildVerb object at 0x7ff26a5989d0>>, mixin_verb=('build',))
[0.456s] Level 1:colcon.colcon_core.package_discovery:discover_packages(colcon_meta) check parameters
[0.456s] Level 1:colcon.colcon_core.package_discovery:discover_packages(recursive) check parameters
[0.456s] Level 1:colcon.colcon_core.package_discovery:discover_packages(ignore) check parameters
[0.456s] Level 1:colcon.colcon_core.package_discovery:discover_packages(path) check parameters
[0.457s] Level 1:colcon.colcon_core.package_discovery:discover_packages(colcon_meta) discover
[0.457s] Level 1:colcon.colcon_core.package_discovery:discover_packages(recursive) discover
[0.457s] INFO:colcon.colcon_core.package_discovery:Crawling recursively for packages in '/home/ayaa/Agro2'
[0.457s] Level 1:colcon.colcon_core.package_identification:_identify(.) by extensions ['ignore', 'ignore_ament_install']
[0.457s] Level 1:colcon.colcon_core.package_identification:_identify(.) by extension 'ignore'
[0.457s] Level 1:colcon.colcon_core.package_identification:_identify(.) by extension 'ignore_ament_install'
[0.457s] Level 1:colcon.colcon_core.package_identification:_identify(.) by extensions ['colcon_pkg']
[0.457s] Level 1:colcon.colcon_core.package_identification:_identify(.) by extension 'colcon_pkg'
[0.457s] Level 1:colcon.colcon_core.package_identification:_identify(.) by extensions ['colcon_meta']
[0.457s] Level 1:colcon.colcon_core.package_identification:_identify(.) by extension 'colcon_meta'
[0.457s] Level 1:colcon.colcon_core.package_identification:_identify(.) by extensions ['ros']
[0.458s] Level 1:colcon.colcon_core.package_identification:_identify(.) by extension 'ros'
[0.473s] Level 1:colcon.colcon_core.package_identification:_identify(.) by extensions ['cmake', 'python']
[0.473s] Level 1:colcon.colcon_core.package_identification:_identify(.) by extension 'cmake'
[0.473s] Level 1:colcon.colcon_core.package_identification:_identify(.) by extension 'python'
[0.473s] Level 1:colcon.colcon_core.package_identification:_identify(.) by extensions ['python_setup_py']
[0.473s] Level 1:colcon.colcon_core.package_identification:_identify(.) by extension 'python_setup_py'
[0.474s] Level 1:colcon.colcon_core.package_identification:_identify(build) by extensions ['ignore', 'ignore_ament_install']
[0.474s] Level 1:colcon.colcon_core.package_identification:_identify(build) by extension 'ignore'
[0.474s] Level 1:colcon.colcon_core.package_identification:_identify(build) ignored
[0.474s] Level 1:colcon.colcon_core.package_identification:_identify(install) by extensions ['ignore', 'ignore_ament_install']
[0.474s] Level 1:colcon.colcon_core.package_identification:_identify(install) by extension 'ignore'
[0.474s] Level 1:colcon.colcon_core.package_identification:_identify(install) ignored
[0.475s] Level 1:colcon.colcon_core.package_identification:_identify(log) by extensions ['ignore', 'ignore_ament_install']
[0.475s] Level 1:colcon.colcon_core.package_identification:_identify(log) by extension 'ignore'
[0.475s] Level 1:colcon.colcon_core.package_identification:_identify(log) ignored
[0.475s] Level 1:colcon.colcon_core.package_identification:_identify(rosbag2_2025_03_02-20_45_56) by extensions ['ignore', 'ignore_ament_install']
[0.475s] Level 1:colcon.colcon_core.package_identification:_identify(rosbag2_2025_03_02-20_45_56) by extension 'ignore'
[0.475s] Level 1:colcon.colcon_core.package_identification:_identify(rosbag2_2025_03_02-20_45_56) by extension 'ignore_ament_install'
[0.475s] Level 1:colcon.colcon_core.package_identification:_identify(rosbag2_2025_03_02-20_45_56) by extensions ['colcon_pkg']
[0.475s] Level 1:colcon.colcon_core.package_identification:_identify(rosbag2_2025_03_02-20_45_56) by extension 'colcon_pkg'
[0.475s] Level 1:colcon.colcon_core.package_identification:_identify(rosbag2_2025_03_02-20_45_56) by extensions ['colcon_meta']
[0.475s] Level 1:colcon.colcon_core.package_identification:_identify(rosbag2_2025_03_02-20_45_56) by extension 'colcon_meta'
[0.475s] Level 1:colcon.colcon_core.package_identification:_identify(rosbag2_2025_03_02-20_45_56) by extensions ['ros']
[0.475s] Level 1:colcon.colcon_core.package_identification:_identify(rosbag2_2025_03_02-20_45_56) by extension 'ros'
[0.475s] Level 1:colcon.colcon_core.package_identification:_identify(rosbag2_2025_03_02-20_45_56) by extensions ['cmake', 'python']
[0.475s] Level 1:colcon.colcon_core.package_identification:_identify(rosbag2_2025_03_02-20_45_56) by extension 'cmake'
[0.475s] Level 1:colcon.colcon_core.package_identification:_identify(rosbag2_2025_03_02-20_45_56) by extension 'python'
[0.475s] Level 1:colcon.colcon_core.package_identification:_identify(rosbag2_2025_03_02-20_45_56) by extensions ['python_setup_py']
[0.475s] Level 1:colcon.colcon_core.package_identification:_identify(rosbag2_2025_03_02-20_45_56) by extension 'python_setup_py'
[0.476s] Level 1:colcon.colcon_core.package_identification:_identify(src) by extensions ['ignore', 'ignore_ament_install']
[0.476s] Level 1:colcon.colcon_core.package_identification:_identify(src) by extension 'ignore'
[0.476s] Level 1:colcon.colcon_core.package_identification:_identify(src) by extension 'ignore_ament_install'
[0.476s] Level 1:colcon.colcon_core.package_identification:_identify(src) by extensions ['colcon_pkg']
[0.476s] Level 1:colcon.colcon_core.package_identification:_identify(src) by extension 'colcon_pkg'
[0.476s] Level 1:colcon.colcon_core.package_identification:_identify(src) by extensions ['colcon_meta']
[0.476s] Level 1:colcon.colcon_core.package_identification:_identify(src) by extension 'colcon_meta'
[0.476s] Level 1:colcon.colcon_core.package_identification:_identify(src) by extensions ['ros']
[0.476s] Level 1:colcon.colcon_core.package_identification:_identify(src) by extension 'ros'
[0.476s] Level 1:colcon.colcon_core.package_identification:_identify(src) by extensions ['cmake', 'python']
[0.476s] Level 1:colcon.colcon_core.package_identification:_identify(src) by extension 'cmake'
[0.476s] Level 1:colcon.colcon_core.package_identification:_identify(src) by extension 'python'
[0.476s] Level 1:colcon.colcon_core.package_identification:_identify(src) by extensions ['python_setup_py']
[0.476s] Level 1:colcon.colcon_core.package_identification:_identify(src) by extension 'python_setup_py'
[0.476s] Level 1:colcon.colcon_core.package_identification:_identify(src/build) by extensions ['ignore', 'ignore_ament_install']
[0.476s] Level 1:colcon.colcon_core.package_identification:_identify(src/build) by extension 'ignore'
[0.476s] Level 1:colcon.colcon_core.package_identification:_identify(src/build) ignored
[0.476s] Level 1:colcon.colcon_core.package_identification:_identify(src/custom_worlds) by extensions ['ignore', 'ignore_ament_install']
[0.477s] Level 1:colcon.colcon_core.package_identification:_identify(src/custom_worlds) by extension 'ignore'
[0.477s] Level 1:colcon.colcon_core.package_identification:_identify(src/custom_worlds) by extension 'ignore_ament_install'
[0.477s] Level 1:colcon.colcon_core.package_identification:_identify(src/custom_worlds) by extensions ['colcon_pkg']
[0.477s] Level 1:colcon.colcon_core.package_identification:_identify(src/custom_worlds) by extension 'colcon_pkg'
[0.477s] Level 1:colcon.colcon_core.package_identification:_identify(src/custom_worlds) by extensions ['colcon_meta']
[0.477s] Level 1:colcon.colcon_core.package_identification:_identify(src/custom_worlds) by extension 'colcon_meta'
[0.477s] Level 1:colcon.colcon_core.package_identification:_identify(src/custom_worlds) by extensions ['ros']
[0.477s] Level 1:colcon.colcon_core.package_identification:_identify(src/custom_worlds) by extension 'ros'
[0.480s] DEBUG:colcon.colcon_core.package_identification:Package 'src/custom_worlds' with type 'ros.ament_python' and name 'custom_worlds'
[0.480s] Level 1:colcon.colcon_core.package_identification:_identify(src/fer_cpp_moveit) by extensions ['ignore', 'ignore_ament_install']
[0.480s] Level 1:colcon.colcon_core.package_identification:_identify(src/fer_cpp_moveit) by extension 'ignore'
[0.480s] Level 1:colcon.colcon_core.package_identification:_identify(src/fer_cpp_moveit) by extension 'ignore_ament_install'
[0.480s] Level 1:colcon.colcon_core.package_identification:_identify(src/fer_cpp_moveit) by extensions ['colcon_pkg']
[0.480s] Level 1:colcon.colcon_core.package_identification:_identify(src/fer_cpp_moveit) by extension 'colcon_pkg'
[0.480s] Level 1:colcon.colcon_core.package_identification:_identify(src/fer_cpp_moveit) by extensions ['colcon_meta']
[0.480s] Level 1:colcon.colcon_core.package_identification:_identify(src/fer_cpp_moveit) by extension 'colcon_meta'
[0.480s] Level 1:colcon.colcon_core.package_identification:_identify(src/fer_cpp_moveit) by extensions ['ros']
[0.480s] Level 1:colcon.colcon_core.package_identification:_identify(src/fer_cpp_moveit) by extension 'ros'
[0.481s] DEBUG:colcon.colcon_core.package_identification:Package 'src/fer_cpp_moveit' with type 'ros.ament_cmake' and name 'fer_cpp_moveit'
[0.481s] Level 1:colcon.colcon_core.package_identification:_identify(src/fer_gazebo) by extensions ['ignore', 'ignore_ament_install']
[0.481s] Level 1:colcon.colcon_core.package_identification:_identify(src/fer_gazebo) by extension 'ignore'
[0.481s] Level 1:colcon.colcon_core.package_identification:_identify(src/fer_gazebo) by extension 'ignore_ament_install'
[0.481s] Level 1:colcon.colcon_core.package_identification:_identify(src/fer_gazebo) by extensions ['colcon_pkg']
[0.482s] Level 1:colcon.colcon_core.package_identification:_identify(src/fer_gazebo) by extension 'colcon_pkg'
[0.482s] Level 1:colcon.colcon_core.package_identification:_identify(src/fer_gazebo) by extensions ['colcon_meta']
[0.482s] Level 1:colcon.colcon_core.package_identification:_identify(src/fer_gazebo) by extension 'colcon_meta'
[0.482s] Level 1:colcon.colcon_core.package_identification:_identify(src/fer_gazebo) by extensions ['ros']
[0.482s] Level 1:colcon.colcon_core.package_identification:_identify(src/fer_gazebo) by extension 'ros'
[0.482s] DEBUG:colcon.colcon_core.package_identification:Package 'src/fer_gazebo' with type 'ros.ament_python' and name 'fer_gazebo'
[0.482s] Level 1:colcon.colcon_core.package_identification:_identify(src/fer_moveit) by extensions ['ignore', 'ignore_ament_install']
[0.482s] Level 1:colcon.colcon_core.package_identification:_identify(src/fer_moveit) by extension 'ignore'
[0.482s] Level 1:colcon.colcon_core.package_identification:_identify(src/fer_moveit) by extension 'ignore_ament_install'
[0.483s] Level 1:colcon.colcon_core.package_identification:_identify(src/fer_moveit) by extensions ['colcon_pkg']
[0.483s] Level 1:colcon.colcon_core.package_identification:_identify(src/fer_moveit) by extension 'colcon_pkg'
[0.483s] Level 1:colcon.colcon_core.package_identification:_identify(src/fer_moveit) by extensions ['colcon_meta']
[0.483s] Level 1:colcon.colcon_core.package_identification:_identify(src/fer_moveit) by extension 'colcon_meta'
[0.483s] Level 1:colcon.colcon_core.package_identification:_identify(src/fer_moveit) by extensions ['ros']
[0.483s] Level 1:colcon.colcon_core.package_identification:_identify(src/fer_moveit) by extension 'ros'
[0.484s] DEBUG:colcon.colcon_core.package_identification:Package 'src/fer_moveit' with type 'ros.ament_cmake' and name 'fer_moveit'
[0.484s] Level 1:colcon.colcon_core.package_identification:_identify(src/franka_description) by extensions ['ignore', 'ignore_ament_install']
[0.484s] Level 1:colcon.colcon_core.package_identification:_identify(src/franka_description) by extension 'ignore'
[0.484s] Level 1:colcon.colcon_core.package_identification:_identify(src/franka_description) by extension 'ignore_ament_install'
[0.484s] Level 1:colcon.colcon_core.package_identification:_identify(src/franka_description) by extensions ['colcon_pkg']
[0.484s] Level 1:colcon.colcon_core.package_identification:_identify(src/franka_description) by extension 'colcon_pkg'
[0.484s] Level 1:colcon.colcon_core.package_identification:_identify(src/franka_description) by extensions ['colcon_meta']
[0.484s] Level 1:colcon.colcon_core.package_identification:_identify(src/franka_description) by extension 'colcon_meta'
[0.484s] Level 1:colcon.colcon_core.package_identification:_identify(src/franka_description) by extensions ['ros']
[0.484s] Level 1:colcon.colcon_core.package_identification:_identify(src/franka_description) by extension 'ros'
[0.485s] DEBUG:colcon.colcon_core.package_identification:Package 'src/franka_description' with type 'ros.ament_cmake' and name 'franka_description'
[0.485s] Level 1:colcon.colcon_core.package_identification:_identify(src/install) by extensions ['ignore', 'ignore_ament_install']
[0.485s] Level 1:colcon.colcon_core.package_identification:_identify(src/install) by extension 'ignore'
[0.485s] Level 1:colcon.colcon_core.package_identification:_identify(src/install) ignored
[0.485s] Level 1:colcon.colcon_core.package_identification:_identify(src/log) by extensions ['ignore', 'ignore_ament_install']
[0.485s] Level 1:colcon.colcon_core.package_identification:_identify(src/log) by extension 'ignore'
[0.485s] Level 1:colcon.colcon_core.package_identification:_identify(src/log) ignored
[0.485s] Level 1:colcon.colcon_core.package_identification:_identify(src/my_nav2_bringup) by extensions ['ignore', 'ignore_ament_install']
[0.485s] Level 1:colcon.colcon_core.package_identification:_identify(src/my_nav2_bringup) by extension 'ignore'
[0.485s] Level 1:colcon.colcon_core.package_identification:_identify(src/my_nav2_bringup) by extension 'ignore_ament_install'
[0.485s] Level 1:colcon.colcon_core.package_identification:_identify(src/my_nav2_bringup) by extensions ['colcon_pkg']
[0.485s] Level 1:colcon.colcon_core.package_identification:_identify(src/my_nav2_bringup) by extension 'colcon_pkg'
[0.485s] Level 1:colcon.colcon_core.package_identification:_identify(src/my_nav2_bringup) by extensions ['colcon_meta']
[0.485s] Level 1:colcon.colcon_core.package_identification:_identify(src/my_nav2_bringup) by extension 'colcon_meta'
[0.485s] Level 1:colcon.colcon_core.package_identification:_identify(src/my_nav2_bringup) by extensions ['ros']
[0.485s] Level 1:colcon.colcon_core.package_identification:_identify(src/my_nav2_bringup) by extension 'ros'
[0.486s] DEBUG:colcon.colcon_core.package_identification:Package 'src/my_nav2_bringup' with type 'ros.ament_python' and name 'my_nav2_bringup'
[0.486s] Level 1:colcon.colcon_core.package_identification:_identify(src/tiago_custom) by extensions ['ignore', 'ignore_ament_install']
[0.486s] Level 1:colcon.colcon_core.package_identification:_identify(src/tiago_custom) by extension 'ignore'
[0.486s] Level 1:colcon.colcon_core.package_identification:_identify(src/tiago_custom) by extension 'ignore_ament_install'
[0.486s] Level 1:colcon.colcon_core.package_identification:_identify(src/tiago_custom) by extensions ['colcon_pkg']
[0.486s] Level 1:colcon.colcon_core.package_identification:_identify(src/tiago_custom) by extension 'colcon_pkg'
[0.486s] Level 1:colcon.colcon_core.package_identification:_identify(src/tiago_custom) by extensions ['colcon_meta']
[0.486s] Level 1:colcon.colcon_core.package_identification:_identify(src/tiago_custom) by extension 'colcon_meta'
[0.487s] Level 1:colcon.colcon_core.package_identification:_identify(src/tiago_custom) by extensions ['ros']
[0.487s] Level 1:colcon.colcon_core.package_identification:_identify(src/tiago_custom) by extension 'ros'
[0.487s] DEBUG:colcon.colcon_core.package_identification:Package 'src/tiago_custom' with type 'ros.ament_python' and name 'tiago_custom'
[0.487s] Level 1:colcon.colcon_core.package_discovery:discover_packages(recursive) using defaults
[0.487s] Level 1:colcon.colcon_core.package_discovery:discover_packages(ignore) discover
[0.487s] Level 1:colcon.colcon_core.package_discovery:discover_packages(ignore) using defaults
[0.487s] Level 1:colcon.colcon_core.package_discovery:discover_packages(path) discover
[0.487s] Level 1:colcon.colcon_core.package_discovery:discover_packages(path) using defaults
[0.509s] Level 1:colcon.colcon_core.package_discovery:discover_packages(prefix_path) check parameters
[0.510s] Level 1:colcon.colcon_core.package_discovery:discover_packages(prefix_path) discover
[0.513s] DEBUG:colcon.colcon_installed_package_information.package_discovery:Found 16 installed packages in /home/ayaa/Agro2/install
[0.515s] DEBUG:colcon.colcon_installed_package_information.package_discovery:Found 460 installed packages in /opt/ros/humble
[0.518s] Level 1:colcon.colcon_core.package_discovery:discover_packages(prefix_path) using defaults
[0.573s] Level 5:colcon.colcon_core.verb:set package 'custom_worlds' build argument 'cmake_args' from command line to 'None'
[0.574s] Level 5:colcon.colcon_core.verb:set package 'custom_worlds' build argument 'cmake_target' from command line to 'None'
[0.574s] Level 5:colcon.colcon_core.verb:set package 'custom_worlds' build argument 'cmake_target_skip_unavailable' from command line to 'False'
[0.574s] Level 5:colcon.colcon_core.verb:set package 'custom_worlds' build argument 'cmake_clean_cache' from command line to 'False'
[0.574s] Level 5:colcon.colcon_core.verb:set package 'custom_worlds' build argument 'cmake_clean_first' from command line to 'False'
[0.574s] Level 5:colcon.colcon_core.verb:set package 'custom_worlds' build argument 'cmake_force_configure' from command line to 'False'
[0.574s] Level 5:colcon.colcon_core.verb:set package 'custom_worlds' build argument 'ament_cmake_args' from command line to 'None'
[0.574s] Level 5:colcon.colcon_core.verb:set package 'custom_worlds' build argument 'catkin_cmake_args' from command line to 'None'
[0.574s] Level 5:colcon.colcon_core.verb:set package 'custom_worlds' build argument 'catkin_skip_building_tests' from command line to 'False'
[0.574s] DEBUG:colcon.colcon_core.verb:Building package 'custom_worlds' with the following arguments: {'ament_cmake_args': None, 'build_base': '/home/ayaa/Agro2/build/custom_worlds', 'catkin_cmake_args': None, 'catkin_skip_building_tests': False, 'cmake_args': None, 'cmake_clean_cache': False, 'cmake_clean_first': False, 'cmake_force_configure': False, 'cmake_target': None, 'cmake_target_skip_unavailable': False, 'install_base': '/home/ayaa/Agro2/install/custom_worlds', 'merge_install': False, 'path': '/home/ayaa/Agro2/src/custom_worlds', 'symlink_install': False, 'test_result_base': None}
[0.574s] Level 5:colcon.colcon_core.verb:set package 'fer_cpp_moveit' build argument 'cmake_args' from command line to 'None'
[0.574s] Level 5:colcon.colcon_core.verb:set package 'fer_cpp_moveit' build argument 'cmake_target' from command line to 'None'
[0.574s] Level 5:colcon.colcon_core.verb:set package 'fer_cpp_moveit' build argument 'cmake_target_skip_unavailable' from command line to 'False'
[0.574s] Level 5:colcon.colcon_core.verb:set package 'fer_cpp_moveit' build argument 'cmake_clean_cache' from command line to 'False'
[0.574s] Level 5:colcon.colcon_core.verb:set package 'fer_cpp_moveit' build argument 'cmake_clean_first' from command line to 'False'
[0.574s] Level 5:colcon.colcon_core.verb:set package 'fer_cpp_moveit' build argument 'cmake_force_configure' from command line to 'False'
[0.574s] Level 5:colcon.colcon_core.verb:set package 'fer_cpp_moveit' build argument 'ament_cmake_args' from command line to 'None'
[0.574s] Level 5:colcon.colcon_core.verb:set package 'fer_cpp_moveit' build argument 'catkin_cmake_args' from command line to 'None'
[0.574s] Level 5:colcon.colcon_core.verb:set package 'fer_cpp_moveit' build argument 'catkin_skip_building_tests' from command line to 'False'
[0.574s] DEBUG:colcon.colcon_core.verb:Building package 'fer_cpp_moveit' with the following arguments: {'ament_cmake_args': None, 'build_base': '/home/ayaa/Agro2/build/fer_cpp_moveit', 'catkin_cmake_args': None, 'catkin_skip_building_tests': False, 'cmake_args': None, 'cmake_clean_cache': False, 'cmake_clean_first': False, 'cmake_force_configure': False, 'cmake_target': None, 'cmake_target_skip_unavailable': False, 'install_base': '/home/ayaa/Agro2/install/fer_cpp_moveit', 'merge_install': False, 'path': '/home/ayaa/Agro2/src/fer_cpp_moveit', 'symlink_install': False, 'test_result_base': None}
[0.575s] Level 5:colcon.colcon_core.verb:set package 'fer_gazebo' build argument 'cmake_args' from command line to 'None'
[0.575s] Level 5:colcon.colcon_core.verb:set package 'fer_gazebo' build argument 'cmake_target' from command line to 'None'
[0.575s] Level 5:colcon.colcon_core.verb:set package 'fer_gazebo' build argument 'cmake_target_skip_unavailable' from command line to 'False'
[0.575s] Level 5:colcon.colcon_core.verb:set package 'fer_gazebo' build argument 'cmake_clean_cache' from command line to 'False'
[0.575s] Level 5:colcon.colcon_core.verb:set package 'fer_gazebo' build argument 'cmake_clean_first' from command line to 'False'
[0.575s] Level 5:colcon.colcon_core.verb:set package 'fer_gazebo' build argument 'cmake_force_configure' from command line to 'False'
[0.575s] Level 5:colcon.colcon_core.verb:set package 'fer_gazebo' build argument 'ament_cmake_args' from command line to 'None'
[0.575s] Level 5:colcon.colcon_core.verb:set package 'fer_gazebo' build argument 'catkin_cmake_args' from command line to 'None'
[0.575s] Level 5:colcon.colcon_core.verb:set package 'fer_gazebo' build argument 'catkin_skip_building_tests' from command line to 'False'
[0.575s] DEBUG:colcon.colcon_core.verb:Building package 'fer_gazebo' with the following arguments: {'ament_cmake_args': None, 'build_base': '/home/ayaa/Agro2/build/fer_gazebo', 'catkin_cmake_args': None, 'catkin_skip_building_tests': False, 'cmake_args': None, 'cmake_clean_cache': False, 'cmake_clean_first': False, 'cmake_force_configure': False, 'cmake_target': None, 'cmake_target_skip_unavailable': False, 'install_base': '/home/ayaa/Agro2/install/fer_gazebo', 'merge_install': False, 'path': '/home/ayaa/Agro2/src/fer_gazebo', 'symlink_install': False, 'test_result_base': None}
[0.575s] Level 5:colcon.colcon_core.verb:set package 'franka_description' build argument 'cmake_args' from command line to 'None'
[0.575s] Level 5:colcon.colcon_core.verb:set package 'franka_description' build argument 'cmake_target' from command line to 'None'
[0.575s] Level 5:colcon.colcon_core.verb:set package 'franka_description' build argument 'cmake_target_skip_unavailable' from command line to 'False'
[0.575s] Level 5:colcon.colcon_core.verb:set package 'franka_description' build argument 'cmake_clean_cache' from command line to 'False'
[0.575s] Level 5:colcon.colcon_core.verb:set package 'franka_description' build argument 'cmake_clean_first' from command line to 'False'
[0.575s] Level 5:colcon.colcon_core.verb:set package 'franka_description' build argument 'cmake_force_configure' from command line to 'False'
[0.575s] Level 5:colcon.colcon_core.verb:set package 'franka_description' build argument 'ament_cmake_args' from command line to 'None'
[0.575s] Level 5:colcon.colcon_core.verb:set package 'franka_description' build argument 'catkin_cmake_args' from command line to 'None'
[0.575s] Level 5:colcon.colcon_core.verb:set package 'franka_description' build argument 'catkin_skip_building_tests' from command line to 'False'
[0.575s] DEBUG:colcon.colcon_core.verb:Building package 'franka_description' with the following arguments: {'ament_cmake_args': None, 'build_base': '/home/ayaa/Agro2/build/franka_description', 'catkin_cmake_args': None, 'catkin_skip_building_tests': False, 'cmake_args': None, 'cmake_clean_cache': False, 'cmake_clean_first': False, 'cmake_force_configure': False, 'cmake_target': None, 'cmake_target_skip_unavailable': False, 'install_base': '/home/ayaa/Agro2/install/franka_description', 'merge_install': False, 'path': '/home/ayaa/Agro2/src/franka_description', 'symlink_install': False, 'test_result_base': None}
[0.576s] Level 5:colcon.colcon_core.verb:set package 'my_nav2_bringup' build argument 'cmake_args' from command line to 'None'
[0.576s] Level 5:colcon.colcon_core.verb:set package 'my_nav2_bringup' build argument 'cmake_target' from command line to 'None'
[0.576s] Level 5:colcon.colcon_core.verb:set package 'my_nav2_bringup' build argument 'cmake_target_skip_unavailable' from command line to 'False'
[0.576s] Level 5:colcon.colcon_core.verb:set package 'my_nav2_bringup' build argument 'cmake_clean_cache' from command line to 'False'
[0.576s] Level 5:colcon.colcon_core.verb:set package 'my_nav2_bringup' build argument 'cmake_clean_first' from command line to 'False'
[0.576s] Level 5:colcon.colcon_core.verb:set package 'my_nav2_bringup' build argument 'cmake_force_configure' from command line to 'False'
[0.576s] Level 5:colcon.colcon_core.verb:set package 'my_nav2_bringup' build argument 'ament_cmake_args' from command line to 'None'
[0.576s] Level 5:colcon.colcon_core.verb:set package 'my_nav2_bringup' build argument 'catkin_cmake_args' from command line to 'None'
[0.576s] Level 5:colcon.colcon_core.verb:set package 'my_nav2_bringup' build argument 'catkin_skip_building_tests' from command line to 'False'
[0.576s] DEBUG:colcon.colcon_core.verb:Building package 'my_nav2_bringup' with the following arguments: {'ament_cmake_args': None, 'build_base': '/home/ayaa/Agro2/build/my_nav2_bringup', 'catkin_cmake_args': None, 'catkin_skip_building_tests': False, 'cmake_args': None, 'cmake_clean_cache': False, 'cmake_clean_first': False, 'cmake_force_configure': False, 'cmake_target': None, 'cmake_target_skip_unavailable': False, 'install_base': '/home/ayaa/Agro2/install/my_nav2_bringup', 'merge_install': False, 'path': '/home/ayaa/Agro2/src/my_nav2_bringup', 'symlink_install': False, 'test_result_base': None}
[0.576s] Level 5:colcon.colcon_core.verb:set package 'tiago_custom' build argument 'cmake_args' from command line to 'None'
[0.576s] Level 5:colcon.colcon_core.verb:set package 'tiago_custom' build argument 'cmake_target' from command line to 'None'
[0.576s] Level 5:colcon.colcon_core.verb:set package 'tiago_custom' build argument 'cmake_target_skip_unavailable' from command line to 'False'
[0.576s] Level 5:colcon.colcon_core.verb:set package 'tiago_custom' build argument 'cmake_clean_cache' from command line to 'False'
[0.576s] Level 5:colcon.colcon_core.verb:set package 'tiago_custom' build argument 'cmake_clean_first' from command line to 'False'
[0.576s] Level 5:colcon.colcon_core.verb:set package 'tiago_custom' build argument 'cmake_force_configure' from command line to 'False'
[0.576s] Level 5:colcon.colcon_core.verb:set package 'tiago_custom' build argument 'ament_cmake_args' from command line to 'None'
[0.576s] Level 5:colcon.colcon_core.verb:set package 'tiago_custom' build argument 'catkin_cmake_args' from command line to 'None'
[0.576s] Level 5:colcon.colcon_core.verb:set package 'tiago_custom' build argument 'catkin_skip_building_tests' from command line to 'False'
[0.576s] DEBUG:colcon.colcon_core.verb:Building package 'tiago_custom' with the following arguments: {'ament_cmake_args': None, 'build_base': '/home/ayaa/Agro2/build/tiago_custom', 'catkin_cmake_args': None, 'catkin_skip_building_tests': False, 'cmake_args': None, 'cmake_clean_cache': False, 'cmake_clean_first': False, 'cmake_force_configure': False, 'cmake_target': None, 'cmake_target_skip_unavailable': False, 'install_base': '/home/ayaa/Agro2/install/tiago_custom', 'merge_install': False, 'path': '/home/ayaa/Agro2/src/tiago_custom', 'symlink_install': False, 'test_result_base': None}
[0.577s] Level 5:colcon.colcon_core.verb:set package 'fer_moveit' build argument 'cmake_args' from command line to 'None'
[0.577s] Level 5:colcon.colcon_core.verb:set package 'fer_moveit' build argument 'cmake_target' from command line to 'None'
[0.577s] Level 5:colcon.colcon_core.verb:set package 'fer_moveit' build argument 'cmake_target_skip_unavailable' from command line to 'False'
[0.577s] Level 5:colcon.colcon_core.verb:set package 'fer_moveit' build argument 'cmake_clean_cache' from command line to 'False'
[0.577s] Level 5:colcon.colcon_core.verb:set package 'fer_moveit' build argument 'cmake_clean_first' from command line to 'False'
[0.577s] Level 5:colcon.colcon_core.verb:set package 'fer_moveit' build argument 'cmake_force_configure' from command line to 'False'
[0.577s] Level 5:colcon.colcon_core.verb:set package 'fer_moveit' build argument 'ament_cmake_args' from command line to 'None'
[0.577s] Level 5:colcon.colcon_core.verb:set package 'fer_moveit' build argument 'catkin_cmake_args' from command line to 'None'
[0.577s] Level 5:colcon.colcon_core.verb:set package 'fer_moveit' build argument 'catkin_skip_building_tests' from command line to 'False'
[0.577s] DEBUG:colcon.colcon_core.verb:Building package 'fer_moveit' with the following arguments: {'ament_cmake_args': None, 'build_base': '/home/ayaa/Agro2/build/fer_moveit', 'catkin_cmake_args': None, 'catkin_skip_building_tests': False, 'cmake_args': None, 'cmake_clean_cache': False, 'cmake_clean_first': False, 'cmake_force_configure': False, 'cmake_target': None, 'cmake_target_skip_unavailable': False, 'install_base': '/home/ayaa/Agro2/install/fer_moveit', 'merge_install': False, 'path': '/home/ayaa/Agro2/src/fer_moveit', 'symlink_install': False, 'test_result_base': None}
[0.577s] INFO:colcon.colcon_core.executor:Executing jobs using 'parallel' executor
[0.578s] DEBUG:colcon.colcon_parallel_executor.executor.parallel:run_until_complete
[0.578s] INFO:colcon.colcon_ros.task.ament_cmake.build:Building ROS package in '/home/ayaa/Agro2/src/franka_description' with build type 'ament_cmake'
[0.579s] INFO:colcon.colcon_cmake.task.cmake.build:Building CMake package in '/home/ayaa/Agro2/src/franka_description'
[0.582s] INFO:colcon.colcon_core.plugin_system:Skipping extension 'colcon_core.shell.bat': Not used on non-Windows systems
[0.582s] INFO:colcon.colcon_core.shell:Skip shell extension 'powershell' for command environment: Not usable outside of PowerShell
[0.582s] DEBUG:colcon.colcon_core.shell:Skip shell extension 'dsv' for command environment
[0.587s] INFO:colcon.colcon_ros.task.ament_python.build:Building ROS package in '/home/ayaa/Agro2/src/custom_worlds' with build type 'ament_python'
[0.587s] Level 1:colcon.colcon_core.shell:create_environment_hook('custom_worlds', 'ament_prefix_path')
[0.587s] INFO:colcon.colcon_core.shell:Creating environment hook '/home/ayaa/Agro2/install/custom_worlds/share/custom_worlds/hook/ament_prefix_path.ps1'
[0.588s] INFO:colcon.colcon_core.shell:Creating environment descriptor '/home/ayaa/Agro2/install/custom_worlds/share/custom_worlds/hook/ament_prefix_path.dsv'
[0.589s] INFO:colcon.colcon_core.shell:Creating environment hook '/home/ayaa/Agro2/install/custom_worlds/share/custom_worlds/hook/ament_prefix_path.sh'
[0.589s] INFO:colcon.colcon_core.shell:Skip shell extension 'powershell' for command environment: Not usable outside of PowerShell
[0.589s] DEBUG:colcon.colcon_core.shell:Skip shell extension 'dsv' for command environment
[0.594s] INFO:colcon.colcon_ros.task.ament_cmake.build:Building ROS package in '/home/ayaa/Agro2/src/fer_cpp_moveit' with build type 'ament_cmake'
[0.595s] INFO:colcon.colcon_cmake.task.cmake.build:Building CMake package in '/home/ayaa/Agro2/src/fer_cpp_moveit'
[0.595s] INFO:colcon.colcon_core.shell:Skip shell extension 'powershell' for command environment: Not usable outside of PowerShell
[0.595s] DEBUG:colcon.colcon_core.shell:Skip shell extension 'dsv' for command environment
[0.599s] INFO:colcon.colcon_ros.task.ament_python.build:Building ROS package in '/home/ayaa/Agro2/src/fer_gazebo' with build type 'ament_python'
[0.600s] Level 1:colcon.colcon_core.shell:create_environment_hook('fer_gazebo', 'ament_prefix_path')
[0.600s] INFO:colcon.colcon_core.shell:Creating environment hook '/home/ayaa/Agro2/install/fer_gazebo/share/fer_gazebo/hook/ament_prefix_path.ps1'
[0.601s] INFO:colcon.colcon_core.shell:Creating environment descriptor '/home/ayaa/Agro2/install/fer_gazebo/share/fer_gazebo/hook/ament_prefix_path.dsv'
[0.601s] INFO:colcon.colcon_core.shell:Creating environment hook '/home/ayaa/Agro2/install/fer_gazebo/share/fer_gazebo/hook/ament_prefix_path.sh'
[0.601s] INFO:colcon.colcon_core.shell:Skip shell extension 'powershell' for command environment: Not usable outside of PowerShell
[0.601s] DEBUG:colcon.colcon_core.shell:Skip shell extension 'dsv' for command environment
[0.606s] INFO:colcon.colcon_ros.task.ament_python.build:Building ROS package in '/home/ayaa/Agro2/src/my_nav2_bringup' with build type 'ament_python'
[0.606s] Level 1:colcon.colcon_core.shell:create_environment_hook('my_nav2_bringup', 'ament_prefix_path')
[0.606s] INFO:colcon.colcon_core.shell:Creating environment hook '/home/ayaa/Agro2/install/my_nav2_bringup/share/my_nav2_bringup/hook/ament_prefix_path.ps1'
[0.607s] INFO:colcon.colcon_core.shell:Creating environment descriptor '/home/ayaa/Agro2/install/my_nav2_bringup/share/my_nav2_bringup/hook/ament_prefix_path.dsv'
[0.607s] INFO:colcon.colcon_core.shell:Creating environment hook '/home/ayaa/Agro2/install/my_nav2_bringup/share/my_nav2_bringup/hook/ament_prefix_path.sh'
[0.608s] INFO:colcon.colcon_core.shell:Skip shell extension 'powershell' for command environment: Not usable outside of PowerShell
[0.608s] DEBUG:colcon.colcon_core.shell:Skip shell extension 'dsv' for command environment
[0.613s] INFO:colcon.colcon_ros.task.ament_python.build:Building ROS package in '/home/ayaa/Agro2/src/tiago_custom' with build type 'ament_python'
[0.613s] Level 1:colcon.colcon_core.shell:create_environment_hook('tiago_custom', 'ament_prefix_path')
[0.614s] INFO:colcon.colcon_core.shell:Creating environment hook '/home/ayaa/Agro2/install/tiago_custom/share/tiago_custom/hook/ament_prefix_path.ps1'
[0.615s] INFO:colcon.colcon_core.shell:Creating environment descriptor '/home/ayaa/Agro2/install/tiago_custom/share/tiago_custom/hook/ament_prefix_path.dsv'
[0.615s] INFO:colcon.colcon_core.shell:Creating environment hook '/home/ayaa/Agro2/install/tiago_custom/share/tiago_custom/hook/ament_prefix_path.sh'
[0.616s] INFO:colcon.colcon_core.shell:Skip shell extension 'powershell' for command environment: Not usable outside of PowerShell
[0.616s] DEBUG:colcon.colcon_core.shell:Skip shell extension 'dsv' for command environment
[0.626s] DEBUG:colcon.colcon_core.event_handler.log_command:Invoking command in '/home/ayaa/Agro2/build/franka_description': CMAKE_PREFIX_PATH=/home/ayaa/Agro2/install/ur5_moveit:/home/ayaa/Agro2/install/ur_description:/home/ayaa/Agro2/install/tiago_simulation:/home/ayaa/Agro2/install/tiago_robot:/home/ayaa/Agro2/install/tiago_gazebo:/home/ayaa/Agro2/install/tiago_bringup:/home/ayaa/Agro2/install/tiago_description:/home/ayaa/Agro2/install/tiago_controller_configuration:/home/ayaa/Agro2/install/fer_moveit:/home/ayaa/Agro2/install/tiago_custom:/home/ayaa/Agro2/install/my_nav2_bringup:/home/ayaa/Agro2/install/fer_gazebo:/home/ayaa/Agro2/install/custom_worlds:/opt/ros/humble:/home/ayaa/Agro2/install/franka_description:/home/ayaa/Agro2/install/fer_cpp_moveit /usr/bin/cmake --build /home/ayaa/Agro2/build/franka_description -- -j8 -l8
[0.994s] INFO:colcon.colcon_core.task.python.build:Building Python package in '/home/ayaa/Agro2/src/custom_worlds'
[0.995s] INFO:colcon.colcon_core.shell:Skip shell extension 'powershell' for command environment: Not usable outside of PowerShell
[0.995s] DEBUG:colcon.colcon_core.shell:Skip shell extension 'dsv' for command environment
[1.003s] DEBUG:colcon.colcon_core.event_handler.log_command:Invoking command in '/home/ayaa/Agro2/build/fer_cpp_moveit': CMAKE_PREFIX_PATH=/home/ayaa/Agro2/install/ur5_moveit:/home/ayaa/Agro2/install/ur_description:/home/ayaa/Agro2/install/tiago_simulation:/home/ayaa/Agro2/install/tiago_robot:/home/ayaa/Agro2/install/tiago_gazebo:/home/ayaa/Agro2/install/tiago_bringup:/home/ayaa/Agro2/install/tiago_description:/home/ayaa/Agro2/install/tiago_controller_configuration:/home/ayaa/Agro2/install/fer_moveit:/home/ayaa/Agro2/install/tiago_custom:/home/ayaa/Agro2/install/my_nav2_bringup:/home/ayaa/Agro2/install/fer_gazebo:/home/ayaa/Agro2/install/custom_worlds:/opt/ros/humble:/home/ayaa/Agro2/install/franka_description:/home/ayaa/Agro2/install/fer_cpp_moveit /usr/bin/cmake --build /home/ayaa/Agro2/build/fer_cpp_moveit -- -j8 -l8
[1.424s] INFO:colcon.colcon_core.task.python.build:Building Python package in '/home/ayaa/Agro2/src/fer_gazebo'
[1.424s] INFO:colcon.colcon_core.shell:Skip shell extension 'powershell' for command environment: Not usable outside of PowerShell
[1.424s] DEBUG:colcon.colcon_core.shell:Skip shell extension 'dsv' for command environment
[1.807s] INFO:colcon.colcon_core.task.python.build:Building Python package in '/home/ayaa/Agro2/src/my_nav2_bringup'
[1.808s] INFO:colcon.colcon_core.shell:Skip shell extension 'powershell' for command environment: Not usable outside of PowerShell
[1.808s] DEBUG:colcon.colcon_core.shell:Skip shell extension 'dsv' for command environment
[2.192s] INFO:colcon.colcon_core.task.python.build:Building Python package in '/home/ayaa/Agro2/src/tiago_custom'
[2.193s] INFO:colcon.colcon_core.shell:Skip shell extension 'powershell' for command environment: Not usable outside of PowerShell
[2.193s] DEBUG:colcon.colcon_core.shell:Skip shell extension 'dsv' for command environment
[2.200s] DEBUG:colcon.colcon_core.event_handler.log_command:Invoked command in '/home/ayaa/Agro2/build/franka_description' returned '0': CMAKE_PREFIX_PATH=/home/ayaa/Agro2/install/ur5_moveit:/home/ayaa/Agro2/install/ur_description:/home/ayaa/Agro2/install/tiago_simulation:/home/ayaa/Agro2/install/tiago_robot:/home/ayaa/Agro2/install/tiago_gazebo:/home/ayaa/Agro2/install/tiago_bringup:/home/ayaa/Agro2/install/tiago_description:/home/ayaa/Agro2/install/tiago_controller_configuration:/home/ayaa/Agro2/install/fer_moveit:/home/ayaa/Agro2/install/tiago_custom:/home/ayaa/Agro2/install/my_nav2_bringup:/home/ayaa/Agro2/install/fer_gazebo:/home/ayaa/Agro2/install/custom_worlds:/opt/ros/humble:/home/ayaa/Agro2/install/franka_description:/home/ayaa/Agro2/install/fer_cpp_moveit /usr/bin/cmake --build /home/ayaa/Agro2/build/franka_description -- -j8 -l8
[2.212s] DEBUG:colcon.colcon_core.event_handler.log_command:Invoking command in '/home/ayaa/Agro2/build/franka_description': CMAKE_PREFIX_PATH=/home/ayaa/Agro2/install/ur5_moveit:/home/ayaa/Agro2/install/ur_description:/home/ayaa/Agro2/install/tiago_simulation:/home/ayaa/Agro2/install/tiago_robot:/home/ayaa/Agro2/install/tiago_gazebo:/home/ayaa/Agro2/install/tiago_bringup:/home/ayaa/Agro2/install/tiago_description:/home/ayaa/Agro2/install/tiago_controller_configuration:/home/ayaa/Agro2/install/fer_moveit:/home/ayaa/Agro2/install/tiago_custom:/home/ayaa/Agro2/install/my_nav2_bringup:/home/ayaa/Agro2/install/fer_gazebo:/home/ayaa/Agro2/install/custom_worlds:/opt/ros/humble:/home/ayaa/Agro2/install/franka_description:/home/ayaa/Agro2/install/fer_cpp_moveit /usr/bin/cmake --install /home/ayaa/Agro2/build/franka_description
[2.212s] DEBUG:colcon.colcon_core.event_handler.log_command:Invoked command in '/home/ayaa/Agro2/build/fer_cpp_moveit' returned '0': CMAKE_PREFIX_PATH=/home/ayaa/Agro2/install/ur5_moveit:/home/ayaa/Agro2/install/ur_description:/home/ayaa/Agro2/install/tiago_simulation:/home/ayaa/Agro2/install/tiago_robot:/home/ayaa/Agro2/install/tiago_gazebo:/home/ayaa/Agro2/install/tiago_bringup:/home/ayaa/Agro2/install/tiago_description:/home/ayaa/Agro2/install/tiago_controller_configuration:/home/ayaa/Agro2/install/fer_moveit:/home/ayaa/Agro2/install/tiago_custom:/home/ayaa/Agro2/install/my_nav2_bringup:/home/ayaa/Agro2/install/fer_gazebo:/home/ayaa/Agro2/install/custom_worlds:/opt/ros/humble:/home/ayaa/Agro2/install/franka_description:/home/ayaa/Agro2/install/fer_cpp_moveit /usr/bin/cmake --build /home/ayaa/Agro2/build/fer_cpp_moveit -- -j8 -l8
[2.215s] DEBUG:colcon.colcon_core.event_handler.log_command:Invoking command in '/home/ayaa/Agro2/build/fer_cpp_moveit': CMAKE_PREFIX_PATH=/home/ayaa/Agro2/install/ur5_moveit:/home/ayaa/Agro2/install/ur_description:/home/ayaa/Agro2/install/tiago_simulation:/home/ayaa/Agro2/install/tiago_robot:/home/ayaa/Agro2/install/tiago_gazebo:/home/ayaa/Agro2/install/tiago_bringup:/home/ayaa/Agro2/install/tiago_description:/home/ayaa/Agro2/install/tiago_controller_configuration:/home/ayaa/Agro2/install/fer_moveit:/home/ayaa/Agro2/install/tiago_custom:/home/ayaa/Agro2/install/my_nav2_bringup:/home/ayaa/Agro2/install/fer_gazebo:/home/ayaa/Agro2/install/custom_worlds:/opt/ros/humble:/home/ayaa/Agro2/install/franka_description:/home/ayaa/Agro2/install/fer_cpp_moveit /usr/bin/cmake --install /home/ayaa/Agro2/build/fer_cpp_moveit
[2.234s] Level 1:colcon.colcon_core.environment:create_environment_scripts_only(franka_description)
[2.254s] Level 1:colcon.colcon_core.environment:checking '/home/ayaa/Agro2/install/franka_description' for CMake module files
[2.259s] DEBUG:colcon.colcon_core.event_handler.log_command:Invoked command in '/home/ayaa/Agro2/build/franka_description' returned '0': CMAKE_PREFIX_PATH=/home/ayaa/Agro2/install/ur5_moveit:/home/ayaa/Agro2/install/ur_description:/home/ayaa/Agro2/install/tiago_simulation:/home/ayaa/Agro2/install/tiago_robot:/home/ayaa/Agro2/install/tiago_gazebo:/home/ayaa/Agro2/install/tiago_bringup:/home/ayaa/Agro2/install/tiago_description:/home/ayaa/Agro2/install/tiago_controller_configuration:/home/ayaa/Agro2/install/fer_moveit:/home/ayaa/Agro2/install/tiago_custom:/home/ayaa/Agro2/install/my_nav2_bringup:/home/ayaa/Agro2/install/fer_gazebo:/home/ayaa/Agro2/install/custom_worlds:/opt/ros/humble:/home/ayaa/Agro2/install/franka_description:/home/ayaa/Agro2/install/fer_cpp_moveit /usr/bin/cmake --install /home/ayaa/Agro2/build/franka_description
[2.260s] Level 1:colcon.colcon_core.environment:checking '/home/ayaa/Agro2/install/franka_description' for CMake config files
[2.260s] Level 1:colcon.colcon_core.shell:create_environment_hook('franka_description', 'cmake_prefix_path')
[2.261s] INFO:colcon.colcon_core.shell:Creating environment hook '/home/ayaa/Agro2/install/franka_description/share/franka_description/hook/cmake_prefix_path.ps1'
[2.261s] INFO:colcon.colcon_core.shell:Creating environment descriptor '/home/ayaa/Agro2/install/franka_description/share/franka_description/hook/cmake_prefix_path.dsv'
[2.262s] INFO:colcon.colcon_core.shell:Creating environment hook '/home/ayaa/Agro2/install/franka_description/share/franka_description/hook/cmake_prefix_path.sh'
[2.262s] Level 1:colcon.colcon_core.environment:checking '/home/ayaa/Agro2/install/franka_description/bin'
[2.262s] Level 1:colcon.colcon_core.environment:checking '/home/ayaa/Agro2/install/franka_description/lib/pkgconfig/franka_description.pc'
[2.263s] Level 1:colcon.colcon_core.environment:checking '/home/ayaa/Agro2/install/franka_description/lib/python3.10/site-packages'
[2.263s] Level 1:colcon.colcon_core.environment:checking '/home/ayaa/Agro2/install/franka_description/bin'
[2.264s] INFO:colcon.colcon_core.shell:Creating package script '/home/ayaa/Agro2/install/franka_description/share/franka_description/package.ps1'
[2.265s] INFO:colcon.colcon_core.shell:Creating package descriptor '/home/ayaa/Agro2/install/franka_description/share/franka_description/package.dsv'
[2.265s] INFO:colcon.colcon_core.shell:Creating package script '/home/ayaa/Agro2/install/franka_description/share/franka_description/package.sh'
[2.266s] INFO:colcon.colcon_core.shell:Creating package script '/home/ayaa/Agro2/install/franka_description/share/franka_description/package.bash'
[2.267s] INFO:colcon.colcon_core.shell:Creating package script '/home/ayaa/Agro2/install/franka_description/share/franka_description/package.zsh'
[2.267s] Level 1:colcon.colcon_core.environment:create_file_with_runtime_dependencies(/home/ayaa/Agro2/install/franka_description/share/colcon-core/packages/franka_description)
[2.268s] Level 1:colcon.colcon_core.environment:create_environment_scripts_only(franka_description)
[2.268s] Level 1:colcon.colcon_core.environment:checking '/home/ayaa/Agro2/install/franka_description' for CMake module files
[2.269s] Level 1:colcon.colcon_core.environment:checking '/home/ayaa/Agro2/install/franka_description' for CMake config files
[2.269s] Level 1:colcon.colcon_core.shell:create_environment_hook('franka_description', 'cmake_prefix_path')
[2.269s] INFO:colcon.colcon_core.shell:Creating environment hook '/home/ayaa/Agro2/install/franka_description/share/franka_description/hook/cmake_prefix_path.ps1'
[2.270s] INFO:colcon.colcon_core.shell:Creating environment descriptor '/home/ayaa/Agro2/install/franka_description/share/franka_description/hook/cmake_prefix_path.dsv'
[2.270s] INFO:colcon.colcon_core.shell:Creating environment hook '/home/ayaa/Agro2/install/franka_description/share/franka_description/hook/cmake_prefix_path.sh'
[2.271s] Level 1:colcon.colcon_core.environment:checking '/home/ayaa/Agro2/install/franka_description/bin'
[2.271s] Level 1:colcon.colcon_core.environment:checking '/home/ayaa/Agro2/install/franka_description/lib/pkgconfig/franka_description.pc'
[2.271s] Level 1:colcon.colcon_core.environment:checking '/home/ayaa/Agro2/install/franka_description/lib/python3.10/site-packages'
[2.272s] Level 1:colcon.colcon_core.environment:checking '/home/ayaa/Agro2/install/franka_description/bin'
[2.272s] INFO:colcon.colcon_core.shell:Creating package script '/home/ayaa/Agro2/install/franka_description/share/franka_description/package.ps1'
[2.273s] INFO:colcon.colcon_core.shell:Creating package descriptor '/home/ayaa/Agro2/install/franka_description/share/franka_description/package.dsv'
[2.274s] INFO:colcon.colcon_core.shell:Creating package script '/home/ayaa/Agro2/install/franka_description/share/franka_description/package.sh'
[2.275s] INFO:colcon.colcon_core.shell:Creating package script '/home/ayaa/Agro2/install/franka_description/share/franka_description/package.bash'
[2.276s] INFO:colcon.colcon_core.shell:Creating package script '/home/ayaa/Agro2/install/franka_description/share/franka_description/package.zsh'
[2.276s] Level 1:colcon.colcon_core.environment:create_file_with_runtime_dependencies(/home/ayaa/Agro2/install/franka_description/share/colcon-core/packages/franka_description)
[2.277s] Level 1:colcon.colcon_core.environment:create_environment_scripts_only(fer_cpp_moveit)
[2.277s] Level 1:colcon.colcon_core.environment:checking '/home/ayaa/Agro2/install/fer_cpp_moveit' for CMake module files
[2.279s] DEBUG:colcon.colcon_core.event_handler.log_command:Invoked command in '/home/ayaa/Agro2/build/fer_cpp_moveit' returned '0': CMAKE_PREFIX_PATH=/home/ayaa/Agro2/install/ur5_moveit:/home/ayaa/Agro2/install/ur_description:/home/ayaa/Agro2/install/tiago_simulation:/home/ayaa/Agro2/install/tiago_robot:/home/ayaa/Agro2/install/tiago_gazebo:/home/ayaa/Agro2/install/tiago_bringup:/home/ayaa/Agro2/install/tiago_description:/home/ayaa/Agro2/install/tiago_controller_configuration:/home/ayaa/Agro2/install/fer_moveit:/home/ayaa/Agro2/install/tiago_custom:/home/ayaa/Agro2/install/my_nav2_bringup:/home/ayaa/Agro2/install/fer_gazebo:/home/ayaa/Agro2/install/custom_worlds:/opt/ros/humble:/home/ayaa/Agro2/install/franka_description:/home/ayaa/Agro2/install/fer_cpp_moveit /usr/bin/cmake --install /home/ayaa/Agro2/build/fer_cpp_moveit
[2.279s] Level 1:colcon.colcon_core.environment:checking '/home/ayaa/Agro2/install/fer_cpp_moveit' for CMake config files
[2.279s] Level 1:colcon.colcon_core.shell:create_environment_hook('fer_cpp_moveit', 'cmake_prefix_path')
[2.280s] INFO:colcon.colcon_core.shell:Creating environment hook '/home/ayaa/Agro2/install/fer_cpp_moveit/share/fer_cpp_moveit/hook/cmake_prefix_path.ps1'
[2.281s] INFO:colcon.colcon_core.shell:Creating environment descriptor '/home/ayaa/Agro2/install/fer_cpp_moveit/share/fer_cpp_moveit/hook/cmake_prefix_path.dsv'
[2.281s] INFO:colcon.colcon_core.shell:Creating environment hook '/home/ayaa/Agro2/install/fer_cpp_moveit/share/fer_cpp_moveit/hook/cmake_prefix_path.sh'
[2.282s] Level 1:colcon.colcon_core.environment:checking '/home/ayaa/Agro2/install/fer_cpp_moveit/lib'
[2.282s] Level 1:colcon.colcon_core.environment:checking '/home/ayaa/Agro2/install/fer_cpp_moveit/bin'
[2.282s] Level 1:colcon.colcon_core.environment:checking '/home/ayaa/Agro2/install/fer_cpp_moveit/lib/pkgconfig/fer_cpp_moveit.pc'
[2.282s] Level 1:colcon.colcon_core.environment:checking '/home/ayaa/Agro2/install/fer_cpp_moveit/lib/python3.10/site-packages'
[2.282s] Level 1:colcon.colcon_core.environment:checking '/home/ayaa/Agro2/install/fer_cpp_moveit/bin'
[2.283s] INFO:colcon.colcon_core.shell:Creating package script '/home/ayaa/Agro2/install/fer_cpp_moveit/share/fer_cpp_moveit/package.ps1'
[2.284s] INFO:colcon.colcon_core.shell:Creating package descriptor '/home/ayaa/Agro2/install/fer_cpp_moveit/share/fer_cpp_moveit/package.dsv'
[2.284s] INFO:colcon.colcon_core.shell:Creating package script '/home/ayaa/Agro2/install/fer_cpp_moveit/share/fer_cpp_moveit/package.sh'
[2.285s] INFO:colcon.colcon_core.shell:Creating package script '/home/ayaa/Agro2/install/fer_cpp_moveit/share/fer_cpp_moveit/package.bash'
[2.285s] INFO:colcon.colcon_core.shell:Creating package script '/home/ayaa/Agro2/install/fer_cpp_moveit/share/fer_cpp_moveit/package.zsh'
[2.285s] Level 1:colcon.colcon_core.environment:create_file_with_runtime_dependencies(/home/ayaa/Agro2/install/fer_cpp_moveit/share/colcon-core/packages/fer_cpp_moveit)
[2.286s] Level 1:colcon.colcon_core.environment:create_environment_scripts_only(fer_cpp_moveit)
[2.286s] Level 1:colcon.colcon_core.environment:checking '/home/ayaa/Agro2/install/fer_cpp_moveit' for CMake module files
[2.287s] Level 1:colcon.colcon_core.environment:checking '/home/ayaa/Agro2/install/fer_cpp_moveit' for CMake config files
[2.287s] Level 1:colcon.colcon_core.shell:create_environment_hook('fer_cpp_moveit', 'cmake_prefix_path')
[2.287s] INFO:colcon.colcon_core.shell:Creating environment hook '/home/ayaa/Agro2/install/fer_cpp_moveit/share/fer_cpp_moveit/hook/cmake_prefix_path.ps1'
[2.287s] INFO:colcon.colcon_core.shell:Creating environment descriptor '/home/ayaa/Agro2/install/fer_cpp_moveit/share/fer_cpp_moveit/hook/cmake_prefix_path.dsv'
[2.288s] INFO:colcon.colcon_core.shell:Creating environment hook '/home/ayaa/Agro2/install/fer_cpp_moveit/share/fer_cpp_moveit/hook/cmake_prefix_path.sh'
[2.289s] Level 1:colcon.colcon_core.environment:checking '/home/ayaa/Agro2/install/fer_cpp_moveit/lib'
[2.289s] Level 1:colcon.colcon_core.environment:checking '/home/ayaa/Agro2/install/fer_cpp_moveit/bin'
[2.289s] Level 1:colcon.colcon_core.environment:checking '/home/ayaa/Agro2/install/fer_cpp_moveit/lib/pkgconfig/fer_cpp_moveit.pc'
[2.289s] Level 1:colcon.colcon_core.environment:checking '/home/ayaa/Agro2/install/fer_cpp_moveit/lib/python3.10/site-packages'
[2.290s] Level 1:colcon.colcon_core.environment:checking '/home/ayaa/Agro2/install/fer_cpp_moveit/bin'
[2.291s] INFO:colcon.colcon_core.shell:Creating package script '/home/ayaa/Agro2/install/fer_cpp_moveit/share/fer_cpp_moveit/package.ps1'
[2.293s] INFO:colcon.colcon_core.shell:Creating package descriptor '/home/ayaa/Agro2/install/fer_cpp_moveit/share/fer_cpp_moveit/package.dsv'
[2.294s] INFO:colcon.colcon_core.shell:Creating package script '/home/ayaa/Agro2/install/fer_cpp_moveit/share/fer_cpp_moveit/package.sh'
[2.294s] INFO:colcon.colcon_core.shell:Creating package script '/home/ayaa/Agro2/install/fer_cpp_moveit/share/fer_cpp_moveit/package.bash'
[2.295s] INFO:colcon.colcon_core.shell:Creating package script '/home/ayaa/Agro2/install/fer_cpp_moveit/share/fer_cpp_moveit/package.zsh'
[2.295s] Level 1:colcon.colcon_core.environment:create_file_with_runtime_dependencies(/home/ayaa/Agro2/install/fer_cpp_moveit/share/colcon-core/packages/fer_cpp_moveit)
[2.296s] INFO:colcon.colcon_ros.task.ament_cmake.build:Building ROS package in '/home/ayaa/Agro2/src/fer_moveit' with build type 'ament_cmake'
[2.296s] INFO:colcon.colcon_cmake.task.cmake.build:Building CMake package in '/home/ayaa/Agro2/src/fer_moveit'
[2.296s] INFO:colcon.colcon_core.shell:Skip shell extension 'powershell' for command environment: Not usable outside of PowerShell
[2.297s] DEBUG:colcon.colcon_core.shell:Skip shell extension 'dsv' for command environment
[2.313s] DEBUG:colcon.colcon_core.event_handler.log_command:Invoking command in '/home/ayaa/Agro2/build/fer_moveit': CMAKE_PREFIX_PATH=/home/ayaa/Agro2/install/tiago_custom:/home/ayaa/Agro2/install/my_nav2_bringup:/home/ayaa/Agro2/install/fer_gazebo:/home/ayaa/Agro2/install/custom_worlds:/opt/ros/humble:/home/ayaa/Agro2/install/franka_description:/home/ayaa/Agro2/install/ur5_moveit:/home/ayaa/Agro2/install/ur_description:/home/ayaa/Agro2/install/tiago_simulation:/home/ayaa/Agro2/install/tiago_robot:/home/ayaa/Agro2/install/tiago_gazebo:/home/ayaa/Agro2/install/tiago_bringup:/home/ayaa/Agro2/install/tiago_description:/home/ayaa/Agro2/install/tiago_controller_configuration:/home/ayaa/Agro2/install/fer_moveit:/home/ayaa/Agro2/install/fer_cpp_moveit /usr/bin/cmake --build /home/ayaa/Agro2/build/fer_moveit -- -j8 -l8
[2.365s] DEBUG:colcon.colcon_core.event_handler.log_command:Invoked command in '/home/ayaa/Agro2/build/fer_moveit' returned '0': CMAKE_PREFIX_PATH=/home/ayaa/Agro2/install/tiago_custom:/home/ayaa/Agro2/install/my_nav2_bringup:/home/ayaa/Agro2/install/fer_gazebo:/home/ayaa/Agro2/install/custom_worlds:/opt/ros/humble:/home/ayaa/Agro2/install/franka_description:/home/ayaa/Agro2/install/ur5_moveit:/home/ayaa/Agro2/install/ur_description:/home/ayaa/Agro2/install/tiago_simulation:/home/ayaa/Agro2/install/tiago_robot:/home/ayaa/Agro2/install/tiago_gazebo:/home/ayaa/Agro2/install/tiago_bringup:/home/ayaa/Agro2/install/tiago_description:/home/ayaa/Agro2/install/tiago_controller_configuration:/home/ayaa/Agro2/install/fer_moveit:/home/ayaa/Agro2/install/fer_cpp_moveit /usr/bin/cmake --build /home/ayaa/Agro2/build/fer_moveit -- -j8 -l8
[2.367s] DEBUG:colcon.colcon_core.event_handler.log_command:Invoking command in '/home/ayaa/Agro2/build/fer_moveit': CMAKE_PREFIX_PATH=/home/ayaa/Agro2/install/tiago_custom:/home/ayaa/Agro2/install/my_nav2_bringup:/home/ayaa/Agro2/install/fer_gazebo:/home/ayaa/Agro2/install/custom_worlds:/opt/ros/humble:/home/ayaa/Agro2/install/franka_description:/home/ayaa/Agro2/install/ur5_moveit:/home/ayaa/Agro2/install/ur_description:/home/ayaa/Agro2/install/tiago_simulation:/home/ayaa/Agro2/install/tiago_robot:/home/ayaa/Agro2/install/tiago_gazebo:/home/ayaa/Agro2/install/tiago_bringup:/home/ayaa/Agro2/install/tiago_description:/home/ayaa/Agro2/install/tiago_controller_configuration:/home/ayaa/Agro2/install/fer_moveit:/home/ayaa/Agro2/install/fer_cpp_moveit /usr/bin/cmake --install /home/ayaa/Agro2/build/fer_moveit
[2.384s] Level 1:colcon.colcon_core.environment:create_environment_scripts_only(fer_moveit)
[2.385s] Level 1:colcon.colcon_core.environment:checking '/home/ayaa/Agro2/install/fer_moveit' for CMake module files
[2.387s] DEBUG:colcon.colcon_core.event_handler.log_command:Invoked command in '/home/ayaa/Agro2/build/fer_moveit' returned '0': CMAKE_PREFIX_PATH=/home/ayaa/Agro2/install/tiago_custom:/home/ayaa/Agro2/install/my_nav2_bringup:/home/ayaa/Agro2/install/fer_gazebo:/home/ayaa/Agro2/install/custom_worlds:/opt/ros/humble:/home/ayaa/Agro2/install/franka_description:/home/ayaa/Agro2/install/ur5_moveit:/home/ayaa/Agro2/install/ur_description:/home/ayaa/Agro2/install/tiago_simulation:/home/ayaa/Agro2/install/tiago_robot:/home/ayaa/Agro2/install/tiago_gazebo:/home/ayaa/Agro2/install/tiago_bringup:/home/ayaa/Agro2/install/tiago_description:/home/ayaa/Agro2/install/tiago_controller_configuration:/home/ayaa/Agro2/install/fer_moveit:/home/ayaa/Agro2/install/fer_cpp_moveit /usr/bin/cmake --install /home/ayaa/Agro2/build/fer_moveit
[2.387s] Level 1:colcon.colcon_core.environment:checking '/home/ayaa/Agro2/install/fer_moveit' for CMake config files
[2.388s] Level 1:colcon.colcon_core.shell:create_environment_hook('fer_moveit', 'cmake_prefix_path')
[2.388s] INFO:colcon.colcon_core.shell:Creating environment hook '/home/ayaa/Agro2/install/fer_moveit/share/fer_moveit/hook/cmake_prefix_path.ps1'
[2.389s] INFO:colcon.colcon_core.shell:Creating environment descriptor '/home/ayaa/Agro2/install/fer_moveit/share/fer_moveit/hook/cmake_prefix_path.dsv'
[2.390s] INFO:colcon.colcon_core.shell:Creating environment hook '/home/ayaa/Agro2/install/fer_moveit/share/fer_moveit/hook/cmake_prefix_path.sh'
[2.390s] Level 1:colcon.colcon_core.environment:checking '/home/ayaa/Agro2/install/fer_moveit/bin'
[2.391s] Level 1:colcon.colcon_core.environment:checking '/home/ayaa/Agro2/install/fer_moveit/lib/pkgconfig/fer_moveit.pc'
[2.391s] Level 1:colcon.colcon_core.environment:checking '/home/ayaa/Agro2/install/fer_moveit/lib/python3.10/site-packages'
[2.391s] Level 1:colcon.colcon_core.environment:checking '/home/ayaa/Agro2/install/fer_moveit/bin'
[2.392s] INFO:colcon.colcon_core.shell:Creating package script '/home/ayaa/Agro2/install/fer_moveit/share/fer_moveit/package.ps1'
[2.393s] INFO:colcon.colcon_core.shell:Creating package descriptor '/home/ayaa/Agro2/install/fer_moveit/share/fer_moveit/package.dsv'
[2.393s] INFO:colcon.colcon_core.shell:Creating package script '/home/ayaa/Agro2/install/fer_moveit/share/fer_moveit/package.sh'
[2.394s] INFO:colcon.colcon_core.shell:Creating package script '/home/ayaa/Agro2/install/fer_moveit/share/fer_moveit/package.bash'
[2.395s] INFO:colcon.colcon_core.shell:Creating package script '/home/ayaa/Agro2/install/fer_moveit/share/fer_moveit/package.zsh'
[2.395s] Level 1:colcon.colcon_core.environment:create_file_with_runtime_dependencies(/home/ayaa/Agro2/install/fer_moveit/share/colcon-core/packages/fer_moveit)
[2.396s] Level 1:colcon.colcon_core.environment:create_environment_scripts_only(fer_moveit)
[2.397s] Level 1:colcon.colcon_core.environment:checking '/home/ayaa/Agro2/install/fer_moveit' for CMake module files
[2.397s] Level 1:colcon.colcon_core.environment:checking '/home/ayaa/Agro2/install/fer_moveit' for CMake config files
[2.398s] Level 1:colcon.colcon_core.shell:create_environment_hook('fer_moveit', 'cmake_prefix_path')
[2.398s] INFO:colcon.colcon_core.shell:Creating environment hook '/home/ayaa/Agro2/install/fer_moveit/share/fer_moveit/hook/cmake_prefix_path.ps1'
[2.399s] INFO:colcon.colcon_core.shell:Creating environment descriptor '/home/ayaa/Agro2/install/fer_moveit/share/fer_moveit/hook/cmake_prefix_path.dsv'
[2.400s] INFO:colcon.colcon_core.shell:Creating environment hook '/home/ayaa/Agro2/install/fer_moveit/share/fer_moveit/hook/cmake_prefix_path.sh'
[2.400s] Level 1:colcon.colcon_core.environment:checking '/home/ayaa/Agro2/install/fer_moveit/bin'
[2.400s] Level 1:colcon.colcon_core.environment:checking '/home/ayaa/Agro2/install/fer_moveit/lib/pkgconfig/fer_moveit.pc'
[2.401s] Level 1:colcon.colcon_core.environment:checking '/home/ayaa/Agro2/install/fer_moveit/lib/python3.10/site-packages'
[2.401s] Level 1:colcon.colcon_core.environment:checking '/home/ayaa/Agro2/install/fer_moveit/bin'
[2.402s] INFO:colcon.colcon_core.shell:Creating package script '/home/ayaa/Agro2/install/fer_moveit/share/fer_moveit/package.ps1'
[2.403s] INFO:colcon.colcon_core.shell:Creating package descriptor '/home/ayaa/Agro2/install/fer_moveit/share/fer_moveit/package.dsv'
[2.403s] INFO:colcon.colcon_core.shell:Creating package script '/home/ayaa/Agro2/install/fer_moveit/share/fer_moveit/package.sh'
[2.404s] INFO:colcon.colcon_core.shell:Creating package script '/home/ayaa/Agro2/install/fer_moveit/share/fer_moveit/package.bash'
[2.405s] INFO:colcon.colcon_core.shell:Creating package script '/home/ayaa/Agro2/install/fer_moveit/share/fer_moveit/package.zsh'
[2.405s] Level 1:colcon.colcon_core.environment:create_file_with_runtime_dependencies(/home/ayaa/Agro2/install/fer_moveit/share/colcon-core/packages/fer_moveit)
[3.112s] DEBUG:colcon.colcon_core.event_handler.log_command:Invoking command in '/home/ayaa/Agro2/src/custom_worlds': PYTHONPATH=/home/ayaa/Agro2/build/custom_worlds/prefix_override:/usr/lib/python3/dist-packages/colcon_core/task/python/colcon_distutils_commands:/home/ayaa/Agro2/install/custom_worlds/lib/python3.10/site-packages:${PYTHONPATH} /usr/bin/python3 -W ignore:setup.py install is deprecated -W ignore:easy_install command is deprecated setup.py egg_info --egg-base ../../build/custom_worlds build --build-base /home/ayaa/Agro2/build/custom_worlds/build install --record /home/ayaa/Agro2/build/custom_worlds/install.log --single-version-externally-managed install_data
[3.166s] DEBUG:colcon.colcon_core.event_handler.log_command:Invoking command in '/home/ayaa/Agro2/src/tiago_custom': PYTHONPATH=/home/ayaa/Agro2/build/tiago_custom/prefix_override:/usr/lib/python3/dist-packages/colcon_core/task/python/colcon_distutils_commands:/home/ayaa/Agro2/install/tiago_custom/lib/python3.10/site-packages:${PYTHONPATH} /usr/bin/python3 -W ignore:setup.py install is deprecated -W ignore:easy_install command is deprecated setup.py egg_info --egg-base ../../build/tiago_custom build --build-base /home/ayaa/Agro2/build/tiago_custom/build install --record /home/ayaa/Agro2/build/tiago_custom/install.log --single-version-externally-managed install_data
[3.198s] DEBUG:colcon.colcon_core.event_handler.log_command:Invoking command in '/home/ayaa/Agro2/src/my_nav2_bringup': PYTHONPATH=/home/ayaa/Agro2/build/my_nav2_bringup/prefix_override:/usr/lib/python3/dist-packages/colcon_core/task/python/colcon_distutils_commands:/home/ayaa/Agro2/install/my_nav2_bringup/lib/python3.10/site-packages:${PYTHONPATH} /usr/bin/python3 -W ignore:setup.py install is deprecated -W ignore:easy_install command is deprecated setup.py egg_info --egg-base ../../build/my_nav2_bringup build --build-base /home/ayaa/Agro2/build/my_nav2_bringup/build install --record /home/ayaa/Agro2/build/my_nav2_bringup/install.log --single-version-externally-managed install_data
[3.201s] DEBUG:colcon.colcon_core.event_handler.log_command:Invoking command in '/home/ayaa/Agro2/src/fer_gazebo': PYTHONPATH=/home/ayaa/Agro2/build/fer_gazebo/prefix_override:/usr/lib/python3/dist-packages/colcon_core/task/python/colcon_distutils_commands:/home/ayaa/Agro2/install/fer_gazebo/lib/python3.10/site-packages:${PYTHONPATH} /usr/bin/python3 -W ignore:setup.py install is deprecated -W ignore:easy_install command is deprecated setup.py egg_info --egg-base ../../build/fer_gazebo build --build-base /home/ayaa/Agro2/build/fer_gazebo/build install --record /home/ayaa/Agro2/build/fer_gazebo/install.log --single-version-externally-managed install_data
[3.870s] Level 1:colcon.colcon_core.environment:checking '/home/ayaa/Agro2/install/custom_worlds' for CMake module files
[3.871s] DEBUG:colcon.colcon_core.event_handler.log_command:Invoked command in '/home/ayaa/Agro2/src/custom_worlds' returned '0': PYTHONPATH=/home/ayaa/Agro2/build/custom_worlds/prefix_override:/usr/lib/python3/dist-packages/colcon_core/task/python/colcon_distutils_commands:/home/ayaa/Agro2/install/custom_worlds/lib/python3.10/site-packages:${PYTHONPATH} /usr/bin/python3 -W ignore:setup.py install is deprecated -W ignore:easy_install command is deprecated setup.py egg_info --egg-base ../../build/custom_worlds build --build-base /home/ayaa/Agro2/build/custom_worlds/build install --record /home/ayaa/Agro2/build/custom_worlds/install.log --single-version-externally-managed install_data
[3.872s] Level 1:colcon.colcon_core.environment:checking '/home/ayaa/Agro2/install/custom_worlds' for CMake config files
[3.873s] Level 1:colcon.colcon_core.environment:checking '/home/ayaa/Agro2/install/custom_worlds/lib'
[3.873s] Level 1:colcon.colcon_core.environment:checking '/home/ayaa/Agro2/install/custom_worlds/bin'
[3.873s] Level 1:colcon.colcon_core.environment:checking '/home/ayaa/Agro2/install/custom_worlds/lib/pkgconfig/custom_worlds.pc'
[3.874s] Level 1:colcon.colcon_core.environment:checking '/home/ayaa/Agro2/install/custom_worlds/lib/python3.10/site-packages'
[3.874s] Level 1:colcon.colcon_core.shell:create_environment_hook('custom_worlds', 'pythonpath')
[3.874s] INFO:colcon.colcon_core.shell:Creating environment hook '/home/ayaa/Agro2/install/custom_worlds/share/custom_worlds/hook/pythonpath.ps1'
[3.875s] INFO:colcon.colcon_core.shell:Creating environment descriptor '/home/ayaa/Agro2/install/custom_worlds/share/custom_worlds/hook/pythonpath.dsv'
[3.876s] INFO:colcon.colcon_core.shell:Creating environment hook '/home/ayaa/Agro2/install/custom_worlds/share/custom_worlds/hook/pythonpath.sh'
[3.877s] Level 1:colcon.colcon_core.environment:checking '/home/ayaa/Agro2/install/custom_worlds/bin'
[3.877s] Level 1:colcon.colcon_core.environment:create_environment_scripts_only(custom_worlds)
[3.877s] INFO:colcon.colcon_core.shell:Creating package script '/home/ayaa/Agro2/install/custom_worlds/share/custom_worlds/package.ps1'
[3.878s] INFO:colcon.colcon_core.shell:Creating package descriptor '/home/ayaa/Agro2/install/custom_worlds/share/custom_worlds/package.dsv'
[3.879s] INFO:colcon.colcon_core.shell:Creating package script '/home/ayaa/Agro2/install/custom_worlds/share/custom_worlds/package.sh'
[3.880s] INFO:colcon.colcon_core.shell:Creating package script '/home/ayaa/Agro2/install/custom_worlds/share/custom_worlds/package.bash'
[3.881s] INFO:colcon.colcon_core.shell:Creating package script '/home/ayaa/Agro2/install/custom_worlds/share/custom_worlds/package.zsh'
[3.881s] Level 1:colcon.colcon_core.environment:create_file_with_runtime_dependencies(/home/ayaa/Agro2/install/custom_worlds/share/colcon-core/packages/custom_worlds)
[3.925s] Level 1:colcon.colcon_core.environment:checking '/home/ayaa/Agro2/install/tiago_custom' for CMake module files
[3.926s] DEBUG:colcon.colcon_core.event_handler.log_command:Invoked command in '/home/ayaa/Agro2/src/tiago_custom' returned '0': PYTHONPATH=/home/ayaa/Agro2/build/tiago_custom/prefix_override:/usr/lib/python3/dist-packages/colcon_core/task/python/colcon_distutils_commands:/home/ayaa/Agro2/install/tiago_custom/lib/python3.10/site-packages:${PYTHONPATH} /usr/bin/python3 -W ignore:setup.py install is deprecated -W ignore:easy_install command is deprecated setup.py egg_info --egg-base ../../build/tiago_custom build --build-base /home/ayaa/Agro2/build/tiago_custom/build install --record /home/ayaa/Agro2/build/tiago_custom/install.log --single-version-externally-managed install_data
[3.926s] Level 1:colcon.colcon_core.environment:checking '/home/ayaa/Agro2/install/tiago_custom' for CMake config files
[3.927s] Level 1:colcon.colcon_core.environment:checking '/home/ayaa/Agro2/install/tiago_custom/lib'
[3.927s] Level 1:colcon.colcon_core.environment:checking '/home/ayaa/Agro2/install/tiago_custom/bin'
[3.927s] Level 1:colcon.colcon_core.environment:checking '/home/ayaa/Agro2/install/tiago_custom/lib/pkgconfig/tiago_custom.pc'
[3.927s] Level 1:colcon.colcon_core.environment:checking '/home/ayaa/Agro2/install/tiago_custom/lib/python3.10/site-packages'
[3.927s] Level 1:colcon.colcon_core.shell:create_environment_hook('tiago_custom', 'pythonpath')
[3.928s] INFO:colcon.colcon_core.shell:Creating environment hook '/home/ayaa/Agro2/install/tiago_custom/share/tiago_custom/hook/pythonpath.ps1'
[3.928s] INFO:colcon.colcon_core.shell:Creating environment descriptor '/home/ayaa/Agro2/install/tiago_custom/share/tiago_custom/hook/pythonpath.dsv'
[3.929s] INFO:colcon.colcon_core.shell:Creating environment hook '/home/ayaa/Agro2/install/tiago_custom/share/tiago_custom/hook/pythonpath.sh'
[3.929s] Level 1:colcon.colcon_core.environment:checking '/home/ayaa/Agro2/install/tiago_custom/bin'
[3.929s] Level 1:colcon.colcon_core.environment:create_environment_scripts_only(tiago_custom)
[3.930s] INFO:colcon.colcon_core.shell:Creating package script '/home/ayaa/Agro2/install/tiago_custom/share/tiago_custom/package.ps1'
[3.931s] INFO:colcon.colcon_core.shell:Creating package descriptor '/home/ayaa/Agro2/install/tiago_custom/share/tiago_custom/package.dsv'
[3.931s] INFO:colcon.colcon_core.shell:Creating package script '/home/ayaa/Agro2/install/tiago_custom/share/tiago_custom/package.sh'
[3.932s] INFO:colcon.colcon_core.shell:Creating package script '/home/ayaa/Agro2/install/tiago_custom/share/tiago_custom/package.bash'
[3.932s] INFO:colcon.colcon_core.shell:Creating package script '/home/ayaa/Agro2/install/tiago_custom/share/tiago_custom/package.zsh'
[3.933s] Level 1:colcon.colcon_core.environment:create_file_with_runtime_dependencies(/home/ayaa/Agro2/install/tiago_custom/share/colcon-core/packages/tiago_custom)
[3.951s] Level 1:colcon.colcon_core.environment:checking '/home/ayaa/Agro2/install/fer_gazebo' for CMake module files
[3.952s] DEBUG:colcon.colcon_core.event_handler.log_command:Invoked command in '/home/ayaa/Agro2/src/fer_gazebo' returned '0': PYTHONPATH=/home/ayaa/Agro2/build/fer_gazebo/prefix_override:/usr/lib/python3/dist-packages/colcon_core/task/python/colcon_distutils_commands:/home/ayaa/Agro2/install/fer_gazebo/lib/python3.10/site-packages:${PYTHONPATH} /usr/bin/python3 -W ignore:setup.py install is deprecated -W ignore:easy_install command is deprecated setup.py egg_info --egg-base ../../build/fer_gazebo build --build-base /home/ayaa/Agro2/build/fer_gazebo/build install --record /home/ayaa/Agro2/build/fer_gazebo/install.log --single-version-externally-managed install_data
[3.952s] Level 1:colcon.colcon_core.environment:checking '/home/ayaa/Agro2/install/fer_gazebo' for CMake config files
[3.953s] Level 1:colcon.colcon_core.environment:checking '/home/ayaa/Agro2/install/fer_gazebo/lib'
[3.953s] Level 1:colcon.colcon_core.environment:checking '/home/ayaa/Agro2/install/fer_gazebo/bin'
[3.953s] Level 1:colcon.colcon_core.environment:checking '/home/ayaa/Agro2/install/fer_gazebo/lib/pkgconfig/fer_gazebo.pc'
[3.953s] Level 1:colcon.colcon_core.environment:checking '/home/ayaa/Agro2/install/fer_gazebo/lib/python3.10/site-packages'
[3.953s] Level 1:colcon.colcon_core.shell:create_environment_hook('fer_gazebo', 'pythonpath')
[3.954s] INFO:colcon.colcon_core.shell:Creating environment hook '/home/ayaa/Agro2/install/fer_gazebo/share/fer_gazebo/hook/pythonpath.ps1'
[3.954s] INFO:colcon.colcon_core.shell:Creating environment descriptor '/home/ayaa/Agro2/install/fer_gazebo/share/fer_gazebo/hook/pythonpath.dsv'
[3.954s] INFO:colcon.colcon_core.shell:Creating environment hook '/home/ayaa/Agro2/install/fer_gazebo/share/fer_gazebo/hook/pythonpath.sh'
[3.955s] Level 1:colcon.colcon_core.environment:checking '/home/ayaa/Agro2/install/fer_gazebo/bin'
[3.955s] Level 1:colcon.colcon_core.environment:create_environment_scripts_only(fer_gazebo)
[3.955s] INFO:colcon.colcon_core.shell:Creating package script '/home/ayaa/Agro2/install/fer_gazebo/share/fer_gazebo/package.ps1'
[3.956s] INFO:colcon.colcon_core.shell:Creating package descriptor '/home/ayaa/Agro2/install/fer_gazebo/share/fer_gazebo/package.dsv'
[3.956s] INFO:colcon.colcon_core.shell:Creating package script '/home/ayaa/Agro2/install/fer_gazebo/share/fer_gazebo/package.sh'
[3.957s] INFO:colcon.colcon_core.shell:Creating package script '/home/ayaa/Agro2/install/fer_gazebo/share/fer_gazebo/package.bash'
[3.957s] INFO:colcon.colcon_core.shell:Creating package script '/home/ayaa/Agro2/install/fer_gazebo/share/fer_gazebo/package.zsh'
[3.958s] Level 1:colcon.colcon_core.environment:create_file_with_runtime_dependencies(/home/ayaa/Agro2/install/fer_gazebo/share/colcon-core/packages/fer_gazebo)
[3.959s] Level 1:colcon.colcon_core.environment:checking '/home/ayaa/Agro2/install/my_nav2_bringup' for CMake module files
[3.960s] DEBUG:colcon.colcon_core.event_handler.log_command:Invoked command in '/home/ayaa/Agro2/src/my_nav2_bringup' returned '0': PYTHONPATH=/home/ayaa/Agro2/build/my_nav2_bringup/prefix_override:/usr/lib/python3/dist-packages/colcon_core/task/python/colcon_distutils_commands:/home/ayaa/Agro2/install/my_nav2_bringup/lib/python3.10/site-packages:${PYTHONPATH} /usr/bin/python3 -W ignore:setup.py install is deprecated -W ignore:easy_install command is deprecated setup.py egg_info --egg-base ../../build/my_nav2_bringup build --build-base /home/ayaa/Agro2/build/my_nav2_bringup/build install --record /home/ayaa/Agro2/build/my_nav2_bringup/install.log --single-version-externally-managed install_data
[3.960s] Level 1:colcon.colcon_core.environment:checking '/home/ayaa/Agro2/install/my_nav2_bringup' for CMake config files
[3.961s] Level 1:colcon.colcon_core.environment:checking '/home/ayaa/Agro2/install/my_nav2_bringup/lib'
[3.961s] Level 1:colcon.colcon_core.environment:checking '/home/ayaa/Agro2/install/my_nav2_bringup/bin'
[3.961s] Level 1:colcon.colcon_core.environment:checking '/home/ayaa/Agro2/install/my_nav2_bringup/lib/pkgconfig/my_nav2_bringup.pc'
[3.961s] Level 1:colcon.colcon_core.environment:checking '/home/ayaa/Agro2/install/my_nav2_bringup/lib/python3.10/site-packages'
[3.961s] Level 1:colcon.colcon_core.shell:create_environment_hook('my_nav2_bringup', 'pythonpath')
[3.961s] INFO:colcon.colcon_core.shell:Creating environment hook '/home/ayaa/Agro2/install/my_nav2_bringup/share/my_nav2_bringup/hook/pythonpath.ps1'
[3.962s] INFO:colcon.colcon_core.shell:Creating environment descriptor '/home/ayaa/Agro2/install/my_nav2_bringup/share/my_nav2_bringup/hook/pythonpath.dsv'
[3.962s] INFO:colcon.colcon_core.shell:Creating environment hook '/home/ayaa/Agro2/install/my_nav2_bringup/share/my_nav2_bringup/hook/pythonpath.sh'
[3.963s] Level 1:colcon.colcon_core.environment:checking '/home/ayaa/Agro2/install/my_nav2_bringup/bin'
[3.963s] Level 1:colcon.colcon_core.environment:create_environment_scripts_only(my_nav2_bringup)
[3.963s] INFO:colcon.colcon_core.shell:Creating package script '/home/ayaa/Agro2/install/my_nav2_bringup/share/my_nav2_bringup/package.ps1'
[3.963s] INFO:colcon.colcon_core.shell:Creating package descriptor '/home/ayaa/Agro2/install/my_nav2_bringup/share/my_nav2_bringup/package.dsv'
[3.964s] INFO:colcon.colcon_core.shell:Creating package script '/home/ayaa/Agro2/install/my_nav2_bringup/share/my_nav2_bringup/package.sh'
[3.964s] INFO:colcon.colcon_core.shell:Creating package script '/home/ayaa/Agro2/install/my_nav2_bringup/share/my_nav2_bringup/package.bash'
[3.965s] INFO:colcon.colcon_core.shell:Creating package script '/home/ayaa/Agro2/install/my_nav2_bringup/share/my_nav2_bringup/package.zsh'
[3.965s] Level 1:colcon.colcon_core.environment:create_file_with_runtime_dependencies(/home/ayaa/Agro2/install/my_nav2_bringup/share/colcon-core/packages/my_nav2_bringup)
[3.965s] DEBUG:colcon.colcon_parallel_executor.executor.parallel:closing loop
[3.966s] DEBUG:colcon.colcon_parallel_executor.executor.parallel:loop closed
[3.966s] DEBUG:colcon.colcon_parallel_executor.executor.parallel:run_until_complete finished with '0'
[3.966s] DEBUG:colcon.colcon_core.event_reactor:joining thread
[3.976s] INFO:colcon.colcon_core.plugin_system:Skipping extension 'colcon_notification.desktop_notification.terminal_notifier': Not used on non-Darwin systems
[3.976s] INFO:colcon.colcon_core.plugin_system:Skipping extension 'colcon_notification.desktop_notification.win32': Not used on non-Windows systems
[3.976s] INFO:colcon.colcon_notification.desktop_notification:Sending desktop notification using 'notify2'
[3.987s] DEBUG:colcon.colcon_core.event_reactor:joined thread
[3.988s] INFO:colcon.colcon_core.shell:Creating prefix script '/home/ayaa/Agro2/install/local_setup.ps1'
[3.989s] INFO:colcon.colcon_core.shell:Creating prefix util module '/home/ayaa/Agro2/install/_local_setup_util_ps1.py'
[3.990s] INFO:colcon.colcon_core.shell:Creating prefix chain script '/home/ayaa/Agro2/install/setup.ps1'
[3.992s] INFO:colcon.colcon_core.shell:Creating prefix script '/home/ayaa/Agro2/install/local_setup.sh'
[3.992s] INFO:colcon.colcon_core.shell:Creating prefix util module '/home/ayaa/Agro2/install/_local_setup_util_sh.py'
[3.993s] INFO:colcon.colcon_core.shell:Creating prefix chain script '/home/ayaa/Agro2/install/setup.sh'
[3.994s] INFO:colcon.colcon_core.shell:Creating prefix script '/home/ayaa/Agro2/install/local_setup.bash'
[3.995s] INFO:colcon.colcon_core.shell:Creating prefix chain script '/home/ayaa/Agro2/install/setup.bash'
[3.996s] INFO:colcon.colcon_core.shell:Creating prefix script '/home/ayaa/Agro2/install/local_setup.zsh'
[3.997s] INFO:colcon.colcon_core.shell:Creating prefix chain script '/home/ayaa/Agro2/install/setup.zsh'
