[3.098s] Invoking command in '/home/ayaa/Agro2/src/custom_worlds': PYTHONPATH=/home/ayaa/Agro2/build/custom_worlds/prefix_override:/usr/lib/python3/dist-packages/colcon_core/task/python/colcon_distutils_commands:/home/ayaa/Agro2/install/custom_worlds/lib/python3.10/site-packages:${PYTHONPATH} /usr/bin/python3 -W ignore:setup.py install is deprecated -W ignore:easy_install command is deprecated setup.py egg_info --egg-base ../../build/custom_worlds build --build-base /home/ayaa/Agro2/build/custom_worlds/build install --record /home/ayaa/Agro2/build/custom_worlds/install.log --single-version-externally-managed install_data
[3.724s] running egg_info
[3.749s] writing ../../build/custom_worlds/custom_worlds.egg-info/PKG-INFO
[3.749s] writing dependency_links to ../../build/custom_worlds/custom_worlds.egg-info/dependency_links.txt
[3.750s] writing requirements to ../../build/custom_worlds/custom_worlds.egg-info/requires.txt
[3.750s] writing top-level names to ../../build/custom_worlds/custom_worlds.egg-info/top_level.txt
[3.813s] reading manifest file '../../build/custom_worlds/custom_worlds.egg-info/SOURCES.txt'
[3.814s] adding license file 'LICENSE'
[3.815s] writing manifest file '../../build/custom_worlds/custom_worlds.egg-info/SOURCES.txt'
[3.815s] running build
[3.815s] running build_py
[3.816s] running install
[3.823s] running install_lib
[3.848s] running install_data
[3.849s] running install_egg_info
[3.874s] removing '/home/ayaa/Agro2/install/custom_worlds/lib/python3.10/site-packages/custom_worlds-0.0.0-py3.10.egg-info' (and everything under it)
[3.875s] Copying ../../build/custom_worlds/custom_worlds.egg-info to /home/ayaa/Agro2/install/custom_worlds/lib/python3.10/site-packages/custom_worlds-0.0.0-py3.10.egg-info
[3.876s] running install_scripts
[3.972s] writing list of installed files to '/home/ayaa/Agro2/build/custom_worlds/install.log'
[4.063s] Invoked command in '/home/ayaa/Agro2/src/custom_worlds' returned '0': PYTHONPATH=/home/ayaa/Agro2/build/custom_worlds/prefix_override:/usr/lib/python3/dist-packages/colcon_core/task/python/colcon_distutils_commands:/home/ayaa/Agro2/install/custom_worlds/lib/python3.10/site-packages:${PYTHONPATH} /usr/bin/python3 -W ignore:setup.py install is deprecated -W ignore:easy_install command is deprecated setup.py egg_info --egg-base ../../build/custom_worlds build --build-base /home/ayaa/Agro2/build/custom_worlds/build install --record /home/ayaa/Agro2/build/custom_worlds/install.log --single-version-externally-managed install_data
