[3.051s] Invoking command in '/home/ayaa/Agro2/src/tiago_custom': PYTHONPATH=/home/ayaa/Agro2/build/tiago_custom/prefix_override:/usr/lib/python3/dist-packages/colcon_core/task/python/colcon_distutils_commands:/home/ayaa/Agro2/install/tiago_custom/lib/python3.10/site-packages:${PYTHONPATH} /usr/bin/python3 -W ignore:setup.py install is deprecated -W ignore:easy_install command is deprecated setup.py egg_info --egg-base ../../build/tiago_custom build --build-base /home/ayaa/Agro2/build/tiago_custom/build install --record /home/ayaa/Agro2/build/tiago_custom/install.log --single-version-externally-managed install_data
[3.618s] running egg_info
[3.636s] writing ../../build/tiago_custom/tiago_custom.egg-info/PKG-INFO
[3.637s] writing dependency_links to ../../build/tiago_custom/tiago_custom.egg-info/dependency_links.txt
[3.637s] writing entry points to ../../build/tiago_custom/tiago_custom.egg-info/entry_points.txt
[3.637s] writing requirements to ../../build/tiago_custom/tiago_custom.egg-info/requires.txt
[3.637s] writing top-level names to ../../build/tiago_custom/tiago_custom.egg-info/top_level.txt
[3.684s] reading manifest file '../../build/tiago_custom/tiago_custom.egg-info/SOURCES.txt'
[3.686s] writing manifest file '../../build/tiago_custom/tiago_custom.egg-info/SOURCES.txt'
[3.686s] running build
[3.686s] running build_py
[3.686s] running install
[3.693s] running install_lib
[3.712s] running install_data
[3.712s] running install_egg_info
[3.733s] removing '/home/ayaa/Agro2/install/tiago_custom/lib/python3.10/site-packages/tiago_custom-0.0.0-py3.10.egg-info' (and everything under it)
[3.733s] Copying ../../build/tiago_custom/tiago_custom.egg-info to /home/ayaa/Agro2/install/tiago_custom/lib/python3.10/site-packages/tiago_custom-0.0.0-py3.10.egg-info
[3.734s] running install_scripts
[3.808s] Installing bridge_cmd script to /home/ayaa/Agro2/install/tiago_custom/lib/tiago_custom
[3.808s] writing list of installed files to '/home/ayaa/Agro2/build/tiago_custom/install.log'
[3.854s] Invoked command in '/home/ayaa/Agro2/src/tiago_custom' returned '0': PYTHONPATH=/home/ayaa/Agro2/build/tiago_custom/prefix_override:/usr/lib/python3/dist-packages/colcon_core/task/python/colcon_distutils_commands:/home/ayaa/Agro2/install/tiago_custom/lib/python3.10/site-packages:${PYTHONPATH} /usr/bin/python3 -W ignore:setup.py install is deprecated -W ignore:easy_install command is deprecated setup.py egg_info --egg-base ../../build/tiago_custom build --build-base /home/ayaa/Agro2/build/tiago_custom/build install --record /home/ayaa/Agro2/build/tiago_custom/install.log --single-version-externally-managed install_data
