[0.056s] Invoking command in '/home/ayaa/Agro2/build/fer_moveit': CMAKE_PREFIX_PATH=/home/ayaa/Agro2/install/tiago_custom:/home/ayaa/Agro2/install/my_nav2_bringup:/home/ayaa/Agro2/install/fer_gazebo:/home/ayaa/Agro2/install/custom_worlds:/opt/ros/humble:/home/ayaa/Agro2/install/franka_description:/home/ayaa/Agro2/install/ur5_moveit:/home/ayaa/Agro2/install/ur_description:/home/ayaa/Agro2/install/tiago_simulation:/home/ayaa/Agro2/install/tiago_robot:/home/ayaa/Agro2/install/tiago_gazebo:/home/ayaa/Agro2/install/tiago_bringup:/home/ayaa/Agro2/install/tiago_description:/home/ayaa/Agro2/install/tiago_controller_configuration:/home/ayaa/Agro2/install/fer_moveit:/home/ayaa/Agro2/install/fer_cpp_moveit /usr/bin/cmake --build /home/ayaa/Agro2/build/fer_moveit -- -j8 -l8
[0.178s] Invoked command in '/home/ayaa/Agro2/build/fer_moveit' returned '0': CMAKE_PREFIX_PATH=/home/ayaa/Agro2/install/tiago_custom:/home/ayaa/Agro2/install/my_nav2_bringup:/home/ayaa/Agro2/install/fer_gazebo:/home/ayaa/Agro2/install/custom_worlds:/opt/ros/humble:/home/ayaa/Agro2/install/franka_description:/home/ayaa/Agro2/install/ur5_moveit:/home/ayaa/Agro2/install/ur_description:/home/ayaa/Agro2/install/tiago_simulation:/home/ayaa/Agro2/install/tiago_robot:/home/ayaa/Agro2/install/tiago_gazebo:/home/ayaa/Agro2/install/tiago_bringup:/home/ayaa/Agro2/install/tiago_description:/home/ayaa/Agro2/install/tiago_controller_configuration:/home/ayaa/Agro2/install/fer_moveit:/home/ayaa/Agro2/install/fer_cpp_moveit /usr/bin/cmake --build /home/ayaa/Agro2/build/fer_moveit -- -j8 -l8
[0.179s] Invoking command in '/home/ayaa/Agro2/build/fer_moveit': CMAKE_PREFIX_PATH=/home/ayaa/Agro2/install/tiago_custom:/home/ayaa/Agro2/install/my_nav2_bringup:/home/ayaa/Agro2/install/fer_gazebo:/home/ayaa/Agro2/install/custom_worlds:/opt/ros/humble:/home/ayaa/Agro2/install/franka_description:/home/ayaa/Agro2/install/ur5_moveit:/home/ayaa/Agro2/install/ur_description:/home/ayaa/Agro2/install/tiago_simulation:/home/ayaa/Agro2/install/tiago_robot:/home/ayaa/Agro2/install/tiago_gazebo:/home/ayaa/Agro2/install/tiago_bringup:/home/ayaa/Agro2/install/tiago_description:/home/ayaa/Agro2/install/tiago_controller_configuration:/home/ayaa/Agro2/install/fer_moveit:/home/ayaa/Agro2/install/fer_cpp_moveit /usr/bin/cmake --install /home/ayaa/Agro2/build/fer_moveit
[0.194s] -- Install configuration: ""
[0.194s] -- Up-to-date: /home/ayaa/Agro2/install/fer_moveit/share/ament_index/resource_index/package_run_dependencies/fer_moveit
[0.195s] -- Up-to-date: /home/ayaa/Agro2/install/fer_moveit/share/ament_index/resource_index/parent_prefix_path/fer_moveit
[0.195s] -- Up-to-date: /home/ayaa/Agro2/install/fer_moveit/share/fer_moveit/environment/ament_prefix_path.sh
[0.195s] -- Up-to-date: /home/ayaa/Agro2/install/fer_moveit/share/fer_moveit/environment/ament_prefix_path.dsv
[0.195s] -- Up-to-date: /home/ayaa/Agro2/install/fer_moveit/share/fer_moveit/environment/path.sh
[0.195s] -- Up-to-date: /home/ayaa/Agro2/install/fer_moveit/share/fer_moveit/environment/path.dsv
[0.195s] -- Up-to-date: /home/ayaa/Agro2/install/fer_moveit/share/fer_moveit/local_setup.bash
[0.196s] -- Up-to-date: /home/ayaa/Agro2/install/fer_moveit/share/fer_moveit/local_setup.sh
[0.196s] -- Up-to-date: /home/ayaa/Agro2/install/fer_moveit/share/fer_moveit/local_setup.zsh
[0.196s] -- Up-to-date: /home/ayaa/Agro2/install/fer_moveit/share/fer_moveit/local_setup.dsv
[0.197s] -- Installing: /home/ayaa/Agro2/install/fer_moveit/share/fer_moveit/package.dsv
[0.197s] -- Up-to-date: /home/ayaa/Agro2/install/fer_moveit/share/ament_index/resource_index/packages/fer_moveit
[0.197s] -- Up-to-date: /home/ayaa/Agro2/install/fer_moveit/share/fer_moveit/cmake/fer_moveitConfig.cmake
[0.198s] -- Up-to-date: /home/ayaa/Agro2/install/fer_moveit/share/fer_moveit/cmake/fer_moveitConfig-version.cmake
[0.198s] -- Up-to-date: /home/ayaa/Agro2/install/fer_moveit/share/fer_moveit/package.xml
[0.198s] -- Up-to-date: /home/ayaa/Agro2/install/fer_moveit/share/fer_moveit/launch
[0.198s] -- Up-to-date: /home/ayaa/Agro2/install/fer_moveit/share/fer_moveit/launch/warehouse_db.launch.py
[0.198s] -- Up-to-date: /home/ayaa/Agro2/install/fer_moveit/share/fer_moveit/launch/demo.launch.py
[0.199s] -- Up-to-date: /home/ayaa/Agro2/install/fer_moveit/share/fer_moveit/launch/move_group.launch.py
[0.199s] -- Up-to-date: /home/ayaa/Agro2/install/fer_moveit/share/fer_moveit/launch/moveit_rviz.launch.py
[0.199s] -- Up-to-date: /home/ayaa/Agro2/install/fer_moveit/share/fer_moveit/launch/spawn_controllers.launch.py
[0.199s] -- Up-to-date: /home/ayaa/Agro2/install/fer_moveit/share/fer_moveit/launch/setup_assistant.launch.py
[0.199s] -- Up-to-date: /home/ayaa/Agro2/install/fer_moveit/share/fer_moveit/launch/static_virtual_joint_tfs.launch.py
[0.199s] -- Up-to-date: /home/ayaa/Agro2/install/fer_moveit/share/fer_moveit/launch/rsp.launch.py
[0.199s] -- Up-to-date: /home/ayaa/Agro2/install/fer_moveit/share/fer_moveit/config
[0.200s] -- Up-to-date: /home/ayaa/Agro2/install/fer_moveit/share/fer_moveit/config/fer.ros2_control.xacro
[0.200s] -- Up-to-date: /home/ayaa/Agro2/install/fer_moveit/share/fer_moveit/config/moveit_controllers.yaml
[0.200s] -- Up-to-date: /home/ayaa/Agro2/install/fer_moveit/share/fer_moveit/config/initial_positions.yaml
[0.200s] -- Up-to-date: /home/ayaa/Agro2/install/fer_moveit/share/fer_moveit/config/log
[0.200s] -- Up-to-date: /home/ayaa/Agro2/install/fer_moveit/share/fer_moveit/config/log/latest_build
[0.201s] -- Up-to-date: /home/ayaa/Agro2/install/fer_moveit/share/fer_moveit/config/log/COLCON_IGNORE
[0.203s] -- Up-to-date: /home/ayaa/Agro2/install/fer_moveit/share/fer_moveit/config/log/latest
[0.204s] -- Up-to-date: /home/ayaa/Agro2/install/fer_moveit/share/fer_moveit/config/log/build_2025-03-14_23-27-25
[0.204s] -- Up-to-date: /home/ayaa/Agro2/install/fer_moveit/share/fer_moveit/config/log/build_2025-03-14_23-27-25/events.log
[0.205s] -- Up-to-date: /home/ayaa/Agro2/install/fer_moveit/share/fer_moveit/config/log/build_2025-03-14_23-27-25/logger_all.log
[0.205s] -- Up-to-date: /home/ayaa/Agro2/install/fer_moveit/share/fer_moveit/config/moveit.rviz
[0.205s] -- Up-to-date: /home/ayaa/Agro2/install/fer_moveit/share/fer_moveit/config/joint_limits.yaml
[0.206s] -- Up-to-date: /home/ayaa/Agro2/install/fer_moveit/share/fer_moveit/config/install
[0.206s] -- Up-to-date: /home/ayaa/Agro2/install/fer_moveit/share/fer_moveit/config/install/_local_setup_util_ps1.py
[0.206s] -- Up-to-date: /home/ayaa/Agro2/install/fer_moveit/share/fer_moveit/config/install/.colcon_install_layout
[0.206s] -- Up-to-date: /home/ayaa/Agro2/install/fer_moveit/share/fer_moveit/config/install/local_setup.sh
[0.207s] -- Up-to-date: /home/ayaa/Agro2/install/fer_moveit/share/fer_moveit/config/install/setup.bash
[0.207s] -- Up-to-date: /home/ayaa/Agro2/install/fer_moveit/share/fer_moveit/config/install/setup.ps1
[0.207s] -- Up-to-date: /home/ayaa/Agro2/install/fer_moveit/share/fer_moveit/config/install/COLCON_IGNORE
[0.208s] -- Up-to-date: /home/ayaa/Agro2/install/fer_moveit/share/fer_moveit/config/install/setup.zsh
[0.210s] -- Up-to-date: /home/ayaa/Agro2/install/fer_moveit/share/fer_moveit/config/install/_local_setup_util_sh.py
[0.211s] -- Up-to-date: /home/ayaa/Agro2/install/fer_moveit/share/fer_moveit/config/install/local_setup.zsh
[0.211s] -- Up-to-date: /home/ayaa/Agro2/install/fer_moveit/share/fer_moveit/config/install/local_setup.ps1
[0.212s] -- Up-to-date: /home/ayaa/Agro2/install/fer_moveit/share/fer_moveit/config/install/setup.sh
[0.212s] -- Up-to-date: /home/ayaa/Agro2/install/fer_moveit/share/fer_moveit/config/install/local_setup.bash
[0.213s] -- Up-to-date: /home/ayaa/Agro2/install/fer_moveit/share/fer_moveit/config/fer.urdf
[0.213s] -- Up-to-date: /home/ayaa/Agro2/install/fer_moveit/share/fer_moveit/config/kinematics.yaml
[0.214s] -- Up-to-date: /home/ayaa/Agro2/install/fer_moveit/share/fer_moveit/config/sensors_3d.yaml
[0.214s] -- Up-to-date: /home/ayaa/Agro2/install/fer_moveit/share/fer_moveit/config/ros2_controllers.yaml
[0.215s] -- Up-to-date: /home/ayaa/Agro2/install/fer_moveit/share/fer_moveit/config/fer.srdf
[0.215s] -- Up-to-date: /home/ayaa/Agro2/install/fer_moveit/share/fer_moveit/config/pilz_cartesian_limits.yaml
[0.216s] -- Up-to-date: /home/ayaa/Agro2/install/fer_moveit/share/fer_moveit/config/build
[0.216s] -- Up-to-date: /home/ayaa/Agro2/install/fer_moveit/share/fer_moveit/config/build/.built_by
[0.217s] -- Up-to-date: /home/ayaa/Agro2/install/fer_moveit/share/fer_moveit/config/build/COLCON_IGNORE
[0.218s] -- Up-to-date: /home/ayaa/Agro2/install/fer_moveit/share/fer_moveit/config/fer.urdf.xacro
[0.219s] -- Up-to-date: /home/ayaa/Agro2/install/fer_moveit/share/fer_moveit/.setup_assistant
[0.221s] Invoked command in '/home/ayaa/Agro2/build/fer_moveit' returned '0': CMAKE_PREFIX_PATH=/home/ayaa/Agro2/install/tiago_custom:/home/ayaa/Agro2/install/my_nav2_bringup:/home/ayaa/Agro2/install/fer_gazebo:/home/ayaa/Agro2/install/custom_worlds:/opt/ros/humble:/home/ayaa/Agro2/install/franka_description:/home/ayaa/Agro2/install/ur5_moveit:/home/ayaa/Agro2/install/ur_description:/home/ayaa/Agro2/install/tiago_simulation:/home/ayaa/Agro2/install/tiago_robot:/home/ayaa/Agro2/install/tiago_gazebo:/home/ayaa/Agro2/install/tiago_bringup:/home/ayaa/Agro2/install/tiago_description:/home/ayaa/Agro2/install/tiago_controller_configuration:/home/ayaa/Agro2/install/fer_moveit:/home/ayaa/Agro2/install/fer_cpp_moveit /usr/bin/cmake --install /home/ayaa/Agro2/build/fer_moveit
