[6.110s] Invoking command in '/home/ayaa/Agro2/src/tiago_custom': PYTHONPATH=/home/ayaa/Agro2/build/tiago_custom/prefix_override:/usr/lib/python3/dist-packages/colcon_core/task/python/colcon_distutils_commands:/home/ayaa/Agro2/install/tiago_custom/lib/python3.10/site-packages:${PYTHONPATH} /usr/bin/python3 -W ignore:setup.py install is deprecated -W ignore:easy_install command is deprecated setup.py egg_info --egg-base ../../build/tiago_custom build --build-base /home/ayaa/Agro2/build/tiago_custom/build install --record /home/ayaa/Agro2/build/tiago_custom/install.log --single-version-externally-managed install_data
[7.110s] running egg_info
[7.154s] writing ../../build/tiago_custom/tiago_custom.egg-info/PKG-INFO
[7.155s] writing dependency_links to ../../build/tiago_custom/tiago_custom.egg-info/dependency_links.txt
[7.155s] writing entry points to ../../build/tiago_custom/tiago_custom.egg-info/entry_points.txt
[7.155s] writing requirements to ../../build/tiago_custom/tiago_custom.egg-info/requires.txt
[7.156s] writing top-level names to ../../build/tiago_custom/tiago_custom.egg-info/top_level.txt
[7.261s] reading manifest file '../../build/tiago_custom/tiago_custom.egg-info/SOURCES.txt'
[7.264s] writing manifest file '../../build/tiago_custom/tiago_custom.egg-info/SOURCES.txt'
[7.264s] running build
[7.264s] running build_py
[7.265s] running install
[7.279s] running install_lib
[7.322s] running install_data
[7.323s] running install_egg_info
[7.370s] removing '/home/ayaa/Agro2/install/tiago_custom/lib/python3.10/site-packages/tiago_custom-0.0.0-py3.10.egg-info' (and everything under it)
[7.370s] Copying ../../build/tiago_custom/tiago_custom.egg-info to /home/ayaa/Agro2/install/tiago_custom/lib/python3.10/site-packages/tiago_custom-0.0.0-py3.10.egg-info
[7.372s] running install_scripts
[7.545s] Installing bridge_cmd script to /home/ayaa/Agro2/install/tiago_custom/lib/tiago_custom
[7.546s] writing list of installed files to '/home/ayaa/Agro2/build/tiago_custom/install.log'
[7.734s] Invoked command in '/home/ayaa/Agro2/src/tiago_custom' returned '0': PYTHONPATH=/home/ayaa/Agro2/build/tiago_custom/prefix_override:/usr/lib/python3/dist-packages/colcon_core/task/python/colcon_distutils_commands:/home/ayaa/Agro2/install/tiago_custom/lib/python3.10/site-packages:${PYTHONPATH} /usr/bin/python3 -W ignore:setup.py install is deprecated -W ignore:easy_install command is deprecated setup.py egg_info --egg-base ../../build/tiago_custom build --build-base /home/ayaa/Agro2/build/tiago_custom/build install --record /home/ayaa/Agro2/build/tiago_custom/install.log --single-version-externally-managed install_data
