[0.161s] DEBUG:colcon:Command line arguments: ['/usr/bin/colcon', 'build']
[0.161s] DEBUG:colcon:Parsed command line arguments: Namespace(log_base=None, log_level=None, verb_name='build', build_base='build', install_base='install', merge_install=False, symlink_install=False, test_result_base=None, continue_on_error=False, executor='parallel', parallel_workers=8, event_handlers=None, ignore_user_meta=False, metas=['./colcon.meta'], base_paths=['.'], packages_ignore=None, packages_ignore_regex=None, paths=None, packages_up_to=None, packages_up_to_regex=None, packages_above=None, packages_above_and_dependencies=None, packages_above_depth=None, packages_select_by_dep=None, packages_skip_by_dep=None, packages_skip_up_to=None, packages_select_build_failed=False, packages_skip_build_finished=False, packages_select_test_failures=False, packages_skip_test_passed=False, packages_select=None, packages_skip=None, packages_select_regex=None, packages_skip_regex=None, packages_start=None, packages_end=None, allow_overriding=[], cmake_args=None, cmake_target=None, cmake_target_skip_unavailable=False, cmake_clean_cache=False, cmake_clean_first=False, cmake_force_configure=False, ament_cmake_args=None, catkin_cmake_args=None, catkin_skip_building_tests=False, mixin_files=None, mixin=None, verb_parser=<colcon_mixin.mixin.mixin_argument.MixinArgumentDecorator object at 0x7fb7fc938670>, verb_extension=<colcon_core.verb.build.BuildVerb object at 0x7fb7fc93b280>, main=<bound method BuildVerb.main of <colcon_core.verb.build.BuildVerb object at 0x7fb7fc93b280>>, mixin_verb=('build',))
[0.407s] Level 1:colcon.colcon_core.package_discovery:discover_packages(colcon_meta) check parameters
[0.407s] Level 1:colcon.colcon_core.package_discovery:discover_packages(recursive) check parameters
[0.407s] Level 1:colcon.colcon_core.package_discovery:discover_packages(ignore) check parameters
[0.408s] Level 1:colcon.colcon_core.package_discovery:discover_packages(path) check parameters
[0.408s] Level 1:colcon.colcon_core.package_discovery:discover_packages(colcon_meta) discover
[0.408s] Level 1:colcon.colcon_core.package_discovery:discover_packages(recursive) discover
[0.408s] INFO:colcon.colcon_core.package_discovery:Crawling recursively for packages in '/home/ayaa/Agro2'
[0.408s] Level 1:colcon.colcon_core.package_identification:_identify(.) by extensions ['ignore', 'ignore_ament_install']
[0.408s] Level 1:colcon.colcon_core.package_identification:_identify(.) by extension 'ignore'
[0.408s] Level 1:colcon.colcon_core.package_identification:_identify(.) by extension 'ignore_ament_install'
[0.408s] Level 1:colcon.colcon_core.package_identification:_identify(.) by extensions ['colcon_pkg']
[0.408s] Level 1:colcon.colcon_core.package_identification:_identify(.) by extension 'colcon_pkg'
[0.408s] Level 1:colcon.colcon_core.package_identification:_identify(.) by extensions ['colcon_meta']
[0.408s] Level 1:colcon.colcon_core.package_identification:_identify(.) by extension 'colcon_meta'
[0.408s] Level 1:colcon.colcon_core.package_identification:_identify(.) by extensions ['ros']
[0.408s] Level 1:colcon.colcon_core.package_identification:_identify(.) by extension 'ros'
[0.421s] Level 1:colcon.colcon_core.package_identification:_identify(.) by extensions ['cmake', 'python']
[0.421s] Level 1:colcon.colcon_core.package_identification:_identify(.) by extension 'cmake'
[0.421s] Level 1:colcon.colcon_core.package_identification:_identify(.) by extension 'python'
[0.421s] Level 1:colcon.colcon_core.package_identification:_identify(.) by extensions ['python_setup_py']
[0.421s] Level 1:colcon.colcon_core.package_identification:_identify(.) by extension 'python_setup_py'
[0.421s] Level 1:colcon.colcon_core.package_identification:_identify(build) by extensions ['ignore', 'ignore_ament_install']
[0.421s] Level 1:colcon.colcon_core.package_identification:_identify(build) by extension 'ignore'
[0.421s] Level 1:colcon.colcon_core.package_identification:_identify(build) ignored
[0.421s] Level 1:colcon.colcon_core.package_identification:_identify(install) by extensions ['ignore', 'ignore_ament_install']
[0.421s] Level 1:colcon.colcon_core.package_identification:_identify(install) by extension 'ignore'
[0.421s] Level 1:colcon.colcon_core.package_identification:_identify(install) ignored
[0.422s] Level 1:colcon.colcon_core.package_identification:_identify(log) by extensions ['ignore', 'ignore_ament_install']
[0.422s] Level 1:colcon.colcon_core.package_identification:_identify(log) by extension 'ignore'
[0.422s] Level 1:colcon.colcon_core.package_identification:_identify(log) ignored
[0.422s] Level 1:colcon.colcon_core.package_identification:_identify(rosbag2_2025_03_02-20_45_56) by extensions ['ignore', 'ignore_ament_install']
[0.422s] Level 1:colcon.colcon_core.package_identification:_identify(rosbag2_2025_03_02-20_45_56) by extension 'ignore'
[0.422s] Level 1:colcon.colcon_core.package_identification:_identify(rosbag2_2025_03_02-20_45_56) by extension 'ignore_ament_install'
[0.422s] Level 1:colcon.colcon_core.package_identification:_identify(rosbag2_2025_03_02-20_45_56) by extensions ['colcon_pkg']
[0.422s] Level 1:colcon.colcon_core.package_identification:_identify(rosbag2_2025_03_02-20_45_56) by extension 'colcon_pkg'
[0.422s] Level 1:colcon.colcon_core.package_identification:_identify(rosbag2_2025_03_02-20_45_56) by extensions ['colcon_meta']
[0.422s] Level 1:colcon.colcon_core.package_identification:_identify(rosbag2_2025_03_02-20_45_56) by extension 'colcon_meta'
[0.422s] Level 1:colcon.colcon_core.package_identification:_identify(rosbag2_2025_03_02-20_45_56) by extensions ['ros']
[0.422s] Level 1:colcon.colcon_core.package_identification:_identify(rosbag2_2025_03_02-20_45_56) by extension 'ros'
[0.422s] Level 1:colcon.colcon_core.package_identification:_identify(rosbag2_2025_03_02-20_45_56) by extensions ['cmake', 'python']
[0.422s] Level 1:colcon.colcon_core.package_identification:_identify(rosbag2_2025_03_02-20_45_56) by extension 'cmake'
[0.422s] Level 1:colcon.colcon_core.package_identification:_identify(rosbag2_2025_03_02-20_45_56) by extension 'python'
[0.422s] Level 1:colcon.colcon_core.package_identification:_identify(rosbag2_2025_03_02-20_45_56) by extensions ['python_setup_py']
[0.422s] Level 1:colcon.colcon_core.package_identification:_identify(rosbag2_2025_03_02-20_45_56) by extension 'python_setup_py'
[0.423s] Level 1:colcon.colcon_core.package_identification:_identify(src) by extensions ['ignore', 'ignore_ament_install']
[0.423s] Level 1:colcon.colcon_core.package_identification:_identify(src) by extension 'ignore'
[0.423s] Level 1:colcon.colcon_core.package_identification:_identify(src) by extension 'ignore_ament_install'
[0.423s] Level 1:colcon.colcon_core.package_identification:_identify(src) by extensions ['colcon_pkg']
[0.423s] Level 1:colcon.colcon_core.package_identification:_identify(src) by extension 'colcon_pkg'
[0.423s] Level 1:colcon.colcon_core.package_identification:_identify(src) by extensions ['colcon_meta']
[0.423s] Level 1:colcon.colcon_core.package_identification:_identify(src) by extension 'colcon_meta'
[0.423s] Level 1:colcon.colcon_core.package_identification:_identify(src) by extensions ['ros']
[0.423s] Level 1:colcon.colcon_core.package_identification:_identify(src) by extension 'ros'
[0.423s] Level 1:colcon.colcon_core.package_identification:_identify(src) by extensions ['cmake', 'python']
[0.423s] Level 1:colcon.colcon_core.package_identification:_identify(src) by extension 'cmake'
[0.423s] Level 1:colcon.colcon_core.package_identification:_identify(src) by extension 'python'
[0.423s] Level 1:colcon.colcon_core.package_identification:_identify(src) by extensions ['python_setup_py']
[0.423s] Level 1:colcon.colcon_core.package_identification:_identify(src) by extension 'python_setup_py'
[0.423s] Level 1:colcon.colcon_core.package_identification:_identify(src/TiaGo_custom) by extensions ['ignore', 'ignore_ament_install']
[0.423s] Level 1:colcon.colcon_core.package_identification:_identify(src/TiaGo_custom) by extension 'ignore'
[0.423s] Level 1:colcon.colcon_core.package_identification:_identify(src/TiaGo_custom) by extension 'ignore_ament_install'
[0.423s] Level 1:colcon.colcon_core.package_identification:_identify(src/TiaGo_custom) by extensions ['colcon_pkg']
[0.423s] Level 1:colcon.colcon_core.package_identification:_identify(src/TiaGo_custom) by extension 'colcon_pkg'
[0.423s] Level 1:colcon.colcon_core.package_identification:_identify(src/TiaGo_custom) by extensions ['colcon_meta']
[0.423s] Level 1:colcon.colcon_core.package_identification:_identify(src/TiaGo_custom) by extension 'colcon_meta'
[0.423s] Level 1:colcon.colcon_core.package_identification:_identify(src/TiaGo_custom) by extensions ['ros']
[0.423s] Level 1:colcon.colcon_core.package_identification:_identify(src/TiaGo_custom) by extension 'ros'
[0.426s] DEBUG:colcon.colcon_core.package_identification:Package 'src/TiaGo_custom' with type 'ros.ament_python' and name 'TiaGo_custom'
[0.426s] Level 1:colcon.colcon_core.package_identification:_identify(src/build) by extensions ['ignore', 'ignore_ament_install']
[0.426s] Level 1:colcon.colcon_core.package_identification:_identify(src/build) by extension 'ignore'
[0.426s] Level 1:colcon.colcon_core.package_identification:_identify(src/build) ignored
[0.426s] Level 1:colcon.colcon_core.package_identification:_identify(src/custom_worlds) by extensions ['ignore', 'ignore_ament_install']
[0.426s] Level 1:colcon.colcon_core.package_identification:_identify(src/custom_worlds) by extension 'ignore'
[0.427s] Level 1:colcon.colcon_core.package_identification:_identify(src/custom_worlds) by extension 'ignore_ament_install'
[0.427s] Level 1:colcon.colcon_core.package_identification:_identify(src/custom_worlds) by extensions ['colcon_pkg']
[0.427s] Level 1:colcon.colcon_core.package_identification:_identify(src/custom_worlds) by extension 'colcon_pkg'
[0.427s] Level 1:colcon.colcon_core.package_identification:_identify(src/custom_worlds) by extensions ['colcon_meta']
[0.427s] Level 1:colcon.colcon_core.package_identification:_identify(src/custom_worlds) by extension 'colcon_meta'
[0.427s] Level 1:colcon.colcon_core.package_identification:_identify(src/custom_worlds) by extensions ['ros']
[0.427s] Level 1:colcon.colcon_core.package_identification:_identify(src/custom_worlds) by extension 'ros'
[0.427s] DEBUG:colcon.colcon_core.package_identification:Package 'src/custom_worlds' with type 'ros.ament_python' and name 'custom_worlds'
[0.427s] Level 1:colcon.colcon_core.package_identification:_identify(src/fer_cpp_moveit) by extensions ['ignore', 'ignore_ament_install']
[0.427s] Level 1:colcon.colcon_core.package_identification:_identify(src/fer_cpp_moveit) by extension 'ignore'
[0.427s] Level 1:colcon.colcon_core.package_identification:_identify(src/fer_cpp_moveit) by extension 'ignore_ament_install'
[0.428s] Level 1:colcon.colcon_core.package_identification:_identify(src/fer_cpp_moveit) by extensions ['colcon_pkg']
[0.428s] Level 1:colcon.colcon_core.package_identification:_identify(src/fer_cpp_moveit) by extension 'colcon_pkg'
[0.428s] Level 1:colcon.colcon_core.package_identification:_identify(src/fer_cpp_moveit) by extensions ['colcon_meta']
[0.428s] Level 1:colcon.colcon_core.package_identification:_identify(src/fer_cpp_moveit) by extension 'colcon_meta'
[0.428s] Level 1:colcon.colcon_core.package_identification:_identify(src/fer_cpp_moveit) by extensions ['ros']
[0.428s] Level 1:colcon.colcon_core.package_identification:_identify(src/fer_cpp_moveit) by extension 'ros'
[0.428s] DEBUG:colcon.colcon_core.package_identification:Package 'src/fer_cpp_moveit' with type 'ros.ament_cmake' and name 'fer_cpp_moveit'
[0.428s] Level 1:colcon.colcon_core.package_identification:_identify(src/fer_gazebo) by extensions ['ignore', 'ignore_ament_install']
[0.428s] Level 1:colcon.colcon_core.package_identification:_identify(src/fer_gazebo) by extension 'ignore'
[0.429s] Level 1:colcon.colcon_core.package_identification:_identify(src/fer_gazebo) by extension 'ignore_ament_install'
[0.429s] Level 1:colcon.colcon_core.package_identification:_identify(src/fer_gazebo) by extensions ['colcon_pkg']
[0.429s] Level 1:colcon.colcon_core.package_identification:_identify(src/fer_gazebo) by extension 'colcon_pkg'
[0.429s] Level 1:colcon.colcon_core.package_identification:_identify(src/fer_gazebo) by extensions ['colcon_meta']
[0.429s] Level 1:colcon.colcon_core.package_identification:_identify(src/fer_gazebo) by extension 'colcon_meta'
[0.429s] Level 1:colcon.colcon_core.package_identification:_identify(src/fer_gazebo) by extensions ['ros']
[0.429s] Level 1:colcon.colcon_core.package_identification:_identify(src/fer_gazebo) by extension 'ros'
[0.429s] DEBUG:colcon.colcon_core.package_identification:Package 'src/fer_gazebo' with type 'ros.ament_python' and name 'fer_gazebo'
[0.429s] Level 1:colcon.colcon_core.package_identification:_identify(src/fer_moveit) by extensions ['ignore', 'ignore_ament_install']
[0.429s] Level 1:colcon.colcon_core.package_identification:_identify(src/fer_moveit) by extension 'ignore'
[0.429s] Level 1:colcon.colcon_core.package_identification:_identify(src/fer_moveit) by extension 'ignore_ament_install'
[0.429s] Level 1:colcon.colcon_core.package_identification:_identify(src/fer_moveit) by extensions ['colcon_pkg']
[0.429s] Level 1:colcon.colcon_core.package_identification:_identify(src/fer_moveit) by extension 'colcon_pkg'
[0.430s] Level 1:colcon.colcon_core.package_identification:_identify(src/fer_moveit) by extensions ['colcon_meta']
[0.430s] Level 1:colcon.colcon_core.package_identification:_identify(src/fer_moveit) by extension 'colcon_meta'
[0.430s] Level 1:colcon.colcon_core.package_identification:_identify(src/fer_moveit) by extensions ['ros']
[0.430s] Level 1:colcon.colcon_core.package_identification:_identify(src/fer_moveit) by extension 'ros'
[0.431s] DEBUG:colcon.colcon_core.package_identification:Package 'src/fer_moveit' with type 'ros.ament_cmake' and name 'fer_moveit'
[0.431s] Level 1:colcon.colcon_core.package_identification:_identify(src/franka_description) by extensions ['ignore', 'ignore_ament_install']
[0.431s] Level 1:colcon.colcon_core.package_identification:_identify(src/franka_description) by extension 'ignore'
[0.431s] Level 1:colcon.colcon_core.package_identification:_identify(src/franka_description) by extension 'ignore_ament_install'
[0.431s] Level 1:colcon.colcon_core.package_identification:_identify(src/franka_description) by extensions ['colcon_pkg']
[0.431s] Level 1:colcon.colcon_core.package_identification:_identify(src/franka_description) by extension 'colcon_pkg'
[0.431s] Level 1:colcon.colcon_core.package_identification:_identify(src/franka_description) by extensions ['colcon_meta']
[0.431s] Level 1:colcon.colcon_core.package_identification:_identify(src/franka_description) by extension 'colcon_meta'
[0.431s] Level 1:colcon.colcon_core.package_identification:_identify(src/franka_description) by extensions ['ros']
[0.431s] Level 1:colcon.colcon_core.package_identification:_identify(src/franka_description) by extension 'ros'
[0.432s] DEBUG:colcon.colcon_core.package_identification:Package 'src/franka_description' with type 'ros.ament_cmake' and name 'franka_description'
[0.432s] Level 1:colcon.colcon_core.package_identification:_identify(src/install) by extensions ['ignore', 'ignore_ament_install']
[0.432s] Level 1:colcon.colcon_core.package_identification:_identify(src/install) by extension 'ignore'
[0.432s] Level 1:colcon.colcon_core.package_identification:_identify(src/install) ignored
[0.432s] Level 1:colcon.colcon_core.package_identification:_identify(src/log) by extensions ['ignore', 'ignore_ament_install']
[0.432s] Level 1:colcon.colcon_core.package_identification:_identify(src/log) by extension 'ignore'
[0.432s] Level 1:colcon.colcon_core.package_identification:_identify(src/log) ignored
[0.432s] Level 1:colcon.colcon_core.package_identification:_identify(src/my_nav2_bringup) by extensions ['ignore', 'ignore_ament_install']
[0.432s] Level 1:colcon.colcon_core.package_identification:_identify(src/my_nav2_bringup) by extension 'ignore'
[0.432s] Level 1:colcon.colcon_core.package_identification:_identify(src/my_nav2_bringup) by extension 'ignore_ament_install'
[0.432s] Level 1:colcon.colcon_core.package_identification:_identify(src/my_nav2_bringup) by extensions ['colcon_pkg']
[0.432s] Level 1:colcon.colcon_core.package_identification:_identify(src/my_nav2_bringup) by extension 'colcon_pkg'
[0.432s] Level 1:colcon.colcon_core.package_identification:_identify(src/my_nav2_bringup) by extensions ['colcon_meta']
[0.432s] Level 1:colcon.colcon_core.package_identification:_identify(src/my_nav2_bringup) by extension 'colcon_meta'
[0.432s] Level 1:colcon.colcon_core.package_identification:_identify(src/my_nav2_bringup) by extensions ['ros']
[0.432s] Level 1:colcon.colcon_core.package_identification:_identify(src/my_nav2_bringup) by extension 'ros'
[0.433s] DEBUG:colcon.colcon_core.package_identification:Package 'src/my_nav2_bringup' with type 'ros.ament_python' and name 'my_nav2_bringup'
[0.433s] Level 1:colcon.colcon_core.package_discovery:discover_packages(recursive) using defaults
[0.433s] Level 1:colcon.colcon_core.package_discovery:discover_packages(ignore) discover
[0.433s] Level 1:colcon.colcon_core.package_discovery:discover_packages(ignore) using defaults
[0.433s] Level 1:colcon.colcon_core.package_discovery:discover_packages(path) discover
[0.433s] Level 1:colcon.colcon_core.package_discovery:discover_packages(path) using defaults
[0.454s] Level 1:colcon.colcon_core.package_discovery:discover_packages(prefix_path) check parameters
[0.454s] Level 1:colcon.colcon_core.package_discovery:discover_packages(prefix_path) discover
[0.458s] DEBUG:colcon.colcon_installed_package_information.package_discovery:Found 16 installed packages in /home/ayaa/Agro2/install
[0.460s] DEBUG:colcon.colcon_installed_package_information.package_discovery:Found 460 installed packages in /opt/ros/humble
[0.462s] Level 1:colcon.colcon_core.package_discovery:discover_packages(prefix_path) using defaults
[0.515s] Level 5:colcon.colcon_core.verb:set package 'TiaGo_custom' build argument 'cmake_args' from command line to 'None'
[0.515s] Level 5:colcon.colcon_core.verb:set package 'TiaGo_custom' build argument 'cmake_target' from command line to 'None'
[0.515s] Level 5:colcon.colcon_core.verb:set package 'TiaGo_custom' build argument 'cmake_target_skip_unavailable' from command line to 'False'
[0.515s] Level 5:colcon.colcon_core.verb:set package 'TiaGo_custom' build argument 'cmake_clean_cache' from command line to 'False'
[0.515s] Level 5:colcon.colcon_core.verb:set package 'TiaGo_custom' build argument 'cmake_clean_first' from command line to 'False'
[0.515s] Level 5:colcon.colcon_core.verb:set package 'TiaGo_custom' build argument 'cmake_force_configure' from command line to 'False'
[0.515s] Level 5:colcon.colcon_core.verb:set package 'TiaGo_custom' build argument 'ament_cmake_args' from command line to 'None'
[0.515s] Level 5:colcon.colcon_core.verb:set package 'TiaGo_custom' build argument 'catkin_cmake_args' from command line to 'None'
[0.515s] Level 5:colcon.colcon_core.verb:set package 'TiaGo_custom' build argument 'catkin_skip_building_tests' from command line to 'False'
[0.515s] DEBUG:colcon.colcon_core.verb:Building package 'TiaGo_custom' with the following arguments: {'ament_cmake_args': None, 'build_base': '/home/ayaa/Agro2/build/TiaGo_custom', 'catkin_cmake_args': None, 'catkin_skip_building_tests': False, 'cmake_args': None, 'cmake_clean_cache': False, 'cmake_clean_first': False, 'cmake_force_configure': False, 'cmake_target': None, 'cmake_target_skip_unavailable': False, 'install_base': '/home/ayaa/Agro2/install/TiaGo_custom', 'merge_install': False, 'path': '/home/ayaa/Agro2/src/TiaGo_custom', 'symlink_install': False, 'test_result_base': None}
[0.515s] Level 5:colcon.colcon_core.verb:set package 'custom_worlds' build argument 'cmake_args' from command line to 'None'
[0.515s] Level 5:colcon.colcon_core.verb:set package 'custom_worlds' build argument 'cmake_target' from command line to 'None'
[0.515s] Level 5:colcon.colcon_core.verb:set package 'custom_worlds' build argument 'cmake_target_skip_unavailable' from command line to 'False'
[0.516s] Level 5:colcon.colcon_core.verb:set package 'custom_worlds' build argument 'cmake_clean_cache' from command line to 'False'
[0.516s] Level 5:colcon.colcon_core.verb:set package 'custom_worlds' build argument 'cmake_clean_first' from command line to 'False'
[0.516s] Level 5:colcon.colcon_core.verb:set package 'custom_worlds' build argument 'cmake_force_configure' from command line to 'False'
[0.516s] Level 5:colcon.colcon_core.verb:set package 'custom_worlds' build argument 'ament_cmake_args' from command line to 'None'
[0.516s] Level 5:colcon.colcon_core.verb:set package 'custom_worlds' build argument 'catkin_cmake_args' from command line to 'None'
[0.516s] Level 5:colcon.colcon_core.verb:set package 'custom_worlds' build argument 'catkin_skip_building_tests' from command line to 'False'
[0.516s] DEBUG:colcon.colcon_core.verb:Building package 'custom_worlds' with the following arguments: {'ament_cmake_args': None, 'build_base': '/home/ayaa/Agro2/build/custom_worlds', 'catkin_cmake_args': None, 'catkin_skip_building_tests': False, 'cmake_args': None, 'cmake_clean_cache': False, 'cmake_clean_first': False, 'cmake_force_configure': False, 'cmake_target': None, 'cmake_target_skip_unavailable': False, 'install_base': '/home/ayaa/Agro2/install/custom_worlds', 'merge_install': False, 'path': '/home/ayaa/Agro2/src/custom_worlds', 'symlink_install': False, 'test_result_base': None}
[0.516s] Level 5:colcon.colcon_core.verb:set package 'fer_cpp_moveit' build argument 'cmake_args' from command line to 'None'
[0.516s] Level 5:colcon.colcon_core.verb:set package 'fer_cpp_moveit' build argument 'cmake_target' from command line to 'None'
[0.516s] Level 5:colcon.colcon_core.verb:set package 'fer_cpp_moveit' build argument 'cmake_target_skip_unavailable' from command line to 'False'
[0.516s] Level 5:colcon.colcon_core.verb:set package 'fer_cpp_moveit' build argument 'cmake_clean_cache' from command line to 'False'
[0.516s] Level 5:colcon.colcon_core.verb:set package 'fer_cpp_moveit' build argument 'cmake_clean_first' from command line to 'False'
[0.516s] Level 5:colcon.colcon_core.verb:set package 'fer_cpp_moveit' build argument 'cmake_force_configure' from command line to 'False'
[0.516s] Level 5:colcon.colcon_core.verb:set package 'fer_cpp_moveit' build argument 'ament_cmake_args' from command line to 'None'
[0.516s] Level 5:colcon.colcon_core.verb:set package 'fer_cpp_moveit' build argument 'catkin_cmake_args' from command line to 'None'
[0.516s] Level 5:colcon.colcon_core.verb:set package 'fer_cpp_moveit' build argument 'catkin_skip_building_tests' from command line to 'False'
[0.516s] DEBUG:colcon.colcon_core.verb:Building package 'fer_cpp_moveit' with the following arguments: {'ament_cmake_args': None, 'build_base': '/home/ayaa/Agro2/build/fer_cpp_moveit', 'catkin_cmake_args': None, 'catkin_skip_building_tests': False, 'cmake_args': None, 'cmake_clean_cache': False, 'cmake_clean_first': False, 'cmake_force_configure': False, 'cmake_target': None, 'cmake_target_skip_unavailable': False, 'install_base': '/home/ayaa/Agro2/install/fer_cpp_moveit', 'merge_install': False, 'path': '/home/ayaa/Agro2/src/fer_cpp_moveit', 'symlink_install': False, 'test_result_base': None}
[0.517s] Level 5:colcon.colcon_core.verb:set package 'fer_gazebo' build argument 'cmake_args' from command line to 'None'
[0.517s] Level 5:colcon.colcon_core.verb:set package 'fer_gazebo' build argument 'cmake_target' from command line to 'None'
[0.517s] Level 5:colcon.colcon_core.verb:set package 'fer_gazebo' build argument 'cmake_target_skip_unavailable' from command line to 'False'
[0.517s] Level 5:colcon.colcon_core.verb:set package 'fer_gazebo' build argument 'cmake_clean_cache' from command line to 'False'
[0.517s] Level 5:colcon.colcon_core.verb:set package 'fer_gazebo' build argument 'cmake_clean_first' from command line to 'False'
[0.517s] Level 5:colcon.colcon_core.verb:set package 'fer_gazebo' build argument 'cmake_force_configure' from command line to 'False'
[0.517s] Level 5:colcon.colcon_core.verb:set package 'fer_gazebo' build argument 'ament_cmake_args' from command line to 'None'
[0.517s] Level 5:colcon.colcon_core.verb:set package 'fer_gazebo' build argument 'catkin_cmake_args' from command line to 'None'
[0.517s] Level 5:colcon.colcon_core.verb:set package 'fer_gazebo' build argument 'catkin_skip_building_tests' from command line to 'False'
[0.517s] DEBUG:colcon.colcon_core.verb:Building package 'fer_gazebo' with the following arguments: {'ament_cmake_args': None, 'build_base': '/home/ayaa/Agro2/build/fer_gazebo', 'catkin_cmake_args': None, 'catkin_skip_building_tests': False, 'cmake_args': None, 'cmake_clean_cache': False, 'cmake_clean_first': False, 'cmake_force_configure': False, 'cmake_target': None, 'cmake_target_skip_unavailable': False, 'install_base': '/home/ayaa/Agro2/install/fer_gazebo', 'merge_install': False, 'path': '/home/ayaa/Agro2/src/fer_gazebo', 'symlink_install': False, 'test_result_base': None}
[0.517s] Level 5:colcon.colcon_core.verb:set package 'franka_description' build argument 'cmake_args' from command line to 'None'
[0.517s] Level 5:colcon.colcon_core.verb:set package 'franka_description' build argument 'cmake_target' from command line to 'None'
[0.517s] Level 5:colcon.colcon_core.verb:set package 'franka_description' build argument 'cmake_target_skip_unavailable' from command line to 'False'
[0.517s] Level 5:colcon.colcon_core.verb:set package 'franka_description' build argument 'cmake_clean_cache' from command line to 'False'
[0.517s] Level 5:colcon.colcon_core.verb:set package 'franka_description' build argument 'cmake_clean_first' from command line to 'False'
[0.517s] Level 5:colcon.colcon_core.verb:set package 'franka_description' build argument 'cmake_force_configure' from command line to 'False'
[0.517s] Level 5:colcon.colcon_core.verb:set package 'franka_description' build argument 'ament_cmake_args' from command line to 'None'
[0.517s] Level 5:colcon.colcon_core.verb:set package 'franka_description' build argument 'catkin_cmake_args' from command line to 'None'
[0.517s] Level 5:colcon.colcon_core.verb:set package 'franka_description' build argument 'catkin_skip_building_tests' from command line to 'False'
[0.517s] DEBUG:colcon.colcon_core.verb:Building package 'franka_description' with the following arguments: {'ament_cmake_args': None, 'build_base': '/home/ayaa/Agro2/build/franka_description', 'catkin_cmake_args': None, 'catkin_skip_building_tests': False, 'cmake_args': None, 'cmake_clean_cache': False, 'cmake_clean_first': False, 'cmake_force_configure': False, 'cmake_target': None, 'cmake_target_skip_unavailable': False, 'install_base': '/home/ayaa/Agro2/install/franka_description', 'merge_install': False, 'path': '/home/ayaa/Agro2/src/franka_description', 'symlink_install': False, 'test_result_base': None}
[0.518s] Level 5:colcon.colcon_core.verb:set package 'my_nav2_bringup' build argument 'cmake_args' from command line to 'None'
[0.518s] Level 5:colcon.colcon_core.verb:set package 'my_nav2_bringup' build argument 'cmake_target' from command line to 'None'
[0.518s] Level 5:colcon.colcon_core.verb:set package 'my_nav2_bringup' build argument 'cmake_target_skip_unavailable' from command line to 'False'
[0.518s] Level 5:colcon.colcon_core.verb:set package 'my_nav2_bringup' build argument 'cmake_clean_cache' from command line to 'False'
[0.518s] Level 5:colcon.colcon_core.verb:set package 'my_nav2_bringup' build argument 'cmake_clean_first' from command line to 'False'
[0.518s] Level 5:colcon.colcon_core.verb:set package 'my_nav2_bringup' build argument 'cmake_force_configure' from command line to 'False'
[0.518s] Level 5:colcon.colcon_core.verb:set package 'my_nav2_bringup' build argument 'ament_cmake_args' from command line to 'None'
[0.518s] Level 5:colcon.colcon_core.verb:set package 'my_nav2_bringup' build argument 'catkin_cmake_args' from command line to 'None'
[0.518s] Level 5:colcon.colcon_core.verb:set package 'my_nav2_bringup' build argument 'catkin_skip_building_tests' from command line to 'False'
[0.518s] DEBUG:colcon.colcon_core.verb:Building package 'my_nav2_bringup' with the following arguments: {'ament_cmake_args': None, 'build_base': '/home/ayaa/Agro2/build/my_nav2_bringup', 'catkin_cmake_args': None, 'catkin_skip_building_tests': False, 'cmake_args': None, 'cmake_clean_cache': False, 'cmake_clean_first': False, 'cmake_force_configure': False, 'cmake_target': None, 'cmake_target_skip_unavailable': False, 'install_base': '/home/ayaa/Agro2/install/my_nav2_bringup', 'merge_install': False, 'path': '/home/ayaa/Agro2/src/my_nav2_bringup', 'symlink_install': False, 'test_result_base': None}
[0.518s] Level 5:colcon.colcon_core.verb:set package 'fer_moveit' build argument 'cmake_args' from command line to 'None'
[0.518s] Level 5:colcon.colcon_core.verb:set package 'fer_moveit' build argument 'cmake_target' from command line to 'None'
[0.518s] Level 5:colcon.colcon_core.verb:set package 'fer_moveit' build argument 'cmake_target_skip_unavailable' from command line to 'False'
[0.518s] Level 5:colcon.colcon_core.verb:set package 'fer_moveit' build argument 'cmake_clean_cache' from command line to 'False'
[0.518s] Level 5:colcon.colcon_core.verb:set package 'fer_moveit' build argument 'cmake_clean_first' from command line to 'False'
[0.518s] Level 5:colcon.colcon_core.verb:set package 'fer_moveit' build argument 'cmake_force_configure' from command line to 'False'
[0.518s] Level 5:colcon.colcon_core.verb:set package 'fer_moveit' build argument 'ament_cmake_args' from command line to 'None'
[0.518s] Level 5:colcon.colcon_core.verb:set package 'fer_moveit' build argument 'catkin_cmake_args' from command line to 'None'
[0.518s] Level 5:colcon.colcon_core.verb:set package 'fer_moveit' build argument 'catkin_skip_building_tests' from command line to 'False'
[0.518s] DEBUG:colcon.colcon_core.verb:Building package 'fer_moveit' with the following arguments: {'ament_cmake_args': None, 'build_base': '/home/ayaa/Agro2/build/fer_moveit', 'catkin_cmake_args': None, 'catkin_skip_building_tests': False, 'cmake_args': None, 'cmake_clean_cache': False, 'cmake_clean_first': False, 'cmake_force_configure': False, 'cmake_target': None, 'cmake_target_skip_unavailable': False, 'install_base': '/home/ayaa/Agro2/install/fer_moveit', 'merge_install': False, 'path': '/home/ayaa/Agro2/src/fer_moveit', 'symlink_install': False, 'test_result_base': None}
[0.518s] INFO:colcon.colcon_core.executor:Executing jobs using 'parallel' executor
[0.519s] DEBUG:colcon.colcon_parallel_executor.executor.parallel:run_until_complete
[0.520s] INFO:colcon.colcon_ros.task.ament_cmake.build:Building ROS package in '/home/ayaa/Agro2/src/franka_description' with build type 'ament_cmake'
[0.520s] INFO:colcon.colcon_cmake.task.cmake.build:Building CMake package in '/home/ayaa/Agro2/src/franka_description'
[0.524s] INFO:colcon.colcon_core.plugin_system:Skipping extension 'colcon_core.shell.bat': Not used on non-Windows systems
[0.525s] INFO:colcon.colcon_core.shell:Skip shell extension 'powershell' for command environment: Not usable outside of PowerShell
[0.525s] DEBUG:colcon.colcon_core.shell:Skip shell extension 'dsv' for command environment
[0.529s] INFO:colcon.colcon_ros.task.ament_python.build:Building ROS package in '/home/ayaa/Agro2/src/TiaGo_custom' with build type 'ament_python'
[0.529s] Level 1:colcon.colcon_core.shell:create_environment_hook('TiaGo_custom', 'ament_prefix_path')
[0.529s] INFO:colcon.colcon_core.shell:Creating environment hook '/home/ayaa/Agro2/install/TiaGo_custom/share/TiaGo_custom/hook/ament_prefix_path.ps1'
[0.530s] INFO:colcon.colcon_core.shell:Creating environment descriptor '/home/ayaa/Agro2/install/TiaGo_custom/share/TiaGo_custom/hook/ament_prefix_path.dsv'
[0.531s] INFO:colcon.colcon_core.shell:Creating environment hook '/home/ayaa/Agro2/install/TiaGo_custom/share/TiaGo_custom/hook/ament_prefix_path.sh'
[0.531s] INFO:colcon.colcon_core.shell:Skip shell extension 'powershell' for command environment: Not usable outside of PowerShell
[0.532s] DEBUG:colcon.colcon_core.shell:Skip shell extension 'dsv' for command environment
[0.538s] INFO:colcon.colcon_ros.task.ament_python.build:Building ROS package in '/home/ayaa/Agro2/src/custom_worlds' with build type 'ament_python'
[0.538s] Level 1:colcon.colcon_core.shell:create_environment_hook('custom_worlds', 'ament_prefix_path')
[0.538s] INFO:colcon.colcon_core.shell:Creating environment hook '/home/ayaa/Agro2/install/custom_worlds/share/custom_worlds/hook/ament_prefix_path.ps1'
[0.539s] INFO:colcon.colcon_core.shell:Creating environment descriptor '/home/ayaa/Agro2/install/custom_worlds/share/custom_worlds/hook/ament_prefix_path.dsv'
[0.539s] INFO:colcon.colcon_core.shell:Creating environment hook '/home/ayaa/Agro2/install/custom_worlds/share/custom_worlds/hook/ament_prefix_path.sh'
[0.540s] INFO:colcon.colcon_core.shell:Skip shell extension 'powershell' for command environment: Not usable outside of PowerShell
[0.540s] DEBUG:colcon.colcon_core.shell:Skip shell extension 'dsv' for command environment
[0.544s] INFO:colcon.colcon_ros.task.ament_cmake.build:Building ROS package in '/home/ayaa/Agro2/src/fer_cpp_moveit' with build type 'ament_cmake'
[0.544s] INFO:colcon.colcon_cmake.task.cmake.build:Building CMake package in '/home/ayaa/Agro2/src/fer_cpp_moveit'
[0.544s] INFO:colcon.colcon_core.shell:Skip shell extension 'powershell' for command environment: Not usable outside of PowerShell
[0.544s] DEBUG:colcon.colcon_core.shell:Skip shell extension 'dsv' for command environment
[0.549s] INFO:colcon.colcon_ros.task.ament_python.build:Building ROS package in '/home/ayaa/Agro2/src/fer_gazebo' with build type 'ament_python'
[0.549s] Level 1:colcon.colcon_core.shell:create_environment_hook('fer_gazebo', 'ament_prefix_path')
[0.550s] INFO:colcon.colcon_core.shell:Creating environment hook '/home/ayaa/Agro2/install/fer_gazebo/share/fer_gazebo/hook/ament_prefix_path.ps1'
[0.551s] INFO:colcon.colcon_core.shell:Creating environment descriptor '/home/ayaa/Agro2/install/fer_gazebo/share/fer_gazebo/hook/ament_prefix_path.dsv'
[0.551s] INFO:colcon.colcon_core.shell:Creating environment hook '/home/ayaa/Agro2/install/fer_gazebo/share/fer_gazebo/hook/ament_prefix_path.sh'
[0.552s] INFO:colcon.colcon_core.shell:Skip shell extension 'powershell' for command environment: Not usable outside of PowerShell
[0.552s] DEBUG:colcon.colcon_core.shell:Skip shell extension 'dsv' for command environment
[0.557s] INFO:colcon.colcon_ros.task.ament_python.build:Building ROS package in '/home/ayaa/Agro2/src/my_nav2_bringup' with build type 'ament_python'
[0.558s] Level 1:colcon.colcon_core.shell:create_environment_hook('my_nav2_bringup', 'ament_prefix_path')
[0.558s] INFO:colcon.colcon_core.shell:Creating environment hook '/home/ayaa/Agro2/install/my_nav2_bringup/share/my_nav2_bringup/hook/ament_prefix_path.ps1'
[0.559s] INFO:colcon.colcon_core.shell:Creating environment descriptor '/home/ayaa/Agro2/install/my_nav2_bringup/share/my_nav2_bringup/hook/ament_prefix_path.dsv'
[0.559s] INFO:colcon.colcon_core.shell:Creating environment hook '/home/ayaa/Agro2/install/my_nav2_bringup/share/my_nav2_bringup/hook/ament_prefix_path.sh'
[0.560s] INFO:colcon.colcon_core.shell:Skip shell extension 'powershell' for command environment: Not usable outside of PowerShell
[0.560s] DEBUG:colcon.colcon_core.shell:Skip shell extension 'dsv' for command environment
[0.570s] DEBUG:colcon.colcon_core.event_handler.log_command:Invoking command in '/home/ayaa/Agro2/build/franka_description': CMAKE_PREFIX_PATH=/home/ayaa/Agro2/install/ur5_moveit:/home/ayaa/Agro2/install/ur_description:/home/ayaa/Agro2/install/tiago_simulation:/home/ayaa/Agro2/install/tiago_robot:/home/ayaa/Agro2/install/tiago_gazebo:/home/ayaa/Agro2/install/tiago_bringup:/home/ayaa/Agro2/install/tiago_description:/home/ayaa/Agro2/install/tiago_controller_configuration:/home/ayaa/Agro2/install/fer_moveit:/home/ayaa/Agro2/install/TiaGo_custom:/home/ayaa/Agro2/install/my_nav2_bringup:/home/ayaa/Agro2/install/fer_gazebo:/home/ayaa/Agro2/install/custom_worlds:/opt/ros/humble:/home/ayaa/Agro2/install/franka_description:/home/ayaa/Agro2/install/fer_cpp_moveit /usr/bin/cmake --build /home/ayaa/Agro2/build/franka_description -- -j8 -l8
[0.939s] INFO:colcon.colcon_core.task.python.build:Building Python package in '/home/ayaa/Agro2/src/TiaGo_custom'
[0.940s] INFO:colcon.colcon_core.shell:Skip shell extension 'powershell' for command environment: Not usable outside of PowerShell
[0.940s] DEBUG:colcon.colcon_core.shell:Skip shell extension 'dsv' for command environment
[1.302s] INFO:colcon.colcon_core.task.python.build:Building Python package in '/home/ayaa/Agro2/src/custom_worlds'
[1.303s] INFO:colcon.colcon_core.shell:Skip shell extension 'powershell' for command environment: Not usable outside of PowerShell
[1.303s] DEBUG:colcon.colcon_core.shell:Skip shell extension 'dsv' for command environment
[1.311s] DEBUG:colcon.colcon_core.event_handler.log_command:Invoking command in '/home/ayaa/Agro2/build/fer_cpp_moveit': CMAKE_PREFIX_PATH=/home/ayaa/Agro2/install/ur5_moveit:/home/ayaa/Agro2/install/ur_description:/home/ayaa/Agro2/install/tiago_simulation:/home/ayaa/Agro2/install/tiago_robot:/home/ayaa/Agro2/install/tiago_gazebo:/home/ayaa/Agro2/install/tiago_bringup:/home/ayaa/Agro2/install/tiago_description:/home/ayaa/Agro2/install/tiago_controller_configuration:/home/ayaa/Agro2/install/fer_moveit:/home/ayaa/Agro2/install/TiaGo_custom:/home/ayaa/Agro2/install/my_nav2_bringup:/home/ayaa/Agro2/install/fer_gazebo:/home/ayaa/Agro2/install/custom_worlds:/opt/ros/humble:/home/ayaa/Agro2/install/franka_description:/home/ayaa/Agro2/install/fer_cpp_moveit /usr/bin/cmake --build /home/ayaa/Agro2/build/fer_cpp_moveit -- -j8 -l8
[1.678s] INFO:colcon.colcon_core.task.python.build:Building Python package in '/home/ayaa/Agro2/src/fer_gazebo'
[1.678s] INFO:colcon.colcon_core.shell:Skip shell extension 'powershell' for command environment: Not usable outside of PowerShell
[1.678s] DEBUG:colcon.colcon_core.shell:Skip shell extension 'dsv' for command environment
[2.044s] INFO:colcon.colcon_core.task.python.build:Building Python package in '/home/ayaa/Agro2/src/my_nav2_bringup'
[2.044s] INFO:colcon.colcon_core.shell:Skip shell extension 'powershell' for command environment: Not usable outside of PowerShell
[2.044s] DEBUG:colcon.colcon_core.shell:Skip shell extension 'dsv' for command environment
[2.050s] DEBUG:colcon.colcon_core.event_handler.log_command:Invoked command in '/home/ayaa/Agro2/build/franka_description' returned '0': CMAKE_PREFIX_PATH=/home/ayaa/Agro2/install/ur5_moveit:/home/ayaa/Agro2/install/ur_description:/home/ayaa/Agro2/install/tiago_simulation:/home/ayaa/Agro2/install/tiago_robot:/home/ayaa/Agro2/install/tiago_gazebo:/home/ayaa/Agro2/install/tiago_bringup:/home/ayaa/Agro2/install/tiago_description:/home/ayaa/Agro2/install/tiago_controller_configuration:/home/ayaa/Agro2/install/fer_moveit:/home/ayaa/Agro2/install/TiaGo_custom:/home/ayaa/Agro2/install/my_nav2_bringup:/home/ayaa/Agro2/install/fer_gazebo:/home/ayaa/Agro2/install/custom_worlds:/opt/ros/humble:/home/ayaa/Agro2/install/franka_description:/home/ayaa/Agro2/install/fer_cpp_moveit /usr/bin/cmake --build /home/ayaa/Agro2/build/franka_description -- -j8 -l8
[2.059s] DEBUG:colcon.colcon_core.event_handler.log_command:Invoking command in '/home/ayaa/Agro2/build/franka_description': CMAKE_PREFIX_PATH=/home/ayaa/Agro2/install/ur5_moveit:/home/ayaa/Agro2/install/ur_description:/home/ayaa/Agro2/install/tiago_simulation:/home/ayaa/Agro2/install/tiago_robot:/home/ayaa/Agro2/install/tiago_gazebo:/home/ayaa/Agro2/install/tiago_bringup:/home/ayaa/Agro2/install/tiago_description:/home/ayaa/Agro2/install/tiago_controller_configuration:/home/ayaa/Agro2/install/fer_moveit:/home/ayaa/Agro2/install/TiaGo_custom:/home/ayaa/Agro2/install/my_nav2_bringup:/home/ayaa/Agro2/install/fer_gazebo:/home/ayaa/Agro2/install/custom_worlds:/opt/ros/humble:/home/ayaa/Agro2/install/franka_description:/home/ayaa/Agro2/install/fer_cpp_moveit /usr/bin/cmake --install /home/ayaa/Agro2/build/franka_description
[2.060s] DEBUG:colcon.colcon_core.event_handler.log_command:Invoked command in '/home/ayaa/Agro2/build/fer_cpp_moveit' returned '0': CMAKE_PREFIX_PATH=/home/ayaa/Agro2/install/ur5_moveit:/home/ayaa/Agro2/install/ur_description:/home/ayaa/Agro2/install/tiago_simulation:/home/ayaa/Agro2/install/tiago_robot:/home/ayaa/Agro2/install/tiago_gazebo:/home/ayaa/Agro2/install/tiago_bringup:/home/ayaa/Agro2/install/tiago_description:/home/ayaa/Agro2/install/tiago_controller_configuration:/home/ayaa/Agro2/install/fer_moveit:/home/ayaa/Agro2/install/TiaGo_custom:/home/ayaa/Agro2/install/my_nav2_bringup:/home/ayaa/Agro2/install/fer_gazebo:/home/ayaa/Agro2/install/custom_worlds:/opt/ros/humble:/home/ayaa/Agro2/install/franka_description:/home/ayaa/Agro2/install/fer_cpp_moveit /usr/bin/cmake --build /home/ayaa/Agro2/build/fer_cpp_moveit -- -j8 -l8
[2.061s] DEBUG:colcon.colcon_core.event_handler.log_command:Invoking command in '/home/ayaa/Agro2/build/fer_cpp_moveit': CMAKE_PREFIX_PATH=/home/ayaa/Agro2/install/ur5_moveit:/home/ayaa/Agro2/install/ur_description:/home/ayaa/Agro2/install/tiago_simulation:/home/ayaa/Agro2/install/tiago_robot:/home/ayaa/Agro2/install/tiago_gazebo:/home/ayaa/Agro2/install/tiago_bringup:/home/ayaa/Agro2/install/tiago_description:/home/ayaa/Agro2/install/tiago_controller_configuration:/home/ayaa/Agro2/install/fer_moveit:/home/ayaa/Agro2/install/TiaGo_custom:/home/ayaa/Agro2/install/my_nav2_bringup:/home/ayaa/Agro2/install/fer_gazebo:/home/ayaa/Agro2/install/custom_worlds:/opt/ros/humble:/home/ayaa/Agro2/install/franka_description:/home/ayaa/Agro2/install/fer_cpp_moveit /usr/bin/cmake --install /home/ayaa/Agro2/build/fer_cpp_moveit
[2.084s] Level 1:colcon.colcon_core.environment:create_environment_scripts_only(franka_description)
[2.097s] Level 1:colcon.colcon_core.environment:checking '/home/ayaa/Agro2/install/franka_description' for CMake module files
[2.099s] Level 1:colcon.colcon_core.environment:checking '/home/ayaa/Agro2/install/franka_description' for CMake config files
[2.102s] Level 1:colcon.colcon_core.shell:create_environment_hook('franka_description', 'cmake_prefix_path')
[2.102s] INFO:colcon.colcon_core.shell:Creating environment hook '/home/ayaa/Agro2/install/franka_description/share/franka_description/hook/cmake_prefix_path.ps1'
[2.104s] DEBUG:colcon.colcon_core.event_handler.log_command:Invoked command in '/home/ayaa/Agro2/build/franka_description' returned '0': CMAKE_PREFIX_PATH=/home/ayaa/Agro2/install/ur5_moveit:/home/ayaa/Agro2/install/ur_description:/home/ayaa/Agro2/install/tiago_simulation:/home/ayaa/Agro2/install/tiago_robot:/home/ayaa/Agro2/install/tiago_gazebo:/home/ayaa/Agro2/install/tiago_bringup:/home/ayaa/Agro2/install/tiago_description:/home/ayaa/Agro2/install/tiago_controller_configuration:/home/ayaa/Agro2/install/fer_moveit:/home/ayaa/Agro2/install/TiaGo_custom:/home/ayaa/Agro2/install/my_nav2_bringup:/home/ayaa/Agro2/install/fer_gazebo:/home/ayaa/Agro2/install/custom_worlds:/opt/ros/humble:/home/ayaa/Agro2/install/franka_description:/home/ayaa/Agro2/install/fer_cpp_moveit /usr/bin/cmake --install /home/ayaa/Agro2/build/franka_description
[2.104s] INFO:colcon.colcon_core.shell:Creating environment descriptor '/home/ayaa/Agro2/install/franka_description/share/franka_description/hook/cmake_prefix_path.dsv'
[2.104s] INFO:colcon.colcon_core.shell:Creating environment hook '/home/ayaa/Agro2/install/franka_description/share/franka_description/hook/cmake_prefix_path.sh'
[2.105s] Level 1:colcon.colcon_core.environment:checking '/home/ayaa/Agro2/install/franka_description/bin'
[2.106s] Level 1:colcon.colcon_core.environment:checking '/home/ayaa/Agro2/install/franka_description/lib/pkgconfig/franka_description.pc'
[2.106s] Level 1:colcon.colcon_core.environment:checking '/home/ayaa/Agro2/install/franka_description/lib/python3.10/site-packages'
[2.106s] Level 1:colcon.colcon_core.environment:checking '/home/ayaa/Agro2/install/franka_description/bin'
[2.107s] INFO:colcon.colcon_core.shell:Creating package script '/home/ayaa/Agro2/install/franka_description/share/franka_description/package.ps1'
[2.108s] INFO:colcon.colcon_core.shell:Creating package descriptor '/home/ayaa/Agro2/install/franka_description/share/franka_description/package.dsv'
[2.109s] INFO:colcon.colcon_core.shell:Creating package script '/home/ayaa/Agro2/install/franka_description/share/franka_description/package.sh'
[2.110s] INFO:colcon.colcon_core.shell:Creating package script '/home/ayaa/Agro2/install/franka_description/share/franka_description/package.bash'
[2.112s] INFO:colcon.colcon_core.shell:Creating package script '/home/ayaa/Agro2/install/franka_description/share/franka_description/package.zsh'
[2.113s] Level 1:colcon.colcon_core.environment:create_file_with_runtime_dependencies(/home/ayaa/Agro2/install/franka_description/share/colcon-core/packages/franka_description)
[2.113s] Level 1:colcon.colcon_core.environment:create_environment_scripts_only(franka_description)
[2.114s] Level 1:colcon.colcon_core.environment:checking '/home/ayaa/Agro2/install/franka_description' for CMake module files
[2.115s] Level 1:colcon.colcon_core.environment:checking '/home/ayaa/Agro2/install/franka_description' for CMake config files
[2.115s] Level 1:colcon.colcon_core.shell:create_environment_hook('franka_description', 'cmake_prefix_path')
[2.115s] INFO:colcon.colcon_core.shell:Creating environment hook '/home/ayaa/Agro2/install/franka_description/share/franka_description/hook/cmake_prefix_path.ps1'
[2.116s] INFO:colcon.colcon_core.shell:Creating environment descriptor '/home/ayaa/Agro2/install/franka_description/share/franka_description/hook/cmake_prefix_path.dsv'
[2.117s] INFO:colcon.colcon_core.shell:Creating environment hook '/home/ayaa/Agro2/install/franka_description/share/franka_description/hook/cmake_prefix_path.sh'
[2.117s] Level 1:colcon.colcon_core.environment:checking '/home/ayaa/Agro2/install/franka_description/bin'
[2.117s] Level 1:colcon.colcon_core.environment:checking '/home/ayaa/Agro2/install/franka_description/lib/pkgconfig/franka_description.pc'
[2.118s] Level 1:colcon.colcon_core.environment:checking '/home/ayaa/Agro2/install/franka_description/lib/python3.10/site-packages'
[2.118s] Level 1:colcon.colcon_core.environment:checking '/home/ayaa/Agro2/install/franka_description/bin'
[2.119s] INFO:colcon.colcon_core.shell:Creating package script '/home/ayaa/Agro2/install/franka_description/share/franka_description/package.ps1'
[2.120s] INFO:colcon.colcon_core.shell:Creating package descriptor '/home/ayaa/Agro2/install/franka_description/share/franka_description/package.dsv'
[2.120s] INFO:colcon.colcon_core.shell:Creating package script '/home/ayaa/Agro2/install/franka_description/share/franka_description/package.sh'
[2.121s] INFO:colcon.colcon_core.shell:Creating package script '/home/ayaa/Agro2/install/franka_description/share/franka_description/package.bash'
[2.121s] INFO:colcon.colcon_core.shell:Creating package script '/home/ayaa/Agro2/install/franka_description/share/franka_description/package.zsh'
[2.122s] Level 1:colcon.colcon_core.environment:create_file_with_runtime_dependencies(/home/ayaa/Agro2/install/franka_description/share/colcon-core/packages/franka_description)
[2.122s] Level 1:colcon.colcon_core.environment:create_environment_scripts_only(fer_cpp_moveit)
[2.123s] Level 1:colcon.colcon_core.environment:checking '/home/ayaa/Agro2/install/fer_cpp_moveit' for CMake module files
[2.125s] DEBUG:colcon.colcon_core.event_handler.log_command:Invoked command in '/home/ayaa/Agro2/build/fer_cpp_moveit' returned '0': CMAKE_PREFIX_PATH=/home/ayaa/Agro2/install/ur5_moveit:/home/ayaa/Agro2/install/ur_description:/home/ayaa/Agro2/install/tiago_simulation:/home/ayaa/Agro2/install/tiago_robot:/home/ayaa/Agro2/install/tiago_gazebo:/home/ayaa/Agro2/install/tiago_bringup:/home/ayaa/Agro2/install/tiago_description:/home/ayaa/Agro2/install/tiago_controller_configuration:/home/ayaa/Agro2/install/fer_moveit:/home/ayaa/Agro2/install/TiaGo_custom:/home/ayaa/Agro2/install/my_nav2_bringup:/home/ayaa/Agro2/install/fer_gazebo:/home/ayaa/Agro2/install/custom_worlds:/opt/ros/humble:/home/ayaa/Agro2/install/franka_description:/home/ayaa/Agro2/install/fer_cpp_moveit /usr/bin/cmake --install /home/ayaa/Agro2/build/fer_cpp_moveit
[2.125s] Level 1:colcon.colcon_core.environment:checking '/home/ayaa/Agro2/install/fer_cpp_moveit' for CMake config files
[2.125s] Level 1:colcon.colcon_core.shell:create_environment_hook('fer_cpp_moveit', 'cmake_prefix_path')
[2.125s] INFO:colcon.colcon_core.shell:Creating environment hook '/home/ayaa/Agro2/install/fer_cpp_moveit/share/fer_cpp_moveit/hook/cmake_prefix_path.ps1'
[2.126s] INFO:colcon.colcon_core.shell:Creating environment descriptor '/home/ayaa/Agro2/install/fer_cpp_moveit/share/fer_cpp_moveit/hook/cmake_prefix_path.dsv'
[2.126s] INFO:colcon.colcon_core.shell:Creating environment hook '/home/ayaa/Agro2/install/fer_cpp_moveit/share/fer_cpp_moveit/hook/cmake_prefix_path.sh'
[2.127s] Level 1:colcon.colcon_core.environment:checking '/home/ayaa/Agro2/install/fer_cpp_moveit/lib'
[2.128s] Level 1:colcon.colcon_core.environment:checking '/home/ayaa/Agro2/install/fer_cpp_moveit/bin'
[2.128s] Level 1:colcon.colcon_core.environment:checking '/home/ayaa/Agro2/install/fer_cpp_moveit/lib/pkgconfig/fer_cpp_moveit.pc'
[2.128s] Level 1:colcon.colcon_core.environment:checking '/home/ayaa/Agro2/install/fer_cpp_moveit/lib/python3.10/site-packages'
[2.128s] Level 1:colcon.colcon_core.environment:checking '/home/ayaa/Agro2/install/fer_cpp_moveit/bin'
[2.129s] INFO:colcon.colcon_core.shell:Creating package script '/home/ayaa/Agro2/install/fer_cpp_moveit/share/fer_cpp_moveit/package.ps1'
[2.130s] INFO:colcon.colcon_core.shell:Creating package descriptor '/home/ayaa/Agro2/install/fer_cpp_moveit/share/fer_cpp_moveit/package.dsv'
[2.130s] INFO:colcon.colcon_core.shell:Creating package script '/home/ayaa/Agro2/install/fer_cpp_moveit/share/fer_cpp_moveit/package.sh'
[2.131s] INFO:colcon.colcon_core.shell:Creating package script '/home/ayaa/Agro2/install/fer_cpp_moveit/share/fer_cpp_moveit/package.bash'
[2.131s] INFO:colcon.colcon_core.shell:Creating package script '/home/ayaa/Agro2/install/fer_cpp_moveit/share/fer_cpp_moveit/package.zsh'
[2.132s] Level 1:colcon.colcon_core.environment:create_file_with_runtime_dependencies(/home/ayaa/Agro2/install/fer_cpp_moveit/share/colcon-core/packages/fer_cpp_moveit)
[2.133s] Level 1:colcon.colcon_core.environment:create_environment_scripts_only(fer_cpp_moveit)
[2.133s] Level 1:colcon.colcon_core.environment:checking '/home/ayaa/Agro2/install/fer_cpp_moveit' for CMake module files
[2.134s] Level 1:colcon.colcon_core.environment:checking '/home/ayaa/Agro2/install/fer_cpp_moveit' for CMake config files
[2.134s] Level 1:colcon.colcon_core.shell:create_environment_hook('fer_cpp_moveit', 'cmake_prefix_path')
[2.134s] INFO:colcon.colcon_core.shell:Creating environment hook '/home/ayaa/Agro2/install/fer_cpp_moveit/share/fer_cpp_moveit/hook/cmake_prefix_path.ps1'
[2.135s] INFO:colcon.colcon_core.shell:Creating environment descriptor '/home/ayaa/Agro2/install/fer_cpp_moveit/share/fer_cpp_moveit/hook/cmake_prefix_path.dsv'
[2.135s] INFO:colcon.colcon_core.shell:Creating environment hook '/home/ayaa/Agro2/install/fer_cpp_moveit/share/fer_cpp_moveit/hook/cmake_prefix_path.sh'
[2.136s] Level 1:colcon.colcon_core.environment:checking '/home/ayaa/Agro2/install/fer_cpp_moveit/lib'
[2.136s] Level 1:colcon.colcon_core.environment:checking '/home/ayaa/Agro2/install/fer_cpp_moveit/bin'
[2.136s] Level 1:colcon.colcon_core.environment:checking '/home/ayaa/Agro2/install/fer_cpp_moveit/lib/pkgconfig/fer_cpp_moveit.pc'
[2.137s] Level 1:colcon.colcon_core.environment:checking '/home/ayaa/Agro2/install/fer_cpp_moveit/lib/python3.10/site-packages'
[2.137s] Level 1:colcon.colcon_core.environment:checking '/home/ayaa/Agro2/install/fer_cpp_moveit/bin'
[2.138s] INFO:colcon.colcon_core.shell:Creating package script '/home/ayaa/Agro2/install/fer_cpp_moveit/share/fer_cpp_moveit/package.ps1'
[2.138s] INFO:colcon.colcon_core.shell:Creating package descriptor '/home/ayaa/Agro2/install/fer_cpp_moveit/share/fer_cpp_moveit/package.dsv'
[2.139s] INFO:colcon.colcon_core.shell:Creating package script '/home/ayaa/Agro2/install/fer_cpp_moveit/share/fer_cpp_moveit/package.sh'
[2.140s] INFO:colcon.colcon_core.shell:Creating package script '/home/ayaa/Agro2/install/fer_cpp_moveit/share/fer_cpp_moveit/package.bash'
[2.140s] INFO:colcon.colcon_core.shell:Creating package script '/home/ayaa/Agro2/install/fer_cpp_moveit/share/fer_cpp_moveit/package.zsh'
[2.141s] Level 1:colcon.colcon_core.environment:create_file_with_runtime_dependencies(/home/ayaa/Agro2/install/fer_cpp_moveit/share/colcon-core/packages/fer_cpp_moveit)
[2.142s] INFO:colcon.colcon_ros.task.ament_cmake.build:Building ROS package in '/home/ayaa/Agro2/src/fer_moveit' with build type 'ament_cmake'
[2.142s] INFO:colcon.colcon_cmake.task.cmake.build:Building CMake package in '/home/ayaa/Agro2/src/fer_moveit'
[2.142s] INFO:colcon.colcon_core.shell:Skip shell extension 'powershell' for command environment: Not usable outside of PowerShell
[2.142s] DEBUG:colcon.colcon_core.shell:Skip shell extension 'dsv' for command environment
[2.159s] DEBUG:colcon.colcon_core.event_handler.log_command:Invoking command in '/home/ayaa/Agro2/build/fer_moveit': CMAKE_PREFIX_PATH=/home/ayaa/Agro2/install/TiaGo_custom:/home/ayaa/Agro2/install/my_nav2_bringup:/home/ayaa/Agro2/install/fer_gazebo:/home/ayaa/Agro2/install/custom_worlds:/opt/ros/humble:/home/ayaa/Agro2/install/franka_description:/home/ayaa/Agro2/install/ur5_moveit:/home/ayaa/Agro2/install/ur_description:/home/ayaa/Agro2/install/tiago_simulation:/home/ayaa/Agro2/install/tiago_robot:/home/ayaa/Agro2/install/tiago_gazebo:/home/ayaa/Agro2/install/tiago_bringup:/home/ayaa/Agro2/install/tiago_description:/home/ayaa/Agro2/install/tiago_controller_configuration:/home/ayaa/Agro2/install/fer_moveit:/home/ayaa/Agro2/install/fer_cpp_moveit /usr/bin/cmake --build /home/ayaa/Agro2/build/fer_moveit -- -j8 -l8
[2.210s] DEBUG:colcon.colcon_core.event_handler.log_command:Invoked command in '/home/ayaa/Agro2/build/fer_moveit' returned '0': CMAKE_PREFIX_PATH=/home/ayaa/Agro2/install/TiaGo_custom:/home/ayaa/Agro2/install/my_nav2_bringup:/home/ayaa/Agro2/install/fer_gazebo:/home/ayaa/Agro2/install/custom_worlds:/opt/ros/humble:/home/ayaa/Agro2/install/franka_description:/home/ayaa/Agro2/install/ur5_moveit:/home/ayaa/Agro2/install/ur_description:/home/ayaa/Agro2/install/tiago_simulation:/home/ayaa/Agro2/install/tiago_robot:/home/ayaa/Agro2/install/tiago_gazebo:/home/ayaa/Agro2/install/tiago_bringup:/home/ayaa/Agro2/install/tiago_description:/home/ayaa/Agro2/install/tiago_controller_configuration:/home/ayaa/Agro2/install/fer_moveit:/home/ayaa/Agro2/install/fer_cpp_moveit /usr/bin/cmake --build /home/ayaa/Agro2/build/fer_moveit -- -j8 -l8
[2.212s] DEBUG:colcon.colcon_core.event_handler.log_command:Invoking command in '/home/ayaa/Agro2/build/fer_moveit': CMAKE_PREFIX_PATH=/home/ayaa/Agro2/install/TiaGo_custom:/home/ayaa/Agro2/install/my_nav2_bringup:/home/ayaa/Agro2/install/fer_gazebo:/home/ayaa/Agro2/install/custom_worlds:/opt/ros/humble:/home/ayaa/Agro2/install/franka_description:/home/ayaa/Agro2/install/ur5_moveit:/home/ayaa/Agro2/install/ur_description:/home/ayaa/Agro2/install/tiago_simulation:/home/ayaa/Agro2/install/tiago_robot:/home/ayaa/Agro2/install/tiago_gazebo:/home/ayaa/Agro2/install/tiago_bringup:/home/ayaa/Agro2/install/tiago_description:/home/ayaa/Agro2/install/tiago_controller_configuration:/home/ayaa/Agro2/install/fer_moveit:/home/ayaa/Agro2/install/fer_cpp_moveit /usr/bin/cmake --install /home/ayaa/Agro2/build/fer_moveit
[2.226s] Level 1:colcon.colcon_core.environment:create_environment_scripts_only(fer_moveit)
[2.227s] Level 1:colcon.colcon_core.environment:checking '/home/ayaa/Agro2/install/fer_moveit' for CMake module files
[2.229s] Level 1:colcon.colcon_core.environment:checking '/home/ayaa/Agro2/install/fer_moveit' for CMake config files
[2.230s] Level 1:colcon.colcon_core.shell:create_environment_hook('fer_moveit', 'cmake_prefix_path')
[2.231s] INFO:colcon.colcon_core.shell:Creating environment hook '/home/ayaa/Agro2/install/fer_moveit/share/fer_moveit/hook/cmake_prefix_path.ps1'
[2.232s] INFO:colcon.colcon_core.shell:Creating environment descriptor '/home/ayaa/Agro2/install/fer_moveit/share/fer_moveit/hook/cmake_prefix_path.dsv'
[2.233s] INFO:colcon.colcon_core.shell:Creating environment hook '/home/ayaa/Agro2/install/fer_moveit/share/fer_moveit/hook/cmake_prefix_path.sh'
[2.234s] Level 1:colcon.colcon_core.environment:checking '/home/ayaa/Agro2/install/fer_moveit/bin'
[2.234s] Level 1:colcon.colcon_core.environment:checking '/home/ayaa/Agro2/install/fer_moveit/lib/pkgconfig/fer_moveit.pc'
[2.235s] Level 1:colcon.colcon_core.environment:checking '/home/ayaa/Agro2/install/fer_moveit/lib/python3.10/site-packages'
[2.235s] Level 1:colcon.colcon_core.environment:checking '/home/ayaa/Agro2/install/fer_moveit/bin'
[2.236s] INFO:colcon.colcon_core.shell:Creating package script '/home/ayaa/Agro2/install/fer_moveit/share/fer_moveit/package.ps1'
[2.237s] INFO:colcon.colcon_core.shell:Creating package descriptor '/home/ayaa/Agro2/install/fer_moveit/share/fer_moveit/package.dsv'
[2.238s] INFO:colcon.colcon_core.shell:Creating package script '/home/ayaa/Agro2/install/fer_moveit/share/fer_moveit/package.sh'
[2.239s] INFO:colcon.colcon_core.shell:Creating package script '/home/ayaa/Agro2/install/fer_moveit/share/fer_moveit/package.bash'
[2.240s] DEBUG:colcon.colcon_core.event_handler.log_command:Invoked command in '/home/ayaa/Agro2/build/fer_moveit' returned '0': CMAKE_PREFIX_PATH=/home/ayaa/Agro2/install/TiaGo_custom:/home/ayaa/Agro2/install/my_nav2_bringup:/home/ayaa/Agro2/install/fer_gazebo:/home/ayaa/Agro2/install/custom_worlds:/opt/ros/humble:/home/ayaa/Agro2/install/franka_description:/home/ayaa/Agro2/install/ur5_moveit:/home/ayaa/Agro2/install/ur_description:/home/ayaa/Agro2/install/tiago_simulation:/home/ayaa/Agro2/install/tiago_robot:/home/ayaa/Agro2/install/tiago_gazebo:/home/ayaa/Agro2/install/tiago_bringup:/home/ayaa/Agro2/install/tiago_description:/home/ayaa/Agro2/install/tiago_controller_configuration:/home/ayaa/Agro2/install/fer_moveit:/home/ayaa/Agro2/install/fer_cpp_moveit /usr/bin/cmake --install /home/ayaa/Agro2/build/fer_moveit
[2.240s] INFO:colcon.colcon_core.shell:Creating package script '/home/ayaa/Agro2/install/fer_moveit/share/fer_moveit/package.zsh'
[2.241s] Level 1:colcon.colcon_core.environment:create_file_with_runtime_dependencies(/home/ayaa/Agro2/install/fer_moveit/share/colcon-core/packages/fer_moveit)
[2.242s] Level 1:colcon.colcon_core.environment:create_environment_scripts_only(fer_moveit)
[2.242s] Level 1:colcon.colcon_core.environment:checking '/home/ayaa/Agro2/install/fer_moveit' for CMake module files
[2.243s] Level 1:colcon.colcon_core.environment:checking '/home/ayaa/Agro2/install/fer_moveit' for CMake config files
[2.243s] Level 1:colcon.colcon_core.shell:create_environment_hook('fer_moveit', 'cmake_prefix_path')
[2.243s] INFO:colcon.colcon_core.shell:Creating environment hook '/home/ayaa/Agro2/install/fer_moveit/share/fer_moveit/hook/cmake_prefix_path.ps1'
[2.244s] INFO:colcon.colcon_core.shell:Creating environment descriptor '/home/ayaa/Agro2/install/fer_moveit/share/fer_moveit/hook/cmake_prefix_path.dsv'
[2.244s] INFO:colcon.colcon_core.shell:Creating environment hook '/home/ayaa/Agro2/install/fer_moveit/share/fer_moveit/hook/cmake_prefix_path.sh'
[2.245s] Level 1:colcon.colcon_core.environment:checking '/home/ayaa/Agro2/install/fer_moveit/bin'
[2.245s] Level 1:colcon.colcon_core.environment:checking '/home/ayaa/Agro2/install/fer_moveit/lib/pkgconfig/fer_moveit.pc'
[2.245s] Level 1:colcon.colcon_core.environment:checking '/home/ayaa/Agro2/install/fer_moveit/lib/python3.10/site-packages'
[2.246s] Level 1:colcon.colcon_core.environment:checking '/home/ayaa/Agro2/install/fer_moveit/bin'
[2.246s] INFO:colcon.colcon_core.shell:Creating package script '/home/ayaa/Agro2/install/fer_moveit/share/fer_moveit/package.ps1'
[2.247s] INFO:colcon.colcon_core.shell:Creating package descriptor '/home/ayaa/Agro2/install/fer_moveit/share/fer_moveit/package.dsv'
[2.248s] INFO:colcon.colcon_core.shell:Creating package script '/home/ayaa/Agro2/install/fer_moveit/share/fer_moveit/package.sh'
[2.248s] INFO:colcon.colcon_core.shell:Creating package script '/home/ayaa/Agro2/install/fer_moveit/share/fer_moveit/package.bash'
[2.249s] INFO:colcon.colcon_core.shell:Creating package script '/home/ayaa/Agro2/install/fer_moveit/share/fer_moveit/package.zsh'
[2.250s] Level 1:colcon.colcon_core.environment:create_file_with_runtime_dependencies(/home/ayaa/Agro2/install/fer_moveit/share/colcon-core/packages/fer_moveit)
[2.936s] DEBUG:colcon.colcon_core.event_handler.log_command:Invoking command in '/home/ayaa/Agro2/src/fer_gazebo': PYTHONPATH=/home/ayaa/Agro2/build/fer_gazebo/prefix_override:/usr/lib/python3/dist-packages/colcon_core/task/python/colcon_distutils_commands:/home/ayaa/Agro2/install/fer_gazebo/lib/python3.10/site-packages:${PYTHONPATH} /usr/bin/python3 -W ignore:setup.py install is deprecated -W ignore:easy_install command is deprecated setup.py egg_info --egg-base ../../build/fer_gazebo build --build-base /home/ayaa/Agro2/build/fer_gazebo/build install --record /home/ayaa/Agro2/build/fer_gazebo/install.log --single-version-externally-managed install_data
[2.968s] DEBUG:colcon.colcon_core.event_handler.log_command:Invoking command in '/home/ayaa/Agro2/src/TiaGo_custom': PYTHONPATH=/home/ayaa/Agro2/build/TiaGo_custom/prefix_override:/usr/lib/python3/dist-packages/colcon_core/task/python/colcon_distutils_commands:/home/ayaa/Agro2/install/TiaGo_custom/lib/python3.10/site-packages:${PYTHONPATH} /usr/bin/python3 -W ignore:setup.py install is deprecated -W ignore:easy_install command is deprecated setup.py egg_info --egg-base ../../build/TiaGo_custom build --build-base /home/ayaa/Agro2/build/TiaGo_custom/build install --record /home/ayaa/Agro2/build/TiaGo_custom/install.log --single-version-externally-managed install_data
[2.980s] DEBUG:colcon.colcon_core.event_handler.log_command:Invoking command in '/home/ayaa/Agro2/src/custom_worlds': PYTHONPATH=/home/ayaa/Agro2/build/custom_worlds/prefix_override:/usr/lib/python3/dist-packages/colcon_core/task/python/colcon_distutils_commands:/home/ayaa/Agro2/install/custom_worlds/lib/python3.10/site-packages:${PYTHONPATH} /usr/bin/python3 -W ignore:setup.py install is deprecated -W ignore:easy_install command is deprecated setup.py egg_info --egg-base ../../build/custom_worlds build --build-base /home/ayaa/Agro2/build/custom_worlds/build install --record /home/ayaa/Agro2/build/custom_worlds/install.log --single-version-externally-managed install_data
[2.982s] DEBUG:colcon.colcon_core.event_handler.log_command:Invoking command in '/home/ayaa/Agro2/src/my_nav2_bringup': PYTHONPATH=/home/ayaa/Agro2/build/my_nav2_bringup/prefix_override:/usr/lib/python3/dist-packages/colcon_core/task/python/colcon_distutils_commands:/home/ayaa/Agro2/install/my_nav2_bringup/lib/python3.10/site-packages:${PYTHONPATH} /usr/bin/python3 -W ignore:setup.py install is deprecated -W ignore:easy_install command is deprecated setup.py egg_info --egg-base ../../build/my_nav2_bringup build --build-base /home/ayaa/Agro2/build/my_nav2_bringup/build install --record /home/ayaa/Agro2/build/my_nav2_bringup/install.log --single-version-externally-managed install_data
[3.664s] Level 1:colcon.colcon_core.environment:checking '/home/ayaa/Agro2/install/fer_gazebo' for CMake module files
[3.665s] DEBUG:colcon.colcon_core.event_handler.log_command:Invoked command in '/home/ayaa/Agro2/src/fer_gazebo' returned '0': PYTHONPATH=/home/ayaa/Agro2/build/fer_gazebo/prefix_override:/usr/lib/python3/dist-packages/colcon_core/task/python/colcon_distutils_commands:/home/ayaa/Agro2/install/fer_gazebo/lib/python3.10/site-packages:${PYTHONPATH} /usr/bin/python3 -W ignore:setup.py install is deprecated -W ignore:easy_install command is deprecated setup.py egg_info --egg-base ../../build/fer_gazebo build --build-base /home/ayaa/Agro2/build/fer_gazebo/build install --record /home/ayaa/Agro2/build/fer_gazebo/install.log --single-version-externally-managed install_data
[3.666s] Level 1:colcon.colcon_core.environment:checking '/home/ayaa/Agro2/install/fer_gazebo' for CMake config files
[3.667s] Level 1:colcon.colcon_core.environment:checking '/home/ayaa/Agro2/install/fer_gazebo/lib'
[3.667s] Level 1:colcon.colcon_core.environment:checking '/home/ayaa/Agro2/install/fer_gazebo/bin'
[3.667s] Level 1:colcon.colcon_core.environment:checking '/home/ayaa/Agro2/install/fer_gazebo/lib/pkgconfig/fer_gazebo.pc'
[3.667s] Level 1:colcon.colcon_core.environment:checking '/home/ayaa/Agro2/install/fer_gazebo/lib/python3.10/site-packages'
[3.667s] Level 1:colcon.colcon_core.shell:create_environment_hook('fer_gazebo', 'pythonpath')
[3.668s] INFO:colcon.colcon_core.shell:Creating environment hook '/home/ayaa/Agro2/install/fer_gazebo/share/fer_gazebo/hook/pythonpath.ps1'
[3.669s] INFO:colcon.colcon_core.shell:Creating environment descriptor '/home/ayaa/Agro2/install/fer_gazebo/share/fer_gazebo/hook/pythonpath.dsv'
[3.670s] INFO:colcon.colcon_core.shell:Creating environment hook '/home/ayaa/Agro2/install/fer_gazebo/share/fer_gazebo/hook/pythonpath.sh'
[3.671s] Level 1:colcon.colcon_core.environment:checking '/home/ayaa/Agro2/install/fer_gazebo/bin'
[3.671s] Level 1:colcon.colcon_core.environment:create_environment_scripts_only(fer_gazebo)
[3.672s] INFO:colcon.colcon_core.shell:Creating package script '/home/ayaa/Agro2/install/fer_gazebo/share/fer_gazebo/package.ps1'
[3.673s] INFO:colcon.colcon_core.shell:Creating package descriptor '/home/ayaa/Agro2/install/fer_gazebo/share/fer_gazebo/package.dsv'
[3.673s] INFO:colcon.colcon_core.shell:Creating package script '/home/ayaa/Agro2/install/fer_gazebo/share/fer_gazebo/package.sh'
[3.674s] INFO:colcon.colcon_core.shell:Creating package script '/home/ayaa/Agro2/install/fer_gazebo/share/fer_gazebo/package.bash'
[3.675s] INFO:colcon.colcon_core.shell:Creating package script '/home/ayaa/Agro2/install/fer_gazebo/share/fer_gazebo/package.zsh'
[3.676s] Level 1:colcon.colcon_core.environment:create_file_with_runtime_dependencies(/home/ayaa/Agro2/install/fer_gazebo/share/colcon-core/packages/fer_gazebo)
[3.690s] Level 1:colcon.colcon_core.environment:checking '/home/ayaa/Agro2/install/TiaGo_custom' for CMake module files
[3.691s] DEBUG:colcon.colcon_core.event_handler.log_command:Invoked command in '/home/ayaa/Agro2/src/TiaGo_custom' returned '0': PYTHONPATH=/home/ayaa/Agro2/build/TiaGo_custom/prefix_override:/usr/lib/python3/dist-packages/colcon_core/task/python/colcon_distutils_commands:/home/ayaa/Agro2/install/TiaGo_custom/lib/python3.10/site-packages:${PYTHONPATH} /usr/bin/python3 -W ignore:setup.py install is deprecated -W ignore:easy_install command is deprecated setup.py egg_info --egg-base ../../build/TiaGo_custom build --build-base /home/ayaa/Agro2/build/TiaGo_custom/build install --record /home/ayaa/Agro2/build/TiaGo_custom/install.log --single-version-externally-managed install_data
[3.691s] Level 1:colcon.colcon_core.environment:checking '/home/ayaa/Agro2/install/TiaGo_custom' for CMake config files
[3.692s] Level 1:colcon.colcon_core.environment:checking '/home/ayaa/Agro2/install/TiaGo_custom/lib'
[3.692s] Level 1:colcon.colcon_core.environment:checking '/home/ayaa/Agro2/install/TiaGo_custom/bin'
[3.692s] Level 1:colcon.colcon_core.environment:checking '/home/ayaa/Agro2/install/TiaGo_custom/lib/pkgconfig/TiaGo_custom.pc'
[3.692s] Level 1:colcon.colcon_core.environment:checking '/home/ayaa/Agro2/install/TiaGo_custom/lib/python3.10/site-packages'
[3.692s] Level 1:colcon.colcon_core.shell:create_environment_hook('TiaGo_custom', 'pythonpath')
[3.693s] INFO:colcon.colcon_core.shell:Creating environment hook '/home/ayaa/Agro2/install/TiaGo_custom/share/TiaGo_custom/hook/pythonpath.ps1'
[3.693s] INFO:colcon.colcon_core.shell:Creating environment descriptor '/home/ayaa/Agro2/install/TiaGo_custom/share/TiaGo_custom/hook/pythonpath.dsv'
[3.693s] INFO:colcon.colcon_core.shell:Creating environment hook '/home/ayaa/Agro2/install/TiaGo_custom/share/TiaGo_custom/hook/pythonpath.sh'
[3.694s] Level 1:colcon.colcon_core.environment:checking '/home/ayaa/Agro2/install/TiaGo_custom/bin'
[3.694s] Level 1:colcon.colcon_core.environment:create_environment_scripts_only(TiaGo_custom)
[3.695s] INFO:colcon.colcon_core.shell:Creating package script '/home/ayaa/Agro2/install/TiaGo_custom/share/TiaGo_custom/package.ps1'
[3.695s] INFO:colcon.colcon_core.shell:Creating package descriptor '/home/ayaa/Agro2/install/TiaGo_custom/share/TiaGo_custom/package.dsv'
[3.696s] INFO:colcon.colcon_core.shell:Creating package script '/home/ayaa/Agro2/install/TiaGo_custom/share/TiaGo_custom/package.sh'
[3.696s] INFO:colcon.colcon_core.shell:Creating package script '/home/ayaa/Agro2/install/TiaGo_custom/share/TiaGo_custom/package.bash'
[3.696s] INFO:colcon.colcon_core.shell:Creating package script '/home/ayaa/Agro2/install/TiaGo_custom/share/TiaGo_custom/package.zsh'
[3.697s] Level 1:colcon.colcon_core.environment:create_file_with_runtime_dependencies(/home/ayaa/Agro2/install/TiaGo_custom/share/colcon-core/packages/TiaGo_custom)
[3.706s] Level 1:colcon.colcon_core.environment:checking '/home/ayaa/Agro2/install/my_nav2_bringup' for CMake module files
[3.707s] DEBUG:colcon.colcon_core.event_handler.log_command:Invoked command in '/home/ayaa/Agro2/src/my_nav2_bringup' returned '0': PYTHONPATH=/home/ayaa/Agro2/build/my_nav2_bringup/prefix_override:/usr/lib/python3/dist-packages/colcon_core/task/python/colcon_distutils_commands:/home/ayaa/Agro2/install/my_nav2_bringup/lib/python3.10/site-packages:${PYTHONPATH} /usr/bin/python3 -W ignore:setup.py install is deprecated -W ignore:easy_install command is deprecated setup.py egg_info --egg-base ../../build/my_nav2_bringup build --build-base /home/ayaa/Agro2/build/my_nav2_bringup/build install --record /home/ayaa/Agro2/build/my_nav2_bringup/install.log --single-version-externally-managed install_data
[3.707s] Level 1:colcon.colcon_core.environment:checking '/home/ayaa/Agro2/install/my_nav2_bringup' for CMake config files
[3.708s] Level 1:colcon.colcon_core.environment:checking '/home/ayaa/Agro2/install/my_nav2_bringup/lib'
[3.708s] Level 1:colcon.colcon_core.environment:checking '/home/ayaa/Agro2/install/my_nav2_bringup/bin'
[3.708s] Level 1:colcon.colcon_core.environment:checking '/home/ayaa/Agro2/install/my_nav2_bringup/lib/pkgconfig/my_nav2_bringup.pc'
[3.708s] Level 1:colcon.colcon_core.environment:checking '/home/ayaa/Agro2/install/my_nav2_bringup/lib/python3.10/site-packages'
[3.708s] Level 1:colcon.colcon_core.shell:create_environment_hook('my_nav2_bringup', 'pythonpath')
[3.708s] INFO:colcon.colcon_core.shell:Creating environment hook '/home/ayaa/Agro2/install/my_nav2_bringup/share/my_nav2_bringup/hook/pythonpath.ps1'
[3.709s] INFO:colcon.colcon_core.shell:Creating environment descriptor '/home/ayaa/Agro2/install/my_nav2_bringup/share/my_nav2_bringup/hook/pythonpath.dsv'
[3.709s] INFO:colcon.colcon_core.shell:Creating environment hook '/home/ayaa/Agro2/install/my_nav2_bringup/share/my_nav2_bringup/hook/pythonpath.sh'
[3.710s] Level 1:colcon.colcon_core.environment:checking '/home/ayaa/Agro2/install/my_nav2_bringup/bin'
[3.710s] Level 1:colcon.colcon_core.environment:create_environment_scripts_only(my_nav2_bringup)
[3.710s] INFO:colcon.colcon_core.shell:Creating package script '/home/ayaa/Agro2/install/my_nav2_bringup/share/my_nav2_bringup/package.ps1'
[3.711s] INFO:colcon.colcon_core.shell:Creating package descriptor '/home/ayaa/Agro2/install/my_nav2_bringup/share/my_nav2_bringup/package.dsv'
[3.711s] INFO:colcon.colcon_core.shell:Creating package script '/home/ayaa/Agro2/install/my_nav2_bringup/share/my_nav2_bringup/package.sh'
[3.712s] INFO:colcon.colcon_core.shell:Creating package script '/home/ayaa/Agro2/install/my_nav2_bringup/share/my_nav2_bringup/package.bash'
[3.712s] INFO:colcon.colcon_core.shell:Creating package script '/home/ayaa/Agro2/install/my_nav2_bringup/share/my_nav2_bringup/package.zsh'
[3.712s] Level 1:colcon.colcon_core.environment:create_file_with_runtime_dependencies(/home/ayaa/Agro2/install/my_nav2_bringup/share/colcon-core/packages/my_nav2_bringup)
[3.714s] Level 1:colcon.colcon_core.environment:checking '/home/ayaa/Agro2/install/custom_worlds' for CMake module files
[3.715s] DEBUG:colcon.colcon_core.event_handler.log_command:Invoked command in '/home/ayaa/Agro2/src/custom_worlds' returned '0': PYTHONPATH=/home/ayaa/Agro2/build/custom_worlds/prefix_override:/usr/lib/python3/dist-packages/colcon_core/task/python/colcon_distutils_commands:/home/ayaa/Agro2/install/custom_worlds/lib/python3.10/site-packages:${PYTHONPATH} /usr/bin/python3 -W ignore:setup.py install is deprecated -W ignore:easy_install command is deprecated setup.py egg_info --egg-base ../../build/custom_worlds build --build-base /home/ayaa/Agro2/build/custom_worlds/build install --record /home/ayaa/Agro2/build/custom_worlds/install.log --single-version-externally-managed install_data
[3.715s] Level 1:colcon.colcon_core.environment:checking '/home/ayaa/Agro2/install/custom_worlds' for CMake config files
[3.716s] Level 1:colcon.colcon_core.environment:checking '/home/ayaa/Agro2/install/custom_worlds/lib'
[3.716s] Level 1:colcon.colcon_core.environment:checking '/home/ayaa/Agro2/install/custom_worlds/bin'
[3.716s] Level 1:colcon.colcon_core.environment:checking '/home/ayaa/Agro2/install/custom_worlds/lib/pkgconfig/custom_worlds.pc'
[3.716s] Level 1:colcon.colcon_core.environment:checking '/home/ayaa/Agro2/install/custom_worlds/lib/python3.10/site-packages'
[3.717s] Level 1:colcon.colcon_core.shell:create_environment_hook('custom_worlds', 'pythonpath')
[3.717s] INFO:colcon.colcon_core.shell:Creating environment hook '/home/ayaa/Agro2/install/custom_worlds/share/custom_worlds/hook/pythonpath.ps1'
[3.717s] INFO:colcon.colcon_core.shell:Creating environment descriptor '/home/ayaa/Agro2/install/custom_worlds/share/custom_worlds/hook/pythonpath.dsv'
[3.718s] INFO:colcon.colcon_core.shell:Creating environment hook '/home/ayaa/Agro2/install/custom_worlds/share/custom_worlds/hook/pythonpath.sh'
[3.719s] Level 1:colcon.colcon_core.environment:checking '/home/ayaa/Agro2/install/custom_worlds/bin'
[3.719s] Level 1:colcon.colcon_core.environment:create_environment_scripts_only(custom_worlds)
[3.719s] INFO:colcon.colcon_core.shell:Creating package script '/home/ayaa/Agro2/install/custom_worlds/share/custom_worlds/package.ps1'
[3.720s] INFO:colcon.colcon_core.shell:Creating package descriptor '/home/ayaa/Agro2/install/custom_worlds/share/custom_worlds/package.dsv'
[3.720s] INFO:colcon.colcon_core.shell:Creating package script '/home/ayaa/Agro2/install/custom_worlds/share/custom_worlds/package.sh'
[3.721s] INFO:colcon.colcon_core.shell:Creating package script '/home/ayaa/Agro2/install/custom_worlds/share/custom_worlds/package.bash'
[3.721s] INFO:colcon.colcon_core.shell:Creating package script '/home/ayaa/Agro2/install/custom_worlds/share/custom_worlds/package.zsh'
[3.721s] Level 1:colcon.colcon_core.environment:create_file_with_runtime_dependencies(/home/ayaa/Agro2/install/custom_worlds/share/colcon-core/packages/custom_worlds)
[3.722s] DEBUG:colcon.colcon_parallel_executor.executor.parallel:closing loop
[3.722s] DEBUG:colcon.colcon_parallel_executor.executor.parallel:loop closed
[3.722s] DEBUG:colcon.colcon_parallel_executor.executor.parallel:run_until_complete finished with '0'
[3.722s] DEBUG:colcon.colcon_core.event_reactor:joining thread
[3.731s] INFO:colcon.colcon_core.plugin_system:Skipping extension 'colcon_notification.desktop_notification.terminal_notifier': Not used on non-Darwin systems
[3.731s] INFO:colcon.colcon_core.plugin_system:Skipping extension 'colcon_notification.desktop_notification.win32': Not used on non-Windows systems
[3.731s] INFO:colcon.colcon_notification.desktop_notification:Sending desktop notification using 'notify2'
[3.742s] DEBUG:colcon.colcon_core.event_reactor:joined thread
[3.743s] INFO:colcon.colcon_core.shell:Creating prefix script '/home/ayaa/Agro2/install/local_setup.ps1'
[3.744s] INFO:colcon.colcon_core.shell:Creating prefix util module '/home/ayaa/Agro2/install/_local_setup_util_ps1.py'
[3.745s] INFO:colcon.colcon_core.shell:Creating prefix chain script '/home/ayaa/Agro2/install/setup.ps1'
[3.747s] INFO:colcon.colcon_core.shell:Creating prefix script '/home/ayaa/Agro2/install/local_setup.sh'
[3.747s] INFO:colcon.colcon_core.shell:Creating prefix util module '/home/ayaa/Agro2/install/_local_setup_util_sh.py'
[3.748s] INFO:colcon.colcon_core.shell:Creating prefix chain script '/home/ayaa/Agro2/install/setup.sh'
[3.749s] INFO:colcon.colcon_core.shell:Creating prefix script '/home/ayaa/Agro2/install/local_setup.bash'
[3.750s] INFO:colcon.colcon_core.shell:Creating prefix chain script '/home/ayaa/Agro2/install/setup.bash'
[3.751s] INFO:colcon.colcon_core.shell:Creating prefix script '/home/ayaa/Agro2/install/local_setup.zsh'
[3.752s] INFO:colcon.colcon_core.shell:Creating prefix chain script '/home/ayaa/Agro2/install/setup.zsh'
