[2.108s] Invoking command in '/home/ayaa/Agro2/src/my_nav2_bringup': PYTHONPATH=/home/ayaa/Agro2/build/my_nav2_bringup/prefix_override:/usr/lib/python3/dist-packages/colcon_core/task/python/colcon_distutils_commands:/home/ayaa/Agro2/install/my_nav2_bringup/lib/python3.10/site-packages:${PYTHONPATH} /usr/bin/python3 -W ignore:setup.py install is deprecated -W ignore:easy_install command is deprecated setup.py egg_info --egg-base ../../build/my_nav2_bringup build --build-base /home/ayaa/Agro2/build/my_nav2_bringup/build install --record /home/ayaa/Agro2/build/my_nav2_bringup/install.log --single-version-externally-managed install_data
[2.564s] running egg_info
[2.583s] writing ../../build/my_nav2_bringup/my_nav2_bringup.egg-info/PKG-INFO
[2.583s] writing dependency_links to ../../build/my_nav2_bringup/my_nav2_bringup.egg-info/dependency_links.txt
[2.584s] writing requirements to ../../build/my_nav2_bringup/my_nav2_bringup.egg-info/requires.txt
[2.584s] writing top-level names to ../../build/my_nav2_bringup/my_nav2_bringup.egg-info/top_level.txt
[2.631s] reading manifest file '../../build/my_nav2_bringup/my_nav2_bringup.egg-info/SOURCES.txt'
[2.632s] adding license file 'LICENSE'
[2.632s] writing manifest file '../../build/my_nav2_bringup/my_nav2_bringup.egg-info/SOURCES.txt'
[2.633s] running build
[2.633s] running build_py
[2.633s] running install
[2.640s] running install_lib
[2.660s] running install_data
[2.660s] running install_egg_info
[2.681s] removing '/home/ayaa/Agro2/install/my_nav2_bringup/lib/python3.10/site-packages/my_nav2_bringup-0.0.0-py3.10.egg-info' (and everything under it)
[2.681s] Copying ../../build/my_nav2_bringup/my_nav2_bringup.egg-info to /home/ayaa/Agro2/install/my_nav2_bringup/lib/python3.10/site-packages/my_nav2_bringup-0.0.0-py3.10.egg-info
[2.682s] running install_scripts
[2.762s] writing list of installed files to '/home/ayaa/Agro2/build/my_nav2_bringup/install.log'
[2.826s] Invoked command in '/home/ayaa/Agro2/src/my_nav2_bringup' returned '0': PYTHONPATH=/home/ayaa/Agro2/build/my_nav2_bringup/prefix_override:/usr/lib/python3/dist-packages/colcon_core/task/python/colcon_distutils_commands:/home/ayaa/Agro2/install/my_nav2_bringup/lib/python3.10/site-packages:${PYTHONPATH} /usr/bin/python3 -W ignore:setup.py install is deprecated -W ignore:easy_install command is deprecated setup.py egg_info --egg-base ../../build/my_nav2_bringup build --build-base /home/ayaa/Agro2/build/my_nav2_bringup/build install --record /home/ayaa/Agro2/build/my_nav2_bringup/install.log --single-version-externally-managed install_data
