[2.472s] Invoking command in '/home/ayaa/Agro2/src/my_nav2_bringup': PYTHONPATH=/home/ayaa/Agro2/build/my_nav2_bringup/prefix_override:/usr/lib/python3/dist-packages/colcon_core/task/python/colcon_distutils_commands:/home/ayaa/Agro2/install/my_nav2_bringup/lib/python3.10/site-packages:${PYTHONPATH} /usr/bin/python3 -W ignore:setup.py install is deprecated -W ignore:easy_install command is deprecated setup.py egg_info --egg-base ../../build/my_nav2_bringup build --build-base /home/ayaa/Agro2/build/my_nav2_bringup/build install --record /home/ayaa/Agro2/build/my_nav2_bringup/install.log --single-version-externally-managed install_data
[2.932s] running egg_info
[2.951s] writing ../../build/my_nav2_bringup/my_nav2_bringup.egg-info/PKG-INFO
[2.952s] writing dependency_links to ../../build/my_nav2_bringup/my_nav2_bringup.egg-info/dependency_links.txt
[2.952s] writing requirements to ../../build/my_nav2_bringup/my_nav2_bringup.egg-info/requires.txt
[2.952s] writing top-level names to ../../build/my_nav2_bringup/my_nav2_bringup.egg-info/top_level.txt
[3.001s] reading manifest file '../../build/my_nav2_bringup/my_nav2_bringup.egg-info/SOURCES.txt'
[3.002s] adding license file 'LICENSE'
[3.003s] writing manifest file '../../build/my_nav2_bringup/my_nav2_bringup.egg-info/SOURCES.txt'
[3.003s] running build
[3.003s] running build_py
[3.004s] running install
[3.010s] running install_lib
[3.029s] running install_data
[3.029s] running install_egg_info
[3.049s] removing '/home/ayaa/Agro2/install/my_nav2_bringup/lib/python3.10/site-packages/my_nav2_bringup-0.0.0-py3.10.egg-info' (and everything under it)
[3.050s] Copying ../../build/my_nav2_bringup/my_nav2_bringup.egg-info to /home/ayaa/Agro2/install/my_nav2_bringup/lib/python3.10/site-packages/my_nav2_bringup-0.0.0-py3.10.egg-info
[3.051s] running install_scripts
[3.123s] writing list of installed files to '/home/ayaa/Agro2/build/my_nav2_bringup/install.log'
[3.204s] Invoked command in '/home/ayaa/Agro2/src/my_nav2_bringup' returned '0': PYTHONPATH=/home/ayaa/Agro2/build/my_nav2_bringup/prefix_override:/usr/lib/python3/dist-packages/colcon_core/task/python/colcon_distutils_commands:/home/ayaa/Agro2/install/my_nav2_bringup/lib/python3.10/site-packages:${PYTHONPATH} /usr/bin/python3 -W ignore:setup.py install is deprecated -W ignore:easy_install command is deprecated setup.py egg_info --egg-base ../../build/my_nav2_bringup build --build-base /home/ayaa/Agro2/build/my_nav2_bringup/build install --record /home/ayaa/Agro2/build/my_nav2_bringup/install.log --single-version-externally-managed install_data
