[1.004s] Invoking command in '/home/ayaa/Agro2/src/my_nav2_bringup': PYTHONPATH=/home/ayaa/Agro2/build/my_nav2_bringup/prefix_override:/usr/lib/python3/dist-packages/colcon_core/task/python/colcon_distutils_commands:/home/ayaa/Agro2/install/my_nav2_bringup/lib/python3.8/site-packages:${PYTHONPATH} /usr/bin/python3 -W ignore:setup.py install is deprecated -W ignore:easy_install command is deprecated setup.py egg_info --egg-base ../../build/my_nav2_bringup build --build-base /home/ayaa/Agro2/build/my_nav2_bringup/build install --record /home/ayaa/Agro2/build/my_nav2_bringup/install.log --install-scripts $base/lib/my_nav2_bringup --single-version-externally-managed install_data
[1.237s] running egg_info
[1.237s] writing ../../build/my_nav2_bringup/my_nav2_bringup.egg-info/PKG-INFO
[1.238s] writing dependency_links to ../../build/my_nav2_bringup/my_nav2_bringup.egg-info/dependency_links.txt
[1.238s] writing entry points to ../../build/my_nav2_bringup/my_nav2_bringup.egg-info/entry_points.txt
[1.238s] writing requirements to ../../build/my_nav2_bringup/my_nav2_bringup.egg-info/requires.txt
[1.238s] writing top-level names to ../../build/my_nav2_bringup/my_nav2_bringup.egg-info/top_level.txt
[1.279s] reading manifest file '../../build/my_nav2_bringup/my_nav2_bringup.egg-info/SOURCES.txt'
[1.281s] writing manifest file '../../build/my_nav2_bringup/my_nav2_bringup.egg-info/SOURCES.txt'
[1.281s] running build
[1.281s] running build_py
[1.281s] running install
[1.282s] running install_lib
[1.284s] running install_data
[1.285s] copying launch/bringup.launch.py -> /home/ayaa/Agro2/install/my_nav2_bringup/share/my_nav2_bringup/launch
[1.285s] running install_egg_info
[1.289s] removing '/home/ayaa/Agro2/install/my_nav2_bringup/lib/python3.8/site-packages/my_nav2_bringup-0.0.0-py3.8.egg-info' (and everything under it)
[1.289s] Copying ../../build/my_nav2_bringup/my_nav2_bringup.egg-info to /home/ayaa/Agro2/install/my_nav2_bringup/lib/python3.8/site-packages/my_nav2_bringup-0.0.0-py3.8.egg-info
[1.290s] running install_scripts
[1.319s] writing list of installed files to '/home/ayaa/Agro2/build/my_nav2_bringup/install.log'
[1.359s] Invoked command in '/home/ayaa/Agro2/src/my_nav2_bringup' returned '0': PYTHONPATH=/home/ayaa/Agro2/build/my_nav2_bringup/prefix_override:/usr/lib/python3/dist-packages/colcon_core/task/python/colcon_distutils_commands:/home/ayaa/Agro2/install/my_nav2_bringup/lib/python3.8/site-packages:${PYTHONPATH} /usr/bin/python3 -W ignore:setup.py install is deprecated -W ignore:easy_install command is deprecated setup.py egg_info --egg-base ../../build/my_nav2_bringup build --build-base /home/ayaa/Agro2/build/my_nav2_bringup/build install --record /home/ayaa/Agro2/build/my_nav2_bringup/install.log --install-scripts $base/lib/my_nav2_bringup --single-version-externally-managed install_data
