[2.427s] Invoking command in '/home/ayaa/Agro2/src/custom_worlds': PYTHONPATH=/home/ayaa/Agro2/build/custom_worlds/prefix_override:/usr/lib/python3/dist-packages/colcon_core/task/python/colcon_distutils_commands:/home/ayaa/Agro2/install/custom_worlds/lib/python3.10/site-packages:${PYTHONPATH} /usr/bin/python3 -W ignore:setup.py install is deprecated -W ignore:easy_install command is deprecated setup.py egg_info --egg-base ../../build/custom_worlds build --build-base /home/ayaa/Agro2/build/custom_worlds/build install --record /home/ayaa/Agro2/build/custom_worlds/install.log --single-version-externally-managed install_data
[2.882s] running egg_info
[2.900s] writing ../../build/custom_worlds/custom_worlds.egg-info/PKG-INFO
[2.900s] writing dependency_links to ../../build/custom_worlds/custom_worlds.egg-info/dependency_links.txt
[2.901s] writing requirements to ../../build/custom_worlds/custom_worlds.egg-info/requires.txt
[2.901s] writing top-level names to ../../build/custom_worlds/custom_worlds.egg-info/top_level.txt
[2.949s] reading manifest file '../../build/custom_worlds/custom_worlds.egg-info/SOURCES.txt'
[2.949s] adding license file 'LICENSE'
[2.950s] writing manifest file '../../build/custom_worlds/custom_worlds.egg-info/SOURCES.txt'
[2.950s] running build
[2.950s] running build_py
[2.950s] running install
[2.957s] running install_lib
[2.976s] running install_data
[2.977s] running install_egg_info
[2.996s] removing '/home/ayaa/Agro2/install/custom_worlds/lib/python3.10/site-packages/custom_worlds-0.0.0-py3.10.egg-info' (and everything under it)
[2.996s] Copying ../../build/custom_worlds/custom_worlds.egg-info to /home/ayaa/Agro2/install/custom_worlds/lib/python3.10/site-packages/custom_worlds-0.0.0-py3.10.egg-info
[2.997s] running install_scripts
[3.070s] writing list of installed files to '/home/ayaa/Agro2/build/custom_worlds/install.log'
[3.160s] Invoked command in '/home/ayaa/Agro2/src/custom_worlds' returned '0': PYTHONPATH=/home/ayaa/Agro2/build/custom_worlds/prefix_override:/usr/lib/python3/dist-packages/colcon_core/task/python/colcon_distutils_commands:/home/ayaa/Agro2/install/custom_worlds/lib/python3.10/site-packages:${PYTHONPATH} /usr/bin/python3 -W ignore:setup.py install is deprecated -W ignore:easy_install command is deprecated setup.py egg_info --egg-base ../../build/custom_worlds build --build-base /home/ayaa/Agro2/build/custom_worlds/build install --record /home/ayaa/Agro2/build/custom_worlds/install.log --single-version-externally-managed install_data
