[11.057s] Invoking command in '/home/ayaa/Agro2/src/fer_gazebo': PYTHONPATH=/home/ayaa/Agro2/build/fer_gazebo/prefix_override:/usr/lib/python3/dist-packages/colcon_core/task/python/colcon_distutils_commands:/home/ayaa/Agro2/install/fer_gazebo/lib/python3.10/site-packages:${PYTHONPATH} /usr/bin/python3 -W ignore:setup.py install is deprecated -W ignore:easy_install command is deprecated setup.py egg_info --egg-base ../../build/fer_gazebo build --build-base /home/ayaa/Agro2/build/fer_gazebo/build install --record /home/ayaa/Agro2/build/fer_gazebo/install.log --single-version-externally-managed install_data
[13.221s] running egg_info
[13.299s] writing ../../build/fer_gazebo/fer_gazebo.egg-info/PKG-INFO
[13.300s] writing dependency_links to ../../build/fer_gazebo/fer_gazebo.egg-info/dependency_links.txt
[13.301s] writing entry points to ../../build/fer_gazebo/fer_gazebo.egg-info/entry_points.txt
[13.302s] writing requirements to ../../build/fer_gazebo/fer_gazebo.egg-info/requires.txt
[13.303s] writing top-level names to ../../build/fer_gazebo/fer_gazebo.egg-info/top_level.txt
[13.485s] reading manifest file '../../build/fer_gazebo/fer_gazebo.egg-info/SOURCES.txt'
[13.490s] writing manifest file '../../build/fer_gazebo/fer_gazebo.egg-info/SOURCES.txt'
[13.491s] running build
[13.492s] running build_py
[13.494s] running install
[13.521s] running install_lib
[13.608s] running install_data
[13.609s] copying launch/fer_gazebo.launch.py -> /home/ayaa/Agro2/install/fer_gazebo/share/fer_gazebo/launch
[13.609s] running install_egg_info
[13.696s] removing '/home/ayaa/Agro2/install/fer_gazebo/lib/python3.10/site-packages/fer_gazebo-0.0.0-py3.10.egg-info' (and everything under it)
[13.698s] Copying ../../build/fer_gazebo/fer_gazebo.egg-info to /home/ayaa/Agro2/install/fer_gazebo/lib/python3.10/site-packages/fer_gazebo-0.0.0-py3.10.egg-info
[13.702s] running install_scripts
[14.015s] Installing pick_place script to /home/ayaa/Agro2/install/fer_gazebo/lib/fer_gazebo
[14.016s] writing list of installed files to '/home/ayaa/Agro2/build/fer_gazebo/install.log'
[14.162s] Invoked command in '/home/ayaa/Agro2/src/fer_gazebo' returned '0': PYTHONPATH=/home/ayaa/Agro2/build/fer_gazebo/prefix_override:/usr/lib/python3/dist-packages/colcon_core/task/python/colcon_distutils_commands:/home/ayaa/Agro2/install/fer_gazebo/lib/python3.10/site-packages:${PYTHONPATH} /usr/bin/python3 -W ignore:setup.py install is deprecated -W ignore:easy_install command is deprecated setup.py egg_info --egg-base ../../build/fer_gazebo build --build-base /home/ayaa/Agro2/build/fer_gazebo/build install --record /home/ayaa/Agro2/build/fer_gazebo/install.log --single-version-externally-managed install_data
