[0.429s] Invoking command in '/home/ayaa/Agro2/build/fer_cpp_moveit': CMAKE_PREFIX_PATH=/home/ayaa/Agro2/install/ur5_moveit:/home/ayaa/Agro2/install/ur_description:/home/ayaa/Agro2/install/tiago_simulation:/home/ayaa/Agro2/install/tiago_robot:/home/ayaa/Agro2/install/tiago_gazebo:/home/ayaa/Agro2/install/tiago_bringup:/home/ayaa/Agro2/install/tiago_description:/home/ayaa/Agro2/install/tiago_cpp:/home/ayaa/Agro2/install/tiago_controller_configuration:/home/ayaa/Agro2/install/tiago_behavior_tree:/home/ayaa/Agro2/install/fer_moveit:/home/ayaa/Agro2/install/tiago_custom:/home/ayaa/Agro2/install/my_nav2_bringup:/home/ayaa/Agro2/install/fer_gazebo:/home/ayaa/Agro2/install/custom_worlds:/opt/ros/humble:/home/ayaa/Agro2/install/franka_description:/home/ayaa/Agro2/install/fer_cpp_moveit /usr/bin/cmake --build /home/ayaa/Agro2/build/fer_cpp_moveit -- -j8 -l8
[1.189s] [100%] Built target pick_place
[1.581s] Invoked command in '/home/ayaa/Agro2/build/fer_cpp_moveit' returned '0': CMAKE_PREFIX_PATH=/home/ayaa/Agro2/install/ur5_moveit:/home/ayaa/Agro2/install/ur_description:/home/ayaa/Agro2/install/tiago_simulation:/home/ayaa/Agro2/install/tiago_robot:/home/ayaa/Agro2/install/tiago_gazebo:/home/ayaa/Agro2/install/tiago_bringup:/home/ayaa/Agro2/install/tiago_description:/home/ayaa/Agro2/install/tiago_cpp:/home/ayaa/Agro2/install/tiago_controller_configuration:/home/ayaa/Agro2/install/tiago_behavior_tree:/home/ayaa/Agro2/install/fer_moveit:/home/ayaa/Agro2/install/tiago_custom:/home/ayaa/Agro2/install/my_nav2_bringup:/home/ayaa/Agro2/install/fer_gazebo:/home/ayaa/Agro2/install/custom_worlds:/opt/ros/humble:/home/ayaa/Agro2/install/franka_description:/home/ayaa/Agro2/install/fer_cpp_moveit /usr/bin/cmake --build /home/ayaa/Agro2/build/fer_cpp_moveit -- -j8 -l8
[1.583s] Invoking command in '/home/ayaa/Agro2/build/fer_cpp_moveit': CMAKE_PREFIX_PATH=/home/ayaa/Agro2/install/ur5_moveit:/home/ayaa/Agro2/install/ur_description:/home/ayaa/Agro2/install/tiago_simulation:/home/ayaa/Agro2/install/tiago_robot:/home/ayaa/Agro2/install/tiago_gazebo:/home/ayaa/Agro2/install/tiago_bringup:/home/ayaa/Agro2/install/tiago_description:/home/ayaa/Agro2/install/tiago_cpp:/home/ayaa/Agro2/install/tiago_controller_configuration:/home/ayaa/Agro2/install/tiago_behavior_tree:/home/ayaa/Agro2/install/fer_moveit:/home/ayaa/Agro2/install/tiago_custom:/home/ayaa/Agro2/install/my_nav2_bringup:/home/ayaa/Agro2/install/fer_gazebo:/home/ayaa/Agro2/install/custom_worlds:/opt/ros/humble:/home/ayaa/Agro2/install/franka_description:/home/ayaa/Agro2/install/fer_cpp_moveit /usr/bin/cmake --install /home/ayaa/Agro2/build/fer_cpp_moveit
[1.599s] -- Install configuration: ""
[1.600s] -- Up-to-date: /home/ayaa/Agro2/install/fer_cpp_moveit/lib/fer_cpp_moveit/pick_place
[1.608s] -- Up-to-date: /home/ayaa/Agro2/install/fer_cpp_moveit/share/ament_index/resource_index/package_run_dependencies/fer_cpp_moveit
[1.608s] -- Up-to-date: /home/ayaa/Agro2/install/fer_cpp_moveit/share/ament_index/resource_index/parent_prefix_path/fer_cpp_moveit
[1.609s] -- Up-to-date: /home/ayaa/Agro2/install/fer_cpp_moveit/share/fer_cpp_moveit/environment/ament_prefix_path.sh
[1.609s] -- Up-to-date: /home/ayaa/Agro2/install/fer_cpp_moveit/share/fer_cpp_moveit/environment/ament_prefix_path.dsv
[1.610s] -- Up-to-date: /home/ayaa/Agro2/install/fer_cpp_moveit/share/fer_cpp_moveit/environment/path.sh
[1.612s] -- Up-to-date: /home/ayaa/Agro2/install/fer_cpp_moveit/share/fer_cpp_moveit/environment/path.dsv
[1.612s] -- Up-to-date: /home/ayaa/Agro2/install/fer_cpp_moveit/share/fer_cpp_moveit/local_setup.bash
[1.612s] -- Up-to-date: /home/ayaa/Agro2/install/fer_cpp_moveit/share/fer_cpp_moveit/local_setup.sh
[1.612s] -- Up-to-date: /home/ayaa/Agro2/install/fer_cpp_moveit/share/fer_cpp_moveit/local_setup.zsh
[1.612s] -- Up-to-date: /home/ayaa/Agro2/install/fer_cpp_moveit/share/fer_cpp_moveit/local_setup.dsv
[1.612s] -- Installing: /home/ayaa/Agro2/install/fer_cpp_moveit/share/fer_cpp_moveit/package.dsv
[1.615s] -- Up-to-date: /home/ayaa/Agro2/install/fer_cpp_moveit/share/ament_index/resource_index/packages/fer_cpp_moveit
[1.615s] -- Up-to-date: /home/ayaa/Agro2/install/fer_cpp_moveit/share/fer_cpp_moveit/cmake/fer_cpp_moveitConfig.cmake
[1.615s] -- Up-to-date: /home/ayaa/Agro2/install/fer_cpp_moveit/share/fer_cpp_moveit/cmake/fer_cpp_moveitConfig-version.cmake
[1.615s] -- Up-to-date: /home/ayaa/Agro2/install/fer_cpp_moveit/share/fer_cpp_moveit/package.xml
[1.631s] Invoked command in '/home/ayaa/Agro2/build/fer_cpp_moveit' returned '0': CMAKE_PREFIX_PATH=/home/ayaa/Agro2/install/ur5_moveit:/home/ayaa/Agro2/install/ur_description:/home/ayaa/Agro2/install/tiago_simulation:/home/ayaa/Agro2/install/tiago_robot:/home/ayaa/Agro2/install/tiago_gazebo:/home/ayaa/Agro2/install/tiago_bringup:/home/ayaa/Agro2/install/tiago_description:/home/ayaa/Agro2/install/tiago_cpp:/home/ayaa/Agro2/install/tiago_controller_configuration:/home/ayaa/Agro2/install/tiago_behavior_tree:/home/ayaa/Agro2/install/fer_moveit:/home/ayaa/Agro2/install/tiago_custom:/home/ayaa/Agro2/install/my_nav2_bringup:/home/ayaa/Agro2/install/fer_gazebo:/home/ayaa/Agro2/install/custom_worlds:/opt/ros/humble:/home/ayaa/Agro2/install/franka_description:/home/ayaa/Agro2/install/fer_cpp_moveit /usr/bin/cmake --install /home/ayaa/Agro2/build/fer_cpp_moveit
