[0.030s] Invoking command in '/home/ayaa/Agro2/build/franka_gripper': /usr/bin/cmake /home/ayaa/Agro2/src/franka_ros/franka_gripper -DCATKIN_INSTALL_INTO_PREFIX_ROOT=0 -DCMAKE_INSTALL_PREFIX=/home/ayaa/Agro2/install/franka_gripper
[0.454s] -- The C compiler identification is GNU 11.4.0
[0.454s] -- The CXX compiler identification is GNU 11.4.0
[0.454s] -- Detecting C compiler ABI info
[0.455s] -- Detecting C compiler ABI info - done
[0.455s] -- Check for working C compiler: /usr/bin/cc - skipped
[0.455s] -- Detecting C compile features
[0.455s] -- Detecting C compile features - done
[0.455s] -- Detecting CXX compiler ABI info
[0.455s] -- Detecting CXX compiler ABI info - done
[0.455s] -- Check for working CXX compiler: /usr/bin/c++ - skipped
[0.455s] -- Detecting CXX compile features
[0.455s] -- Detecting CXX compile features - done
[0.455s] -- Configuring incomplete, errors occurred!
[0.455s] See also "/home/ayaa/Agro2/build/franka_gripper/CMakeFiles/CMakeOutput.log".
[0.455s] [31mCMake Error at CMakeLists.txt:7 (find_package):
[0.455s]   By not providing "Findcatkin.cmake" in CMAKE_MODULE_PATH this project has
[0.455s]   asked CMake to find a package configuration file provided by "catkin", but
[0.455s]   CMake did not find one.
[0.455s] 
[0.455s]   Could not find a package configuration file provided by "catkin" with any
[0.455s]   of the following names:
[0.456s] 
[0.456s]     catkinConfig.cmake
[0.456s]     catkin-config.cmake
[0.456s] 
[0.456s]   Add the installation prefix of "catkin" to CMAKE_PREFIX_PATH or set
[0.456s]   "catkin_DIR" to a directory containing one of the above files.  If "catkin"
[0.456s]   provides a separate development package or SDK, be sure it has been
[0.456s]   installed.
[0.456s] 
[0.456s] [0m
[0.838s] Invoked command in '/home/ayaa/Agro2/build/franka_gripper' returned '1': /usr/bin/cmake /home/ayaa/Agro2/src/franka_ros/franka_gripper -DCATKIN_INSTALL_INTO_PREFIX_ROOT=0 -DCMAKE_INSTALL_PREFIX=/home/ayaa/Agro2/install/franka_gripper
