running egg_info
creating ../../build/TiaGo_custom/TiaGo_custom.egg-info
writing ../../build/TiaGo_custom/TiaGo_custom.egg-info/PKG-INFO
writing dependency_links to ../../build/TiaGo_custom/TiaGo_custom.egg-info/dependency_links.txt
writing requirements to ../../build/TiaGo_custom/TiaGo_custom.egg-info/requires.txt
writing top-level names to ../../build/TiaGo_custom/TiaGo_custom.egg-info/top_level.txt
writing manifest file '../../build/TiaGo_custom/TiaGo_custom.egg-info/SOURCES.txt'
reading manifest file '../../build/TiaGo_custom/TiaGo_custom.egg-info/SOURCES.txt'
writing manifest file '../../build/TiaGo_custom/TiaGo_custom.egg-info/SOURCES.txt'
running build
running build_py
creating /home/ayaa/Agro2/build/TiaGo_custom/build
creating /home/ayaa/Agro2/build/TiaGo_custom/build/lib
creating /home/ayaa/Agro2/build/TiaGo_custom/build/lib/TiaGo_custom
copying TiaGo_custom/__init__.py -> /home/ayaa/Agro2/build/TiaGo_custom/build/lib/TiaGo_custom
running install
running install_lib
creating /home/ayaa/Agro2/install/TiaGo_custom/lib/python3.10/site-packages/TiaGo_custom
copying /home/ayaa/Agro2/build/TiaGo_custom/build/lib/TiaGo_custom/__init__.py -> /home/ayaa/Agro2/install/TiaGo_custom/lib/python3.10/site-packages/TiaGo_custom
byte-compiling /home/ayaa/Agro2/install/TiaGo_custom/lib/python3.10/site-packages/TiaGo_custom/__init__.py to __init__.cpython-310.pyc
running install_data
creating /home/ayaa/Agro2/install/TiaGo_custom/share/ament_index
creating /home/ayaa/Agro2/install/TiaGo_custom/share/ament_index/resource_index
creating /home/ayaa/Agro2/install/TiaGo_custom/share/ament_index/resource_index/packages
copying resource/TiaGo_custom -> /home/ayaa/Agro2/install/TiaGo_custom/share/ament_index/resource_index/packages
copying package.xml -> /home/ayaa/Agro2/install/TiaGo_custom/share/TiaGo_custom
running install_egg_info
Copying ../../build/TiaGo_custom/TiaGo_custom.egg-info to /home/ayaa/Agro2/install/TiaGo_custom/lib/python3.10/site-packages/TiaGo_custom-0.0.0-py3.10.egg-info
running install_scripts
writing list of installed files to '/home/ayaa/Agro2/build/TiaGo_custom/install.log'
