/usr/lib/python3/dist-packages/setuptools/dist.py:723: UserWarning: Usage of dash-separated 'script-dir' will not be supported in future versions. Please use the underscore name 'script_dir' instead
  warnings.warn(
running egg_info
writing ../../build/custom_worlds/custom_worlds.egg-info/PKG-INFO
writing dependency_links to ../../build/custom_worlds/custom_worlds.egg-info/dependency_links.txt
writing entry points to ../../build/custom_worlds/custom_worlds.egg-info/entry_points.txt
writing requirements to ../../build/custom_worlds/custom_worlds.egg-info/requires.txt
writing top-level names to ../../build/custom_worlds/custom_worlds.egg-info/top_level.txt
reading manifest file '../../build/custom_worlds/custom_worlds.egg-info/SOURCES.txt'
writing manifest file '../../build/custom_worlds/custom_worlds.egg-info/SOURCES.txt'
running build
running build_py
running install
running install_lib
running install_data
running install_egg_info
removing '/home/ayaa/Agro2/install/custom_worlds/lib/python3.10/site-packages/custom_worlds-0.0.0-py3.10.egg-info' (and everything under it)
Copying ../../build/custom_worlds/custom_worlds.egg-info to /home/ayaa/Agro2/install/custom_worlds/lib/python3.10/site-packages/custom_worlds-0.0.0-py3.10.egg-info
running install_scripts
writing list of installed files to '/home/ayaa/Agro2/build/custom_worlds/install.log'
