[4.799s] Invoking command in '/home/ayaa/Agro2/src/custom_worlds': PYTHONPATH=/home/ayaa/Agro2/build/custom_worlds/prefix_override:/usr/lib/python3/dist-packages/colcon_core/task/python/colcon_distutils_commands:/home/ayaa/Agro2/install/custom_worlds/lib/python3.10/site-packages:${PYTHONPATH} /usr/bin/python3 -W ignore:setup.py install is deprecated -W ignore:easy_install command is deprecated setup.py egg_info --egg-base ../../build/custom_worlds build --build-base /home/ayaa/Agro2/build/custom_worlds/build install --record /home/ayaa/Agro2/build/custom_worlds/install.log --single-version-externally-managed install_data
[5.562s] running egg_info
[5.593s] writing ../../build/custom_worlds/custom_worlds.egg-info/PKG-INFO
[5.594s] writing dependency_links to ../../build/custom_worlds/custom_worlds.egg-info/dependency_links.txt
[5.594s] writing requirements to ../../build/custom_worlds/custom_worlds.egg-info/requires.txt
[5.594s] writing top-level names to ../../build/custom_worlds/custom_worlds.egg-info/top_level.txt
[5.694s] reading manifest file '../../build/custom_worlds/custom_worlds.egg-info/SOURCES.txt'
[5.695s] adding license file 'LICENSE'
[5.697s] writing manifest file '../../build/custom_worlds/custom_worlds.egg-info/SOURCES.txt'
[5.697s] running build
[5.697s] running build_py
[5.698s] running install
[5.720s] running install_lib
[5.768s] running install_data
[5.769s] running install_egg_info
[5.848s] removing '/home/ayaa/Agro2/install/custom_worlds/lib/python3.10/site-packages/custom_worlds-0.0.0-py3.10.egg-info' (and everything under it)
[5.849s] Copying ../../build/custom_worlds/custom_worlds.egg-info to /home/ayaa/Agro2/install/custom_worlds/lib/python3.10/site-packages/custom_worlds-0.0.0-py3.10.egg-info
[5.851s] running install_scripts
[6.026s] writing list of installed files to '/home/ayaa/Agro2/build/custom_worlds/install.log'
[6.140s] Invoked command in '/home/ayaa/Agro2/src/custom_worlds' returned '0': PYTHONPATH=/home/ayaa/Agro2/build/custom_worlds/prefix_override:/usr/lib/python3/dist-packages/colcon_core/task/python/colcon_distutils_commands:/home/ayaa/Agro2/install/custom_worlds/lib/python3.10/site-packages:${PYTHONPATH} /usr/bin/python3 -W ignore:setup.py install is deprecated -W ignore:easy_install command is deprecated setup.py egg_info --egg-base ../../build/custom_worlds build --build-base /home/ayaa/Agro2/build/custom_worlds/build install --record /home/ayaa/Agro2/build/custom_worlds/install.log --single-version-externally-managed install_data
