[0.051s] Invoking command in '/home/ayaa/Agro2/build/actions': CMAKE_PREFIX_PATH=${CMAKE_PREFIX_PATH}:/home/ayaa/Agro2/install/trials:/home/ayaa/Agro2/install/tiago_custom:/home/ayaa/Agro2/install/my_nav2_bringup:/home/ayaa/Agro2/install/fer_moveit:/home/ayaa/Agro2/install/fer_gazebo:/home/ayaa/Agro2/install/custom_worlds:/opt/ros/humble /usr/bin/cmake --build /home/ayaa/Agro2/build/actions -- -j8 -l8
[1.347s] [35m[1mConsolidate compiler generated dependencies of target actions__rosidl_generator_c[0m
[1.347s] [  6%] Built target actions__cpp
[1.347s] [ 12%] Built target actions__rosidl_generator_c
[1.347s] [35m[1mConsolidate compiler generated dependencies of target actions__rosidl_typesupport_cpp[0m
[1.347s] [ 12%] Built target ament_cmake_python_copy_actions
[1.347s] [35m[1mConsolidate compiler generated dependencies of target actions__rosidl_typesupport_fastrtps_cpp[0m
[1.347s] [35m[1mConsolidate compiler generated dependencies of target actions__rosidl_typesupport_introspection_cpp[0m
[1.347s] [35m[1mConsolidate compiler generated dependencies of target actions__rosidl_typesupport_fastrtps_c[0m
[1.347s] [35m[1mConsolidate compiler generated dependencies of target actions__rosidl_typesupport_c[0m
[1.347s] [35m[1mConsolidate compiler generated dependencies of target actions__rosidl_typesupport_introspection_c[0m
[1.347s] [ 22%] Built target actions__rosidl_typesupport_cpp
[1.347s] [ 32%] Built target actions__rosidl_typesupport_introspection_cpp
[1.347s] [ 41%] Built target actions__rosidl_typesupport_fastrtps_cpp
[1.347s] [ 51%] Built target actions__rosidl_typesupport_fastrtps_c
[1.348s] [ 61%] Built target actions__rosidl_typesupport_c
[1.348s] [ 70%] Built target actions__rosidl_typesupport_introspection_c
[1.348s] [ 70%] Built target actions
[1.348s] [ 74%] Built target actions__py
[1.348s] [35m[1mConsolidate compiler generated dependencies of target actions__rosidl_generator_py[0m
[1.348s] [ 80%] Built target actions__rosidl_generator_py
[1.348s] [35m[1mConsolidate compiler generated dependencies of target actions__rosidl_typesupport_fastrtps_c__pyext[0m
[1.348s] [35m[1mConsolidate compiler generated dependencies of target actions__rosidl_typesupport_c__pyext[0m
[1.348s] [35m[1mConsolidate compiler generated dependencies of target actions__rosidl_typesupport_introspection_c__pyext[0m
[1.348s] [ 87%] Built target actions__rosidl_typesupport_fastrtps_c__pyext
[1.348s] [ 93%] Built target actions__rosidl_typesupport_c__pyext
[1.348s] [100%] Built target actions__rosidl_typesupport_introspection_c__pyext
[1.348s] running egg_info
[1.348s] writing actions.egg-info/PKG-INFO
[1.348s] writing dependency_links to actions.egg-info/dependency_links.txt
[1.348s] writing top-level names to actions.egg-info/top_level.txt
[1.349s] reading manifest file 'actions.egg-info/SOURCES.txt'
[1.349s] writing manifest file 'actions.egg-info/SOURCES.txt'
[1.349s] [100%] Built target ament_cmake_python_build_actions_egg
[1.361s] Invoked command in '/home/ayaa/Agro2/build/actions' returned '0': CMAKE_PREFIX_PATH=${CMAKE_PREFIX_PATH}:/home/ayaa/Agro2/install/trials:/home/ayaa/Agro2/install/tiago_custom:/home/ayaa/Agro2/install/my_nav2_bringup:/home/ayaa/Agro2/install/fer_moveit:/home/ayaa/Agro2/install/fer_gazebo:/home/ayaa/Agro2/install/custom_worlds:/opt/ros/humble /usr/bin/cmake --build /home/ayaa/Agro2/build/actions -- -j8 -l8
[1.364s] Invoking command in '/home/ayaa/Agro2/build/actions': CMAKE_PREFIX_PATH=${CMAKE_PREFIX_PATH}:/home/ayaa/Agro2/install/trials:/home/ayaa/Agro2/install/tiago_custom:/home/ayaa/Agro2/install/my_nav2_bringup:/home/ayaa/Agro2/install/fer_moveit:/home/ayaa/Agro2/install/fer_gazebo:/home/ayaa/Agro2/install/custom_worlds:/opt/ros/humble /usr/bin/cmake --install /home/ayaa/Agro2/build/actions
[1.446s] -- Install configuration: ""
[1.446s] -- Up-to-date: /home/ayaa/Agro2/install/actions/share/ament_index/resource_index/rosidl_interfaces/actions
[1.446s] -- Up-to-date: /home/ayaa/Agro2/install/actions/include/actions/actions
[1.447s] -- Up-to-date: /home/ayaa/Agro2/install/actions/include/actions/actions/msg
[1.447s] -- Up-to-date: /home/ayaa/Agro2/install/actions/include/actions/actions/msg/rosidl_generator_c__visibility_control.h
[1.447s] -- Up-to-date: /home/ayaa/Agro2/install/actions/include/actions/actions/action
[1.448s] -- Up-to-date: /home/ayaa/Agro2/install/actions/include/actions/actions/action/detail
[1.448s] -- Up-to-date: /home/ayaa/Agro2/install/actions/include/actions/actions/action/detail/reach_wall__struct.h
[1.448s] -- Up-to-date: /home/ayaa/Agro2/install/actions/include/actions/actions/action/detail/reach_wall__functions.c
[1.448s] -- Up-to-date: /home/ayaa/Agro2/install/actions/include/actions/actions/action/detail/reach_wall__type_support.h
[1.448s] -- Up-to-date: /home/ayaa/Agro2/install/actions/include/actions/actions/action/detail/reach_wall__functions.h
[1.448s] -- Up-to-date: /home/ayaa/Agro2/install/actions/include/actions/actions/action/reach_wall.h
[1.449s] -- Up-to-date: /home/ayaa/Agro2/install/actions/share/actions/environment/library_path.sh
[1.449s] -- Up-to-date: /home/ayaa/Agro2/install/actions/share/actions/environment/library_path.dsv
[1.449s] -- Up-to-date: /home/ayaa/Agro2/install/actions/lib/libactions__rosidl_generator_c.so
[1.449s] -- Up-to-date: /home/ayaa/Agro2/install/actions/include/actions/actions
[1.449s] -- Up-to-date: /home/ayaa/Agro2/install/actions/include/actions/actions/msg
[1.450s] -- Up-to-date: /home/ayaa/Agro2/install/actions/include/actions/actions/msg/rosidl_typesupport_fastrtps_c__visibility_control.h
[1.450s] -- Up-to-date: /home/ayaa/Agro2/install/actions/include/actions/actions/action
[1.450s] -- Up-to-date: /home/ayaa/Agro2/install/actions/include/actions/actions/action/detail
[1.450s] -- Up-to-date: /home/ayaa/Agro2/install/actions/include/actions/actions/action/detail/reach_wall__rosidl_typesupport_fastrtps_c.h
[1.451s] -- Up-to-date: /home/ayaa/Agro2/install/actions/lib/libactions__rosidl_typesupport_fastrtps_c.so
[1.451s] -- Up-to-date: /home/ayaa/Agro2/install/actions/include/actions/actions
[1.451s] -- Up-to-date: /home/ayaa/Agro2/install/actions/include/actions/actions/msg
[1.451s] -- Up-to-date: /home/ayaa/Agro2/install/actions/include/actions/actions/msg/rosidl_typesupport_introspection_c__visibility_control.h
[1.452s] -- Up-to-date: /home/ayaa/Agro2/install/actions/include/actions/actions/action
[1.452s] -- Up-to-date: /home/ayaa/Agro2/install/actions/include/actions/actions/action/detail
[1.452s] -- Up-to-date: /home/ayaa/Agro2/install/actions/include/actions/actions/action/detail/reach_wall__rosidl_typesupport_introspection_c.h
[1.452s] -- Up-to-date: /home/ayaa/Agro2/install/actions/include/actions/actions/action/detail/reach_wall__type_support.c
[1.453s] -- Up-to-date: /home/ayaa/Agro2/install/actions/lib/libactions__rosidl_typesupport_introspection_c.so
[1.453s] -- Up-to-date: /home/ayaa/Agro2/install/actions/lib/libactions__rosidl_typesupport_c.so
[1.454s] -- Up-to-date: /home/ayaa/Agro2/install/actions/include/actions/actions
[1.455s] -- Up-to-date: /home/ayaa/Agro2/install/actions/include/actions/actions/msg
[1.455s] -- Up-to-date: /home/ayaa/Agro2/install/actions/include/actions/actions/msg/rosidl_generator_cpp__visibility_control.hpp
[1.456s] -- Up-to-date: /home/ayaa/Agro2/install/actions/include/actions/actions/action
[1.456s] -- Up-to-date: /home/ayaa/Agro2/install/actions/include/actions/actions/action/detail
[1.456s] -- Up-to-date: /home/ayaa/Agro2/install/actions/include/actions/actions/action/detail/reach_wall__traits.hpp
[1.456s] -- Up-to-date: /home/ayaa/Agro2/install/actions/include/actions/actions/action/detail/reach_wall__builder.hpp
[1.457s] -- Up-to-date: /home/ayaa/Agro2/install/actions/include/actions/actions/action/detail/reach_wall__type_support.hpp
[1.457s] -- Up-to-date: /home/ayaa/Agro2/install/actions/include/actions/actions/action/detail/reach_wall__struct.hpp
[1.457s] -- Up-to-date: /home/ayaa/Agro2/install/actions/include/actions/actions/action/reach_wall.hpp
[1.457s] -- Up-to-date: /home/ayaa/Agro2/install/actions/include/actions/actions
[1.458s] -- Up-to-date: /home/ayaa/Agro2/install/actions/include/actions/actions/msg
[1.458s] -- Up-to-date: /home/ayaa/Agro2/install/actions/include/actions/actions/msg/rosidl_typesupport_fastrtps_cpp__visibility_control.h
[1.458s] -- Up-to-date: /home/ayaa/Agro2/install/actions/include/actions/actions/action
[1.458s] -- Up-to-date: /home/ayaa/Agro2/install/actions/include/actions/actions/action/detail
[1.458s] -- Up-to-date: /home/ayaa/Agro2/install/actions/include/actions/actions/action/detail/reach_wall__rosidl_typesupport_fastrtps_cpp.hpp
[1.459s] -- Up-to-date: /home/ayaa/Agro2/install/actions/include/actions/actions/action/detail/dds_fastrtps
[1.459s] -- Up-to-date: /home/ayaa/Agro2/install/actions/lib/libactions__rosidl_typesupport_fastrtps_cpp.so
[1.459s] -- Up-to-date: /home/ayaa/Agro2/install/actions/include/actions/actions
[1.459s] -- Up-to-date: /home/ayaa/Agro2/install/actions/include/actions/actions/action
[1.459s] -- Up-to-date: /home/ayaa/Agro2/install/actions/include/actions/actions/action/detail
[1.459s] -- Up-to-date: /home/ayaa/Agro2/install/actions/include/actions/actions/action/detail/reach_wall__type_support.cpp
[1.459s] -- Up-to-date: /home/ayaa/Agro2/install/actions/include/actions/actions/action/detail/reach_wall__rosidl_typesupport_introspection_cpp.hpp
[1.459s] -- Up-to-date: /home/ayaa/Agro2/install/actions/lib/libactions__rosidl_typesupport_introspection_cpp.so
[1.459s] -- Up-to-date: /home/ayaa/Agro2/install/actions/lib/libactions__rosidl_typesupport_cpp.so
[1.460s] -- Up-to-date: /home/ayaa/Agro2/install/actions/share/actions/environment/pythonpath.sh
[1.460s] -- Up-to-date: /home/ayaa/Agro2/install/actions/share/actions/environment/pythonpath.dsv
[1.460s] -- Up-to-date: /home/ayaa/Agro2/install/actions/local/lib/python3.10/dist-packages/actions-0.0.0-py3.10.egg-info
[1.460s] -- Installing: /home/ayaa/Agro2/install/actions/local/lib/python3.10/dist-packages/actions-0.0.0-py3.10.egg-info/PKG-INFO
[1.460s] -- Installing: /home/ayaa/Agro2/install/actions/local/lib/python3.10/dist-packages/actions-0.0.0-py3.10.egg-info/dependency_links.txt
[1.460s] -- Installing: /home/ayaa/Agro2/install/actions/local/lib/python3.10/dist-packages/actions-0.0.0-py3.10.egg-info/SOURCES.txt
[1.460s] -- Installing: /home/ayaa/Agro2/install/actions/local/lib/python3.10/dist-packages/actions-0.0.0-py3.10.egg-info/top_level.txt
[1.460s] -- Up-to-date: /home/ayaa/Agro2/install/actions/local/lib/python3.10/dist-packages/actions
[1.461s] -- Up-to-date: /home/ayaa/Agro2/install/actions/local/lib/python3.10/dist-packages/actions/__init__.py
[1.461s] -- Up-to-date: /home/ayaa/Agro2/install/actions/local/lib/python3.10/dist-packages/actions/actions_s__rosidl_typesupport_fastrtps_c.cpython-310-x86_64-linux-gnu.so
[1.461s] -- Up-to-date: /home/ayaa/Agro2/install/actions/local/lib/python3.10/dist-packages/actions/_actions_s.ep.rosidl_typesupport_introspection_c.c
[1.461s] -- Up-to-date: /home/ayaa/Agro2/install/actions/local/lib/python3.10/dist-packages/actions/_actions_s.ep.rosidl_typesupport_c.c
[1.461s] -- Up-to-date: /home/ayaa/Agro2/install/actions/local/lib/python3.10/dist-packages/actions/actions_s__rosidl_typesupport_c.cpython-310-x86_64-linux-gnu.so
[1.461s] -- Up-to-date: /home/ayaa/Agro2/install/actions/local/lib/python3.10/dist-packages/actions/action
[1.461s] -- Up-to-date: /home/ayaa/Agro2/install/actions/local/lib/python3.10/dist-packages/actions/action/__init__.py
[1.462s] -- Up-to-date: /home/ayaa/Agro2/install/actions/local/lib/python3.10/dist-packages/actions/action/_reach_wall_s.c
[1.462s] -- Up-to-date: /home/ayaa/Agro2/install/actions/local/lib/python3.10/dist-packages/actions/action/_reach_wall.py
[1.462s] -- Up-to-date: /home/ayaa/Agro2/install/actions/local/lib/python3.10/dist-packages/actions/_actions_s.ep.rosidl_typesupport_fastrtps_c.c
[1.462s] -- Up-to-date: /home/ayaa/Agro2/install/actions/local/lib/python3.10/dist-packages/actions/actions_s__rosidl_typesupport_introspection_c.cpython-310-x86_64-linux-gnu.so
[1.462s] -- Up-to-date: /home/ayaa/Agro2/install/actions/local/lib/python3.10/dist-packages/actions/libactions__rosidl_generator_py.so
[1.468s] Listing '/home/ayaa/Agro2/install/actions/local/lib/python3.10/dist-packages/actions'...
[1.468s] Listing '/home/ayaa/Agro2/install/actions/local/lib/python3.10/dist-packages/actions/action'...
[1.468s] -- Up-to-date: /home/ayaa/Agro2/install/actions/local/lib/python3.10/dist-packages/actions/actions_s__rosidl_typesupport_fastrtps_c.cpython-310-x86_64-linux-gnu.so
[1.468s] -- Up-to-date: /home/ayaa/Agro2/install/actions/local/lib/python3.10/dist-packages/actions/actions_s__rosidl_typesupport_introspection_c.cpython-310-x86_64-linux-gnu.so
[1.468s] -- Up-to-date: /home/ayaa/Agro2/install/actions/local/lib/python3.10/dist-packages/actions/actions_s__rosidl_typesupport_c.cpython-310-x86_64-linux-gnu.so
[1.468s] -- Up-to-date: /home/ayaa/Agro2/install/actions/lib/libactions__rosidl_generator_py.so
[1.468s] -- Up-to-date: /home/ayaa/Agro2/install/actions/share/actions/action/ReachWall.idl
[1.469s] -- Up-to-date: /home/ayaa/Agro2/install/actions/share/actions/action/ReachWall.action
[1.469s] -- Up-to-date: /home/ayaa/Agro2/install/actions/share/ament_index/resource_index/package_run_dependencies/actions
[1.469s] -- Up-to-date: /home/ayaa/Agro2/install/actions/share/ament_index/resource_index/parent_prefix_path/actions
[1.469s] -- Up-to-date: /home/ayaa/Agro2/install/actions/share/actions/environment/ament_prefix_path.sh
[1.469s] -- Up-to-date: /home/ayaa/Agro2/install/actions/share/actions/environment/ament_prefix_path.dsv
[1.469s] -- Up-to-date: /home/ayaa/Agro2/install/actions/share/actions/environment/path.sh
[1.469s] -- Up-to-date: /home/ayaa/Agro2/install/actions/share/actions/environment/path.dsv
[1.469s] -- Up-to-date: /home/ayaa/Agro2/install/actions/share/actions/local_setup.bash
[1.469s] -- Up-to-date: /home/ayaa/Agro2/install/actions/share/actions/local_setup.sh
[1.469s] -- Up-to-date: /home/ayaa/Agro2/install/actions/share/actions/local_setup.zsh
[1.469s] -- Up-to-date: /home/ayaa/Agro2/install/actions/share/actions/local_setup.dsv
[1.469s] -- Installing: /home/ayaa/Agro2/install/actions/share/actions/package.dsv
[1.469s] -- Up-to-date: /home/ayaa/Agro2/install/actions/share/ament_index/resource_index/packages/actions
[1.469s] -- Up-to-date: /home/ayaa/Agro2/install/actions/share/actions/cmake/export_actions__rosidl_generator_cExport.cmake
[1.470s] -- Up-to-date: /home/ayaa/Agro2/install/actions/share/actions/cmake/export_actions__rosidl_generator_cExport-noconfig.cmake
[1.470s] -- Up-to-date: /home/ayaa/Agro2/install/actions/share/actions/cmake/export_actions__rosidl_typesupport_fastrtps_cExport.cmake
[1.470s] -- Up-to-date: /home/ayaa/Agro2/install/actions/share/actions/cmake/export_actions__rosidl_typesupport_fastrtps_cExport-noconfig.cmake
[1.470s] -- Up-to-date: /home/ayaa/Agro2/install/actions/share/actions/cmake/actions__rosidl_typesupport_introspection_cExport.cmake
[1.470s] -- Up-to-date: /home/ayaa/Agro2/install/actions/share/actions/cmake/actions__rosidl_typesupport_introspection_cExport-noconfig.cmake
[1.470s] -- Up-to-date: /home/ayaa/Agro2/install/actions/share/actions/cmake/actions__rosidl_typesupport_cExport.cmake
[1.470s] -- Up-to-date: /home/ayaa/Agro2/install/actions/share/actions/cmake/actions__rosidl_typesupport_cExport-noconfig.cmake
[1.470s] -- Up-to-date: /home/ayaa/Agro2/install/actions/share/actions/cmake/export_actions__rosidl_generator_cppExport.cmake
[1.470s] -- Up-to-date: /home/ayaa/Agro2/install/actions/share/actions/cmake/export_actions__rosidl_typesupport_fastrtps_cppExport.cmake
[1.470s] -- Up-to-date: /home/ayaa/Agro2/install/actions/share/actions/cmake/export_actions__rosidl_typesupport_fastrtps_cppExport-noconfig.cmake
[1.470s] -- Up-to-date: /home/ayaa/Agro2/install/actions/share/actions/cmake/actions__rosidl_typesupport_introspection_cppExport.cmake
[1.470s] -- Up-to-date: /home/ayaa/Agro2/install/actions/share/actions/cmake/actions__rosidl_typesupport_introspection_cppExport-noconfig.cmake
[1.470s] -- Up-to-date: /home/ayaa/Agro2/install/actions/share/actions/cmake/actions__rosidl_typesupport_cppExport.cmake
[1.470s] -- Up-to-date: /home/ayaa/Agro2/install/actions/share/actions/cmake/actions__rosidl_typesupport_cppExport-noconfig.cmake
[1.471s] -- Up-to-date: /home/ayaa/Agro2/install/actions/share/actions/cmake/export_actions__rosidl_generator_pyExport.cmake
[1.471s] -- Up-to-date: /home/ayaa/Agro2/install/actions/share/actions/cmake/export_actions__rosidl_generator_pyExport-noconfig.cmake
[1.471s] -- Up-to-date: /home/ayaa/Agro2/install/actions/share/actions/cmake/rosidl_cmake-extras.cmake
[1.471s] -- Up-to-date: /home/ayaa/Agro2/install/actions/share/actions/cmake/ament_cmake_export_dependencies-extras.cmake
[1.471s] -- Up-to-date: /home/ayaa/Agro2/install/actions/share/actions/cmake/ament_cmake_export_include_directories-extras.cmake
[1.471s] -- Up-to-date: /home/ayaa/Agro2/install/actions/share/actions/cmake/ament_cmake_export_libraries-extras.cmake
[1.471s] -- Up-to-date: /home/ayaa/Agro2/install/actions/share/actions/cmake/ament_cmake_export_targets-extras.cmake
[1.471s] -- Up-to-date: /home/ayaa/Agro2/install/actions/share/actions/cmake/rosidl_cmake_export_typesupport_targets-extras.cmake
[1.471s] -- Up-to-date: /home/ayaa/Agro2/install/actions/share/actions/cmake/rosidl_cmake_export_typesupport_libraries-extras.cmake
[1.471s] -- Up-to-date: /home/ayaa/Agro2/install/actions/share/actions/cmake/actionsConfig.cmake
[1.471s] -- Up-to-date: /home/ayaa/Agro2/install/actions/share/actions/cmake/actionsConfig-version.cmake
[1.471s] -- Up-to-date: /home/ayaa/Agro2/install/actions/share/actions/package.xml
[1.530s] Invoked command in '/home/ayaa/Agro2/build/actions' returned '0': CMAKE_PREFIX_PATH=${CMAKE_PREFIX_PATH}:/home/ayaa/Agro2/install/trials:/home/ayaa/Agro2/install/tiago_custom:/home/ayaa/Agro2/install/my_nav2_bringup:/home/ayaa/Agro2/install/fer_moveit:/home/ayaa/Agro2/install/fer_gazebo:/home/ayaa/Agro2/install/custom_worlds:/opt/ros/humble /usr/bin/cmake --install /home/ayaa/Agro2/build/actions
