[0.664s] Invoking command in '/home/ayaa/Agro2/src/custom_worlds': PYTHONPATH=/home/ayaa/Agro2/build/custom_worlds/prefix_override:/usr/lib/python3/dist-packages/colcon_core/task/python/colcon_distutils_commands:/home/ayaa/Agro2/install/custom_worlds/lib/python3.8/site-packages:${PYTHONPATH} /usr/bin/python3 -W ignore:setup.py install is deprecated -W ignore:easy_install command is deprecated setup.py egg_info --egg-base ../../build/custom_worlds build --build-base /home/ayaa/Agro2/build/custom_worlds/build install --record /home/ayaa/Agro2/build/custom_worlds/install.log --install-scripts $base/lib/custom_worlds --single-version-externally-managed install_data
[0.885s] running egg_info
[0.885s] writing ../../build/custom_worlds/custom_worlds.egg-info/PKG-INFO
[0.885s] writing dependency_links to ../../build/custom_worlds/custom_worlds.egg-info/dependency_links.txt
[0.886s] writing entry points to ../../build/custom_worlds/custom_worlds.egg-info/entry_points.txt
[0.886s] writing requirements to ../../build/custom_worlds/custom_worlds.egg-info/requires.txt
[0.886s] writing top-level names to ../../build/custom_worlds/custom_worlds.egg-info/top_level.txt
[0.917s] reading manifest file '../../build/custom_worlds/custom_worlds.egg-info/SOURCES.txt'
[0.918s] writing manifest file '../../build/custom_worlds/custom_worlds.egg-info/SOURCES.txt'
[0.918s] running build
[0.918s] running build_py
[0.918s] running install
[0.919s] running install_lib
[0.920s] running install_data
[0.920s] copying launch/agricultural.launch.py -> /home/ayaa/Agro2/install/custom_worlds/share/custom_worlds/launch
[0.921s] running install_egg_info
[0.922s] removing '/home/ayaa/Agro2/install/custom_worlds/lib/python3.8/site-packages/custom_worlds-0.0.0-py3.8.egg-info' (and everything under it)
[0.923s] Copying ../../build/custom_worlds/custom_worlds.egg-info to /home/ayaa/Agro2/install/custom_worlds/lib/python3.8/site-packages/custom_worlds-0.0.0-py3.8.egg-info
[0.923s] running install_scripts
[0.939s] writing list of installed files to '/home/ayaa/Agro2/build/custom_worlds/install.log'
[0.958s] Invoked command in '/home/ayaa/Agro2/src/custom_worlds' returned '0': PYTHONPATH=/home/ayaa/Agro2/build/custom_worlds/prefix_override:/usr/lib/python3/dist-packages/colcon_core/task/python/colcon_distutils_commands:/home/ayaa/Agro2/install/custom_worlds/lib/python3.8/site-packages:${PYTHONPATH} /usr/bin/python3 -W ignore:setup.py install is deprecated -W ignore:easy_install command is deprecated setup.py egg_info --egg-base ../../build/custom_worlds build --build-base /home/ayaa/Agro2/build/custom_worlds/build install --record /home/ayaa/Agro2/build/custom_worlds/install.log --install-scripts $base/lib/custom_worlds --single-version-externally-managed install_data
