[1.384s] Invoking command in '/home/ayaa/Agro2/build/fer_moveit': CMAKE_PREFIX_PATH=/home/ayaa/Agro2/install/franka_description:/home/ayaa/Agro2/install/tiago_cpp:/home/ayaa/Agro2/install/tiago_behavior_tree:/home/ayaa/Agro2/install/service_define:/home/ayaa/Agro2/install/occupancy_grid_demo:/home/ayaa/Agro2/install/learn_one:/home/ayaa/Agro2/install/fer_moveit:/home/ayaa/Agro2/install/fer_cpp_moveit:/home/ayaa/Agro2/install/actions:/home/ayaa/Agro2/install/trials:/home/ayaa/Agro2/install/tiago_custom:/home/ayaa/Agro2/install/my_nav2_bringup:/home/ayaa/Agro2/install/fer_gazebo:/home/ayaa/Agro2/install/custom_worlds:/opt/ros/humble /usr/bin/cmake --build /home/ayaa/Agro2/build/fer_moveit -- -j8 -l8
[3.834s] Invoked command in '/home/ayaa/Agro2/build/fer_moveit' returned '0': CMAKE_PREFIX_PATH=/home/ayaa/Agro2/install/franka_description:/home/ayaa/Agro2/install/tiago_cpp:/home/ayaa/Agro2/install/tiago_behavior_tree:/home/ayaa/Agro2/install/service_define:/home/ayaa/Agro2/install/occupancy_grid_demo:/home/ayaa/Agro2/install/learn_one:/home/ayaa/Agro2/install/fer_moveit:/home/ayaa/Agro2/install/fer_cpp_moveit:/home/ayaa/Agro2/install/actions:/home/ayaa/Agro2/install/trials:/home/ayaa/Agro2/install/tiago_custom:/home/ayaa/Agro2/install/my_nav2_bringup:/home/ayaa/Agro2/install/fer_gazebo:/home/ayaa/Agro2/install/custom_worlds:/opt/ros/humble /usr/bin/cmake --build /home/ayaa/Agro2/build/fer_moveit -- -j8 -l8
[3.837s] Invoking command in '/home/ayaa/Agro2/build/fer_moveit': CMAKE_PREFIX_PATH=/home/ayaa/Agro2/install/franka_description:/home/ayaa/Agro2/install/tiago_cpp:/home/ayaa/Agro2/install/tiago_behavior_tree:/home/ayaa/Agro2/install/service_define:/home/ayaa/Agro2/install/occupancy_grid_demo:/home/ayaa/Agro2/install/learn_one:/home/ayaa/Agro2/install/fer_moveit:/home/ayaa/Agro2/install/fer_cpp_moveit:/home/ayaa/Agro2/install/actions:/home/ayaa/Agro2/install/trials:/home/ayaa/Agro2/install/tiago_custom:/home/ayaa/Agro2/install/my_nav2_bringup:/home/ayaa/Agro2/install/fer_gazebo:/home/ayaa/Agro2/install/custom_worlds:/opt/ros/humble /usr/bin/cmake --install /home/ayaa/Agro2/build/fer_moveit
[3.870s] -- Install configuration: ""
[3.870s] -- Up-to-date: /home/ayaa/Agro2/install/fer_moveit/share/ament_index/resource_index/package_run_dependencies/fer_moveit
[3.871s] -- Up-to-date: /home/ayaa/Agro2/install/fer_moveit/share/ament_index/resource_index/parent_prefix_path/fer_moveit
[3.871s] -- Up-to-date: /home/ayaa/Agro2/install/fer_moveit/share/fer_moveit/environment/ament_prefix_path.sh
[3.871s] -- Up-to-date: /home/ayaa/Agro2/install/fer_moveit/share/fer_moveit/environment/ament_prefix_path.dsv
[3.872s] -- Up-to-date: /home/ayaa/Agro2/install/fer_moveit/share/fer_moveit/environment/path.sh
[3.872s] -- Up-to-date: /home/ayaa/Agro2/install/fer_moveit/share/fer_moveit/environment/path.dsv
[3.872s] -- Up-to-date: /home/ayaa/Agro2/install/fer_moveit/share/fer_moveit/local_setup.bash
[3.872s] -- Up-to-date: /home/ayaa/Agro2/install/fer_moveit/share/fer_moveit/local_setup.sh
[3.872s] -- Up-to-date: /home/ayaa/Agro2/install/fer_moveit/share/fer_moveit/local_setup.zsh
[3.873s] -- Up-to-date: /home/ayaa/Agro2/install/fer_moveit/share/fer_moveit/local_setup.dsv
[3.873s] -- Installing: /home/ayaa/Agro2/install/fer_moveit/share/fer_moveit/package.dsv
[3.873s] -- Up-to-date: /home/ayaa/Agro2/install/fer_moveit/share/ament_index/resource_index/packages/fer_moveit
[3.873s] -- Up-to-date: /home/ayaa/Agro2/install/fer_moveit/share/fer_moveit/cmake/fer_moveitConfig.cmake
[3.873s] -- Up-to-date: /home/ayaa/Agro2/install/fer_moveit/share/fer_moveit/cmake/fer_moveitConfig-version.cmake
[3.873s] -- Up-to-date: /home/ayaa/Agro2/install/fer_moveit/share/fer_moveit/package.xml
[3.874s] -- Up-to-date: /home/ayaa/Agro2/install/fer_moveit/share/fer_moveit/launch
[3.874s] -- Up-to-date: /home/ayaa/Agro2/install/fer_moveit/share/fer_moveit/launch/warehouse_db.launch.py
[3.874s] -- Up-to-date: /home/ayaa/Agro2/install/fer_moveit/share/fer_moveit/launch/demo.launch.py
[3.874s] -- Up-to-date: /home/ayaa/Agro2/install/fer_moveit/share/fer_moveit/launch/move_group.launch.py
[3.874s] -- Up-to-date: /home/ayaa/Agro2/install/fer_moveit/share/fer_moveit/launch/fer_gazebo.launch.py
[3.875s] -- Up-to-date: /home/ayaa/Agro2/install/fer_moveit/share/fer_moveit/launch/moveit_rviz.launch.py
[3.875s] -- Up-to-date: /home/ayaa/Agro2/install/fer_moveit/share/fer_moveit/launch/spawn_controllers.launch.py
[3.875s] -- Up-to-date: /home/ayaa/Agro2/install/fer_moveit/share/fer_moveit/launch/setup_assistant.launch.py
[3.876s] -- Up-to-date: /home/ayaa/Agro2/install/fer_moveit/share/fer_moveit/launch/static_virtual_joint_tfs.launch.py
[3.876s] -- Up-to-date: /home/ayaa/Agro2/install/fer_moveit/share/fer_moveit/launch/rsp.launch.py
[3.876s] -- Up-to-date: /home/ayaa/Agro2/install/fer_moveit/share/fer_moveit/config
[3.876s] -- Up-to-date: /home/ayaa/Agro2/install/fer_moveit/share/fer_moveit/config/fer_gazebo.urdf
[3.876s] -- Up-to-date: /home/ayaa/Agro2/install/fer_moveit/share/fer_moveit/config/fer.ros2_control.xacro
[3.876s] -- Up-to-date: /home/ayaa/Agro2/install/fer_moveit/share/fer_moveit/config/moveit_controllers.yaml
[3.876s] -- Up-to-date: /home/ayaa/Agro2/install/fer_moveit/share/fer_moveit/config/custom_fer.ros2_control.xacro
[3.877s] -- Up-to-date: /home/ayaa/Agro2/install/fer_moveit/share/fer_moveit/config/initial_positions.yaml
[3.877s] -- Up-to-date: /home/ayaa/Agro2/install/fer_moveit/share/fer_moveit/config/log
[3.877s] -- Up-to-date: /home/ayaa/Agro2/install/fer_moveit/share/fer_moveit/config/log/latest_build
[3.877s] -- Up-to-date: /home/ayaa/Agro2/install/fer_moveit/share/fer_moveit/config/log/COLCON_IGNORE
[3.877s] -- Up-to-date: /home/ayaa/Agro2/install/fer_moveit/share/fer_moveit/config/log/latest
[3.881s] -- Up-to-date: /home/ayaa/Agro2/install/fer_moveit/share/fer_moveit/config/log/build_2025-03-14_23-27-25
[3.881s] -- Up-to-date: /home/ayaa/Agro2/install/fer_moveit/share/fer_moveit/config/log/build_2025-03-14_23-27-25/events.log
[3.881s] -- Up-to-date: /home/ayaa/Agro2/install/fer_moveit/share/fer_moveit/config/log/build_2025-03-14_23-27-25/logger_all.log
[3.881s] -- Up-to-date: /home/ayaa/Agro2/install/fer_moveit/share/fer_moveit/config/moveit.rviz
[3.882s] -- Up-to-date: /home/ayaa/Agro2/install/fer_moveit/share/fer_moveit/config/joint_limits.yaml
[3.882s] -- Up-to-date: /home/ayaa/Agro2/install/fer_moveit/share/fer_moveit/config/install
[3.882s] -- Up-to-date: /home/ayaa/Agro2/install/fer_moveit/share/fer_moveit/config/install/_local_setup_util_ps1.py
[3.882s] -- Up-to-date: /home/ayaa/Agro2/install/fer_moveit/share/fer_moveit/config/install/.colcon_install_layout
[3.882s] -- Up-to-date: /home/ayaa/Agro2/install/fer_moveit/share/fer_moveit/config/install/local_setup.sh
[3.882s] -- Up-to-date: /home/ayaa/Agro2/install/fer_moveit/share/fer_moveit/config/install/setup.bash
[3.882s] -- Up-to-date: /home/ayaa/Agro2/install/fer_moveit/share/fer_moveit/config/install/setup.ps1
[3.883s] -- Up-to-date: /home/ayaa/Agro2/install/fer_moveit/share/fer_moveit/config/install/COLCON_IGNORE
[3.883s] -- Up-to-date: /home/ayaa/Agro2/install/fer_moveit/share/fer_moveit/config/install/setup.zsh
[3.883s] -- Up-to-date: /home/ayaa/Agro2/install/fer_moveit/share/fer_moveit/config/install/_local_setup_util_sh.py
[3.883s] -- Up-to-date: /home/ayaa/Agro2/install/fer_moveit/share/fer_moveit/config/install/local_setup.zsh
[3.883s] -- Up-to-date: /home/ayaa/Agro2/install/fer_moveit/share/fer_moveit/config/install/local_setup.ps1
[3.883s] -- Up-to-date: /home/ayaa/Agro2/install/fer_moveit/share/fer_moveit/config/install/setup.sh
[3.884s] -- Up-to-date: /home/ayaa/Agro2/install/fer_moveit/share/fer_moveit/config/install/local_setup.bash
[3.884s] -- Up-to-date: /home/ayaa/Agro2/install/fer_moveit/share/fer_moveit/config/t.urdf
[3.884s] -- Up-to-date: /home/ayaa/Agro2/install/fer_moveit/share/fer_moveit/config/fer.urdf
[3.884s] -- Up-to-date: /home/ayaa/Agro2/install/fer_moveit/share/fer_moveit/config/kinematics.yaml
[3.884s] -- Up-to-date: /home/ayaa/Agro2/install/fer_moveit/share/fer_moveit/config/sensors_3d.yaml
[3.884s] -- Up-to-date: /home/ayaa/Agro2/install/fer_moveit/share/fer_moveit/config/ros2_controllers.yaml
[3.884s] -- Up-to-date: /home/ayaa/Agro2/install/fer_moveit/share/fer_moveit/config/fer.srdf
[3.885s] -- Up-to-date: /home/ayaa/Agro2/install/fer_moveit/share/fer_moveit/config/pilz_cartesian_limits.yaml
[3.885s] -- Up-to-date: /home/ayaa/Agro2/install/fer_moveit/share/fer_moveit/config/build
[3.885s] -- Up-to-date: /home/ayaa/Agro2/install/fer_moveit/share/fer_moveit/config/build/.built_by
[3.885s] -- Up-to-date: /home/ayaa/Agro2/install/fer_moveit/share/fer_moveit/config/build/COLCON_IGNORE
[3.885s] -- Up-to-date: /home/ayaa/Agro2/install/fer_moveit/share/fer_moveit/config/fer.urdf.xacro
[3.885s] -- Up-to-date: /home/ayaa/Agro2/install/fer_moveit/share/fer_moveit/.setup_assistant
[3.947s] Invoked command in '/home/ayaa/Agro2/build/fer_moveit' returned '0': CMAKE_PREFIX_PATH=/home/ayaa/Agro2/install/franka_description:/home/ayaa/Agro2/install/tiago_cpp:/home/ayaa/Agro2/install/tiago_behavior_tree:/home/ayaa/Agro2/install/service_define:/home/ayaa/Agro2/install/occupancy_grid_demo:/home/ayaa/Agro2/install/learn_one:/home/ayaa/Agro2/install/fer_moveit:/home/ayaa/Agro2/install/fer_cpp_moveit:/home/ayaa/Agro2/install/actions:/home/ayaa/Agro2/install/trials:/home/ayaa/Agro2/install/tiago_custom:/home/ayaa/Agro2/install/my_nav2_bringup:/home/ayaa/Agro2/install/fer_gazebo:/home/ayaa/Agro2/install/custom_worlds:/opt/ros/humble /usr/bin/cmake --install /home/ayaa/Agro2/build/fer_moveit
