[ 12%] Built target tiago_behavior_tree__rosidl_generator_c
[ 12%] Built target tiago_behavior_tree__cpp
[ 12%] Built target ament_cmake_python_copy_tiago_behavior_tree
[ 21%] Built target tiago_behavior_tree__rosidl_typesupport_introspection_c
[ 30%] Built target tiago_behavior_tree__rosidl_typesupport_fastrtps_c
[ 39%] Built target tiago_behavior_tree__rosidl_typesupport_fastrtps_cpp
[ 48%] Built target tiago_behavior_tree__rosidl_typesupport_cpp
[ 57%] Built target tiago_behavior_tree__rosidl_typesupport_c
[ 66%] Built target tiago_behavior_tree__rosidl_typesupport_introspection_cpp
[35m[1mConsolidate compiler generated dependencies of target pick_action_node[0m
[ 66%] Built target tiago_behavior_tree
[ 69%] [32mBuilding CXX object CMakeFiles/pick_action_node.dir/src/pick_action.cpp.o[0m
[ 72%] Built target tiago_behavior_tree__py
[ 78%] Built target tiago_behavior_tree__rosidl_generator_py
[ 84%] Built target tiago_behavior_tree__rosidl_typesupport_introspection_c__pyext
[ 90%] Built target tiago_behavior_tree__rosidl_typesupport_c__pyext
[ 96%] Built target tiago_behavior_tree__rosidl_typesupport_fastrtps_c__pyext
running egg_info
writing tiago_behavior_tree.egg-info/PKG-INFO
writing dependency_links to tiago_behavior_tree.egg-info/dependency_links.txt
writing top-level names to tiago_behavior_tree.egg-info/top_level.txt
reading manifest file 'tiago_behavior_tree.egg-info/SOURCES.txt'
writing manifest file 'tiago_behavior_tree.egg-info/SOURCES.txt'
[ 96%] Built target ament_cmake_python_build_tiago_behavior_tree_egg
