[ 12%] Built target tiago_behavior_tree__rosidl_generator_c
[ 12%] Built target tiago_behavior_tree__cpp
[ 12%] Built target ament_cmake_python_copy_tiago_behavior_tree
[ 21%] Built target tiago_behavior_tree__rosidl_typesupport_introspection_c
[ 30%] Built target tiago_behavior_tree__rosidl_typesupport_fastrtps_c
[ 39%] Built target tiago_behavior_tree__rosidl_typesupport_fastrtps_cpp
[ 48%] Built target tiago_behavior_tree__rosidl_typesupport_cpp
[ 57%] Built target tiago_behavior_tree__rosidl_typesupport_c
[ 66%] Built target tiago_behavior_tree__rosidl_typesupport_introspection_cpp
[35m[1mConsolidate compiler generated dependencies of target pick_action_node[0m
[ 66%] Built target tiago_behavior_tree
[ 69%] [32mBuilding CXX object CMakeFiles/pick_action_node.dir/src/pick_action.cpp.o[0m
[ 72%] Built target tiago_behavior_tree__py
[ 78%] Built target tiago_behavior_tree__rosidl_generator_py
[ 84%] Built target tiago_behavior_tree__rosidl_typesupport_introspection_c__pyext
[ 90%] Built target tiago_behavior_tree__rosidl_typesupport_c__pyext
[ 96%] Built target tiago_behavior_tree__rosidl_typesupport_fastrtps_c__pyext
running egg_info
writing tiago_behavior_tree.egg-info/PKG-INFO
writing dependency_links to tiago_behavior_tree.egg-info/dependency_links.txt
writing top-level names to tiago_behavior_tree.egg-info/top_level.txt
reading manifest file 'tiago_behavior_tree.egg-info/SOURCES.txt'
writing manifest file 'tiago_behavior_tree.egg-info/SOURCES.txt'
[ 96%] Built target ament_cmake_python_build_tiago_behavior_tree_egg
[01m[K/home/ayaa/Agro2/src/tiago_behavior_tree/src/pick_action.cpp:[m[K In function ‘[01m[Kvoid BT_RegisterNodesFromPlugin(BT::BehaviorTreeFactory&)[m[K’:
[01m[K/home/ayaa/Agro2/src/tiago_behavior_tree/src/pick_action.cpp:62:28:[m[K [01;31m[Kerror: [m[K‘[01m[Kcustom_bt_nodes[m[K’ was not declared in this scope
   62 | y.registerNodeType<[01;31m[Kcustom_bt_nodes[m[K::OpenGripperAction>("OpenGripperAction");
      |                    [01;31m[K^~~~~~~~~~~~~~~[m[K

[01m[K/home/ayaa/Agro2/src/tiago_behavior_tree/src/pick_action.cpp:62:11:[m[K [01;31m[Kerror: [m[Kparse error in template argument list
   62 |   factory.[01;31m[KregisterNodeType<custom_bt_nodes::OpenGripperAction>[m[K("OpenGripperAction");
      |           [01;31m[K^~~~~~~~~~~~~~~~~~~~~~~~~~~~~~~~~~~~~~~~~~~~~~~~~~~~[m[K
[01m[K/home/ayaa/Agro2/src/tiago_behavior_tree/src/pick_action.cpp:62:63:[m[K [01;31m[Kerror: [m[Kno matching function for call to ‘[01m[KBT::BehaviorTreeFactory::registerNodeType<<expression error> >(const char [18])[m[K’
   62 | [01;31m[K:OpenGripperAction>("OpenGripperAction")[m[K;
      | [01;31m[K~~~~~~~~~~~~~~~~~~~^~~~~~~~~~~~~~~~~~~~~[m[K

In file included from [01m[K/home/ayaa/Agro2/src/tiago_behavior_tree/src/pick_action.cpp:6[m[K:
[01m[K/opt/ros/humble/include/behaviortree_cpp_v3/bt_factory.h:364:8:[m[K [01;36m[Knote: [m[Kcandidate: ‘[01m[Ktemplate<class T> void BT::BehaviorTreeFactory::registerNodeType(const string&)[m[K’
  364 |   void [01;36m[KregisterNodeType[m[K(const std::string& ID)
      |        [01;36m[K^~~~~~~~~~~~~~~~[m[K
[01m[K/opt/ros/humble/include/behaviortree_cpp_v3/bt_factory.h:364:8:[m[K [01;36m[Knote: [m[K  template argument deduction/substitution failed:
[01m[K/home/ayaa/Agro2/src/tiago_behavior_tree/src/pick_action.cpp:62:63:[m[K [01;31m[Kerror: [m[Ktemplate argument 1 is invalid
   62 | [01;31m[K:OpenGripperAction>("OpenGripperAction")[m[K;
      | [01;31m[K~~~~~~~~~~~~~~~~~~~^~~~~~~~~~~~~~~~~~~~~[m[K

In file included from [01m[K/home/ayaa/Agro2/src/tiago_behavior_tree/src/pick_action.cpp:6[m[K:
[01m[K/opt/ros/humble/include/behaviortree_cpp_v3/bt_factory.h:422:8:[m[K [01;36m[Knote: [m[Kcandidate: ‘[01m[Ktemplate<class T> void BT::BehaviorTreeFactory::registerNodeType(const string&, BT::PortsList)[m[K’
  422 |   void [01;36m[KregisterNodeType[m[K(const std::string& ID, PortsList ports)
      |        [01;36m[K^~~~~~~~~~~~~~~~[m[K
[01m[K/opt/ros/humble/include/behaviortree_cpp_v3/bt_factory.h:422:8:[m[K [01;36m[Knote: [m[K  template argument deduction/substitution failed:
[01m[K/home/ayaa/Agro2/src/tiago_behavior_tree/src/pick_action.cpp:62:63:[m[K [01;31m[Kerror: [m[Ktemplate argument 1 is invalid
   62 | [01;31m[K:OpenGripperAction>("OpenGripperAction")[m[K;
      | [01;31m[K~~~~~~~~~~~~~~~~~~~^~~~~~~~~~~~~~~~~~~~~[m[K

gmake[2]: *** [CMakeFiles/pick_action_node.dir/build.make:76: CMakeFiles/pick_action_node.dir/src/pick_action.cpp.o] Error 1
gmake[1]: *** [CMakeFiles/Makefile2:593: CMakeFiles/pick_action_node.dir/all] Error 2
gmake: *** [Makefile:146: all] Error 2
