[1.218s] Invoking command in '/home/ayaa/Agro2/build/tiago_behavior_tree': CMAKE_PREFIX_PATH=/home/ayaa/Agro2/install/ur5_moveit:/home/ayaa/Agro2/install/ur_description:/home/ayaa/Agro2/install/tiago_simulation:/home/ayaa/Agro2/install/tiago_robot:/home/ayaa/Agro2/install/tiago_gazebo:/home/ayaa/Agro2/install/tiago_bringup:/home/ayaa/Agro2/install/tiago_description:/home/ayaa/Agro2/install/tiago_cpp:/home/ayaa/Agro2/install/tiago_controller_configuration:/home/ayaa/Agro2/install/tiago_behavior_tree:/home/ayaa/Agro2/install/fer_moveit:/home/ayaa/Agro2/install/tiago_custom:/home/ayaa/Agro2/install/my_nav2_bringup:/home/ayaa/Agro2/install/fer_gazebo:/home/ayaa/Agro2/install/custom_worlds:/opt/ros/humble:/home/ayaa/Agro2/install/franka_description:/home/ayaa/Agro2/install/fer_cpp_moveit /usr/bin/cmake --build /home/ayaa/Agro2/build/tiago_behavior_tree -- -j8 -l8
[1.246s] -- Found ament_cmake: 1.3.11 (/opt/ros/humble/share/ament_cmake/cmake)
[1.378s] -- Found rclcpp: 16.0.11 (/opt/ros/humble/share/rclcpp/cmake)
[1.413s] -- Found rosidl_generator_c: 3.1.6 (/opt/ros/humble/share/rosidl_generator_c/cmake)
[1.416s] -- Found rosidl_adapter: 3.1.6 (/opt/ros/humble/share/rosidl_adapter/cmake)
[1.422s] -- Found rosidl_generator_cpp: 3.1.6 (/opt/ros/humble/share/rosidl_generator_cpp/cmake)
[1.432s] -- Using all available rosidl_typesupport_c: rosidl_typesupport_fastrtps_c;rosidl_typesupport_introspection_c
[1.446s] -- Using all available rosidl_typesupport_cpp: rosidl_typesupport_fastrtps_cpp;rosidl_typesupport_introspection_cpp
[1.481s] -- Found rmw_implementation_cmake: 6.1.2 (/opt/ros/humble/share/rmw_implementation_cmake/cmake)
[1.483s] -- Found rmw_fastrtps_cpp: 6.2.7 (/opt/ros/humble/share/rmw_fastrtps_cpp/cmake)
[1.612s] -- Using RMW implementation 'rmw_fastrtps_cpp' as default
[1.674s] -- Found moveit_ros_planning_interface: 2.5.8 (/opt/ros/humble/share/moveit_ros_planning_interface/cmake)
[1.725s] -- Found Boost: /usr/lib/x86_64-linux-gnu/cmake/Boost-1.74.0/BoostConfig.cmake (found version "1.74.0") found components: date_time filesystem program_options system thread 
[2.037s] -- Found Boost: /usr/lib/x86_64-linux-gnu/cmake/Boost-1.74.0/BoostConfig.cmake (found version "1.74.0") found components: chrono date_time filesystem iostreams program_options regex serialization system thread 
[2.098s] -- Found parameter_traits: 0.4.0 (/opt/ros/humble/share/parameter_traits/cmake)
[2.115s] -- Found rclcpp_lifecycle: 16.0.11 (/opt/ros/humble/share/rclcpp_lifecycle/cmake)
[2.158s] -- Found Boost: /usr/lib/x86_64-linux-gnu/cmake/Boost-1.74.0/BoostConfig.cmake (found version "1.74.0") found components: filesystem 
[2.215s] -- library: /usr/lib/x86_64-linux-gnu/libcurl.so
[2.272s] -- Ensuring Eigen3 include directory is part of orocos-kdl CMake target
[2.523s] -- Found Boost: /usr/lib/x86_64-linux-gnu/cmake/Boost-1.74.0/BoostConfig.cmake (found version "1.74.0") found components: system filesystem date_time program_options thread chrono 
[2.591s] -- Found Boost: /usr/lib/x86_64-linux-gnu/cmake/Boost-1.74.0/BoostConfig.cmake (found version "1.74.0") found components: thread system filesystem regex date_time program_options 
[2.641s] -- Found Boost: /usr/lib/x86_64-linux-gnu/cmake/Boost-1.74.0/BoostConfig.cmake (found version "1.74.0") found components: system filesystem date_time program_options thread 
[2.711s] -- Found ament_lint_auto: 0.12.11 (/opt/ros/humble/share/ament_lint_auto/cmake)
[2.804s] -- Added test 'cppcheck' to perform static code analysis on C / C++ code
[2.804s] -- Configured cppcheck include dirs: 
[2.804s] -- Configured cppcheck exclude dirs and/or files: 
[2.805s] -- Added test 'lint_cmake' to check CMake code style
[2.806s] -- Added test 'uncrustify' to check C / C++ code style
[2.806s] -- Configured uncrustify additional arguments: 
[2.807s] -- Added test 'xmllint' to check XML markup files
[2.808s] -- Configuring done
[2.859s] -- Generating done
[2.872s] -- Build files have been written to: /home/ayaa/Agro2/build/tiago_behavior_tree
[2.919s] [35m[1mConsolidate compiler generated dependencies of target pick_action_node[0m
[2.966s] [100%] Built target pick_action_node
[2.994s] Invoked command in '/home/ayaa/Agro2/build/tiago_behavior_tree' returned '0': CMAKE_PREFIX_PATH=/home/ayaa/Agro2/install/ur5_moveit:/home/ayaa/Agro2/install/ur_description:/home/ayaa/Agro2/install/tiago_simulation:/home/ayaa/Agro2/install/tiago_robot:/home/ayaa/Agro2/install/tiago_gazebo:/home/ayaa/Agro2/install/tiago_bringup:/home/ayaa/Agro2/install/tiago_description:/home/ayaa/Agro2/install/tiago_cpp:/home/ayaa/Agro2/install/tiago_controller_configuration:/home/ayaa/Agro2/install/tiago_behavior_tree:/home/ayaa/Agro2/install/fer_moveit:/home/ayaa/Agro2/install/tiago_custom:/home/ayaa/Agro2/install/my_nav2_bringup:/home/ayaa/Agro2/install/fer_gazebo:/home/ayaa/Agro2/install/custom_worlds:/opt/ros/humble:/home/ayaa/Agro2/install/franka_description:/home/ayaa/Agro2/install/fer_cpp_moveit /usr/bin/cmake --build /home/ayaa/Agro2/build/tiago_behavior_tree -- -j8 -l8
[2.997s] Invoking command in '/home/ayaa/Agro2/build/tiago_behavior_tree': CMAKE_PREFIX_PATH=/home/ayaa/Agro2/install/ur5_moveit:/home/ayaa/Agro2/install/ur_description:/home/ayaa/Agro2/install/tiago_simulation:/home/ayaa/Agro2/install/tiago_robot:/home/ayaa/Agro2/install/tiago_gazebo:/home/ayaa/Agro2/install/tiago_bringup:/home/ayaa/Agro2/install/tiago_description:/home/ayaa/Agro2/install/tiago_cpp:/home/ayaa/Agro2/install/tiago_controller_configuration:/home/ayaa/Agro2/install/tiago_behavior_tree:/home/ayaa/Agro2/install/fer_moveit:/home/ayaa/Agro2/install/tiago_custom:/home/ayaa/Agro2/install/my_nav2_bringup:/home/ayaa/Agro2/install/fer_gazebo:/home/ayaa/Agro2/install/custom_worlds:/opt/ros/humble:/home/ayaa/Agro2/install/franka_description:/home/ayaa/Agro2/install/fer_cpp_moveit /usr/bin/cmake --install /home/ayaa/Agro2/build/tiago_behavior_tree
[3.011s] -- Install configuration: ""
[3.014s] -- Up-to-date: /home/ayaa/Agro2/install/tiago_behavior_tree/lib/libpick_action_node.so
[3.014s] -- Up-to-date: /home/ayaa/Agro2/install/tiago_behavior_tree/bin/tiago_behavior_tree/pick_plugin.xml
[3.014s] -- Installing: /home/ayaa/Agro2/install/tiago_behavior_tree/share/tiago_behavior_tree/pick_plugin.xml
[3.014s] -- Up-to-date: /home/ayaa/Agro2/install/tiago_behavior_tree/share/ament_index/resource_index/package_run_dependencies/tiago_behavior_tree
[3.014s] -- Up-to-date: /home/ayaa/Agro2/install/tiago_behavior_tree/share/ament_index/resource_index/parent_prefix_path/tiago_behavior_tree
[3.015s] -- Up-to-date: /home/ayaa/Agro2/install/tiago_behavior_tree/share/tiago_behavior_tree/environment/ament_prefix_path.sh
[3.015s] -- Installing: /home/ayaa/Agro2/install/tiago_behavior_tree/share/tiago_behavior_tree/environment/ament_prefix_path.dsv
[3.015s] -- Up-to-date: /home/ayaa/Agro2/install/tiago_behavior_tree/share/tiago_behavior_tree/environment/path.sh
[3.015s] -- Installing: /home/ayaa/Agro2/install/tiago_behavior_tree/share/tiago_behavior_tree/environment/path.dsv
[3.015s] -- Up-to-date: /home/ayaa/Agro2/install/tiago_behavior_tree/share/tiago_behavior_tree/local_setup.bash
[3.015s] -- Up-to-date: /home/ayaa/Agro2/install/tiago_behavior_tree/share/tiago_behavior_tree/local_setup.sh
[3.015s] -- Up-to-date: /home/ayaa/Agro2/install/tiago_behavior_tree/share/tiago_behavior_tree/local_setup.zsh
[3.015s] -- Installing: /home/ayaa/Agro2/install/tiago_behavior_tree/share/tiago_behavior_tree/local_setup.dsv
[3.016s] -- Installing: /home/ayaa/Agro2/install/tiago_behavior_tree/share/tiago_behavior_tree/package.dsv
[3.016s] -- Up-to-date: /home/ayaa/Agro2/install/tiago_behavior_tree/share/ament_index/resource_index/packages/tiago_behavior_tree
[3.016s] -- Installing: /home/ayaa/Agro2/install/tiago_behavior_tree/share/ament_index/resource_index/behaviortree_cpp_v3__pluginlib__plugin/tiago_behavior_tree
[3.016s] -- Up-to-date: /home/ayaa/Agro2/install/tiago_behavior_tree/share/tiago_behavior_tree/cmake/tiago_behavior_treeConfig.cmake
[3.016s] -- Up-to-date: /home/ayaa/Agro2/install/tiago_behavior_tree/share/tiago_behavior_tree/cmake/tiago_behavior_treeConfig-version.cmake
[3.016s] -- Up-to-date: /home/ayaa/Agro2/install/tiago_behavior_tree/share/tiago_behavior_tree/package.xml
[3.020s] Invoked command in '/home/ayaa/Agro2/build/tiago_behavior_tree' returned '0': CMAKE_PREFIX_PATH=/home/ayaa/Agro2/install/ur5_moveit:/home/ayaa/Agro2/install/ur_description:/home/ayaa/Agro2/install/tiago_simulation:/home/ayaa/Agro2/install/tiago_robot:/home/ayaa/Agro2/install/tiago_gazebo:/home/ayaa/Agro2/install/tiago_bringup:/home/ayaa/Agro2/install/tiago_description:/home/ayaa/Agro2/install/tiago_cpp:/home/ayaa/Agro2/install/tiago_controller_configuration:/home/ayaa/Agro2/install/tiago_behavior_tree:/home/ayaa/Agro2/install/fer_moveit:/home/ayaa/Agro2/install/tiago_custom:/home/ayaa/Agro2/install/my_nav2_bringup:/home/ayaa/Agro2/install/fer_gazebo:/home/ayaa/Agro2/install/custom_worlds:/opt/ros/humble:/home/ayaa/Agro2/install/franka_description:/home/ayaa/Agro2/install/fer_cpp_moveit /usr/bin/cmake --install /home/ayaa/Agro2/build/tiago_behavior_tree
