[3.035s] Invoking command in '/home/ayaa/Agro2/src/fer_gazebo': PYTHONPATH=/home/ayaa/Agro2/build/fer_gazebo/prefix_override:/usr/lib/python3/dist-packages/colcon_core/task/python/colcon_distutils_commands:/home/ayaa/Agro2/install/fer_gazebo/lib/python3.10/site-packages:${PYTHONPATH} /usr/bin/python3 -W ignore:setup.py install is deprecated -W ignore:easy_install command is deprecated setup.py egg_info --egg-base ../../build/fer_gazebo build --build-base /home/ayaa/Agro2/build/fer_gazebo/build install --record /home/ayaa/Agro2/build/fer_gazebo/install.log --single-version-externally-managed install_data
[3.901s] running egg_info
[3.936s] writing ../../build/fer_gazebo/fer_gazebo.egg-info/PKG-INFO
[3.936s] writing dependency_links to ../../build/fer_gazebo/fer_gazebo.egg-info/dependency_links.txt
[3.937s] writing entry points to ../../build/fer_gazebo/fer_gazebo.egg-info/entry_points.txt
[3.937s] writing requirements to ../../build/fer_gazebo/fer_gazebo.egg-info/requires.txt
[3.937s] writing top-level names to ../../build/fer_gazebo/fer_gazebo.egg-info/top_level.txt
[4.021s] reading manifest file '../../build/fer_gazebo/fer_gazebo.egg-info/SOURCES.txt'
[4.025s] writing manifest file '../../build/fer_gazebo/fer_gazebo.egg-info/SOURCES.txt'
[4.025s] running build
[4.025s] running build_py
[4.025s] running install
[4.035s] running install_lib
[4.071s] running install_data
[4.072s] running install_egg_info
[4.108s] removing '/home/ayaa/Agro2/install/fer_gazebo/lib/python3.10/site-packages/fer_gazebo-0.0.0-py3.10.egg-info' (and everything under it)
[4.109s] Copying ../../build/fer_gazebo/fer_gazebo.egg-info to /home/ayaa/Agro2/install/fer_gazebo/lib/python3.10/site-packages/fer_gazebo-0.0.0-py3.10.egg-info
[4.110s] running install_scripts
[4.241s] Installing pick_place script to /home/ayaa/Agro2/install/fer_gazebo/lib/fer_gazebo
[4.242s] writing list of installed files to '/home/ayaa/Agro2/build/fer_gazebo/install.log'
[4.308s] Invoked command in '/home/ayaa/Agro2/src/fer_gazebo' returned '0': PYTHONPATH=/home/ayaa/Agro2/build/fer_gazebo/prefix_override:/usr/lib/python3/dist-packages/colcon_core/task/python/colcon_distutils_commands:/home/ayaa/Agro2/install/fer_gazebo/lib/python3.10/site-packages:${PYTHONPATH} /usr/bin/python3 -W ignore:setup.py install is deprecated -W ignore:easy_install command is deprecated setup.py egg_info --egg-base ../../build/fer_gazebo build --build-base /home/ayaa/Agro2/build/fer_gazebo/build install --record /home/ayaa/Agro2/build/fer_gazebo/install.log --single-version-externally-managed install_data
