[  8%] Built target tiago_behavior_tree__rosidl_generator_c
[ 11%] Built target tiago_behavior_tree__cpp
[ 11%] Built target ament_cmake_python_copy_tiago_behavior_tree
[ 20%] Built target tiago_behavior_tree__rosidl_typesupport_fastrtps_c
[ 28%] Built target tiago_behavior_tree__rosidl_typesupport_introspection_c
[ 37%] Built target tiago_behavior_tree__rosidl_typesupport_c
[ 45%] Built target tiago_behavior_tree__rosidl_typesupport_cpp
[ 54%] Built target tiago_behavior_tree__rosidl_typesupport_fastrtps_cpp
[ 62%] Built target tiago_behavior_tree__rosidl_typesupport_introspection_cpp
[ 68%] Built target open_gripper_server
[ 71%] [32mBuilding CXX object CMakeFiles/pick_action_node.dir/src/pick_action.cpp.o[0m
[ 71%] Built target tiago_behavior_tree
[ 74%] Built target tiago_behavior_tree__py
[ 80%] Built target tiago_behavior_tree__rosidl_generator_py
[ 85%] Built target tiago_behavior_tree__rosidl_typesupport_c__pyext
[ 91%] Built target tiago_behavior_tree__rosidl_typesupport_fastrtps_c__pyext
[ 97%] Built target tiago_behavior_tree__rosidl_typesupport_introspection_c__pyext
running egg_info
writing tiago_behavior_tree.egg-info/PKG-INFO
writing dependency_links to tiago_behavior_tree.egg-info/dependency_links.txt
writing top-level names to tiago_behavior_tree.egg-info/top_level.txt
reading manifest file 'tiago_behavior_tree.egg-info/SOURCES.txt'
writing manifest file 'tiago_behavior_tree.egg-info/SOURCES.txt'
[ 97%] Built target ament_cmake_python_build_tiago_behavior_tree_egg
[01m[K/home/ayaa/Agro2/src/tiago_behavior_tree/src/pick_action.cpp:[m[K In member function ‘[01m[Kvirtual void nav2_behavior_tree::OpenGripperAction::on_tick()[m[K’:
[01m[K/home/ayaa/Agro2/src/tiago_behavior_tree/src/pick_action.cpp:38:15:[m[K [01;31m[Kerror: [m[K‘[01m[Kmoveit[m[K’ has not been declared
   38 |         using [01;31m[Kmoveit[m[K::planning_interface::MoveGroupInterface;
      |               [01;31m[K^~~~~~[m[K
[01m[K/home/ayaa/Agro2/src/tiago_behavior_tree/src/pick_action.cpp:39:9:[m[K [01;31m[Kerror: [m[K‘[01m[KMoveGroupInterface[m[K’ was not declared in this scope
   39 |         [01;31m[KMoveGroupInterface[m[K gripper_group(node, "gripper");
      |         [01;31m[K^~~~~~~~~~~~~~~~~~[m[K
[01m[K/home/ayaa/Agro2/src/tiago_behavior_tree/src/pick_action.cpp:42:9:[m[K [01;31m[Kerror: [m[K‘[01m[Kgripper_group[m[K’ was not declared in this scope
   42 |         [01;31m[Kgripper_group[m[K.setJointValueTarget({{"gripper_left_finger_joint", 0.04},
      |         [01;31m[K^~~~~~~~~~~~~[m[K
gmake[2]: *** [CMakeFiles/pick_action_node.dir/build.make:76: CMakeFiles/pick_action_node.dir/src/pick_action.cpp.o] Error 1
gmake[1]: *** [CMakeFiles/Makefile2:595: CMakeFiles/pick_action_node.dir/all] Error 2
gmake: *** [Makefile:146: all] Error 2
