[0.466s] Invoking command in '/home/ayaa/Agro2/build/fer_cpp_moveit': CMAKE_PREFIX_PATH=/home/ayaa/Agro2/install/ur5_moveit:/home/ayaa/Agro2/install/ur_description:/home/ayaa/Agro2/install/tiago_simulation:/home/ayaa/Agro2/install/tiago_robot:/home/ayaa/Agro2/install/tiago_gazebo:/home/ayaa/Agro2/install/tiago_bringup:/home/ayaa/Agro2/install/tiago_description:/home/ayaa/Agro2/install/tiago_controller_configuration:/home/ayaa/Agro2/install/fer_moveit:/home/ayaa/Agro2/install/tiago_custom:/home/ayaa/Agro2/install/my_nav2_bringup:/home/ayaa/Agro2/install/fer_gazebo:/home/ayaa/Agro2/install/custom_worlds:/opt/ros/humble:/home/ayaa/Agro2/install/franka_description:/home/ayaa/Agro2/install/fer_cpp_moveit /usr/bin/cmake --build /home/ayaa/Agro2/build/fer_cpp_moveit -- -j8 -l8
[1.426s] [100%] Built target pick_place
[1.908s] Invoked command in '/home/ayaa/Agro2/build/fer_cpp_moveit' returned '0': CMAKE_PREFIX_PATH=/home/ayaa/Agro2/install/ur5_moveit:/home/ayaa/Agro2/install/ur_description:/home/ayaa/Agro2/install/tiago_simulation:/home/ayaa/Agro2/install/tiago_robot:/home/ayaa/Agro2/install/tiago_gazebo:/home/ayaa/Agro2/install/tiago_bringup:/home/ayaa/Agro2/install/tiago_description:/home/ayaa/Agro2/install/tiago_controller_configuration:/home/ayaa/Agro2/install/fer_moveit:/home/ayaa/Agro2/install/tiago_custom:/home/ayaa/Agro2/install/my_nav2_bringup:/home/ayaa/Agro2/install/fer_gazebo:/home/ayaa/Agro2/install/custom_worlds:/opt/ros/humble:/home/ayaa/Agro2/install/franka_description:/home/ayaa/Agro2/install/fer_cpp_moveit /usr/bin/cmake --build /home/ayaa/Agro2/build/fer_cpp_moveit -- -j8 -l8
[1.919s] Invoking command in '/home/ayaa/Agro2/build/fer_cpp_moveit': CMAKE_PREFIX_PATH=/home/ayaa/Agro2/install/ur5_moveit:/home/ayaa/Agro2/install/ur_description:/home/ayaa/Agro2/install/tiago_simulation:/home/ayaa/Agro2/install/tiago_robot:/home/ayaa/Agro2/install/tiago_gazebo:/home/ayaa/Agro2/install/tiago_bringup:/home/ayaa/Agro2/install/tiago_description:/home/ayaa/Agro2/install/tiago_controller_configuration:/home/ayaa/Agro2/install/fer_moveit:/home/ayaa/Agro2/install/tiago_custom:/home/ayaa/Agro2/install/my_nav2_bringup:/home/ayaa/Agro2/install/fer_gazebo:/home/ayaa/Agro2/install/custom_worlds:/opt/ros/humble:/home/ayaa/Agro2/install/franka_description:/home/ayaa/Agro2/install/fer_cpp_moveit /usr/bin/cmake --install /home/ayaa/Agro2/build/fer_cpp_moveit
[1.928s] -- Install configuration: ""
[1.929s] -- Up-to-date: /home/ayaa/Agro2/install/fer_cpp_moveit/lib/fer_cpp_moveit/pick_place
[1.929s] -- Up-to-date: /home/ayaa/Agro2/install/fer_cpp_moveit/share/ament_index/resource_index/package_run_dependencies/fer_cpp_moveit
[1.930s] -- Up-to-date: /home/ayaa/Agro2/install/fer_cpp_moveit/share/ament_index/resource_index/parent_prefix_path/fer_cpp_moveit
[1.930s] -- Up-to-date: /home/ayaa/Agro2/install/fer_cpp_moveit/share/fer_cpp_moveit/environment/ament_prefix_path.sh
[1.930s] -- Up-to-date: /home/ayaa/Agro2/install/fer_cpp_moveit/share/fer_cpp_moveit/environment/ament_prefix_path.dsv
[1.931s] -- Up-to-date: /home/ayaa/Agro2/install/fer_cpp_moveit/share/fer_cpp_moveit/environment/path.sh
[1.932s] -- Up-to-date: /home/ayaa/Agro2/install/fer_cpp_moveit/share/fer_cpp_moveit/environment/path.dsv
[1.933s] -- Up-to-date: /home/ayaa/Agro2/install/fer_cpp_moveit/share/fer_cpp_moveit/local_setup.bash
[1.933s] -- Up-to-date: /home/ayaa/Agro2/install/fer_cpp_moveit/share/fer_cpp_moveit/local_setup.sh
[1.934s] -- Up-to-date: /home/ayaa/Agro2/install/fer_cpp_moveit/share/fer_cpp_moveit/local_setup.zsh
[1.935s] -- Up-to-date: /home/ayaa/Agro2/install/fer_cpp_moveit/share/fer_cpp_moveit/local_setup.dsv
[1.935s] -- Installing: /home/ayaa/Agro2/install/fer_cpp_moveit/share/fer_cpp_moveit/package.dsv
[1.935s] -- Up-to-date: /home/ayaa/Agro2/install/fer_cpp_moveit/share/ament_index/resource_index/packages/fer_cpp_moveit
[1.936s] -- Up-to-date: /home/ayaa/Agro2/install/fer_cpp_moveit/share/fer_cpp_moveit/cmake/fer_cpp_moveitConfig.cmake
[1.937s] -- Up-to-date: /home/ayaa/Agro2/install/fer_cpp_moveit/share/fer_cpp_moveit/cmake/fer_cpp_moveitConfig-version.cmake
[1.938s] -- Up-to-date: /home/ayaa/Agro2/install/fer_cpp_moveit/share/fer_cpp_moveit/package.xml
[2.003s] Invoked command in '/home/ayaa/Agro2/build/fer_cpp_moveit' returned '0': CMAKE_PREFIX_PATH=/home/ayaa/Agro2/install/ur5_moveit:/home/ayaa/Agro2/install/ur_description:/home/ayaa/Agro2/install/tiago_simulation:/home/ayaa/Agro2/install/tiago_robot:/home/ayaa/Agro2/install/tiago_gazebo:/home/ayaa/Agro2/install/tiago_bringup:/home/ayaa/Agro2/install/tiago_description:/home/ayaa/Agro2/install/tiago_controller_configuration:/home/ayaa/Agro2/install/fer_moveit:/home/ayaa/Agro2/install/tiago_custom:/home/ayaa/Agro2/install/my_nav2_bringup:/home/ayaa/Agro2/install/fer_gazebo:/home/ayaa/Agro2/install/custom_worlds:/opt/ros/humble:/home/ayaa/Agro2/install/franka_description:/home/ayaa/Agro2/install/fer_cpp_moveit /usr/bin/cmake --install /home/ayaa/Agro2/build/fer_cpp_moveit
