[0.055s] Invoking command in '/home/ayaa/Agro2/build/franka_description': CMAKE_PREFIX_PATH=${CMAKE_PREFIX_PATH}:/home/ayaa/Agro2/install/trials:/home/ayaa/Agro2/install/tiago_custom:/home/ayaa/Agro2/install/my_nav2_bringup:/home/ayaa/Agro2/install/fer_moveit:/home/ayaa/Agro2/install/fer_gazebo:/home/ayaa/Agro2/install/custom_worlds:/opt/ros/humble /usr/bin/cmake --build /home/ayaa/Agro2/build/franka_description -- -j8 -l8
[1.368s] Invoked command in '/home/ayaa/Agro2/build/franka_description' returned '0': CMAKE_PREFIX_PATH=${CMAKE_PREFIX_PATH}:/home/ayaa/Agro2/install/trials:/home/ayaa/Agro2/install/tiago_custom:/home/ayaa/Agro2/install/my_nav2_bringup:/home/ayaa/Agro2/install/fer_moveit:/home/ayaa/Agro2/install/fer_gazebo:/home/ayaa/Agro2/install/custom_worlds:/opt/ros/humble /usr/bin/cmake --build /home/ayaa/Agro2/build/franka_description -- -j8 -l8
[1.370s] Invoking command in '/home/ayaa/Agro2/build/franka_description': CMAKE_PREFIX_PATH=${CMAKE_PREFIX_PATH}:/home/ayaa/Agro2/install/trials:/home/ayaa/Agro2/install/tiago_custom:/home/ayaa/Agro2/install/my_nav2_bringup:/home/ayaa/Agro2/install/fer_moveit:/home/ayaa/Agro2/install/fer_gazebo:/home/ayaa/Agro2/install/custom_worlds:/opt/ros/humble /usr/bin/cmake --install /home/ayaa/Agro2/build/franka_description
[1.392s] -- Install configuration: ""
[1.393s] -- Up-to-date: /home/ayaa/Agro2/install/franka_description/share/franka_description//launch
[1.394s] -- Up-to-date: /home/ayaa/Agro2/install/franka_description/share/franka_description//launch/visualize_franka.launch.py
[1.394s] -- Up-to-date: /home/ayaa/Agro2/install/franka_description/share/franka_description//robots
[1.395s] -- Up-to-date: /home/ayaa/Agro2/install/franka_description/share/franka_description//robots/fp3
[1.395s] -- Up-to-date: /home/ayaa/Agro2/install/franka_description/share/franka_description//robots/fp3/inertials.yaml
[1.395s] -- Up-to-date: /home/ayaa/Agro2/install/franka_description/share/franka_description//robots/fp3/joint_limits.yaml
[1.396s] -- Up-to-date: /home/ayaa/Agro2/install/franka_description/share/franka_description//robots/fp3/dynamics.yaml
[1.397s] -- Up-to-date: /home/ayaa/Agro2/install/franka_description/share/franka_description//robots/fp3/kinematics.yaml
[1.397s] -- Up-to-date: /home/ayaa/Agro2/install/franka_description/share/franka_description//robots/fp3/fp3.urdf.xacro
[1.397s] -- Up-to-date: /home/ayaa/Agro2/install/franka_description/share/franka_description//robots/fr3
[1.397s] -- Up-to-date: /home/ayaa/Agro2/install/franka_description/share/franka_description//robots/fr3/inertials.yaml
[1.397s] -- Up-to-date: /home/ayaa/Agro2/install/franka_description/share/franka_description//robots/fr3/joint_limits.yaml
[1.397s] -- Up-to-date: /home/ayaa/Agro2/install/franka_description/share/franka_description//robots/fr3/dynamics.yaml
[1.398s] -- Up-to-date: /home/ayaa/Agro2/install/franka_description/share/franka_description//robots/fr3/kinematics.yaml
[1.398s] -- Up-to-date: /home/ayaa/Agro2/install/franka_description/share/franka_description//robots/fr3/fr3.urdf.xacro
[1.398s] -- Up-to-date: /home/ayaa/Agro2/install/franka_description/share/franka_description//robots/fer
[1.398s] -- Up-to-date: /home/ayaa/Agro2/install/franka_description/share/franka_description//robots/fer/fer_ros2_control.xacro.urdf
[1.398s] -- Up-to-date: /home/ayaa/Agro2/install/franka_description/share/franka_description//robots/fer/inertials.yaml
[1.398s] -- Up-to-date: /home/ayaa/Agro2/install/franka_description/share/franka_description//robots/fer/joint_limits.yaml
[1.398s] -- Up-to-date: /home/ayaa/Agro2/install/franka_description/share/franka_description//robots/fer/dynamics.yaml
[1.398s] -- Up-to-date: /home/ayaa/Agro2/install/franka_description/share/franka_description//robots/fer/kinematics.yaml
[1.399s] -- Up-to-date: /home/ayaa/Agro2/install/franka_description/share/franka_description//robots/fer/fer.urdf.xacro
[1.399s] -- Up-to-date: /home/ayaa/Agro2/install/franka_description/share/franka_description//robots/common
[1.399s] -- Up-to-date: /home/ayaa/Agro2/install/franka_description/share/franka_description//robots/common/utils.xacro
[1.399s] -- Up-to-date: /home/ayaa/Agro2/install/franka_description/share/franka_description//robots/common/franka_arm.xacro
[1.399s] -- Up-to-date: /home/ayaa/Agro2/install/franka_description/share/franka_description//robots/common/franka_robot.xacro
[1.399s] -- Up-to-date: /home/ayaa/Agro2/install/franka_description/share/franka_description//robots/common/franka_arm.ros2_control.xacro
[1.399s] -- Up-to-date: /home/ayaa/Agro2/install/franka_description/share/franka_description//robots/multi_arm
[1.400s] -- Up-to-date: /home/ayaa/Agro2/install/franka_description/share/franka_description//robots/multi_arm/multi_arm.urdf.xacro
[1.400s] -- Up-to-date: /home/ayaa/Agro2/install/franka_description/share/franka_description//end_effectors
[1.400s] -- Up-to-date: /home/ayaa/Agro2/install/franka_description/share/franka_description//end_effectors/franka_hand
[1.400s] -- Up-to-date: /home/ayaa/Agro2/install/franka_description/share/franka_description//end_effectors/franka_hand/inertials.yaml
[1.400s] -- Up-to-date: /home/ayaa/Agro2/install/franka_description/share/franka_description//end_effectors/franka_hand/franka_hand_arguments.xacro
[1.400s] -- Up-to-date: /home/ayaa/Agro2/install/franka_description/share/franka_description//end_effectors/franka_hand/franka_hand.urdf.xacro
[1.400s] -- Up-to-date: /home/ayaa/Agro2/install/franka_description/share/franka_description//end_effectors/common
[1.400s] -- Up-to-date: /home/ayaa/Agro2/install/franka_description/share/franka_description//end_effectors/common/utils.xacro
[1.401s] -- Up-to-date: /home/ayaa/Agro2/install/franka_description/share/franka_description//end_effectors/common/ee_with_one_link.xacro
[1.401s] -- Up-to-date: /home/ayaa/Agro2/install/franka_description/share/franka_description//end_effectors/common/franka_hand.xacro
[1.401s] -- Up-to-date: /home/ayaa/Agro2/install/franka_description/share/franka_description//end_effectors/cobot_pump
[1.401s] -- Up-to-date: /home/ayaa/Agro2/install/franka_description/share/franka_description//end_effectors/cobot_pump/inertials.yaml
[1.401s] -- Up-to-date: /home/ayaa/Agro2/install/franka_description/share/franka_description//end_effectors/cobot_pump/cobot_pump_arguments.xacro
[1.401s] -- Up-to-date: /home/ayaa/Agro2/install/franka_description/share/franka_description//end_effectors/cobot_pump/cobot_pump.urdf.xacro
[1.401s] -- Up-to-date: /home/ayaa/Agro2/install/franka_description/share/franka_description//meshes
[1.401s] -- Up-to-date: /home/ayaa/Agro2/install/franka_description/share/franka_description//meshes/robot_arms
[1.402s] -- Up-to-date: /home/ayaa/Agro2/install/franka_description/share/franka_description//meshes/robot_arms/fp3
[1.402s] -- Up-to-date: /home/ayaa/Agro2/install/franka_description/share/franka_description//meshes/robot_arms/fp3/collision
[1.402s] -- Up-to-date: /home/ayaa/Agro2/install/franka_description/share/franka_description//meshes/robot_arms/fp3/collision/link0.stl
[1.402s] -- Up-to-date: /home/ayaa/Agro2/install/franka_description/share/franka_description//meshes/robot_arms/fp3/collision/link7.stl
[1.402s] -- Up-to-date: /home/ayaa/Agro2/install/franka_description/share/franka_description//meshes/robot_arms/fp3/collision/link2.stl
[1.402s] -- Up-to-date: /home/ayaa/Agro2/install/franka_description/share/franka_description//meshes/robot_arms/fp3/collision/link5.stl
[1.403s] -- Up-to-date: /home/ayaa/Agro2/install/franka_description/share/franka_description//meshes/robot_arms/fp3/collision/link3.stl
[1.403s] -- Up-to-date: /home/ayaa/Agro2/install/franka_description/share/franka_description//meshes/robot_arms/fp3/collision/link4.stl
[1.403s] -- Up-to-date: /home/ayaa/Agro2/install/franka_description/share/franka_description//meshes/robot_arms/fp3/collision/link6.stl
[1.403s] -- Up-to-date: /home/ayaa/Agro2/install/franka_description/share/franka_description//meshes/robot_arms/fp3/collision/link1.stl
[1.403s] -- Up-to-date: /home/ayaa/Agro2/install/franka_description/share/franka_description//meshes/robot_arms/fp3/visual
[1.403s] -- Up-to-date: /home/ayaa/Agro2/install/franka_description/share/franka_description//meshes/robot_arms/fp3/visual/link5.dae
[1.403s] -- Up-to-date: /home/ayaa/Agro2/install/franka_description/share/franka_description//meshes/robot_arms/fp3/visual/link2.dae
[1.403s] -- Up-to-date: /home/ayaa/Agro2/install/franka_description/share/franka_description//meshes/robot_arms/fp3/visual/link0.dae
[1.404s] -- Up-to-date: /home/ayaa/Agro2/install/franka_description/share/franka_description//meshes/robot_arms/fp3/visual/link4.dae
[1.404s] -- Up-to-date: /home/ayaa/Agro2/install/franka_description/share/franka_description//meshes/robot_arms/fp3/visual/link6.dae
[1.404s] -- Up-to-date: /home/ayaa/Agro2/install/franka_description/share/franka_description//meshes/robot_arms/fp3/visual/link7.dae
[1.404s] -- Up-to-date: /home/ayaa/Agro2/install/franka_description/share/franka_description//meshes/robot_arms/fp3/visual/link1.dae
[1.404s] -- Up-to-date: /home/ayaa/Agro2/install/franka_description/share/franka_description//meshes/robot_arms/fp3/visual/link3.dae
[1.404s] -- Up-to-date: /home/ayaa/Agro2/install/franka_description/share/franka_description//meshes/robot_arms/fr3
[1.404s] -- Up-to-date: /home/ayaa/Agro2/install/franka_description/share/franka_description//meshes/robot_arms/fr3/collision
[1.404s] -- Up-to-date: /home/ayaa/Agro2/install/franka_description/share/franka_description//meshes/robot_arms/fr3/collision/link0.stl
[1.405s] -- Up-to-date: /home/ayaa/Agro2/install/franka_description/share/franka_description//meshes/robot_arms/fr3/collision/link7.stl
[1.405s] -- Up-to-date: /home/ayaa/Agro2/install/franka_description/share/franka_description//meshes/robot_arms/fr3/collision/link2.stl
[1.405s] -- Up-to-date: /home/ayaa/Agro2/install/franka_description/share/franka_description//meshes/robot_arms/fr3/collision/link5.stl
[1.405s] -- Up-to-date: /home/ayaa/Agro2/install/franka_description/share/franka_description//meshes/robot_arms/fr3/collision/link3.stl
[1.405s] -- Up-to-date: /home/ayaa/Agro2/install/franka_description/share/franka_description//meshes/robot_arms/fr3/collision/link4.stl
[1.405s] -- Up-to-date: /home/ayaa/Agro2/install/franka_description/share/franka_description//meshes/robot_arms/fr3/collision/link6.stl
[1.405s] -- Up-to-date: /home/ayaa/Agro2/install/franka_description/share/franka_description//meshes/robot_arms/fr3/collision/link1.stl
[1.405s] -- Up-to-date: /home/ayaa/Agro2/install/franka_description/share/franka_description//meshes/robot_arms/fr3/visual
[1.406s] -- Up-to-date: /home/ayaa/Agro2/install/franka_description/share/franka_description//meshes/robot_arms/fr3/visual/link5.dae
[1.406s] -- Up-to-date: /home/ayaa/Agro2/install/franka_description/share/franka_description//meshes/robot_arms/fr3/visual/link2.dae
[1.407s] -- Up-to-date: /home/ayaa/Agro2/install/franka_description/share/franka_description//meshes/robot_arms/fr3/visual/link0.dae
[1.407s] -- Up-to-date: /home/ayaa/Agro2/install/franka_description/share/franka_description//meshes/robot_arms/fr3/visual/link4.dae
[1.407s] -- Up-to-date: /home/ayaa/Agro2/install/franka_description/share/franka_description//meshes/robot_arms/fr3/visual/link6.dae
[1.407s] -- Up-to-date: /home/ayaa/Agro2/install/franka_description/share/franka_description//meshes/robot_arms/fr3/visual/link7.dae
[1.407s] -- Up-to-date: /home/ayaa/Agro2/install/franka_description/share/franka_description//meshes/robot_arms/fr3/visual/link1.dae
[1.407s] -- Up-to-date: /home/ayaa/Agro2/install/franka_description/share/franka_description//meshes/robot_arms/fr3/visual/link3.dae
[1.407s] -- Up-to-date: /home/ayaa/Agro2/install/franka_description/share/franka_description//meshes/robot_arms/fer
[1.407s] -- Up-to-date: /home/ayaa/Agro2/install/franka_description/share/franka_description//meshes/robot_arms/fer/collision
[1.407s] -- Up-to-date: /home/ayaa/Agro2/install/franka_description/share/franka_description//meshes/robot_arms/fer/collision/link0.stl
[1.408s] -- Up-to-date: /home/ayaa/Agro2/install/franka_description/share/franka_description//meshes/robot_arms/fer/collision/link7.stl
[1.408s] -- Up-to-date: /home/ayaa/Agro2/install/franka_description/share/franka_description//meshes/robot_arms/fer/collision/link2.stl
[1.408s] -- Up-to-date: /home/ayaa/Agro2/install/franka_description/share/franka_description//meshes/robot_arms/fer/collision/link5.stl
[1.409s] -- Up-to-date: /home/ayaa/Agro2/install/franka_description/share/franka_description//meshes/robot_arms/fer/collision/link3.stl
[1.410s] -- Up-to-date: /home/ayaa/Agro2/install/franka_description/share/franka_description//meshes/robot_arms/fer/collision/link4.stl
[1.422s] -- Up-to-date: /home/ayaa/Agro2/install/franka_description/share/franka_description//meshes/robot_arms/fer/collision/link6.stl
[1.423s] -- Up-to-date: /home/ayaa/Agro2/install/franka_description/share/franka_description//meshes/robot_arms/fer/collision/link1.stl
[1.424s] -- Up-to-date: /home/ayaa/Agro2/install/franka_description/share/franka_description//meshes/robot_arms/fer/collision/hand.stl
[1.424s] -- Up-to-date: /home/ayaa/Agro2/install/franka_description/share/franka_description//meshes/robot_arms/fer/visual
[1.425s] -- Up-to-date: /home/ayaa/Agro2/install/franka_description/share/franka_description//meshes/robot_arms/fer/visual/link5.dae
[1.426s] -- Up-to-date: /home/ayaa/Agro2/install/franka_description/share/franka_description//meshes/robot_arms/fer/visual/link2.dae
[1.426s] -- Up-to-date: /home/ayaa/Agro2/install/franka_description/share/franka_description//meshes/robot_arms/fer/visual/link0.dae
[1.426s] -- Up-to-date: /home/ayaa/Agro2/install/franka_description/share/franka_description//meshes/robot_arms/fer/visual/link4.dae
[1.427s] -- Up-to-date: /home/ayaa/Agro2/install/franka_description/share/franka_description//meshes/robot_arms/fer/visual/link6.dae
[1.428s] -- Up-to-date: /home/ayaa/Agro2/install/franka_description/share/franka_description//meshes/robot_arms/fer/visual/link7.dae
[1.428s] -- Up-to-date: /home/ayaa/Agro2/install/franka_description/share/franka_description//meshes/robot_arms/fer/visual/link1.dae
[1.428s] -- Up-to-date: /home/ayaa/Agro2/install/franka_description/share/franka_description//meshes/robot_arms/fer/visual/finger.dae
[1.428s] -- Up-to-date: /home/ayaa/Agro2/install/franka_description/share/franka_description//meshes/robot_arms/fer/visual/link3.dae
[1.428s] -- Up-to-date: /home/ayaa/Agro2/install/franka_description/share/franka_description//meshes/robot_arms/fer/visual/hand.dae
[1.429s] -- Up-to-date: /home/ayaa/Agro2/install/franka_description/share/franka_description//meshes/robot_ee
[1.429s] -- Up-to-date: /home/ayaa/Agro2/install/franka_description/share/franka_description//meshes/robot_ee/franka_hand_white
[1.430s] -- Up-to-date: /home/ayaa/Agro2/install/franka_description/share/franka_description//meshes/robot_ee/franka_hand_white/collision
[1.431s] -- Up-to-date: /home/ayaa/Agro2/install/franka_description/share/franka_description//meshes/robot_ee/franka_hand_white/collision/hand.stl
[1.431s] -- Up-to-date: /home/ayaa/Agro2/install/franka_description/share/franka_description//meshes/robot_ee/franka_hand_white/visual
[1.432s] -- Up-to-date: /home/ayaa/Agro2/install/franka_description/share/franka_description//meshes/robot_ee/franka_hand_white/visual/finger.dae
[1.433s] -- Up-to-date: /home/ayaa/Agro2/install/franka_description/share/franka_description//meshes/robot_ee/franka_hand_white/visual/hand.dae
[1.433s] -- Up-to-date: /home/ayaa/Agro2/install/franka_description/share/franka_description//meshes/robot_ee/cobot_pump
[1.433s] -- Up-to-date: /home/ayaa/Agro2/install/franka_description/share/franka_description//meshes/robot_ee/cobot_pump/collision
[1.434s] -- Up-to-date: /home/ayaa/Agro2/install/franka_description/share/franka_description//meshes/robot_ee/cobot_pump/collision/cobot_pump.stl
[1.436s] -- Up-to-date: /home/ayaa/Agro2/install/franka_description/share/franka_description//meshes/robot_ee/cobot_pump/visual
[1.436s] -- Up-to-date: /home/ayaa/Agro2/install/franka_description/share/franka_description//meshes/robot_ee/cobot_pump/visual/cobot_pump.dae
[1.437s] -- Up-to-date: /home/ayaa/Agro2/install/franka_description/share/franka_description//meshes/robot_ee/franka_hand_black
[1.437s] -- Up-to-date: /home/ayaa/Agro2/install/franka_description/share/franka_description//meshes/robot_ee/franka_hand_black/collision
[1.437s] -- Up-to-date: /home/ayaa/Agro2/install/franka_description/share/franka_description//meshes/robot_ee/franka_hand_black/collision/hand.stl
[1.437s] -- Up-to-date: /home/ayaa/Agro2/install/franka_description/share/franka_description//meshes/robot_ee/franka_hand_black/visual
[1.438s] -- Up-to-date: /home/ayaa/Agro2/install/franka_description/share/franka_description//meshes/robot_ee/franka_hand_black/visual/finger.dae
[1.439s] -- Up-to-date: /home/ayaa/Agro2/install/franka_description/share/franka_description//meshes/robot_ee/franka_hand_black/visual/hand.dae
[1.439s] -- Up-to-date: /home/ayaa/Agro2/install/franka_description/share/franka_description//rviz
[1.439s] -- Up-to-date: /home/ayaa/Agro2/install/franka_description/share/franka_description//rviz/visualize_franka.rviz
[1.439s] -- Up-to-date: /home/ayaa/Agro2/install/franka_description/share/ament_index/resource_index/package_run_dependencies/franka_description
[1.440s] -- Up-to-date: /home/ayaa/Agro2/install/franka_description/share/ament_index/resource_index/parent_prefix_path/franka_description
[1.440s] -- Up-to-date: /home/ayaa/Agro2/install/franka_description/share/franka_description/environment/ament_prefix_path.sh
[1.442s] -- Up-to-date: /home/ayaa/Agro2/install/franka_description/share/franka_description/environment/ament_prefix_path.dsv
[1.442s] -- Up-to-date: /home/ayaa/Agro2/install/franka_description/share/franka_description/environment/path.sh
[1.446s] -- Up-to-date: /home/ayaa/Agro2/install/franka_description/share/franka_description/environment/path.dsv
[1.446s] -- Up-to-date: /home/ayaa/Agro2/install/franka_description/share/franka_description/local_setup.bash
[1.447s] -- Up-to-date: /home/ayaa/Agro2/install/franka_description/share/franka_description/local_setup.sh
[1.448s] -- Up-to-date: /home/ayaa/Agro2/install/franka_description/share/franka_description/local_setup.zsh
[1.448s] -- Up-to-date: /home/ayaa/Agro2/install/franka_description/share/franka_description/local_setup.dsv
[1.449s] -- Up-to-date: /home/ayaa/Agro2/install/franka_description/share/franka_description/package.dsv
[1.450s] -- Up-to-date: /home/ayaa/Agro2/install/franka_description/share/ament_index/resource_index/packages/franka_description
[1.450s] -- Up-to-date: /home/ayaa/Agro2/install/franka_description/share/franka_description/cmake/franka_descriptionConfig.cmake
[1.451s] -- Up-to-date: /home/ayaa/Agro2/install/franka_description/share/franka_description/cmake/franka_descriptionConfig-version.cmake
[1.452s] -- Up-to-date: /home/ayaa/Agro2/install/franka_description/share/franka_description/package.xml
[1.479s] Invoked command in '/home/ayaa/Agro2/build/franka_description' returned '0': CMAKE_PREFIX_PATH=${CMAKE_PREFIX_PATH}:/home/ayaa/Agro2/install/trials:/home/ayaa/Agro2/install/tiago_custom:/home/ayaa/Agro2/install/my_nav2_bringup:/home/ayaa/Agro2/install/fer_moveit:/home/ayaa/Agro2/install/fer_gazebo:/home/ayaa/Agro2/install/custom_worlds:/opt/ros/humble /usr/bin/cmake --install /home/ayaa/Agro2/build/franka_description
