[1.693s] Invoking command in '/home/ayaa/Agro2/build/occupancy_grid_demo': CMAKE_PREFIX_PATH=${CMAKE_PREFIX_PATH}:/home/ayaa/Agro2/install/trials:/home/ayaa/Agro2/install/tiago_custom:/home/ayaa/Agro2/install/my_nav2_bringup:/home/ayaa/Agro2/install/fer_moveit:/home/ayaa/Agro2/install/fer_gazebo:/home/ayaa/Agro2/install/custom_worlds:/opt/ros/humble /usr/bin/cmake /home/ayaa/Agro2/src/occupancy_grid_demo -DCMAKE_INSTALL_PREFIX=/home/ayaa/Agro2/install/occupancy_grid_demo
[1.767s] -- The C compiler identification is GNU 11.4.0
[1.858s] -- The CXX compiler identification is GNU 11.4.0
[1.870s] -- Detecting C compiler ABI info
[1.986s] -- Detecting C compiler ABI info - done
[2.001s] -- Check for working C compiler: /usr/bin/cc - skipped
[2.001s] -- Detecting C compile features
[2.002s] -- Detecting C compile features - done
[2.007s] -- Detecting CXX compiler ABI info
[2.184s] -- Detecting CXX compiler ABI info - done
[2.210s] -- Check for working CXX compiler: /usr/bin/c++ - skipped
[2.210s] -- Detecting CXX compile features
[2.211s] -- Detecting CXX compile features - done
[2.217s] -- Found ament_cmake: 1.3.11 (/opt/ros/humble/share/ament_cmake/cmake)
[3.602s] -- Found Python3: /usr/bin/python3 (found version "3.10.12") found components: Interpreter 
[3.815s] -- Found rclcpp: 16.0.12 (/opt/ros/humble/share/rclcpp/cmake)
[3.917s] -- Found rosidl_generator_c: 3.1.6 (/opt/ros/humble/share/rosidl_generator_c/cmake)
[3.932s] -- Found rosidl_adapter: 3.1.6 (/opt/ros/humble/share/rosidl_adapter/cmake)
[3.951s] -- Found rosidl_generator_cpp: 3.1.6 (/opt/ros/humble/share/rosidl_generator_cpp/cmake)
[3.986s] -- Using all available rosidl_typesupport_c: rosidl_typesupport_fastrtps_c;rosidl_typesupport_introspection_c
[4.022s] -- Using all available rosidl_typesupport_cpp: rosidl_typesupport_fastrtps_cpp;rosidl_typesupport_introspection_cpp
[4.120s] -- Found rmw_implementation_cmake: 6.1.2 (/opt/ros/humble/share/rmw_implementation_cmake/cmake)
[4.140s] -- Found rmw_fastrtps_cpp: 6.2.7 (/opt/ros/humble/share/rmw_fastrtps_cpp/cmake)
[4.717s] -- Found OpenSSL: /usr/lib/x86_64-linux-gnu/libcrypto.so (found version "3.0.2")  
[4.830s] -- Found FastRTPS: /opt/ros/humble/include  
[5.000s] -- Using RMW implementation 'rmw_fastrtps_cpp' as default
[5.042s] -- Looking for pthread.h
[5.426s] -- Looking for pthread.h - found
[5.427s] -- Performing Test CMAKE_HAVE_LIBC_PTHREAD
[5.768s] -- Performing Test CMAKE_HAVE_LIBC_PTHREAD - Success
[5.771s] -- Found Threads: TRUE  
[5.959s] -- Found geometry_msgs: 4.8.0 (/opt/ros/humble/share/geometry_msgs/cmake)
[5.988s] -- Found nav_msgs: 4.8.0 (/opt/ros/humble/share/nav_msgs/cmake)
[6.031s] -- Found visualization_msgs: 4.8.0 (/opt/ros/humble/share/visualization_msgs/cmake)
[6.126s] -- Found ament_lint_auto: 0.12.12 (/opt/ros/humble/share/ament_lint_auto/cmake)
[6.345s] -- Added test 'cppcheck' to perform static code analysis on C / C++ code
[6.346s] -- Configured cppcheck include dirs: 
[6.346s] -- Configured cppcheck exclude dirs and/or files: 
[6.350s] -- Added test 'lint_cmake' to check CMake code style
[6.361s] -- Added test 'uncrustify' to check C / C++ code style
[6.362s] -- Configured uncrustify additional arguments: 
[6.363s] -- Added test 'xmllint' to check XML markup files
[6.366s] -- Configuring done
[6.406s] -- Generating done
[6.420s] -- Build files have been written to: /home/ayaa/Agro2/build/occupancy_grid_demo
[6.439s] Invoked command in '/home/ayaa/Agro2/build/occupancy_grid_demo' returned '0': CMAKE_PREFIX_PATH=${CMAKE_PREFIX_PATH}:/home/ayaa/Agro2/install/trials:/home/ayaa/Agro2/install/tiago_custom:/home/ayaa/Agro2/install/my_nav2_bringup:/home/ayaa/Agro2/install/fer_moveit:/home/ayaa/Agro2/install/fer_gazebo:/home/ayaa/Agro2/install/custom_worlds:/opt/ros/humble /usr/bin/cmake /home/ayaa/Agro2/src/occupancy_grid_demo -DCMAKE_INSTALL_PREFIX=/home/ayaa/Agro2/install/occupancy_grid_demo
[6.442s] Invoking command in '/home/ayaa/Agro2/build/occupancy_grid_demo': CMAKE_PREFIX_PATH=${CMAKE_PREFIX_PATH}:/home/ayaa/Agro2/install/trials:/home/ayaa/Agro2/install/tiago_custom:/home/ayaa/Agro2/install/my_nav2_bringup:/home/ayaa/Agro2/install/fer_moveit:/home/ayaa/Agro2/install/fer_gazebo:/home/ayaa/Agro2/install/custom_worlds:/opt/ros/humble /usr/bin/cmake --build /home/ayaa/Agro2/build/occupancy_grid_demo -- -j8 -l8
[6.614s] [ 25%] [32mBuilding CXX object CMakeFiles/grid_publisher.dir/src/grid_publisher.cpp.o[0m
[6.660s] [ 50%] [32mBuilding CXX object CMakeFiles/astar_planner_node.dir/src/astar_planner_node.cpp.o[0m
[13.721s] [ 75%] [32m[1mLinking CXX executable astar_planner_node[0m
[13.954s] [ 75%] Built target astar_planner_node
[14.037s] [100%] [32m[1mLinking CXX executable grid_publisher[0m
[14.281s] [100%] Built target grid_publisher
[14.293s] Invoked command in '/home/ayaa/Agro2/build/occupancy_grid_demo' returned '0': CMAKE_PREFIX_PATH=${CMAKE_PREFIX_PATH}:/home/ayaa/Agro2/install/trials:/home/ayaa/Agro2/install/tiago_custom:/home/ayaa/Agro2/install/my_nav2_bringup:/home/ayaa/Agro2/install/fer_moveit:/home/ayaa/Agro2/install/fer_gazebo:/home/ayaa/Agro2/install/custom_worlds:/opt/ros/humble /usr/bin/cmake --build /home/ayaa/Agro2/build/occupancy_grid_demo -- -j8 -l8
[14.295s] Invoking command in '/home/ayaa/Agro2/build/occupancy_grid_demo': CMAKE_PREFIX_PATH=${CMAKE_PREFIX_PATH}:/home/ayaa/Agro2/install/trials:/home/ayaa/Agro2/install/tiago_custom:/home/ayaa/Agro2/install/my_nav2_bringup:/home/ayaa/Agro2/install/fer_moveit:/home/ayaa/Agro2/install/fer_gazebo:/home/ayaa/Agro2/install/custom_worlds:/opt/ros/humble /usr/bin/cmake --install /home/ayaa/Agro2/build/occupancy_grid_demo
[14.302s] -- Install configuration: ""
[14.302s] -- Installing: /home/ayaa/Agro2/install/occupancy_grid_demo/lib/occupancy_grid_demo/grid_publisher
[14.304s] -- Set runtime path of "/home/ayaa/Agro2/install/occupancy_grid_demo/lib/occupancy_grid_demo/grid_publisher" to ""
[14.304s] -- Installing: /home/ayaa/Agro2/install/occupancy_grid_demo/lib/occupancy_grid_demo/astar_planner_node
[14.305s] -- Set runtime path of "/home/ayaa/Agro2/install/occupancy_grid_demo/lib/occupancy_grid_demo/astar_planner_node" to ""
[14.305s] -- Installing: /home/ayaa/Agro2/install/occupancy_grid_demo/share/ament_index/resource_index/package_run_dependencies/occupancy_grid_demo
[14.305s] -- Installing: /home/ayaa/Agro2/install/occupancy_grid_demo/share/ament_index/resource_index/parent_prefix_path/occupancy_grid_demo
[14.306s] -- Installing: /home/ayaa/Agro2/install/occupancy_grid_demo/share/occupancy_grid_demo/environment/ament_prefix_path.sh
[14.306s] -- Installing: /home/ayaa/Agro2/install/occupancy_grid_demo/share/occupancy_grid_demo/environment/ament_prefix_path.dsv
[14.306s] -- Installing: /home/ayaa/Agro2/install/occupancy_grid_demo/share/occupancy_grid_demo/environment/path.sh
[14.306s] -- Installing: /home/ayaa/Agro2/install/occupancy_grid_demo/share/occupancy_grid_demo/environment/path.dsv
[14.306s] -- Installing: /home/ayaa/Agro2/install/occupancy_grid_demo/share/occupancy_grid_demo/local_setup.bash
[14.306s] -- Installing: /home/ayaa/Agro2/install/occupancy_grid_demo/share/occupancy_grid_demo/local_setup.sh
[14.306s] -- Installing: /home/ayaa/Agro2/install/occupancy_grid_demo/share/occupancy_grid_demo/local_setup.zsh
[14.307s] -- Installing: /home/ayaa/Agro2/install/occupancy_grid_demo/share/occupancy_grid_demo/local_setup.dsv
[14.307s] -- Installing: /home/ayaa/Agro2/install/occupancy_grid_demo/share/occupancy_grid_demo/package.dsv
[14.307s] -- Installing: /home/ayaa/Agro2/install/occupancy_grid_demo/share/ament_index/resource_index/packages/occupancy_grid_demo
[14.307s] -- Installing: /home/ayaa/Agro2/install/occupancy_grid_demo/share/occupancy_grid_demo/cmake/occupancy_grid_demoConfig.cmake
[14.307s] -- Installing: /home/ayaa/Agro2/install/occupancy_grid_demo/share/occupancy_grid_demo/cmake/occupancy_grid_demoConfig-version.cmake
[14.307s] -- Installing: /home/ayaa/Agro2/install/occupancy_grid_demo/share/occupancy_grid_demo/package.xml
[14.309s] Invoked command in '/home/ayaa/Agro2/build/occupancy_grid_demo' returned '0': CMAKE_PREFIX_PATH=${CMAKE_PREFIX_PATH}:/home/ayaa/Agro2/install/trials:/home/ayaa/Agro2/install/tiago_custom:/home/ayaa/Agro2/install/my_nav2_bringup:/home/ayaa/Agro2/install/fer_moveit:/home/ayaa/Agro2/install/fer_gazebo:/home/ayaa/Agro2/install/custom_worlds:/opt/ros/humble /usr/bin/cmake --install /home/ayaa/Agro2/build/occupancy_grid_demo
