[1.156s] Invoking command in '/home/ayaa/Agro2/build/tiago_behavior_tree': CMAKE_PREFIX_PATH=/home/ayaa/Agro2/install/ur5_moveit:/home/ayaa/Agro2/install/ur_description:/home/ayaa/Agro2/install/tiago_simulation:/home/ayaa/Agro2/install/tiago_robot:/home/ayaa/Agro2/install/tiago_gazebo:/home/ayaa/Agro2/install/tiago_bringup:/home/ayaa/Agro2/install/tiago_description:/home/ayaa/Agro2/install/tiago_cpp:/home/ayaa/Agro2/install/tiago_controller_configuration:/home/ayaa/Agro2/install/tiago_behavior_tree:/home/ayaa/Agro2/install/fer_moveit:/home/ayaa/Agro2/install/tiago_custom:/home/ayaa/Agro2/install/my_nav2_bringup:/home/ayaa/Agro2/install/fer_gazebo:/home/ayaa/Agro2/install/custom_worlds:/opt/ros/humble:/home/ayaa/Agro2/install/franka_description:/home/ayaa/Agro2/install/fer_cpp_moveit /usr/bin/cmake --build /home/ayaa/Agro2/build/tiago_behavior_tree -- -j8 -l8
[1.202s] [35m[1mConsolidate compiler generated dependencies of target pick_action_node[0m
[1.231s] [ 50%] [32mBuilding CXX object CMakeFiles/pick_action_node.dir/src/pick_action.cpp.o[0m
[2.338s] In file included from [01m[K/home/ayaa/Agro2/src/tiago_behavior_tree/src/pick_action.cpp:2[m[K:
[2.338s] [01m[K/home/ayaa/Agro2/src/tiago_behavior_tree/src/pick_action.hpp:45:43:[m[K [01;35m[Kwarning: [m[Kcharacter constant too long for its type
[2.338s]    45 | p::Node::make_shared([01;35m[K'gripper_open'[m[K);
[2.338s]       |                      [01;35m[K^~~~~~~~~~~~~~[m[K
[2.338s] 
[6.723s] [01m[K/home/ayaa/Agro2/src/tiago_behavior_tree/src/pick_action.cpp:[m[K In function ‘[01m[Kint main(int, char**)[m[K’:
[6.723s] [01m[K/home/ayaa/Agro2/src/tiago_behavior_tree/src/pick_action.cpp:7:14:[m[K [01;35m[Kwarning: [m[Kunused parameter ‘[01m[Kargc[m[K’ [[01;35m[K]8;;https://gcc.gnu.org/onlinedocs/gcc/Warning-Options.html#index-Wunused-parameter-Wunused-parameter]8;;[m[K]
[6.723s]     7 | int main([01;35m[Kint argc[m[K, char * argv[])
[6.723s]       |          [01;35m[K~~~~^~~~[m[K
[6.724s] [01m[K/home/ayaa/Agro2/src/tiago_behavior_tree/src/pick_action.cpp:7:27:[m[K [01;35m[Kwarning: [m[Kunused parameter ‘[01m[Kargv[m[K’ [[01;35m[K]8;;https://gcc.gnu.org/onlinedocs/gcc/Warning-Options.html#index-Wunused-parameter-Wunused-parameter]8;;[m[K]
[6.724s]     7 | nt main(int argc, [01;35m[Kchar * argv[][m[K)
[6.724s]       |                   [01;35m[K~~~~~~~^~~~~~[m[K
[6.724s] 
[8.651s] In file included from [01m[K/usr/include/x86_64-linux-gnu/c++/11/bits/c++allocator.h:33[m[K,
[8.651s]                  from [01m[K/usr/include/c++/11/bits/allocator.h:46[m[K,
[8.652s]                  from [01m[K/usr/include/c++/11/string:41[m[K,
[8.652s]                  from [01m[K/usr/include/c++/11/stdexcept:39[m[K,
[8.652s]                  from [01m[K/usr/include/c++/11/system_error:41[m[K,
[8.652s]                  from [01m[K/usr/include/c++/11/mutex:42[m[K,
[8.652s]                  from [01m[K/usr/include/c++/11/future:38[m[K,
[8.652s]                  from [01m[K/opt/ros/humble/include/behaviortree_cpp_v3/action_node.h:19[m[K,
[8.652s]                  from [01m[K/home/ayaa/Agro2/src/tiago_behavior_tree/src/pick_action.hpp:6[m[K,
[8.652s]                  from [01m[K/home/ayaa/Agro2/src/tiago_behavior_tree/src/pick_action.cpp:2[m[K:
[8.652s] /usr/include/c++/11/ext/new_allocator.h: In instantiation of ‘[01m[Kvoid __gnu_cxx::new_allocator<_Tp>::construct(_Up*, _Args&& ...) [with _Up = rclcpp::Node; _Args = {int}; _Tp = rclcpp::Node][m[K’:
[8.652s] [01m[K/usr/include/c++/11/bits/alloc_traits.h:516:17:[m[K   required from ‘[01m[Kstatic void std::allocator_traits<std::allocator<_CharT> >::construct(std::allocator_traits<std::allocator<_CharT> >::allocator_type&, _Up*, _Args&& ...) [with _Up = rclcpp::Node; _Args = {int}; _Tp = rclcpp::Node; std::allocator_traits<std::allocator<_CharT> >::allocator_type = std::allocator<rclcpp::Node>][m[K’
[8.652s] [01m[K/usr/include/c++/11/bits/shared_ptr_base.h:519:39:[m[K   required from ‘[01m[Kstd::_Sp_counted_ptr_inplace<_Tp, _Alloc, _Lp>::_Sp_counted_ptr_inplace(_Alloc, _Args&& ...) [with _Args = {int}; _Tp = rclcpp::Node; _Alloc = std::allocator<rclcpp::Node>; __gnu_cxx::_Lock_policy _Lp = __gnu_cxx::_S_atomic][m[K’
[8.652s] [01m[K/usr/include/c++/11/bits/shared_ptr_base.h:650:16:[m[K   required from ‘[01m[Kstd::__shared_count<_Lp>::__shared_count(_Tp*&, std::_Sp_alloc_shared_tag<_Alloc>, _Args&& ...) [with _Tp = rclcpp::Node; _Alloc = std::allocator<rclcpp::Node>; _Args = {int}; __gnu_cxx::_Lock_policy _Lp = __gnu_cxx::_S_atomic][m[K’
[8.652s] [01m[K/usr/include/c++/11/bits/shared_ptr_base.h:1342:14:[m[K   required from ‘[01m[Kstd::__shared_ptr<_Tp, _Lp>::__shared_ptr(std::_Sp_alloc_shared_tag<_Tp>, _Args&& ...) [with _Alloc = std::allocator<rclcpp::Node>; _Args = {int}; _Tp = rclcpp::Node; __gnu_cxx::_Lock_policy _Lp = __gnu_cxx::_S_atomic][m[K’
[8.652s] [01m[K/usr/include/c++/11/bits/shared_ptr.h:409:59:[m[K   required from ‘[01m[Kstd::shared_ptr<_Tp>::shared_ptr(std::_Sp_alloc_shared_tag<_Tp>, _Args&& ...) [with _Alloc = std::allocator<rclcpp::Node>; _Args = {int}; _Tp = rclcpp::Node][m[K’
[8.652s] [01m[K/usr/include/c++/11/bits/shared_ptr.h:862:14:[m[K   required from ‘[01m[Kstd::shared_ptr<_Tp> std::allocate_shared(const _Alloc&, _Args&& ...) [with _Tp = rclcpp::Node; _Alloc = std::allocator<rclcpp::Node>; _Args = {int}][m[K’
[8.652s] [01m[K/usr/include/c++/11/bits/shared_ptr.h:878:39:[m[K   required from ‘[01m[Kstd::shared_ptr<_Tp> std::make_shared(_Args&& ...) [with _Tp = rclcpp::Node; _Args = {int}][m[K’
[8.652s] [01m[K/opt/ros/humble/include/rclcpp/rclcpp/node.hpp:80:3:[m[K   required from ‘[01m[Kstatic std::shared_ptr<rclcpp::Node> rclcpp::Node::make_shared(Args&& ...) [with Args = {int}][m[K’
[8.653s] [01m[K/home/ayaa/Agro2/src/tiago_behavior_tree/src/pick_action.hpp:45:42:[m[K   required from here
[8.653s] [01m[K/usr/include/c++/11/ext/new_allocator.h:162:11:[m[K [01;31m[Kerror: [m[Kno matching function for call to ‘[01m[Krclcpp::Node::Node(int)[m[K’
[8.653s]   162 |         { [01;31m[K::new((void *)__p) _Up(std::forward<_Args>(__args)...)[m[K; }
[8.653s]       |           [01;31m[K^~~~~~~~~~~~~~~~~~~~~~~~~~~~~~~~~~~~~~~~~~~~~~~~~~~~~~[m[K
[8.653s] In file included from [01m[K/opt/ros/humble/include/rclcpp/rclcpp/executors/single_threaded_executor.hpp:28[m[K,
[8.653s]                  from [01m[K/opt/ros/humble/include/rclcpp/rclcpp/executors.hpp:22[m[K,
[8.653s]                  from [01m[K/opt/ros/humble/include/rclcpp/rclcpp/rclcpp.hpp:155[m[K,
[8.653s]                  from [01m[K/home/ayaa/Agro2/src/tiago_behavior_tree/src/pick_action.hpp:9[m[K,
[8.653s]                  from [01m[K/home/ayaa/Agro2/src/tiago_behavior_tree/src/pick_action.cpp:2[m[K:
[8.653s] [01m[K/opt/ros/humble/include/rclcpp/rclcpp/node.hpp:1294:3:[m[K [01;36m[Knote: [m[Kcandidate: ‘[01m[Krclcpp::Node::Node(const rclcpp::Node&, const string&)[m[K’
[8.653s]  1294 |   [01;36m[KNode[m[K(
[8.653s]       |   [01;36m[K^~~~[m[K
[8.653s] [01m[K/opt/ros/humble/include/rclcpp/rclcpp/node.hpp:1294:3:[m[K [01;36m[Knote: [m[K  candidate expects 2 arguments, 1 provided
[8.653s] [01m[K/opt/ros/humble/include/rclcpp/rclcpp/node.hpp:101:12:[m[K [01;36m[Knote: [m[Kcandidate: ‘[01m[Krclcpp::Node::Node(const string&, const string&, const rclcpp::NodeOptions&)[m[K’
[8.653s]   101 |   explicit [01;36m[KNode[m[K(
[8.653s]       |            [01;36m[K^~~~[m[K
[8.654s] [01m[K/opt/ros/humble/include/rclcpp/rclcpp/node.hpp:101:12:[m[K [01;36m[Knote: [m[K  candidate expects 3 arguments, 1 provided
[8.654s] [01m[K/opt/ros/humble/include/rclcpp/rclcpp/node.hpp:89:12:[m[K [01;36m[Knote: [m[Kcandidate: ‘[01m[Krclcpp::Node::Node(const string&, const rclcpp::NodeOptions&)[m[K’
[8.654s]    89 |   explicit [01;36m[KNode[m[K(
[8.654s]       |            [01;36m[K^~~~[m[K
[8.654s] [01m[K/opt/ros/humble/include/rclcpp/rclcpp/node.hpp:90:25:[m[K [01;36m[Knote: [m[K  no known conversion for argument 1 from ‘[01m[Kint[m[K’ to ‘[01m[Kconst string&[m[K’ {aka ‘[01m[Kconst std::__cxx11::basic_string<char>&[m[K’}
[8.654s]    90 |   [01;36m[Kconst std::string & node_name[m[K,
[8.654s]       |   [01;36m[K~~~~~~~~~~~~~~~~~~~~^~~~~~~~~[m[K
[8.654s] 
[9.147s] gmake[2]: *** [CMakeFiles/pick_action_node.dir/build.make:76: CMakeFiles/pick_action_node.dir/src/pick_action.cpp.o] Error 1
[9.148s] gmake[1]: *** [CMakeFiles/Makefile2:137: CMakeFiles/pick_action_node.dir/all] Error 2
[9.148s] gmake: *** [Makefile:146: all] Error 2
[9.150s] Invoked command in '/home/ayaa/Agro2/build/tiago_behavior_tree' returned '2': CMAKE_PREFIX_PATH=/home/ayaa/Agro2/install/ur5_moveit:/home/ayaa/Agro2/install/ur_description:/home/ayaa/Agro2/install/tiago_simulation:/home/ayaa/Agro2/install/tiago_robot:/home/ayaa/Agro2/install/tiago_gazebo:/home/ayaa/Agro2/install/tiago_bringup:/home/ayaa/Agro2/install/tiago_description:/home/ayaa/Agro2/install/tiago_cpp:/home/ayaa/Agro2/install/tiago_controller_configuration:/home/ayaa/Agro2/install/tiago_behavior_tree:/home/ayaa/Agro2/install/fer_moveit:/home/ayaa/Agro2/install/tiago_custom:/home/ayaa/Agro2/install/my_nav2_bringup:/home/ayaa/Agro2/install/fer_gazebo:/home/ayaa/Agro2/install/custom_worlds:/opt/ros/humble:/home/ayaa/Agro2/install/franka_description:/home/ayaa/Agro2/install/fer_cpp_moveit /usr/bin/cmake --build /home/ayaa/Agro2/build/tiago_behavior_tree -- -j8 -l8
