[0.667s] Invoking command in '/home/ayaa/Agro2/build/gazebo_ros2_control_demos': AMENT_PREFIX_PATH=/home/ayaa/Agro2/install/gazebo_ros2_control:${AMENT_PREFIX_PATH} CMAKE_PREFIX_PATH=/home/ayaa/Agro2/install/gazebo_ros2_control:/home/ayaa/Agro2/install/ur5_moveit:/home/ayaa/Agro2/install/ur_description:/home/ayaa/Agro2/install/tiago_simulation:/home/ayaa/Agro2/install/tiago_robot:/home/ayaa/Agro2/install/tiago_gazebo:/home/ayaa/Agro2/install/tiago_bringup:/home/ayaa/Agro2/install/tiago_description:/home/ayaa/Agro2/install/tiago_cpp:/home/ayaa/Agro2/install/tiago_controller_configuration:/home/ayaa/Agro2/install/tiago_behavior_tree:/home/ayaa/Agro2/install/fer_moveit:/home/ayaa/Agro2/install/tiago_custom:/home/ayaa/Agro2/install/my_nav2_bringup:/home/ayaa/Agro2/install/fer_gazebo:/home/ayaa/Agro2/install/custom_worlds:/opt/ros/humble:/home/ayaa/Agro2/install/franka_description:/home/ayaa/Agro2/install/fer_cpp_moveit LD_LIBRARY_PATH=/home/ayaa/Agro2/install/gazebo_ros2_control/lib:/usr/lib/x86_64-linux-gnu/gazebo-11/plugins:/opt/ros/humble/opt/rviz_ogre_vendor/lib:/opt/ros/humble/lib/x86_64-linux-gnu:/opt/ros/humble/lib:/usr/lib/x86_64-linux-gnu/gazebo-11/plugins /usr/bin/cmake --build /home/ayaa/Agro2/build/gazebo_ros2_control_demos -- -j8 -l8
[0.779s] [ 16%] Built target example_effort
[0.800s] [ 33%] Built target example_gripper
[0.801s] [ 50%] Built target example_position
[0.802s] [ 66%] Built target example_velocity
[0.802s] [ 83%] Built target example_tricycle_drive
[0.806s] [100%] Built target example_diff_drive
[0.825s] Invoked command in '/home/ayaa/Agro2/build/gazebo_ros2_control_demos' returned '0': AMENT_PREFIX_PATH=/home/ayaa/Agro2/install/gazebo_ros2_control:${AMENT_PREFIX_PATH} CMAKE_PREFIX_PATH=/home/ayaa/Agro2/install/gazebo_ros2_control:/home/ayaa/Agro2/install/ur5_moveit:/home/ayaa/Agro2/install/ur_description:/home/ayaa/Agro2/install/tiago_simulation:/home/ayaa/Agro2/install/tiago_robot:/home/ayaa/Agro2/install/tiago_gazebo:/home/ayaa/Agro2/install/tiago_bringup:/home/ayaa/Agro2/install/tiago_description:/home/ayaa/Agro2/install/tiago_cpp:/home/ayaa/Agro2/install/tiago_controller_configuration:/home/ayaa/Agro2/install/tiago_behavior_tree:/home/ayaa/Agro2/install/fer_moveit:/home/ayaa/Agro2/install/tiago_custom:/home/ayaa/Agro2/install/my_nav2_bringup:/home/ayaa/Agro2/install/fer_gazebo:/home/ayaa/Agro2/install/custom_worlds:/opt/ros/humble:/home/ayaa/Agro2/install/franka_description:/home/ayaa/Agro2/install/fer_cpp_moveit LD_LIBRARY_PATH=/home/ayaa/Agro2/install/gazebo_ros2_control/lib:/usr/lib/x86_64-linux-gnu/gazebo-11/plugins:/opt/ros/humble/opt/rviz_ogre_vendor/lib:/opt/ros/humble/lib/x86_64-linux-gnu:/opt/ros/humble/lib:/usr/lib/x86_64-linux-gnu/gazebo-11/plugins /usr/bin/cmake --build /home/ayaa/Agro2/build/gazebo_ros2_control_demos -- -j8 -l8
[0.827s] Invoking command in '/home/ayaa/Agro2/build/gazebo_ros2_control_demos': AMENT_PREFIX_PATH=/home/ayaa/Agro2/install/gazebo_ros2_control:${AMENT_PREFIX_PATH} CMAKE_PREFIX_PATH=/home/ayaa/Agro2/install/gazebo_ros2_control:/home/ayaa/Agro2/install/ur5_moveit:/home/ayaa/Agro2/install/ur_description:/home/ayaa/Agro2/install/tiago_simulation:/home/ayaa/Agro2/install/tiago_robot:/home/ayaa/Agro2/install/tiago_gazebo:/home/ayaa/Agro2/install/tiago_bringup:/home/ayaa/Agro2/install/tiago_description:/home/ayaa/Agro2/install/tiago_cpp:/home/ayaa/Agro2/install/tiago_controller_configuration:/home/ayaa/Agro2/install/tiago_behavior_tree:/home/ayaa/Agro2/install/fer_moveit:/home/ayaa/Agro2/install/tiago_custom:/home/ayaa/Agro2/install/my_nav2_bringup:/home/ayaa/Agro2/install/fer_gazebo:/home/ayaa/Agro2/install/custom_worlds:/opt/ros/humble:/home/ayaa/Agro2/install/franka_description:/home/ayaa/Agro2/install/fer_cpp_moveit LD_LIBRARY_PATH=/home/ayaa/Agro2/install/gazebo_ros2_control/lib:/usr/lib/x86_64-linux-gnu/gazebo-11/plugins:/opt/ros/humble/opt/rviz_ogre_vendor/lib:/opt/ros/humble/lib/x86_64-linux-gnu:/opt/ros/humble/lib:/usr/lib/x86_64-linux-gnu/gazebo-11/plugins /usr/bin/cmake --install /home/ayaa/Agro2/build/gazebo_ros2_control_demos
[0.839s] -- Install configuration: ""
[0.839s] -- Up-to-date: /home/ayaa/Agro2/install/gazebo_ros2_control_demos/share/gazebo_ros2_control_demos//launch
[0.839s] -- Up-to-date: /home/ayaa/Agro2/install/gazebo_ros2_control_demos/share/gazebo_ros2_control_demos//launch/cart_example_effort.launch.py
[0.839s] -- Up-to-date: /home/ayaa/Agro2/install/gazebo_ros2_control_demos/share/gazebo_ros2_control_demos//launch/gripper_mimic_joint_example.launch.py
[0.840s] -- Up-to-date: /home/ayaa/Agro2/install/gazebo_ros2_control_demos/share/gazebo_ros2_control_demos//launch/cart_example_position.launch.py
[0.840s] -- Up-to-date: /home/ayaa/Agro2/install/gazebo_ros2_control_demos/share/gazebo_ros2_control_demos//launch/diff_drive.launch.py
[0.840s] -- Up-to-date: /home/ayaa/Agro2/install/gazebo_ros2_control_demos/share/gazebo_ros2_control_demos//launch/tricycle_drive.launch.py
[0.840s] -- Up-to-date: /home/ayaa/Agro2/install/gazebo_ros2_control_demos/share/gazebo_ros2_control_demos//launch/cart_example_velocity.launch.py
[0.840s] -- Up-to-date: /home/ayaa/Agro2/install/gazebo_ros2_control_demos/share/gazebo_ros2_control_demos//config
[0.840s] -- Up-to-date: /home/ayaa/Agro2/install/gazebo_ros2_control_demos/share/gazebo_ros2_control_demos//config/cart_controller_velocity.yaml
[0.840s] -- Up-to-date: /home/ayaa/Agro2/install/gazebo_ros2_control_demos/share/gazebo_ros2_control_demos//config/gripper_controller.yaml
[0.841s] -- Up-to-date: /home/ayaa/Agro2/install/gazebo_ros2_control_demos/share/gazebo_ros2_control_demos//config/tricycle_drive_controller.yaml
[0.841s] -- Up-to-date: /home/ayaa/Agro2/install/gazebo_ros2_control_demos/share/gazebo_ros2_control_demos//config/cart_controller.yaml
[0.841s] -- Up-to-date: /home/ayaa/Agro2/install/gazebo_ros2_control_demos/share/gazebo_ros2_control_demos//config/config.rviz
[0.841s] -- Up-to-date: /home/ayaa/Agro2/install/gazebo_ros2_control_demos/share/gazebo_ros2_control_demos//config/cart_controller_effort.yaml
[0.841s] -- Up-to-date: /home/ayaa/Agro2/install/gazebo_ros2_control_demos/share/gazebo_ros2_control_demos//config/diff_drive_controller.yaml
[0.841s] -- Up-to-date: /home/ayaa/Agro2/install/gazebo_ros2_control_demos/share/gazebo_ros2_control_demos//urdf
[0.841s] -- Up-to-date: /home/ayaa/Agro2/install/gazebo_ros2_control_demos/share/gazebo_ros2_control_demos//urdf/test_cart_position.xacro.urdf
[0.842s] -- Up-to-date: /home/ayaa/Agro2/install/gazebo_ros2_control_demos/share/gazebo_ros2_control_demos//urdf/test_diff_drive.xacro.urdf
[0.842s] -- Up-to-date: /home/ayaa/Agro2/install/gazebo_ros2_control_demos/share/gazebo_ros2_control_demos//urdf/test_cart_velocity.xacro.urdf
[0.842s] -- Up-to-date: /home/ayaa/Agro2/install/gazebo_ros2_control_demos/share/gazebo_ros2_control_demos//urdf/test_cart_effort.xacro.urdf
[0.842s] -- Up-to-date: /home/ayaa/Agro2/install/gazebo_ros2_control_demos/share/gazebo_ros2_control_demos//urdf/test_tricycle_drive.xacro.urdf
[0.842s] -- Up-to-date: /home/ayaa/Agro2/install/gazebo_ros2_control_demos/share/gazebo_ros2_control_demos//urdf/test_gripper_mimic_joint.xacro.urdf
[0.842s] -- Up-to-date: /home/ayaa/Agro2/install/gazebo_ros2_control_demos/lib/gazebo_ros2_control_demos/example_position
[0.842s] -- Up-to-date: /home/ayaa/Agro2/install/gazebo_ros2_control_demos/lib/gazebo_ros2_control_demos/example_velocity
[0.843s] -- Up-to-date: /home/ayaa/Agro2/install/gazebo_ros2_control_demos/lib/gazebo_ros2_control_demos/example_effort
[0.843s] -- Up-to-date: /home/ayaa/Agro2/install/gazebo_ros2_control_demos/lib/gazebo_ros2_control_demos/example_diff_drive
[0.843s] -- Up-to-date: /home/ayaa/Agro2/install/gazebo_ros2_control_demos/lib/gazebo_ros2_control_demos/example_tricycle_drive
[0.843s] -- Up-to-date: /home/ayaa/Agro2/install/gazebo_ros2_control_demos/lib/gazebo_ros2_control_demos/example_gripper
[0.843s] -- Up-to-date: /home/ayaa/Agro2/install/gazebo_ros2_control_demos/share/ament_index/resource_index/package_run_dependencies/gazebo_ros2_control_demos
[0.844s] -- Up-to-date: /home/ayaa/Agro2/install/gazebo_ros2_control_demos/share/ament_index/resource_index/parent_prefix_path/gazebo_ros2_control_demos
[0.844s] -- Up-to-date: /home/ayaa/Agro2/install/gazebo_ros2_control_demos/share/gazebo_ros2_control_demos/environment/ament_prefix_path.sh
[0.844s] -- Up-to-date: /home/ayaa/Agro2/install/gazebo_ros2_control_demos/share/gazebo_ros2_control_demos/environment/ament_prefix_path.dsv
[0.844s] -- Up-to-date: /home/ayaa/Agro2/install/gazebo_ros2_control_demos/share/gazebo_ros2_control_demos/environment/path.sh
[0.844s] -- Up-to-date: /home/ayaa/Agro2/install/gazebo_ros2_control_demos/share/gazebo_ros2_control_demos/environment/path.dsv
[0.844s] -- Up-to-date: /home/ayaa/Agro2/install/gazebo_ros2_control_demos/share/gazebo_ros2_control_demos/local_setup.bash
[0.844s] -- Up-to-date: /home/ayaa/Agro2/install/gazebo_ros2_control_demos/share/gazebo_ros2_control_demos/local_setup.sh
[0.845s] -- Up-to-date: /home/ayaa/Agro2/install/gazebo_ros2_control_demos/share/gazebo_ros2_control_demos/local_setup.zsh
[0.845s] -- Up-to-date: /home/ayaa/Agro2/install/gazebo_ros2_control_demos/share/gazebo_ros2_control_demos/local_setup.dsv
[0.845s] -- Installing: /home/ayaa/Agro2/install/gazebo_ros2_control_demos/share/gazebo_ros2_control_demos/package.dsv
[0.845s] -- Up-to-date: /home/ayaa/Agro2/install/gazebo_ros2_control_demos/share/ament_index/resource_index/packages/gazebo_ros2_control_demos
[0.845s] -- Up-to-date: /home/ayaa/Agro2/install/gazebo_ros2_control_demos/share/gazebo_ros2_control_demos/cmake/gazebo_ros2_control_demosConfig.cmake
[0.845s] -- Up-to-date: /home/ayaa/Agro2/install/gazebo_ros2_control_demos/share/gazebo_ros2_control_demos/cmake/gazebo_ros2_control_demosConfig-version.cmake
[0.845s] -- Up-to-date: /home/ayaa/Agro2/install/gazebo_ros2_control_demos/share/gazebo_ros2_control_demos/package.xml
[0.850s] Invoked command in '/home/ayaa/Agro2/build/gazebo_ros2_control_demos' returned '0': AMENT_PREFIX_PATH=/home/ayaa/Agro2/install/gazebo_ros2_control:${AMENT_PREFIX_PATH} CMAKE_PREFIX_PATH=/home/ayaa/Agro2/install/gazebo_ros2_control:/home/ayaa/Agro2/install/ur5_moveit:/home/ayaa/Agro2/install/ur_description:/home/ayaa/Agro2/install/tiago_simulation:/home/ayaa/Agro2/install/tiago_robot:/home/ayaa/Agro2/install/tiago_gazebo:/home/ayaa/Agro2/install/tiago_bringup:/home/ayaa/Agro2/install/tiago_description:/home/ayaa/Agro2/install/tiago_cpp:/home/ayaa/Agro2/install/tiago_controller_configuration:/home/ayaa/Agro2/install/tiago_behavior_tree:/home/ayaa/Agro2/install/fer_moveit:/home/ayaa/Agro2/install/tiago_custom:/home/ayaa/Agro2/install/my_nav2_bringup:/home/ayaa/Agro2/install/fer_gazebo:/home/ayaa/Agro2/install/custom_worlds:/opt/ros/humble:/home/ayaa/Agro2/install/franka_description:/home/ayaa/Agro2/install/fer_cpp_moveit LD_LIBRARY_PATH=/home/ayaa/Agro2/install/gazebo_ros2_control/lib:/usr/lib/x86_64-linux-gnu/gazebo-11/plugins:/opt/ros/humble/opt/rviz_ogre_vendor/lib:/opt/ros/humble/lib/x86_64-linux-gnu:/opt/ros/humble/lib:/usr/lib/x86_64-linux-gnu/gazebo-11/plugins /usr/bin/cmake --install /home/ayaa/Agro2/build/gazebo_ros2_control_demos
