[3.188s] Invoking command in '/home/ayaa/Agro2/src/my_nav2_bringup': PYTHONPATH=/home/ayaa/Agro2/build/my_nav2_bringup/prefix_override:/usr/lib/python3/dist-packages/colcon_core/task/python/colcon_distutils_commands:/home/ayaa/Agro2/install/my_nav2_bringup/lib/python3.10/site-packages:${PYTHONPATH} /usr/bin/python3 -W ignore:setup.py install is deprecated -W ignore:easy_install command is deprecated setup.py egg_info --egg-base ../../build/my_nav2_bringup build --build-base /home/ayaa/Agro2/build/my_nav2_bringup/build install --record /home/ayaa/Agro2/build/my_nav2_bringup/install.log --single-version-externally-managed install_data
[4.054s] running egg_info
[4.055s] creating ../../build/my_nav2_bringup/my_nav2_bringup.egg-info
[4.119s] writing ../../build/my_nav2_bringup/my_nav2_bringup.egg-info/PKG-INFO
[4.120s] writing dependency_links to ../../build/my_nav2_bringup/my_nav2_bringup.egg-info/dependency_links.txt
[4.120s] writing entry points to ../../build/my_nav2_bringup/my_nav2_bringup.egg-info/entry_points.txt
[4.121s] writing requirements to ../../build/my_nav2_bringup/my_nav2_bringup.egg-info/requires.txt
[4.121s] writing top-level names to ../../build/my_nav2_bringup/my_nav2_bringup.egg-info/top_level.txt
[4.121s] writing manifest file '../../build/my_nav2_bringup/my_nav2_bringup.egg-info/SOURCES.txt'
[4.289s] reading manifest file '../../build/my_nav2_bringup/my_nav2_bringup.egg-info/SOURCES.txt'
[4.289s] adding license file 'LICENSE'
[4.291s] writing manifest file '../../build/my_nav2_bringup/my_nav2_bringup.egg-info/SOURCES.txt'
[4.291s] running build
[4.291s] running build_py
[4.292s] creating /home/ayaa/Agro2/build/my_nav2_bringup/build
[4.292s] creating /home/ayaa/Agro2/build/my_nav2_bringup/build/lib
[4.292s] creating /home/ayaa/Agro2/build/my_nav2_bringup/build/lib/my_nav2_bringup
[4.293s] copying my_nav2_bringup/__init__.py -> /home/ayaa/Agro2/build/my_nav2_bringup/build/lib/my_nav2_bringup
[4.293s] copying my_nav2_bringup/logger.py -> /home/ayaa/Agro2/build/my_nav2_bringup/build/lib/my_nav2_bringup
[4.294s] running install
[4.305s] running install_lib
[4.337s] creating /home/ayaa/Agro2/install/my_nav2_bringup/lib/python3.10/site-packages/my_nav2_bringup
[4.337s] copying /home/ayaa/Agro2/build/my_nav2_bringup/build/lib/my_nav2_bringup/__init__.py -> /home/ayaa/Agro2/install/my_nav2_bringup/lib/python3.10/site-packages/my_nav2_bringup
[4.338s] copying /home/ayaa/Agro2/build/my_nav2_bringup/build/lib/my_nav2_bringup/logger.py -> /home/ayaa/Agro2/install/my_nav2_bringup/lib/python3.10/site-packages/my_nav2_bringup
[4.339s] byte-compiling /home/ayaa/Agro2/install/my_nav2_bringup/lib/python3.10/site-packages/my_nav2_bringup/__init__.py to __init__.cpython-310.pyc
[4.340s] byte-compiling /home/ayaa/Agro2/install/my_nav2_bringup/lib/python3.10/site-packages/my_nav2_bringup/logger.py to logger.cpython-310.pyc
[4.342s] running install_data
[4.342s] creating /home/ayaa/Agro2/install/my_nav2_bringup/share/ament_index
[4.343s] creating /home/ayaa/Agro2/install/my_nav2_bringup/share/ament_index/resource_index
[4.343s] creating /home/ayaa/Agro2/install/my_nav2_bringup/share/ament_index/resource_index/packages
[4.344s] copying resource/my_nav2_bringup -> /home/ayaa/Agro2/install/my_nav2_bringup/share/ament_index/resource_index/packages
[4.345s] copying package.xml -> /home/ayaa/Agro2/install/my_nav2_bringup/share/my_nav2_bringup
[4.345s] creating /home/ayaa/Agro2/install/my_nav2_bringup/share/my_nav2_bringup/launch
[4.345s] copying launch/bringup.launch.py -> /home/ayaa/Agro2/install/my_nav2_bringup/share/my_nav2_bringup/launch
[4.346s] creating /home/ayaa/Agro2/install/my_nav2_bringup/share/my_nav2_bringup/maps
[4.346s] copying maps/my_map.yaml -> /home/ayaa/Agro2/install/my_nav2_bringup/share/my_nav2_bringup/maps
[4.346s] copying maps/my_map.pgm -> /home/ayaa/Agro2/install/my_nav2_bringup/share/my_nav2_bringup/maps
[4.348s] creating /home/ayaa/Agro2/install/my_nav2_bringup/share/my_nav2_bringup/config
[4.349s] copying config/my_nav2_params.yaml -> /home/ayaa/Agro2/install/my_nav2_bringup/share/my_nav2_bringup/config
[4.350s] running install_egg_info
[4.389s] Copying ../../build/my_nav2_bringup/my_nav2_bringup.egg-info to /home/ayaa/Agro2/install/my_nav2_bringup/lib/python3.10/site-packages/my_nav2_bringup-0.0.0-py3.10.egg-info
[4.390s] running install_scripts
[4.550s] Installing logger script to /home/ayaa/Agro2/install/my_nav2_bringup/lib/my_nav2_bringup
[4.550s] writing list of installed files to '/home/ayaa/Agro2/build/my_nav2_bringup/install.log'
[4.730s] Invoked command in '/home/ayaa/Agro2/src/my_nav2_bringup' returned '0': PYTHONPATH=/home/ayaa/Agro2/build/my_nav2_bringup/prefix_override:/usr/lib/python3/dist-packages/colcon_core/task/python/colcon_distutils_commands:/home/ayaa/Agro2/install/my_nav2_bringup/lib/python3.10/site-packages:${PYTHONPATH} /usr/bin/python3 -W ignore:setup.py install is deprecated -W ignore:easy_install command is deprecated setup.py egg_info --egg-base ../../build/my_nav2_bringup build --build-base /home/ayaa/Agro2/build/my_nav2_bringup/build install --record /home/ayaa/Agro2/build/my_nav2_bringup/install.log --single-version-externally-managed install_data
