[1.013s] Invoking command in '/home/ayaa/Agro2/src/my_nav2_bringup': PYTHONPATH=/home/ayaa/Agro2/build/my_nav2_bringup/prefix_override:/usr/lib/python3/dist-packages/colcon_core/task/python/colcon_distutils_commands:/home/ayaa/Agro2/install/my_nav2_bringup/lib/python3.10/site-packages:${PYTHONPATH} /usr/bin/python3 -W ignore:setup.py install is deprecated -W ignore:easy_install command is deprecated setup.py egg_info --egg-base ../../build/my_nav2_bringup build --build-base /home/ayaa/Agro2/build/my_nav2_bringup/build install --record /home/ayaa/Agro2/build/my_nav2_bringup/install.log --single-version-externally-managed install_data
[1.176s] /home/ayaa/.local/lib/python3.10/site-packages/setuptools/_distutils/dist.py:270: UserWarning: Unknown distribution option: 'tests_require'
[1.176s]   warnings.warn(msg)
[1.270s] running egg_info
[1.286s] writing ../../build/my_nav2_bringup/my_nav2_bringup.egg-info/PKG-INFO
[1.287s] writing dependency_links to ../../build/my_nav2_bringup/my_nav2_bringup.egg-info/dependency_links.txt
[1.287s] writing requirements to ../../build/my_nav2_bringup/my_nav2_bringup.egg-info/requires.txt
[1.287s] writing top-level names to ../../build/my_nav2_bringup/my_nav2_bringup.egg-info/top_level.txt
[1.319s] reading manifest file '../../build/my_nav2_bringup/my_nav2_bringup.egg-info/SOURCES.txt'
[1.320s] Traceback (most recent call last):
[1.320s]   File "/home/ayaa/Agro2/src/my_nav2_bringup/setup.py", line 9, in <module>
[1.321s]     setup(
[1.321s]   File "/home/ayaa/.local/lib/python3.10/site-packages/setuptools/__init__.py", line 117, in setup
[1.321s]     return distutils.core.setup(**attrs)
[1.321s]   File "/home/ayaa/.local/lib/python3.10/site-packages/setuptools/_distutils/core.py", line 186, in setup
[1.321s]     return run_commands(dist)
[1.322s]   File "/home/ayaa/.local/lib/python3.10/site-packages/setuptools/_distutils/core.py", line 202, in run_commands
[1.322s]     dist.run_commands()
[1.322s]   File "/home/ayaa/.local/lib/python3.10/site-packages/setuptools/_distutils/dist.py", line 983, in run_commands
[1.322s]     self.run_command(cmd)
[1.322s]   File "/home/ayaa/.local/lib/python3.10/site-packages/setuptools/dist.py", line 999, in run_command
[1.322s]     super().run_command(command)
[1.322s]   File "/home/ayaa/.local/lib/python3.10/site-packages/setuptools/_distutils/dist.py", line 1002, in run_command
[1.322s]     cmd_obj.run()
[1.323s]   File "/home/ayaa/.local/lib/python3.10/site-packages/setuptools/command/egg_info.py", line 312, in run
[1.323s]     self.find_sources()
[1.323s]   File "/home/ayaa/.local/lib/python3.10/site-packages/setuptools/command/egg_info.py", line 320, in find_sources
[1.323s]     mm.run()
[1.323s]   File "/home/ayaa/.local/lib/python3.10/site-packages/setuptools/command/egg_info.py", line 548, in run
[1.323s]     self.prune_file_list()
[1.323s]   File "/home/ayaa/.local/lib/python3.10/site-packages/setuptools/command/sdist.py", line 162, in prune_file_list
[1.323s]     super().prune_file_list()
[1.324s]   File "/home/ayaa/.local/lib/python3.10/site-packages/setuptools/_distutils/command/sdist.py", line 380, in prune_file_list
[1.324s]     base_dir = self.distribution.get_fullname()
[1.324s]   File "/home/ayaa/.local/lib/python3.10/site-packages/setuptools/_core_metadata.py", line 272, in get_fullname
[1.324s]     return _distribution_fullname(self.get_name(), self.get_version())
[1.324s]   File "/home/ayaa/.local/lib/python3.10/site-packages/setuptools/_core_metadata.py", line 290, in _distribution_fullname
[1.324s]     canonicalize_version(version, strip_trailing_zero=False),
[1.324s] TypeError: canonicalize_version() got an unexpected keyword argument 'strip_trailing_zero'
[1.353s] Invoked command in '/home/ayaa/Agro2/src/my_nav2_bringup' returned '1': PYTHONPATH=/home/ayaa/Agro2/build/my_nav2_bringup/prefix_override:/usr/lib/python3/dist-packages/colcon_core/task/python/colcon_distutils_commands:/home/ayaa/Agro2/install/my_nav2_bringup/lib/python3.10/site-packages:${PYTHONPATH} /usr/bin/python3 -W ignore:setup.py install is deprecated -W ignore:easy_install command is deprecated setup.py egg_info --egg-base ../../build/my_nav2_bringup build --build-base /home/ayaa/Agro2/build/my_nav2_bringup/build install --record /home/ayaa/Agro2/build/my_nav2_bringup/install.log --single-version-externally-managed install_data
