[2.301s] Invoking command in '/home/ayaa/Agro2/src/fer_gazebo': PYTHONPATH=/home/ayaa/Agro2/build/fer_gazebo/prefix_override:/usr/lib/python3/dist-packages/colcon_core/task/python/colcon_distutils_commands:/home/ayaa/Agro2/install/fer_gazebo/lib/python3.10/site-packages:${PYTHONPATH} /usr/bin/python3 -W ignore:setup.py install is deprecated -W ignore:easy_install command is deprecated setup.py egg_info --egg-base ../../build/fer_gazebo build --build-base /home/ayaa/Agro2/build/fer_gazebo/build install --record /home/ayaa/Agro2/build/fer_gazebo/install.log --single-version-externally-managed install_data
[2.774s] running egg_info
[2.795s] writing ../../build/fer_gazebo/fer_gazebo.egg-info/PKG-INFO
[2.795s] writing dependency_links to ../../build/fer_gazebo/fer_gazebo.egg-info/dependency_links.txt
[2.796s] writing entry points to ../../build/fer_gazebo/fer_gazebo.egg-info/entry_points.txt
[2.796s] writing requirements to ../../build/fer_gazebo/fer_gazebo.egg-info/requires.txt
[2.796s] writing top-level names to ../../build/fer_gazebo/fer_gazebo.egg-info/top_level.txt
[2.851s] reading manifest file '../../build/fer_gazebo/fer_gazebo.egg-info/SOURCES.txt'
[2.852s] writing manifest file '../../build/fer_gazebo/fer_gazebo.egg-info/SOURCES.txt'
[2.852s] running build
[2.852s] running build_py
[2.853s] running install
[2.860s] running install_lib
[2.882s] running install_data
[2.882s] running install_egg_info
[2.903s] removing '/home/ayaa/Agro2/install/fer_gazebo/lib/python3.10/site-packages/fer_gazebo-0.0.0-py3.10.egg-info' (and everything under it)
[2.903s] Copying ../../build/fer_gazebo/fer_gazebo.egg-info to /home/ayaa/Agro2/install/fer_gazebo/lib/python3.10/site-packages/fer_gazebo-0.0.0-py3.10.egg-info
[2.904s] running install_scripts
[2.986s] Installing pick_place script to /home/ayaa/Agro2/install/fer_gazebo/lib/fer_gazebo
[2.987s] writing list of installed files to '/home/ayaa/Agro2/build/fer_gazebo/install.log'
[3.074s] Invoked command in '/home/ayaa/Agro2/src/fer_gazebo' returned '0': PYTHONPATH=/home/ayaa/Agro2/build/fer_gazebo/prefix_override:/usr/lib/python3/dist-packages/colcon_core/task/python/colcon_distutils_commands:/home/ayaa/Agro2/install/fer_gazebo/lib/python3.10/site-packages:${PYTHONPATH} /usr/bin/python3 -W ignore:setup.py install is deprecated -W ignore:easy_install command is deprecated setup.py egg_info --egg-base ../../build/fer_gazebo build --build-base /home/ayaa/Agro2/build/fer_gazebo/build install --record /home/ayaa/Agro2/build/fer_gazebo/install.log --single-version-externally-managed install_data
