[5.318s] Invoking command in '/home/ayaa/Agro2/src/tiago_custom': PYTHONPATH=/home/ayaa/Agro2/build/tiago_custom/prefix_override:/usr/lib/python3/dist-packages/colcon_core/task/python/colcon_distutils_commands:/home/ayaa/Agro2/install/tiago_custom/lib/python3.10/site-packages:${PYTHONPATH} /usr/bin/python3 -W ignore:setup.py install is deprecated -W ignore:easy_install command is deprecated setup.py egg_info --egg-base ../../build/tiago_custom build --build-base /home/ayaa/Agro2/build/tiago_custom/build install --record /home/ayaa/Agro2/build/tiago_custom/install.log --single-version-externally-managed install_data
[6.332s] running egg_info
[6.377s] writing ../../build/tiago_custom/tiago_custom.egg-info/PKG-INFO
[6.378s] writing dependency_links to ../../build/tiago_custom/tiago_custom.egg-info/dependency_links.txt
[6.379s] writing entry points to ../../build/tiago_custom/tiago_custom.egg-info/entry_points.txt
[6.379s] writing requirements to ../../build/tiago_custom/tiago_custom.egg-info/requires.txt
[6.379s] writing top-level names to ../../build/tiago_custom/tiago_custom.egg-info/top_level.txt
[6.487s] reading manifest file '../../build/tiago_custom/tiago_custom.egg-info/SOURCES.txt'
[6.490s] writing manifest file '../../build/tiago_custom/tiago_custom.egg-info/SOURCES.txt'
[6.490s] running build
[6.490s] running build_py
[6.491s] running install
[6.505s] running install_lib
[6.550s] running install_data
[6.551s] running install_egg_info
[6.593s] removing '/home/ayaa/Agro2/install/tiago_custom/lib/python3.10/site-packages/tiago_custom-0.0.0-py3.10.egg-info' (and everything under it)
[6.594s] Copying ../../build/tiago_custom/tiago_custom.egg-info to /home/ayaa/Agro2/install/tiago_custom/lib/python3.10/site-packages/tiago_custom-0.0.0-py3.10.egg-info
[6.597s] running install_scripts
[6.750s] Installing bridge_cmd script to /home/ayaa/Agro2/install/tiago_custom/lib/tiago_custom
[6.751s] writing list of installed files to '/home/ayaa/Agro2/build/tiago_custom/install.log'
[6.872s] Invoked command in '/home/ayaa/Agro2/src/tiago_custom' returned '0': PYTHONPATH=/home/ayaa/Agro2/build/tiago_custom/prefix_override:/usr/lib/python3/dist-packages/colcon_core/task/python/colcon_distutils_commands:/home/ayaa/Agro2/install/tiago_custom/lib/python3.10/site-packages:${PYTHONPATH} /usr/bin/python3 -W ignore:setup.py install is deprecated -W ignore:easy_install command is deprecated setup.py egg_info --egg-base ../../build/tiago_custom build --build-base /home/ayaa/Agro2/build/tiago_custom/build install --record /home/ayaa/Agro2/build/tiago_custom/install.log --single-version-externally-managed install_data
