[0.013s] Invoking command in '/home/ayaa/Agro2/build/tiago_behavior_tree': CMAKE_PREFIX_PATH=${CMAKE_PREFIX_PATH}:/home/ayaa/Agro2/install/trials:/home/ayaa/Agro2/install/tiago_custom:/home/ayaa/Agro2/install/my_nav2_bringup:/home/ayaa/Agro2/install/fer_moveit:/home/ayaa/Agro2/install/fer_gazebo:/home/ayaa/Agro2/install/custom_worlds:/opt/ros/humble /usr/bin/cmake --build /home/ayaa/Agro2/build/tiago_behavior_tree -- -j8 -l8
[0.041s] -- Found ament_cmake: 1.3.11 (/opt/ros/humble/share/ament_cmake/cmake)
[0.168s] -- Found rosidl_default_generators: 1.2.0 (/opt/ros/humble/share/rosidl_default_generators/cmake)
[0.171s] -- Using all available rosidl_typesupport_c: rosidl_typesupport_fastrtps_c;rosidl_typesupport_introspection_c
[0.174s] -- Found rosidl_adapter: 3.1.6 (/opt/ros/humble/share/rosidl_adapter/cmake)
[0.207s] -- Using all available rosidl_typesupport_cpp: rosidl_typesupport_fastrtps_cpp;rosidl_typesupport_introspection_cpp
[0.523s] -- Found ament_cmake_ros: 0.10.0 (/opt/ros/humble/share/ament_cmake_ros/cmake)
[0.704s] -- Using all available rosidl_typesupport_c: rosidl_typesupport_fastrtps_c;rosidl_typesupport_introspection_c
[0.928s] -- Using all available rosidl_typesupport_cpp: rosidl_typesupport_fastrtps_cpp;rosidl_typesupport_introspection_cpp
[0.950s] -- Found python_cmake_module: 0.10.0 (/opt/ros/humble/share/python_cmake_module/cmake)
[0.971s] -- Using PYTHON_EXECUTABLE: /usr/bin/python3
[0.971s] -- Using PYTHON_INCLUDE_DIRS: /usr/include/python3.10
[0.971s] -- Using PYTHON_LIBRARIES: /usr/lib/x86_64-linux-gnu/libpython3.10.so
[0.995s] -- Found rclcpp: 16.0.12 (/opt/ros/humble/share/rclcpp/cmake)
[1.020s] -- Found rmw_implementation_cmake: 6.1.2 (/opt/ros/humble/share/rmw_implementation_cmake/cmake)
[1.022s] -- Found rmw_fastrtps_cpp: 6.2.7 (/opt/ros/humble/share/rmw_fastrtps_cpp/cmake)
[1.127s] -- Using RMW implementation 'rmw_fastrtps_cpp' as default
[1.176s] -- Found moveit_ros_planning_interface: 2.5.9 (/opt/ros/humble/share/moveit_ros_planning_interface/cmake)
[1.187s] -- Found Boost: /usr/lib/x86_64-linux-gnu/cmake/Boost-1.74.0/BoostConfig.cmake (found version "1.74.0") found components: date_time filesystem program_options system thread 
[1.320s] -- Found Boost: /usr/lib/x86_64-linux-gnu/cmake/Boost-1.74.0/BoostConfig.cmake (found version "1.74.0") found components: chrono date_time filesystem iostreams program_options regex serialization system thread 
[1.343s] -- Found parameter_traits: 0.4.0 (/opt/ros/humble/share/parameter_traits/cmake)
[1.351s] -- Found rclcpp_lifecycle: 16.0.12 (/opt/ros/humble/share/rclcpp_lifecycle/cmake)
[1.371s] -- Found Boost: /usr/lib/x86_64-linux-gnu/cmake/Boost-1.74.0/BoostConfig.cmake (found version "1.74.0") found components: filesystem 
[1.402s] -- library: /usr/lib/x86_64-linux-gnu/libcurl.so
[1.428s] -- Ensuring Eigen3 include directory is part of orocos-kdl CMake target
[1.538s] -- Found Boost: /usr/lib/x86_64-linux-gnu/cmake/Boost-1.74.0/BoostConfig.cmake (found version "1.74.0") found components: system filesystem date_time program_options thread chrono 
[1.569s] -- Found Boost: /usr/lib/x86_64-linux-gnu/cmake/Boost-1.74.0/BoostConfig.cmake (found version "1.74.0") found components: thread system filesystem regex date_time program_options 
[1.592s] -- Found Boost: /usr/lib/x86_64-linux-gnu/cmake/Boost-1.74.0/BoostConfig.cmake (found version "1.74.0") found components: system filesystem date_time program_options thread 
[1.618s] -- Found nav2_behavior_tree: 1.1.18 (/opt/ros/humble/share/nav2_behavior_tree/cmake)
[1.733s] -- Found ament_lint_auto: 0.12.12 (/opt/ros/humble/share/ament_lint_auto/cmake)
[1.742s] -- Added test 'cppcheck' to perform static code analysis on C / C++ code
[1.743s] -- Configured cppcheck include dirs: 
[1.743s] -- Configured cppcheck exclude dirs and/or files: 
[1.744s] -- Added test 'lint_cmake' to check CMake code style
[1.745s] -- Added test 'uncrustify' to check C / C++ code style
[1.745s] -- Configured uncrustify additional arguments: 
[1.745s] -- Added test 'xmllint' to check XML markup files
[1.747s] -- Configuring done
[1.843s] -- Generating done
[1.862s] -- Build files have been written to: /home/ayaa/Agro2/build/tiago_behavior_tree
[1.892s] [35m[1mConsolidate compiler generated dependencies of target tiago_behavior_tree__rosidl_generator_c[0m
[1.903s] [  9%] Built target tiago_behavior_tree__rosidl_generator_c
[1.903s] [ 12%] Built target tiago_behavior_tree__cpp
[1.906s] [ 15%] [32mBuilding CXX object CMakeFiles/pick_action_node.dir/src/pick_action.cpp.o[0m
[1.911s] [ 15%] Built target ament_cmake_python_copy_tiago_behavior_tree
[1.916s] [ 27%] [34m[1mGenerating C type support for eProsima Fast-RTPS[0m
[1.916s] [ 27%] [34m[1mGenerating C type support dispatch for ROS interfaces[0m
[1.916s] [ 27%] [34m[1mGenerating C introspection for ROS interfaces[0m
[1.916s] [ 30%] [34m[1mGenerating C++ type support for eProsima Fast-RTPS[0m
[1.916s] [ 33%] [34m[1mGenerating C++ introspection for ROS interfaces[0m
[1.917s] [ 27%] [34m[1mGenerating C++ type support dispatch for ROS interfaces[0m
[2.480s] [ 36%] [32mBuilding CXX object CMakeFiles/tiago_behavior_tree__rosidl_typesupport_cpp.dir/rosidl_typesupport_cpp/tiago_behavior_tree/action/open_gripper__type_support.cpp.o[0m
[2.497s] [ 39%] [32mBuilding CXX object CMakeFiles/tiago_behavior_tree__rosidl_typesupport_c.dir/rosidl_typesupport_c/tiago_behavior_tree/action/open_gripper__type_support.cpp.o[0m
[2.572s] [ 42%] [32m[1mLinking CXX shared library libtiago_behavior_tree__rosidl_typesupport_c.so[0m
[2.581s] [01m[K/home/ayaa/Agro2/src/tiago_behavior_tree/src/pick_action.cpp:9:10:[m[K [01;31m[Kfatal error: [m[Ktiago_behavior_tree/action/open_gripper.hpp: No such file or directory
[2.581s]     9 | #include [01;31m[K"tiago_behavior_tree/action/open_gripper.hpp"[m[K
[2.581s]       |          [01;31m[K^~~~~~~~~~~~~~~~~~~~~~~~~~~~~~~~~~~~~~~~~~~~~[m[K
[2.581s] compilation terminated.
[2.583s] running egg_info
[2.587s] gmake[2]: *** [CMakeFiles/pick_action_node.dir/build.make:76: CMakeFiles/pick_action_node.dir/src/pick_action.cpp.o] Error 1
[2.587s] gmake[1]: *** [CMakeFiles/Makefile2:592: CMakeFiles/pick_action_node.dir/all] Error 2
[2.587s] gmake[1]: *** Waiting for unfinished jobs....
[2.612s] writing tiago_behavior_tree.egg-info/PKG-INFO
[2.612s] writing dependency_links to tiago_behavior_tree.egg-info/dependency_links.txt
[2.612s] writing top-level names to tiago_behavior_tree.egg-info/top_level.txt
[2.634s] [ 42%] Built target tiago_behavior_tree__rosidl_typesupport_c
[2.641s] [ 45%] [32mBuilding C object CMakeFiles/tiago_behavior_tree__rosidl_typesupport_introspection_c.dir/rosidl_typesupport_introspection_c/tiago_behavior_tree/action/detail/open_gripper__type_support.c.o[0m
[2.687s] [ 48%] [32mBuilding CXX object CMakeFiles/tiago_behavior_tree__rosidl_typesupport_fastrtps_c.dir/rosidl_typesupport_fastrtps_c/tiago_behavior_tree/action/detail/open_gripper__type_support_c.cpp.o[0m
[2.697s] reading manifest file 'tiago_behavior_tree.egg-info/SOURCES.txt'
[2.698s] writing manifest file 'tiago_behavior_tree.egg-info/SOURCES.txt'
[2.716s] [ 51%] [32mBuilding CXX object CMakeFiles/tiago_behavior_tree__rosidl_typesupport_introspection_cpp.dir/rosidl_typesupport_introspection_cpp/tiago_behavior_tree/action/detail/open_gripper__type_support.cpp.o[0m
[2.716s] [ 54%] [32mBuilding CXX object CMakeFiles/tiago_behavior_tree__rosidl_typesupport_fastrtps_cpp.dir/rosidl_typesupport_fastrtps_cpp/tiago_behavior_tree/action/detail/dds_fastrtps/open_gripper__type_support.cpp.o[0m
[2.719s] [ 57%] [32m[1mLinking C shared library libtiago_behavior_tree__rosidl_typesupport_introspection_c.so[0m
[2.760s] [ 57%] Built target ament_cmake_python_build_tiago_behavior_tree_egg
[2.766s] [ 57%] Built target tiago_behavior_tree__rosidl_typesupport_introspection_c
[3.065s] [ 60%] [32m[1mLinking CXX shared library libtiago_behavior_tree__rosidl_typesupport_cpp.so[0m
[3.105s] [ 63%] [32m[1mLinking CXX shared library libtiago_behavior_tree__rosidl_typesupport_fastrtps_c.so[0m
[3.111s] [ 63%] Built target tiago_behavior_tree__rosidl_typesupport_cpp
[3.191s] [ 63%] Built target tiago_behavior_tree__rosidl_typesupport_fastrtps_c
[3.299s] [ 66%] [32m[1mLinking CXX shared library libtiago_behavior_tree__rosidl_typesupport_fastrtps_cpp.so[0m
[3.358s] [ 69%] [32m[1mLinking CXX shared library libtiago_behavior_tree__rosidl_typesupport_introspection_cpp.so[0m
[3.379s] [ 69%] Built target tiago_behavior_tree__rosidl_typesupport_fastrtps_cpp
[3.427s] [ 69%] Built target tiago_behavior_tree__rosidl_typesupport_introspection_cpp
[3.428s] gmake: *** [Makefile:146: all] Error 2
[3.430s] Invoked command in '/home/ayaa/Agro2/build/tiago_behavior_tree' returned '2': CMAKE_PREFIX_PATH=${CMAKE_PREFIX_PATH}:/home/ayaa/Agro2/install/trials:/home/ayaa/Agro2/install/tiago_custom:/home/ayaa/Agro2/install/my_nav2_bringup:/home/ayaa/Agro2/install/fer_moveit:/home/ayaa/Agro2/install/fer_gazebo:/home/ayaa/Agro2/install/custom_worlds:/opt/ros/humble /usr/bin/cmake --build /home/ayaa/Agro2/build/tiago_behavior_tree -- -j8 -l8
