[5.559s] Invoking command in '/home/ayaa/Agro2/src/custom_worlds': PYTHONPATH=/home/ayaa/Agro2/build/custom_worlds/prefix_override:/usr/lib/python3/dist-packages/colcon_core/task/python/colcon_distutils_commands:/home/ayaa/Agro2/install/custom_worlds/lib/python3.10/site-packages:${PYTHONPATH} /usr/bin/python3 -W ignore:setup.py install is deprecated -W ignore:easy_install command is deprecated setup.py egg_info --egg-base ../../build/custom_worlds build --build-base /home/ayaa/Agro2/build/custom_worlds/build install --record /home/ayaa/Agro2/build/custom_worlds/install.log --single-version-externally-managed install_data
[7.143s] running egg_info
[7.205s] writing ../../build/custom_worlds/custom_worlds.egg-info/PKG-INFO
[7.206s] writing dependency_links to ../../build/custom_worlds/custom_worlds.egg-info/dependency_links.txt
[7.206s] writing requirements to ../../build/custom_worlds/custom_worlds.egg-info/requires.txt
[7.207s] writing top-level names to ../../build/custom_worlds/custom_worlds.egg-info/top_level.txt
[7.354s] reading manifest file '../../build/custom_worlds/custom_worlds.egg-info/SOURCES.txt'
[7.355s] adding license file 'LICENSE'
[7.358s] writing manifest file '../../build/custom_worlds/custom_worlds.egg-info/SOURCES.txt'
[7.359s] running build
[7.359s] running build_py
[7.359s] running install
[7.382s] running install_lib
[7.449s] running install_data
[7.449s] running install_egg_info
[7.521s] removing '/home/ayaa/Agro2/install/custom_worlds/lib/python3.10/site-packages/custom_worlds-0.0.0-py3.10.egg-info' (and everything under it)
[7.521s] Copying ../../build/custom_worlds/custom_worlds.egg-info to /home/ayaa/Agro2/install/custom_worlds/lib/python3.10/site-packages/custom_worlds-0.0.0-py3.10.egg-info
[7.525s] running install_scripts
[7.780s] writing list of installed files to '/home/ayaa/Agro2/build/custom_worlds/install.log'
[7.931s] Invoked command in '/home/ayaa/Agro2/src/custom_worlds' returned '0': PYTHONPATH=/home/ayaa/Agro2/build/custom_worlds/prefix_override:/usr/lib/python3/dist-packages/colcon_core/task/python/colcon_distutils_commands:/home/ayaa/Agro2/install/custom_worlds/lib/python3.10/site-packages:${PYTHONPATH} /usr/bin/python3 -W ignore:setup.py install is deprecated -W ignore:easy_install command is deprecated setup.py egg_info --egg-base ../../build/custom_worlds build --build-base /home/ayaa/Agro2/build/custom_worlds/build install --record /home/ayaa/Agro2/build/custom_worlds/install.log --single-version-externally-managed install_data
