[  8%] Built target tiago_behavior_tree__rosidl_generator_c
[ 11%] [32mBuilding CXX object CMakeFiles/open_gripper_server.dir/src/open_gripper_action_server.cpp.o[0m
[ 11%] Built target ament_cmake_python_copy_tiago_behavior_tree
[ 14%] Built target tiago_behavior_tree__cpp
[ 22%] Built target tiago_behavior_tree__rosidl_typesupport_c
[ 31%] Built target tiago_behavior_tree__rosidl_typesupport_fastrtps_c
[ 40%] Built target tiago_behavior_tree__rosidl_typesupport_introspection_c
[ 48%] Built target tiago_behavior_tree__rosidl_typesupport_cpp
[ 57%] Built target tiago_behavior_tree__rosidl_typesupport_introspection_cpp
[ 65%] Built target tiago_behavior_tree__rosidl_typesupport_fastrtps_cpp
[ 71%] Built target pick_action_node
[ 71%] Built target tiago_behavior_tree
[ 74%] Built target tiago_behavior_tree__py
[ 80%] Built target tiago_behavior_tree__rosidl_generator_py
[ 85%] Built target tiago_behavior_tree__rosidl_typesupport_fastrtps_c__pyext
[ 91%] Built target tiago_behavior_tree__rosidl_typesupport_introspection_c__pyext
[ 97%] Built target tiago_behavior_tree__rosidl_typesupport_c__pyext
running egg_info
writing tiago_behavior_tree.egg-info/PKG-INFO
writing dependency_links to tiago_behavior_tree.egg-info/dependency_links.txt
writing top-level names to tiago_behavior_tree.egg-info/top_level.txt
reading manifest file 'tiago_behavior_tree.egg-info/SOURCES.txt'
writing manifest file 'tiago_behavior_tree.egg-info/SOURCES.txt'
[ 97%] Built target ament_cmake_python_build_tiago_behavior_tree_egg
