[0.140s] DEBUG:colcon:Command line arguments: ['/usr/bin/colcon', 'build']
[0.140s] DEBUG:colcon:Parsed command line arguments: Namespace(log_base=None, log_level=None, verb_name='build', build_base='build', install_base='install', merge_install=False, symlink_install=False, test_result_base=None, continue_on_error=False, executor='parallel', parallel_workers=8, event_handlers=None, ignore_user_meta=False, metas=['./colcon.meta'], base_paths=['.'], packages_ignore=None, packages_ignore_regex=None, paths=None, packages_up_to=None, packages_up_to_regex=None, packages_above=None, packages_above_and_dependencies=None, packages_above_depth=None, packages_select_by_dep=None, packages_skip_by_dep=None, packages_skip_up_to=None, packages_select_build_failed=False, packages_skip_build_finished=False, packages_select_test_failures=False, packages_skip_test_passed=False, packages_select=None, packages_skip=None, packages_select_regex=None, packages_skip_regex=None, packages_start=None, packages_end=None, allow_overriding=[], cmake_args=None, cmake_target=None, cmake_target_skip_unavailable=False, cmake_clean_cache=False, cmake_clean_first=False, cmake_force_configure=False, ament_cmake_args=None, catkin_cmake_args=None, catkin_skip_building_tests=False, mixin_files=None, mixin=None, verb_parser=<colcon_mixin.mixin.mixin_argument.MixinArgumentDecorator object at 0x7fda4e69b550>, verb_extension=<colcon_core.verb.build.BuildVerb object at 0x7fda4e6989d0>, main=<bound method BuildVerb.main of <colcon_core.verb.build.BuildVerb object at 0x7fda4e6989d0>>, mixin_verb=('build',))
[0.387s] Level 1:colcon.colcon_core.package_discovery:discover_packages(colcon_meta) check parameters
[0.387s] Level 1:colcon.colcon_core.package_discovery:discover_packages(recursive) check parameters
[0.387s] Level 1:colcon.colcon_core.package_discovery:discover_packages(ignore) check parameters
[0.387s] Level 1:colcon.colcon_core.package_discovery:discover_packages(path) check parameters
[0.387s] Level 1:colcon.colcon_core.package_discovery:discover_packages(colcon_meta) discover
[0.387s] Level 1:colcon.colcon_core.package_discovery:discover_packages(recursive) discover
[0.387s] INFO:colcon.colcon_core.package_discovery:Crawling recursively for packages in '/home/ayaa/Agro2'
[0.387s] Level 1:colcon.colcon_core.package_identification:_identify(.) by extensions ['ignore', 'ignore_ament_install']
[0.387s] Level 1:colcon.colcon_core.package_identification:_identify(.) by extension 'ignore'
[0.388s] Level 1:colcon.colcon_core.package_identification:_identify(.) by extension 'ignore_ament_install'
[0.388s] Level 1:colcon.colcon_core.package_identification:_identify(.) by extensions ['colcon_pkg']
[0.388s] Level 1:colcon.colcon_core.package_identification:_identify(.) by extension 'colcon_pkg'
[0.388s] Level 1:colcon.colcon_core.package_identification:_identify(.) by extensions ['colcon_meta']
[0.388s] Level 1:colcon.colcon_core.package_identification:_identify(.) by extension 'colcon_meta'
[0.388s] Level 1:colcon.colcon_core.package_identification:_identify(.) by extensions ['ros']
[0.388s] Level 1:colcon.colcon_core.package_identification:_identify(.) by extension 'ros'
[0.401s] Level 1:colcon.colcon_core.package_identification:_identify(.) by extensions ['cmake', 'python']
[0.401s] Level 1:colcon.colcon_core.package_identification:_identify(.) by extension 'cmake'
[0.401s] Level 1:colcon.colcon_core.package_identification:_identify(.) by extension 'python'
[0.401s] Level 1:colcon.colcon_core.package_identification:_identify(.) by extensions ['python_setup_py']
[0.401s] Level 1:colcon.colcon_core.package_identification:_identify(.) by extension 'python_setup_py'
[0.401s] Level 1:colcon.colcon_core.package_identification:_identify(build) by extensions ['ignore', 'ignore_ament_install']
[0.401s] Level 1:colcon.colcon_core.package_identification:_identify(build) by extension 'ignore'
[0.401s] Level 1:colcon.colcon_core.package_identification:_identify(build) ignored
[0.401s] Level 1:colcon.colcon_core.package_identification:_identify(install) by extensions ['ignore', 'ignore_ament_install']
[0.401s] Level 1:colcon.colcon_core.package_identification:_identify(install) by extension 'ignore'
[0.401s] Level 1:colcon.colcon_core.package_identification:_identify(install) ignored
[0.402s] Level 1:colcon.colcon_core.package_identification:_identify(log) by extensions ['ignore', 'ignore_ament_install']
[0.402s] Level 1:colcon.colcon_core.package_identification:_identify(log) by extension 'ignore'
[0.402s] Level 1:colcon.colcon_core.package_identification:_identify(log) ignored
[0.402s] Level 1:colcon.colcon_core.package_identification:_identify(rosbag2_2025_03_02-20_45_56) by extensions ['ignore', 'ignore_ament_install']
[0.402s] Level 1:colcon.colcon_core.package_identification:_identify(rosbag2_2025_03_02-20_45_56) by extension 'ignore'
[0.402s] Level 1:colcon.colcon_core.package_identification:_identify(rosbag2_2025_03_02-20_45_56) by extension 'ignore_ament_install'
[0.402s] Level 1:colcon.colcon_core.package_identification:_identify(rosbag2_2025_03_02-20_45_56) by extensions ['colcon_pkg']
[0.402s] Level 1:colcon.colcon_core.package_identification:_identify(rosbag2_2025_03_02-20_45_56) by extension 'colcon_pkg'
[0.402s] Level 1:colcon.colcon_core.package_identification:_identify(rosbag2_2025_03_02-20_45_56) by extensions ['colcon_meta']
[0.402s] Level 1:colcon.colcon_core.package_identification:_identify(rosbag2_2025_03_02-20_45_56) by extension 'colcon_meta'
[0.402s] Level 1:colcon.colcon_core.package_identification:_identify(rosbag2_2025_03_02-20_45_56) by extensions ['ros']
[0.402s] Level 1:colcon.colcon_core.package_identification:_identify(rosbag2_2025_03_02-20_45_56) by extension 'ros'
[0.402s] Level 1:colcon.colcon_core.package_identification:_identify(rosbag2_2025_03_02-20_45_56) by extensions ['cmake', 'python']
[0.402s] Level 1:colcon.colcon_core.package_identification:_identify(rosbag2_2025_03_02-20_45_56) by extension 'cmake'
[0.402s] Level 1:colcon.colcon_core.package_identification:_identify(rosbag2_2025_03_02-20_45_56) by extension 'python'
[0.402s] Level 1:colcon.colcon_core.package_identification:_identify(rosbag2_2025_03_02-20_45_56) by extensions ['python_setup_py']
[0.402s] Level 1:colcon.colcon_core.package_identification:_identify(rosbag2_2025_03_02-20_45_56) by extension 'python_setup_py'
[0.402s] Level 1:colcon.colcon_core.package_identification:_identify(src) by extensions ['ignore', 'ignore_ament_install']
[0.402s] Level 1:colcon.colcon_core.package_identification:_identify(src) by extension 'ignore'
[0.403s] Level 1:colcon.colcon_core.package_identification:_identify(src) by extension 'ignore_ament_install'
[0.403s] Level 1:colcon.colcon_core.package_identification:_identify(src) by extensions ['colcon_pkg']
[0.403s] Level 1:colcon.colcon_core.package_identification:_identify(src) by extension 'colcon_pkg'
[0.403s] Level 1:colcon.colcon_core.package_identification:_identify(src) by extensions ['colcon_meta']
[0.403s] Level 1:colcon.colcon_core.package_identification:_identify(src) by extension 'colcon_meta'
[0.403s] Level 1:colcon.colcon_core.package_identification:_identify(src) by extensions ['ros']
[0.403s] Level 1:colcon.colcon_core.package_identification:_identify(src) by extension 'ros'
[0.403s] Level 1:colcon.colcon_core.package_identification:_identify(src) by extensions ['cmake', 'python']
[0.403s] Level 1:colcon.colcon_core.package_identification:_identify(src) by extension 'cmake'
[0.403s] Level 1:colcon.colcon_core.package_identification:_identify(src) by extension 'python'
[0.403s] Level 1:colcon.colcon_core.package_identification:_identify(src) by extensions ['python_setup_py']
[0.403s] Level 1:colcon.colcon_core.package_identification:_identify(src) by extension 'python_setup_py'
[0.403s] Level 1:colcon.colcon_core.package_identification:_identify(src/build) by extensions ['ignore', 'ignore_ament_install']
[0.403s] Level 1:colcon.colcon_core.package_identification:_identify(src/build) by extension 'ignore'
[0.403s] Level 1:colcon.colcon_core.package_identification:_identify(src/build) ignored
[0.403s] Level 1:colcon.colcon_core.package_identification:_identify(src/custom_worlds) by extensions ['ignore', 'ignore_ament_install']
[0.403s] Level 1:colcon.colcon_core.package_identification:_identify(src/custom_worlds) by extension 'ignore'
[0.403s] Level 1:colcon.colcon_core.package_identification:_identify(src/custom_worlds) by extension 'ignore_ament_install'
[0.403s] Level 1:colcon.colcon_core.package_identification:_identify(src/custom_worlds) by extensions ['colcon_pkg']
[0.403s] Level 1:colcon.colcon_core.package_identification:_identify(src/custom_worlds) by extension 'colcon_pkg'
[0.403s] Level 1:colcon.colcon_core.package_identification:_identify(src/custom_worlds) by extensions ['colcon_meta']
[0.403s] Level 1:colcon.colcon_core.package_identification:_identify(src/custom_worlds) by extension 'colcon_meta'
[0.404s] Level 1:colcon.colcon_core.package_identification:_identify(src/custom_worlds) by extensions ['ros']
[0.404s] Level 1:colcon.colcon_core.package_identification:_identify(src/custom_worlds) by extension 'ros'
[0.406s] DEBUG:colcon.colcon_core.package_identification:Package 'src/custom_worlds' with type 'ros.ament_python' and name 'custom_worlds'
[0.406s] Level 1:colcon.colcon_core.package_identification:_identify(src/fer_cpp_moveit) by extensions ['ignore', 'ignore_ament_install']
[0.406s] Level 1:colcon.colcon_core.package_identification:_identify(src/fer_cpp_moveit) by extension 'ignore'
[0.407s] Level 1:colcon.colcon_core.package_identification:_identify(src/fer_cpp_moveit) by extension 'ignore_ament_install'
[0.407s] Level 1:colcon.colcon_core.package_identification:_identify(src/fer_cpp_moveit) by extensions ['colcon_pkg']
[0.407s] Level 1:colcon.colcon_core.package_identification:_identify(src/fer_cpp_moveit) by extension 'colcon_pkg'
[0.407s] Level 1:colcon.colcon_core.package_identification:_identify(src/fer_cpp_moveit) by extensions ['colcon_meta']
[0.407s] Level 1:colcon.colcon_core.package_identification:_identify(src/fer_cpp_moveit) by extension 'colcon_meta'
[0.407s] Level 1:colcon.colcon_core.package_identification:_identify(src/fer_cpp_moveit) by extensions ['ros']
[0.407s] Level 1:colcon.colcon_core.package_identification:_identify(src/fer_cpp_moveit) by extension 'ros'
[0.407s] DEBUG:colcon.colcon_core.package_identification:Package 'src/fer_cpp_moveit' with type 'ros.ament_cmake' and name 'fer_cpp_moveit'
[0.407s] Level 1:colcon.colcon_core.package_identification:_identify(src/fer_gazebo) by extensions ['ignore', 'ignore_ament_install']
[0.408s] Level 1:colcon.colcon_core.package_identification:_identify(src/fer_gazebo) by extension 'ignore'
[0.408s] Level 1:colcon.colcon_core.package_identification:_identify(src/fer_gazebo) by extension 'ignore_ament_install'
[0.408s] Level 1:colcon.colcon_core.package_identification:_identify(src/fer_gazebo) by extensions ['colcon_pkg']
[0.408s] Level 1:colcon.colcon_core.package_identification:_identify(src/fer_gazebo) by extension 'colcon_pkg'
[0.408s] Level 1:colcon.colcon_core.package_identification:_identify(src/fer_gazebo) by extensions ['colcon_meta']
[0.408s] Level 1:colcon.colcon_core.package_identification:_identify(src/fer_gazebo) by extension 'colcon_meta'
[0.408s] Level 1:colcon.colcon_core.package_identification:_identify(src/fer_gazebo) by extensions ['ros']
[0.408s] Level 1:colcon.colcon_core.package_identification:_identify(src/fer_gazebo) by extension 'ros'
[0.408s] DEBUG:colcon.colcon_core.package_identification:Package 'src/fer_gazebo' with type 'ros.ament_python' and name 'fer_gazebo'
[0.408s] Level 1:colcon.colcon_core.package_identification:_identify(src/fer_moveit) by extensions ['ignore', 'ignore_ament_install']
[0.409s] Level 1:colcon.colcon_core.package_identification:_identify(src/fer_moveit) by extension 'ignore'
[0.409s] Level 1:colcon.colcon_core.package_identification:_identify(src/fer_moveit) by extension 'ignore_ament_install'
[0.409s] Level 1:colcon.colcon_core.package_identification:_identify(src/fer_moveit) by extensions ['colcon_pkg']
[0.409s] Level 1:colcon.colcon_core.package_identification:_identify(src/fer_moveit) by extension 'colcon_pkg'
[0.409s] Level 1:colcon.colcon_core.package_identification:_identify(src/fer_moveit) by extensions ['colcon_meta']
[0.409s] Level 1:colcon.colcon_core.package_identification:_identify(src/fer_moveit) by extension 'colcon_meta'
[0.409s] Level 1:colcon.colcon_core.package_identification:_identify(src/fer_moveit) by extensions ['ros']
[0.409s] Level 1:colcon.colcon_core.package_identification:_identify(src/fer_moveit) by extension 'ros'
[0.410s] DEBUG:colcon.colcon_core.package_identification:Package 'src/fer_moveit' with type 'ros.ament_cmake' and name 'fer_moveit'
[0.410s] Level 1:colcon.colcon_core.package_identification:_identify(src/franka_description) by extensions ['ignore', 'ignore_ament_install']
[0.410s] Level 1:colcon.colcon_core.package_identification:_identify(src/franka_description) by extension 'ignore'
[0.410s] Level 1:colcon.colcon_core.package_identification:_identify(src/franka_description) by extension 'ignore_ament_install'
[0.410s] Level 1:colcon.colcon_core.package_identification:_identify(src/franka_description) by extensions ['colcon_pkg']
[0.410s] Level 1:colcon.colcon_core.package_identification:_identify(src/franka_description) by extension 'colcon_pkg'
[0.410s] Level 1:colcon.colcon_core.package_identification:_identify(src/franka_description) by extensions ['colcon_meta']
[0.410s] Level 1:colcon.colcon_core.package_identification:_identify(src/franka_description) by extension 'colcon_meta'
[0.410s] Level 1:colcon.colcon_core.package_identification:_identify(src/franka_description) by extensions ['ros']
[0.410s] Level 1:colcon.colcon_core.package_identification:_identify(src/franka_description) by extension 'ros'
[0.411s] DEBUG:colcon.colcon_core.package_identification:Package 'src/franka_description' with type 'ros.ament_cmake' and name 'franka_description'
[0.411s] Level 1:colcon.colcon_core.package_identification:_identify(src/install) by extensions ['ignore', 'ignore_ament_install']
[0.411s] Level 1:colcon.colcon_core.package_identification:_identify(src/install) by extension 'ignore'
[0.411s] Level 1:colcon.colcon_core.package_identification:_identify(src/install) ignored
[0.411s] Level 1:colcon.colcon_core.package_identification:_identify(src/log) by extensions ['ignore', 'ignore_ament_install']
[0.411s] Level 1:colcon.colcon_core.package_identification:_identify(src/log) by extension 'ignore'
[0.411s] Level 1:colcon.colcon_core.package_identification:_identify(src/log) ignored
[0.411s] Level 1:colcon.colcon_core.package_identification:_identify(src/my_nav2_bringup) by extensions ['ignore', 'ignore_ament_install']
[0.411s] Level 1:colcon.colcon_core.package_identification:_identify(src/my_nav2_bringup) by extension 'ignore'
[0.411s] Level 1:colcon.colcon_core.package_identification:_identify(src/my_nav2_bringup) by extension 'ignore_ament_install'
[0.411s] Level 1:colcon.colcon_core.package_identification:_identify(src/my_nav2_bringup) by extensions ['colcon_pkg']
[0.411s] Level 1:colcon.colcon_core.package_identification:_identify(src/my_nav2_bringup) by extension 'colcon_pkg'
[0.411s] Level 1:colcon.colcon_core.package_identification:_identify(src/my_nav2_bringup) by extensions ['colcon_meta']
[0.411s] Level 1:colcon.colcon_core.package_identification:_identify(src/my_nav2_bringup) by extension 'colcon_meta'
[0.411s] Level 1:colcon.colcon_core.package_identification:_identify(src/my_nav2_bringup) by extensions ['ros']
[0.411s] Level 1:colcon.colcon_core.package_identification:_identify(src/my_nav2_bringup) by extension 'ros'
[0.412s] DEBUG:colcon.colcon_core.package_identification:Package 'src/my_nav2_bringup' with type 'ros.ament_python' and name 'my_nav2_bringup'
[0.412s] Level 1:colcon.colcon_core.package_identification:_identify(src/tiago_custom) by extensions ['ignore', 'ignore_ament_install']
[0.412s] Level 1:colcon.colcon_core.package_identification:_identify(src/tiago_custom) by extension 'ignore'
[0.412s] Level 1:colcon.colcon_core.package_identification:_identify(src/tiago_custom) by extension 'ignore_ament_install'
[0.412s] Level 1:colcon.colcon_core.package_identification:_identify(src/tiago_custom) by extensions ['colcon_pkg']
[0.412s] Level 1:colcon.colcon_core.package_identification:_identify(src/tiago_custom) by extension 'colcon_pkg'
[0.412s] Level 1:colcon.colcon_core.package_identification:_identify(src/tiago_custom) by extensions ['colcon_meta']
[0.412s] Level 1:colcon.colcon_core.package_identification:_identify(src/tiago_custom) by extension 'colcon_meta'
[0.412s] Level 1:colcon.colcon_core.package_identification:_identify(src/tiago_custom) by extensions ['ros']
[0.412s] Level 1:colcon.colcon_core.package_identification:_identify(src/tiago_custom) by extension 'ros'
[0.413s] DEBUG:colcon.colcon_core.package_identification:Package 'src/tiago_custom' with type 'ros.ament_python' and name 'tiago_custom'
[0.413s] Level 1:colcon.colcon_core.package_discovery:discover_packages(recursive) using defaults
[0.413s] Level 1:colcon.colcon_core.package_discovery:discover_packages(ignore) discover
[0.413s] Level 1:colcon.colcon_core.package_discovery:discover_packages(ignore) using defaults
[0.413s] Level 1:colcon.colcon_core.package_discovery:discover_packages(path) discover
[0.413s] Level 1:colcon.colcon_core.package_discovery:discover_packages(path) using defaults
[0.432s] Level 1:colcon.colcon_core.package_discovery:discover_packages(prefix_path) check parameters
[0.432s] Level 1:colcon.colcon_core.package_discovery:discover_packages(prefix_path) discover
[0.435s] DEBUG:colcon.colcon_installed_package_information.package_discovery:Found 16 installed packages in /home/ayaa/Agro2/install
[0.437s] DEBUG:colcon.colcon_installed_package_information.package_discovery:Found 460 installed packages in /opt/ros/humble
[0.440s] Level 1:colcon.colcon_core.package_discovery:discover_packages(prefix_path) using defaults
[0.491s] Level 5:colcon.colcon_core.verb:set package 'custom_worlds' build argument 'cmake_args' from command line to 'None'
[0.491s] Level 5:colcon.colcon_core.verb:set package 'custom_worlds' build argument 'cmake_target' from command line to 'None'
[0.491s] Level 5:colcon.colcon_core.verb:set package 'custom_worlds' build argument 'cmake_target_skip_unavailable' from command line to 'False'
[0.491s] Level 5:colcon.colcon_core.verb:set package 'custom_worlds' build argument 'cmake_clean_cache' from command line to 'False'
[0.491s] Level 5:colcon.colcon_core.verb:set package 'custom_worlds' build argument 'cmake_clean_first' from command line to 'False'
[0.491s] Level 5:colcon.colcon_core.verb:set package 'custom_worlds' build argument 'cmake_force_configure' from command line to 'False'
[0.491s] Level 5:colcon.colcon_core.verb:set package 'custom_worlds' build argument 'ament_cmake_args' from command line to 'None'
[0.491s] Level 5:colcon.colcon_core.verb:set package 'custom_worlds' build argument 'catkin_cmake_args' from command line to 'None'
[0.492s] Level 5:colcon.colcon_core.verb:set package 'custom_worlds' build argument 'catkin_skip_building_tests' from command line to 'False'
[0.492s] DEBUG:colcon.colcon_core.verb:Building package 'custom_worlds' with the following arguments: {'ament_cmake_args': None, 'build_base': '/home/ayaa/Agro2/build/custom_worlds', 'catkin_cmake_args': None, 'catkin_skip_building_tests': False, 'cmake_args': None, 'cmake_clean_cache': False, 'cmake_clean_first': False, 'cmake_force_configure': False, 'cmake_target': None, 'cmake_target_skip_unavailable': False, 'install_base': '/home/ayaa/Agro2/install/custom_worlds', 'merge_install': False, 'path': '/home/ayaa/Agro2/src/custom_worlds', 'symlink_install': False, 'test_result_base': None}
[0.492s] Level 5:colcon.colcon_core.verb:set package 'fer_cpp_moveit' build argument 'cmake_args' from command line to 'None'
[0.492s] Level 5:colcon.colcon_core.verb:set package 'fer_cpp_moveit' build argument 'cmake_target' from command line to 'None'
[0.492s] Level 5:colcon.colcon_core.verb:set package 'fer_cpp_moveit' build argument 'cmake_target_skip_unavailable' from command line to 'False'
[0.492s] Level 5:colcon.colcon_core.verb:set package 'fer_cpp_moveit' build argument 'cmake_clean_cache' from command line to 'False'
[0.492s] Level 5:colcon.colcon_core.verb:set package 'fer_cpp_moveit' build argument 'cmake_clean_first' from command line to 'False'
[0.492s] Level 5:colcon.colcon_core.verb:set package 'fer_cpp_moveit' build argument 'cmake_force_configure' from command line to 'False'
[0.492s] Level 5:colcon.colcon_core.verb:set package 'fer_cpp_moveit' build argument 'ament_cmake_args' from command line to 'None'
[0.492s] Level 5:colcon.colcon_core.verb:set package 'fer_cpp_moveit' build argument 'catkin_cmake_args' from command line to 'None'
[0.492s] Level 5:colcon.colcon_core.verb:set package 'fer_cpp_moveit' build argument 'catkin_skip_building_tests' from command line to 'False'
[0.492s] DEBUG:colcon.colcon_core.verb:Building package 'fer_cpp_moveit' with the following arguments: {'ament_cmake_args': None, 'build_base': '/home/ayaa/Agro2/build/fer_cpp_moveit', 'catkin_cmake_args': None, 'catkin_skip_building_tests': False, 'cmake_args': None, 'cmake_clean_cache': False, 'cmake_clean_first': False, 'cmake_force_configure': False, 'cmake_target': None, 'cmake_target_skip_unavailable': False, 'install_base': '/home/ayaa/Agro2/install/fer_cpp_moveit', 'merge_install': False, 'path': '/home/ayaa/Agro2/src/fer_cpp_moveit', 'symlink_install': False, 'test_result_base': None}
[0.492s] Level 5:colcon.colcon_core.verb:set package 'fer_gazebo' build argument 'cmake_args' from command line to 'None'
[0.492s] Level 5:colcon.colcon_core.verb:set package 'fer_gazebo' build argument 'cmake_target' from command line to 'None'
[0.492s] Level 5:colcon.colcon_core.verb:set package 'fer_gazebo' build argument 'cmake_target_skip_unavailable' from command line to 'False'
[0.493s] Level 5:colcon.colcon_core.verb:set package 'fer_gazebo' build argument 'cmake_clean_cache' from command line to 'False'
[0.493s] Level 5:colcon.colcon_core.verb:set package 'fer_gazebo' build argument 'cmake_clean_first' from command line to 'False'
[0.493s] Level 5:colcon.colcon_core.verb:set package 'fer_gazebo' build argument 'cmake_force_configure' from command line to 'False'
[0.493s] Level 5:colcon.colcon_core.verb:set package 'fer_gazebo' build argument 'ament_cmake_args' from command line to 'None'
[0.493s] Level 5:colcon.colcon_core.verb:set package 'fer_gazebo' build argument 'catkin_cmake_args' from command line to 'None'
[0.493s] Level 5:colcon.colcon_core.verb:set package 'fer_gazebo' build argument 'catkin_skip_building_tests' from command line to 'False'
[0.493s] DEBUG:colcon.colcon_core.verb:Building package 'fer_gazebo' with the following arguments: {'ament_cmake_args': None, 'build_base': '/home/ayaa/Agro2/build/fer_gazebo', 'catkin_cmake_args': None, 'catkin_skip_building_tests': False, 'cmake_args': None, 'cmake_clean_cache': False, 'cmake_clean_first': False, 'cmake_force_configure': False, 'cmake_target': None, 'cmake_target_skip_unavailable': False, 'install_base': '/home/ayaa/Agro2/install/fer_gazebo', 'merge_install': False, 'path': '/home/ayaa/Agro2/src/fer_gazebo', 'symlink_install': False, 'test_result_base': None}
[0.493s] Level 5:colcon.colcon_core.verb:set package 'franka_description' build argument 'cmake_args' from command line to 'None'
[0.493s] Level 5:colcon.colcon_core.verb:set package 'franka_description' build argument 'cmake_target' from command line to 'None'
[0.493s] Level 5:colcon.colcon_core.verb:set package 'franka_description' build argument 'cmake_target_skip_unavailable' from command line to 'False'
[0.493s] Level 5:colcon.colcon_core.verb:set package 'franka_description' build argument 'cmake_clean_cache' from command line to 'False'
[0.493s] Level 5:colcon.colcon_core.verb:set package 'franka_description' build argument 'cmake_clean_first' from command line to 'False'
[0.493s] Level 5:colcon.colcon_core.verb:set package 'franka_description' build argument 'cmake_force_configure' from command line to 'False'
[0.493s] Level 5:colcon.colcon_core.verb:set package 'franka_description' build argument 'ament_cmake_args' from command line to 'None'
[0.493s] Level 5:colcon.colcon_core.verb:set package 'franka_description' build argument 'catkin_cmake_args' from command line to 'None'
[0.493s] Level 5:colcon.colcon_core.verb:set package 'franka_description' build argument 'catkin_skip_building_tests' from command line to 'False'
[0.493s] DEBUG:colcon.colcon_core.verb:Building package 'franka_description' with the following arguments: {'ament_cmake_args': None, 'build_base': '/home/ayaa/Agro2/build/franka_description', 'catkin_cmake_args': None, 'catkin_skip_building_tests': False, 'cmake_args': None, 'cmake_clean_cache': False, 'cmake_clean_first': False, 'cmake_force_configure': False, 'cmake_target': None, 'cmake_target_skip_unavailable': False, 'install_base': '/home/ayaa/Agro2/install/franka_description', 'merge_install': False, 'path': '/home/ayaa/Agro2/src/franka_description', 'symlink_install': False, 'test_result_base': None}
[0.493s] Level 5:colcon.colcon_core.verb:set package 'my_nav2_bringup' build argument 'cmake_args' from command line to 'None'
[0.494s] Level 5:colcon.colcon_core.verb:set package 'my_nav2_bringup' build argument 'cmake_target' from command line to 'None'
[0.494s] Level 5:colcon.colcon_core.verb:set package 'my_nav2_bringup' build argument 'cmake_target_skip_unavailable' from command line to 'False'
[0.494s] Level 5:colcon.colcon_core.verb:set package 'my_nav2_bringup' build argument 'cmake_clean_cache' from command line to 'False'
[0.494s] Level 5:colcon.colcon_core.verb:set package 'my_nav2_bringup' build argument 'cmake_clean_first' from command line to 'False'
[0.494s] Level 5:colcon.colcon_core.verb:set package 'my_nav2_bringup' build argument 'cmake_force_configure' from command line to 'False'
[0.494s] Level 5:colcon.colcon_core.verb:set package 'my_nav2_bringup' build argument 'ament_cmake_args' from command line to 'None'
[0.494s] Level 5:colcon.colcon_core.verb:set package 'my_nav2_bringup' build argument 'catkin_cmake_args' from command line to 'None'
[0.494s] Level 5:colcon.colcon_core.verb:set package 'my_nav2_bringup' build argument 'catkin_skip_building_tests' from command line to 'False'
[0.494s] DEBUG:colcon.colcon_core.verb:Building package 'my_nav2_bringup' with the following arguments: {'ament_cmake_args': None, 'build_base': '/home/ayaa/Agro2/build/my_nav2_bringup', 'catkin_cmake_args': None, 'catkin_skip_building_tests': False, 'cmake_args': None, 'cmake_clean_cache': False, 'cmake_clean_first': False, 'cmake_force_configure': False, 'cmake_target': None, 'cmake_target_skip_unavailable': False, 'install_base': '/home/ayaa/Agro2/install/my_nav2_bringup', 'merge_install': False, 'path': '/home/ayaa/Agro2/src/my_nav2_bringup', 'symlink_install': False, 'test_result_base': None}
[0.494s] Level 5:colcon.colcon_core.verb:set package 'tiago_custom' build argument 'cmake_args' from command line to 'None'
[0.494s] Level 5:colcon.colcon_core.verb:set package 'tiago_custom' build argument 'cmake_target' from command line to 'None'
[0.494s] Level 5:colcon.colcon_core.verb:set package 'tiago_custom' build argument 'cmake_target_skip_unavailable' from command line to 'False'
[0.494s] Level 5:colcon.colcon_core.verb:set package 'tiago_custom' build argument 'cmake_clean_cache' from command line to 'False'
[0.494s] Level 5:colcon.colcon_core.verb:set package 'tiago_custom' build argument 'cmake_clean_first' from command line to 'False'
[0.494s] Level 5:colcon.colcon_core.verb:set package 'tiago_custom' build argument 'cmake_force_configure' from command line to 'False'
[0.494s] Level 5:colcon.colcon_core.verb:set package 'tiago_custom' build argument 'ament_cmake_args' from command line to 'None'
[0.494s] Level 5:colcon.colcon_core.verb:set package 'tiago_custom' build argument 'catkin_cmake_args' from command line to 'None'
[0.494s] Level 5:colcon.colcon_core.verb:set package 'tiago_custom' build argument 'catkin_skip_building_tests' from command line to 'False'
[0.494s] DEBUG:colcon.colcon_core.verb:Building package 'tiago_custom' with the following arguments: {'ament_cmake_args': None, 'build_base': '/home/ayaa/Agro2/build/tiago_custom', 'catkin_cmake_args': None, 'catkin_skip_building_tests': False, 'cmake_args': None, 'cmake_clean_cache': False, 'cmake_clean_first': False, 'cmake_force_configure': False, 'cmake_target': None, 'cmake_target_skip_unavailable': False, 'install_base': '/home/ayaa/Agro2/install/tiago_custom', 'merge_install': False, 'path': '/home/ayaa/Agro2/src/tiago_custom', 'symlink_install': False, 'test_result_base': None}
[0.495s] Level 5:colcon.colcon_core.verb:set package 'fer_moveit' build argument 'cmake_args' from command line to 'None'
[0.495s] Level 5:colcon.colcon_core.verb:set package 'fer_moveit' build argument 'cmake_target' from command line to 'None'
[0.495s] Level 5:colcon.colcon_core.verb:set package 'fer_moveit' build argument 'cmake_target_skip_unavailable' from command line to 'False'
[0.495s] Level 5:colcon.colcon_core.verb:set package 'fer_moveit' build argument 'cmake_clean_cache' from command line to 'False'
[0.495s] Level 5:colcon.colcon_core.verb:set package 'fer_moveit' build argument 'cmake_clean_first' from command line to 'False'
[0.495s] Level 5:colcon.colcon_core.verb:set package 'fer_moveit' build argument 'cmake_force_configure' from command line to 'False'
[0.495s] Level 5:colcon.colcon_core.verb:set package 'fer_moveit' build argument 'ament_cmake_args' from command line to 'None'
[0.495s] Level 5:colcon.colcon_core.verb:set package 'fer_moveit' build argument 'catkin_cmake_args' from command line to 'None'
[0.495s] Level 5:colcon.colcon_core.verb:set package 'fer_moveit' build argument 'catkin_skip_building_tests' from command line to 'False'
[0.495s] DEBUG:colcon.colcon_core.verb:Building package 'fer_moveit' with the following arguments: {'ament_cmake_args': None, 'build_base': '/home/ayaa/Agro2/build/fer_moveit', 'catkin_cmake_args': None, 'catkin_skip_building_tests': False, 'cmake_args': None, 'cmake_clean_cache': False, 'cmake_clean_first': False, 'cmake_force_configure': False, 'cmake_target': None, 'cmake_target_skip_unavailable': False, 'install_base': '/home/ayaa/Agro2/install/fer_moveit', 'merge_install': False, 'path': '/home/ayaa/Agro2/src/fer_moveit', 'symlink_install': False, 'test_result_base': None}
[0.495s] INFO:colcon.colcon_core.executor:Executing jobs using 'parallel' executor
[0.496s] DEBUG:colcon.colcon_parallel_executor.executor.parallel:run_until_complete
[0.496s] INFO:colcon.colcon_ros.task.ament_cmake.build:Building ROS package in '/home/ayaa/Agro2/src/franka_description' with build type 'ament_cmake'
[0.496s] INFO:colcon.colcon_cmake.task.cmake.build:Building CMake package in '/home/ayaa/Agro2/src/franka_description'
[0.499s] INFO:colcon.colcon_core.plugin_system:Skipping extension 'colcon_core.shell.bat': Not used on non-Windows systems
[0.500s] INFO:colcon.colcon_core.shell:Skip shell extension 'powershell' for command environment: Not usable outside of PowerShell
[0.500s] DEBUG:colcon.colcon_core.shell:Skip shell extension 'dsv' for command environment
[0.504s] INFO:colcon.colcon_ros.task.ament_python.build:Building ROS package in '/home/ayaa/Agro2/src/custom_worlds' with build type 'ament_python'
[0.504s] Level 1:colcon.colcon_core.shell:create_environment_hook('custom_worlds', 'ament_prefix_path')
[0.504s] INFO:colcon.colcon_core.shell:Creating environment hook '/home/ayaa/Agro2/install/custom_worlds/share/custom_worlds/hook/ament_prefix_path.ps1'
[0.505s] INFO:colcon.colcon_core.shell:Creating environment descriptor '/home/ayaa/Agro2/install/custom_worlds/share/custom_worlds/hook/ament_prefix_path.dsv'
[0.506s] INFO:colcon.colcon_core.shell:Creating environment hook '/home/ayaa/Agro2/install/custom_worlds/share/custom_worlds/hook/ament_prefix_path.sh'
[0.506s] INFO:colcon.colcon_core.shell:Skip shell extension 'powershell' for command environment: Not usable outside of PowerShell
[0.506s] DEBUG:colcon.colcon_core.shell:Skip shell extension 'dsv' for command environment
[0.512s] INFO:colcon.colcon_ros.task.ament_cmake.build:Building ROS package in '/home/ayaa/Agro2/src/fer_cpp_moveit' with build type 'ament_cmake'
[0.512s] INFO:colcon.colcon_cmake.task.cmake.build:Building CMake package in '/home/ayaa/Agro2/src/fer_cpp_moveit'
[0.513s] INFO:colcon.colcon_core.shell:Skip shell extension 'powershell' for command environment: Not usable outside of PowerShell
[0.513s] DEBUG:colcon.colcon_core.shell:Skip shell extension 'dsv' for command environment
[0.517s] INFO:colcon.colcon_ros.task.ament_python.build:Building ROS package in '/home/ayaa/Agro2/src/fer_gazebo' with build type 'ament_python'
[0.517s] Level 1:colcon.colcon_core.shell:create_environment_hook('fer_gazebo', 'ament_prefix_path')
[0.518s] INFO:colcon.colcon_core.shell:Creating environment hook '/home/ayaa/Agro2/install/fer_gazebo/share/fer_gazebo/hook/ament_prefix_path.ps1'
[0.518s] INFO:colcon.colcon_core.shell:Creating environment descriptor '/home/ayaa/Agro2/install/fer_gazebo/share/fer_gazebo/hook/ament_prefix_path.dsv'
[0.519s] INFO:colcon.colcon_core.shell:Creating environment hook '/home/ayaa/Agro2/install/fer_gazebo/share/fer_gazebo/hook/ament_prefix_path.sh'
[0.519s] INFO:colcon.colcon_core.shell:Skip shell extension 'powershell' for command environment: Not usable outside of PowerShell
[0.519s] DEBUG:colcon.colcon_core.shell:Skip shell extension 'dsv' for command environment
[0.524s] INFO:colcon.colcon_ros.task.ament_python.build:Building ROS package in '/home/ayaa/Agro2/src/my_nav2_bringup' with build type 'ament_python'
[0.524s] Level 1:colcon.colcon_core.shell:create_environment_hook('my_nav2_bringup', 'ament_prefix_path')
[0.524s] INFO:colcon.colcon_core.shell:Creating environment hook '/home/ayaa/Agro2/install/my_nav2_bringup/share/my_nav2_bringup/hook/ament_prefix_path.ps1'
[0.525s] INFO:colcon.colcon_core.shell:Creating environment descriptor '/home/ayaa/Agro2/install/my_nav2_bringup/share/my_nav2_bringup/hook/ament_prefix_path.dsv'
[0.525s] INFO:colcon.colcon_core.shell:Creating environment hook '/home/ayaa/Agro2/install/my_nav2_bringup/share/my_nav2_bringup/hook/ament_prefix_path.sh'
[0.526s] INFO:colcon.colcon_core.shell:Skip shell extension 'powershell' for command environment: Not usable outside of PowerShell
[0.526s] DEBUG:colcon.colcon_core.shell:Skip shell extension 'dsv' for command environment
[0.532s] INFO:colcon.colcon_ros.task.ament_python.build:Building ROS package in '/home/ayaa/Agro2/src/tiago_custom' with build type 'ament_python'
[0.532s] Level 1:colcon.colcon_core.shell:create_environment_hook('tiago_custom', 'ament_prefix_path')
[0.533s] INFO:colcon.colcon_core.shell:Creating environment hook '/home/ayaa/Agro2/install/tiago_custom/share/tiago_custom/hook/ament_prefix_path.ps1'
[0.533s] INFO:colcon.colcon_core.shell:Creating environment descriptor '/home/ayaa/Agro2/install/tiago_custom/share/tiago_custom/hook/ament_prefix_path.dsv'
[0.534s] INFO:colcon.colcon_core.shell:Creating environment hook '/home/ayaa/Agro2/install/tiago_custom/share/tiago_custom/hook/ament_prefix_path.sh'
[0.534s] INFO:colcon.colcon_core.shell:Skip shell extension 'powershell' for command environment: Not usable outside of PowerShell
[0.534s] DEBUG:colcon.colcon_core.shell:Skip shell extension 'dsv' for command environment
[0.545s] DEBUG:colcon.colcon_core.event_handler.log_command:Invoking command in '/home/ayaa/Agro2/build/franka_description': CMAKE_PREFIX_PATH=/home/ayaa/Agro2/install/ur5_moveit:/home/ayaa/Agro2/install/ur_description:/home/ayaa/Agro2/install/tiago_simulation:/home/ayaa/Agro2/install/tiago_robot:/home/ayaa/Agro2/install/tiago_gazebo:/home/ayaa/Agro2/install/tiago_bringup:/home/ayaa/Agro2/install/tiago_description:/home/ayaa/Agro2/install/tiago_controller_configuration:/home/ayaa/Agro2/install/fer_moveit:/home/ayaa/Agro2/install/tiago_custom:/home/ayaa/Agro2/install/my_nav2_bringup:/home/ayaa/Agro2/install/fer_gazebo:/home/ayaa/Agro2/install/custom_worlds:/opt/ros/humble:/home/ayaa/Agro2/install/franka_description:/home/ayaa/Agro2/install/fer_cpp_moveit /usr/bin/cmake --build /home/ayaa/Agro2/build/franka_description -- -j8 -l8
[0.916s] INFO:colcon.colcon_core.task.python.build:Building Python package in '/home/ayaa/Agro2/src/custom_worlds'
[0.916s] INFO:colcon.colcon_core.shell:Skip shell extension 'powershell' for command environment: Not usable outside of PowerShell
[0.916s] DEBUG:colcon.colcon_core.shell:Skip shell extension 'dsv' for command environment
[0.924s] DEBUG:colcon.colcon_core.event_handler.log_command:Invoking command in '/home/ayaa/Agro2/build/fer_cpp_moveit': CMAKE_PREFIX_PATH=/home/ayaa/Agro2/install/ur5_moveit:/home/ayaa/Agro2/install/ur_description:/home/ayaa/Agro2/install/tiago_simulation:/home/ayaa/Agro2/install/tiago_robot:/home/ayaa/Agro2/install/tiago_gazebo:/home/ayaa/Agro2/install/tiago_bringup:/home/ayaa/Agro2/install/tiago_description:/home/ayaa/Agro2/install/tiago_controller_configuration:/home/ayaa/Agro2/install/fer_moveit:/home/ayaa/Agro2/install/tiago_custom:/home/ayaa/Agro2/install/my_nav2_bringup:/home/ayaa/Agro2/install/fer_gazebo:/home/ayaa/Agro2/install/custom_worlds:/opt/ros/humble:/home/ayaa/Agro2/install/franka_description:/home/ayaa/Agro2/install/fer_cpp_moveit /usr/bin/cmake --build /home/ayaa/Agro2/build/fer_cpp_moveit -- -j8 -l8
[1.291s] INFO:colcon.colcon_core.task.python.build:Building Python package in '/home/ayaa/Agro2/src/fer_gazebo'
[1.291s] INFO:colcon.colcon_core.shell:Skip shell extension 'powershell' for command environment: Not usable outside of PowerShell
[1.291s] DEBUG:colcon.colcon_core.shell:Skip shell extension 'dsv' for command environment
[1.652s] INFO:colcon.colcon_core.task.python.build:Building Python package in '/home/ayaa/Agro2/src/my_nav2_bringup'
[1.653s] INFO:colcon.colcon_core.shell:Skip shell extension 'powershell' for command environment: Not usable outside of PowerShell
[1.653s] DEBUG:colcon.colcon_core.shell:Skip shell extension 'dsv' for command environment
[2.023s] INFO:colcon.colcon_core.task.python.build:Building Python package in '/home/ayaa/Agro2/src/tiago_custom'
[2.024s] INFO:colcon.colcon_core.shell:Skip shell extension 'powershell' for command environment: Not usable outside of PowerShell
[2.024s] DEBUG:colcon.colcon_core.shell:Skip shell extension 'dsv' for command environment
[2.031s] DEBUG:colcon.colcon_core.event_handler.log_command:Invoked command in '/home/ayaa/Agro2/build/franka_description' returned '0': CMAKE_PREFIX_PATH=/home/ayaa/Agro2/install/ur5_moveit:/home/ayaa/Agro2/install/ur_description:/home/ayaa/Agro2/install/tiago_simulation:/home/ayaa/Agro2/install/tiago_robot:/home/ayaa/Agro2/install/tiago_gazebo:/home/ayaa/Agro2/install/tiago_bringup:/home/ayaa/Agro2/install/tiago_description:/home/ayaa/Agro2/install/tiago_controller_configuration:/home/ayaa/Agro2/install/fer_moveit:/home/ayaa/Agro2/install/tiago_custom:/home/ayaa/Agro2/install/my_nav2_bringup:/home/ayaa/Agro2/install/fer_gazebo:/home/ayaa/Agro2/install/custom_worlds:/opt/ros/humble:/home/ayaa/Agro2/install/franka_description:/home/ayaa/Agro2/install/fer_cpp_moveit /usr/bin/cmake --build /home/ayaa/Agro2/build/franka_description -- -j8 -l8
[2.040s] DEBUG:colcon.colcon_core.event_handler.log_command:Invoking command in '/home/ayaa/Agro2/build/franka_description': CMAKE_PREFIX_PATH=/home/ayaa/Agro2/install/ur5_moveit:/home/ayaa/Agro2/install/ur_description:/home/ayaa/Agro2/install/tiago_simulation:/home/ayaa/Agro2/install/tiago_robot:/home/ayaa/Agro2/install/tiago_gazebo:/home/ayaa/Agro2/install/tiago_bringup:/home/ayaa/Agro2/install/tiago_description:/home/ayaa/Agro2/install/tiago_controller_configuration:/home/ayaa/Agro2/install/fer_moveit:/home/ayaa/Agro2/install/tiago_custom:/home/ayaa/Agro2/install/my_nav2_bringup:/home/ayaa/Agro2/install/fer_gazebo:/home/ayaa/Agro2/install/custom_worlds:/opt/ros/humble:/home/ayaa/Agro2/install/franka_description:/home/ayaa/Agro2/install/fer_cpp_moveit /usr/bin/cmake --install /home/ayaa/Agro2/build/franka_description
[2.040s] DEBUG:colcon.colcon_core.event_handler.log_command:Invoked command in '/home/ayaa/Agro2/build/fer_cpp_moveit' returned '0': CMAKE_PREFIX_PATH=/home/ayaa/Agro2/install/ur5_moveit:/home/ayaa/Agro2/install/ur_description:/home/ayaa/Agro2/install/tiago_simulation:/home/ayaa/Agro2/install/tiago_robot:/home/ayaa/Agro2/install/tiago_gazebo:/home/ayaa/Agro2/install/tiago_bringup:/home/ayaa/Agro2/install/tiago_description:/home/ayaa/Agro2/install/tiago_controller_configuration:/home/ayaa/Agro2/install/fer_moveit:/home/ayaa/Agro2/install/tiago_custom:/home/ayaa/Agro2/install/my_nav2_bringup:/home/ayaa/Agro2/install/fer_gazebo:/home/ayaa/Agro2/install/custom_worlds:/opt/ros/humble:/home/ayaa/Agro2/install/franka_description:/home/ayaa/Agro2/install/fer_cpp_moveit /usr/bin/cmake --build /home/ayaa/Agro2/build/fer_cpp_moveit -- -j8 -l8
[2.042s] DEBUG:colcon.colcon_core.event_handler.log_command:Invoking command in '/home/ayaa/Agro2/build/fer_cpp_moveit': CMAKE_PREFIX_PATH=/home/ayaa/Agro2/install/ur5_moveit:/home/ayaa/Agro2/install/ur_description:/home/ayaa/Agro2/install/tiago_simulation:/home/ayaa/Agro2/install/tiago_robot:/home/ayaa/Agro2/install/tiago_gazebo:/home/ayaa/Agro2/install/tiago_bringup:/home/ayaa/Agro2/install/tiago_description:/home/ayaa/Agro2/install/tiago_controller_configuration:/home/ayaa/Agro2/install/fer_moveit:/home/ayaa/Agro2/install/tiago_custom:/home/ayaa/Agro2/install/my_nav2_bringup:/home/ayaa/Agro2/install/fer_gazebo:/home/ayaa/Agro2/install/custom_worlds:/opt/ros/humble:/home/ayaa/Agro2/install/franka_description:/home/ayaa/Agro2/install/fer_cpp_moveit /usr/bin/cmake --install /home/ayaa/Agro2/build/fer_cpp_moveit
[2.059s] Level 1:colcon.colcon_core.environment:create_environment_scripts_only(fer_cpp_moveit)
[2.071s] Level 1:colcon.colcon_core.environment:checking '/home/ayaa/Agro2/install/fer_cpp_moveit' for CMake module files
[2.073s] Level 1:colcon.colcon_core.environment:checking '/home/ayaa/Agro2/install/fer_cpp_moveit' for CMake config files
[2.074s] Level 1:colcon.colcon_core.shell:create_environment_hook('fer_cpp_moveit', 'cmake_prefix_path')
[2.074s] INFO:colcon.colcon_core.shell:Creating environment hook '/home/ayaa/Agro2/install/fer_cpp_moveit/share/fer_cpp_moveit/hook/cmake_prefix_path.ps1'
[2.076s] INFO:colcon.colcon_core.shell:Creating environment descriptor '/home/ayaa/Agro2/install/fer_cpp_moveit/share/fer_cpp_moveit/hook/cmake_prefix_path.dsv'
[2.077s] INFO:colcon.colcon_core.shell:Creating environment hook '/home/ayaa/Agro2/install/fer_cpp_moveit/share/fer_cpp_moveit/hook/cmake_prefix_path.sh'
[2.078s] Level 1:colcon.colcon_core.environment:checking '/home/ayaa/Agro2/install/fer_cpp_moveit/lib'
[2.079s] Level 1:colcon.colcon_core.environment:checking '/home/ayaa/Agro2/install/fer_cpp_moveit/bin'
[2.079s] Level 1:colcon.colcon_core.environment:checking '/home/ayaa/Agro2/install/fer_cpp_moveit/lib/pkgconfig/fer_cpp_moveit.pc'
[2.079s] Level 1:colcon.colcon_core.environment:checking '/home/ayaa/Agro2/install/fer_cpp_moveit/lib/python3.10/site-packages'
[2.080s] Level 1:colcon.colcon_core.environment:checking '/home/ayaa/Agro2/install/fer_cpp_moveit/bin'
[2.080s] INFO:colcon.colcon_core.shell:Creating package script '/home/ayaa/Agro2/install/fer_cpp_moveit/share/fer_cpp_moveit/package.ps1'
[2.082s] INFO:colcon.colcon_core.shell:Creating package descriptor '/home/ayaa/Agro2/install/fer_cpp_moveit/share/fer_cpp_moveit/package.dsv'
[2.084s] INFO:colcon.colcon_core.shell:Creating package script '/home/ayaa/Agro2/install/fer_cpp_moveit/share/fer_cpp_moveit/package.sh'
[2.086s] INFO:colcon.colcon_core.shell:Creating package script '/home/ayaa/Agro2/install/fer_cpp_moveit/share/fer_cpp_moveit/package.bash'
[2.088s] INFO:colcon.colcon_core.shell:Creating package script '/home/ayaa/Agro2/install/fer_cpp_moveit/share/fer_cpp_moveit/package.zsh'
[2.089s] Level 1:colcon.colcon_core.environment:create_file_with_runtime_dependencies(/home/ayaa/Agro2/install/fer_cpp_moveit/share/colcon-core/packages/fer_cpp_moveit)
[2.091s] Level 1:colcon.colcon_core.environment:create_environment_scripts_only(fer_cpp_moveit)
[2.092s] Level 1:colcon.colcon_core.environment:checking '/home/ayaa/Agro2/install/fer_cpp_moveit' for CMake module files
[2.093s] Level 1:colcon.colcon_core.environment:checking '/home/ayaa/Agro2/install/fer_cpp_moveit' for CMake config files
[2.095s] Level 1:colcon.colcon_core.shell:create_environment_hook('fer_cpp_moveit', 'cmake_prefix_path')
[2.095s] INFO:colcon.colcon_core.shell:Creating environment hook '/home/ayaa/Agro2/install/fer_cpp_moveit/share/fer_cpp_moveit/hook/cmake_prefix_path.ps1'
[2.096s] INFO:colcon.colcon_core.shell:Creating environment descriptor '/home/ayaa/Agro2/install/fer_cpp_moveit/share/fer_cpp_moveit/hook/cmake_prefix_path.dsv'
[2.097s] INFO:colcon.colcon_core.shell:Creating environment hook '/home/ayaa/Agro2/install/fer_cpp_moveit/share/fer_cpp_moveit/hook/cmake_prefix_path.sh'
[2.099s] Level 1:colcon.colcon_core.environment:checking '/home/ayaa/Agro2/install/fer_cpp_moveit/lib'
[2.099s] Level 1:colcon.colcon_core.environment:checking '/home/ayaa/Agro2/install/fer_cpp_moveit/bin'
[2.099s] Level 1:colcon.colcon_core.environment:checking '/home/ayaa/Agro2/install/fer_cpp_moveit/lib/pkgconfig/fer_cpp_moveit.pc'
[2.099s] Level 1:colcon.colcon_core.environment:checking '/home/ayaa/Agro2/install/fer_cpp_moveit/lib/python3.10/site-packages'
[2.100s] Level 1:colcon.colcon_core.environment:checking '/home/ayaa/Agro2/install/fer_cpp_moveit/bin'
[2.101s] INFO:colcon.colcon_core.shell:Creating package script '/home/ayaa/Agro2/install/fer_cpp_moveit/share/fer_cpp_moveit/package.ps1'
[2.102s] INFO:colcon.colcon_core.shell:Creating package descriptor '/home/ayaa/Agro2/install/fer_cpp_moveit/share/fer_cpp_moveit/package.dsv'
[2.103s] INFO:colcon.colcon_core.shell:Creating package script '/home/ayaa/Agro2/install/fer_cpp_moveit/share/fer_cpp_moveit/package.sh'
[2.104s] INFO:colcon.colcon_core.shell:Creating package script '/home/ayaa/Agro2/install/fer_cpp_moveit/share/fer_cpp_moveit/package.bash'
[2.106s] DEBUG:colcon.colcon_core.event_handler.log_command:Invoked command in '/home/ayaa/Agro2/build/fer_cpp_moveit' returned '0': CMAKE_PREFIX_PATH=/home/ayaa/Agro2/install/ur5_moveit:/home/ayaa/Agro2/install/ur_description:/home/ayaa/Agro2/install/tiago_simulation:/home/ayaa/Agro2/install/tiago_robot:/home/ayaa/Agro2/install/tiago_gazebo:/home/ayaa/Agro2/install/tiago_bringup:/home/ayaa/Agro2/install/tiago_description:/home/ayaa/Agro2/install/tiago_controller_configuration:/home/ayaa/Agro2/install/fer_moveit:/home/ayaa/Agro2/install/tiago_custom:/home/ayaa/Agro2/install/my_nav2_bringup:/home/ayaa/Agro2/install/fer_gazebo:/home/ayaa/Agro2/install/custom_worlds:/opt/ros/humble:/home/ayaa/Agro2/install/franka_description:/home/ayaa/Agro2/install/fer_cpp_moveit /usr/bin/cmake --install /home/ayaa/Agro2/build/fer_cpp_moveit
[2.106s] INFO:colcon.colcon_core.shell:Creating package script '/home/ayaa/Agro2/install/fer_cpp_moveit/share/fer_cpp_moveit/package.zsh'
[2.107s] Level 1:colcon.colcon_core.environment:create_file_with_runtime_dependencies(/home/ayaa/Agro2/install/fer_cpp_moveit/share/colcon-core/packages/fer_cpp_moveit)
[2.107s] Level 1:colcon.colcon_core.environment:create_environment_scripts_only(franka_description)
[2.108s] Level 1:colcon.colcon_core.environment:checking '/home/ayaa/Agro2/install/franka_description' for CMake module files
[2.109s] DEBUG:colcon.colcon_core.event_handler.log_command:Invoked command in '/home/ayaa/Agro2/build/franka_description' returned '0': CMAKE_PREFIX_PATH=/home/ayaa/Agro2/install/ur5_moveit:/home/ayaa/Agro2/install/ur_description:/home/ayaa/Agro2/install/tiago_simulation:/home/ayaa/Agro2/install/tiago_robot:/home/ayaa/Agro2/install/tiago_gazebo:/home/ayaa/Agro2/install/tiago_bringup:/home/ayaa/Agro2/install/tiago_description:/home/ayaa/Agro2/install/tiago_controller_configuration:/home/ayaa/Agro2/install/fer_moveit:/home/ayaa/Agro2/install/tiago_custom:/home/ayaa/Agro2/install/my_nav2_bringup:/home/ayaa/Agro2/install/fer_gazebo:/home/ayaa/Agro2/install/custom_worlds:/opt/ros/humble:/home/ayaa/Agro2/install/franka_description:/home/ayaa/Agro2/install/fer_cpp_moveit /usr/bin/cmake --install /home/ayaa/Agro2/build/franka_description
[2.109s] Level 1:colcon.colcon_core.environment:checking '/home/ayaa/Agro2/install/franka_description' for CMake config files
[2.110s] Level 1:colcon.colcon_core.shell:create_environment_hook('franka_description', 'cmake_prefix_path')
[2.110s] INFO:colcon.colcon_core.shell:Creating environment hook '/home/ayaa/Agro2/install/franka_description/share/franka_description/hook/cmake_prefix_path.ps1'
[2.111s] INFO:colcon.colcon_core.shell:Creating environment descriptor '/home/ayaa/Agro2/install/franka_description/share/franka_description/hook/cmake_prefix_path.dsv'
[2.111s] INFO:colcon.colcon_core.shell:Creating environment hook '/home/ayaa/Agro2/install/franka_description/share/franka_description/hook/cmake_prefix_path.sh'
[2.112s] Level 1:colcon.colcon_core.environment:checking '/home/ayaa/Agro2/install/franka_description/bin'
[2.112s] Level 1:colcon.colcon_core.environment:checking '/home/ayaa/Agro2/install/franka_description/lib/pkgconfig/franka_description.pc'
[2.113s] Level 1:colcon.colcon_core.environment:checking '/home/ayaa/Agro2/install/franka_description/lib/python3.10/site-packages'
[2.113s] Level 1:colcon.colcon_core.environment:checking '/home/ayaa/Agro2/install/franka_description/bin'
[2.113s] INFO:colcon.colcon_core.shell:Creating package script '/home/ayaa/Agro2/install/franka_description/share/franka_description/package.ps1'
[2.114s] INFO:colcon.colcon_core.shell:Creating package descriptor '/home/ayaa/Agro2/install/franka_description/share/franka_description/package.dsv'
[2.115s] INFO:colcon.colcon_core.shell:Creating package script '/home/ayaa/Agro2/install/franka_description/share/franka_description/package.sh'
[2.115s] INFO:colcon.colcon_core.shell:Creating package script '/home/ayaa/Agro2/install/franka_description/share/franka_description/package.bash'
[2.116s] INFO:colcon.colcon_core.shell:Creating package script '/home/ayaa/Agro2/install/franka_description/share/franka_description/package.zsh'
[2.116s] Level 1:colcon.colcon_core.environment:create_file_with_runtime_dependencies(/home/ayaa/Agro2/install/franka_description/share/colcon-core/packages/franka_description)
[2.117s] Level 1:colcon.colcon_core.environment:create_environment_scripts_only(franka_description)
[2.117s] Level 1:colcon.colcon_core.environment:checking '/home/ayaa/Agro2/install/franka_description' for CMake module files
[2.118s] Level 1:colcon.colcon_core.environment:checking '/home/ayaa/Agro2/install/franka_description' for CMake config files
[2.119s] Level 1:colcon.colcon_core.shell:create_environment_hook('franka_description', 'cmake_prefix_path')
[2.119s] INFO:colcon.colcon_core.shell:Creating environment hook '/home/ayaa/Agro2/install/franka_description/share/franka_description/hook/cmake_prefix_path.ps1'
[2.120s] INFO:colcon.colcon_core.shell:Creating environment descriptor '/home/ayaa/Agro2/install/franka_description/share/franka_description/hook/cmake_prefix_path.dsv'
[2.120s] INFO:colcon.colcon_core.shell:Creating environment hook '/home/ayaa/Agro2/install/franka_description/share/franka_description/hook/cmake_prefix_path.sh'
[2.121s] Level 1:colcon.colcon_core.environment:checking '/home/ayaa/Agro2/install/franka_description/bin'
[2.121s] Level 1:colcon.colcon_core.environment:checking '/home/ayaa/Agro2/install/franka_description/lib/pkgconfig/franka_description.pc'
[2.121s] Level 1:colcon.colcon_core.environment:checking '/home/ayaa/Agro2/install/franka_description/lib/python3.10/site-packages'
[2.122s] Level 1:colcon.colcon_core.environment:checking '/home/ayaa/Agro2/install/franka_description/bin'
[2.122s] INFO:colcon.colcon_core.shell:Creating package script '/home/ayaa/Agro2/install/franka_description/share/franka_description/package.ps1'
[2.123s] INFO:colcon.colcon_core.shell:Creating package descriptor '/home/ayaa/Agro2/install/franka_description/share/franka_description/package.dsv'
[2.124s] INFO:colcon.colcon_core.shell:Creating package script '/home/ayaa/Agro2/install/franka_description/share/franka_description/package.sh'
[2.124s] INFO:colcon.colcon_core.shell:Creating package script '/home/ayaa/Agro2/install/franka_description/share/franka_description/package.bash'
[2.125s] INFO:colcon.colcon_core.shell:Creating package script '/home/ayaa/Agro2/install/franka_description/share/franka_description/package.zsh'
[2.125s] Level 1:colcon.colcon_core.environment:create_file_with_runtime_dependencies(/home/ayaa/Agro2/install/franka_description/share/colcon-core/packages/franka_description)
[2.126s] INFO:colcon.colcon_ros.task.ament_cmake.build:Building ROS package in '/home/ayaa/Agro2/src/fer_moveit' with build type 'ament_cmake'
[2.126s] INFO:colcon.colcon_cmake.task.cmake.build:Building CMake package in '/home/ayaa/Agro2/src/fer_moveit'
[2.127s] INFO:colcon.colcon_core.shell:Skip shell extension 'powershell' for command environment: Not usable outside of PowerShell
[2.127s] DEBUG:colcon.colcon_core.shell:Skip shell extension 'dsv' for command environment
[2.142s] DEBUG:colcon.colcon_core.event_handler.log_command:Invoking command in '/home/ayaa/Agro2/build/fer_moveit': CMAKE_PREFIX_PATH=/home/ayaa/Agro2/install/tiago_custom:/home/ayaa/Agro2/install/my_nav2_bringup:/home/ayaa/Agro2/install/fer_gazebo:/home/ayaa/Agro2/install/custom_worlds:/opt/ros/humble:/home/ayaa/Agro2/install/franka_description:/home/ayaa/Agro2/install/ur5_moveit:/home/ayaa/Agro2/install/ur_description:/home/ayaa/Agro2/install/tiago_simulation:/home/ayaa/Agro2/install/tiago_robot:/home/ayaa/Agro2/install/tiago_gazebo:/home/ayaa/Agro2/install/tiago_bringup:/home/ayaa/Agro2/install/tiago_description:/home/ayaa/Agro2/install/tiago_controller_configuration:/home/ayaa/Agro2/install/fer_moveit:/home/ayaa/Agro2/install/fer_cpp_moveit /usr/bin/cmake --build /home/ayaa/Agro2/build/fer_moveit -- -j8 -l8
[2.198s] DEBUG:colcon.colcon_core.event_handler.log_command:Invoked command in '/home/ayaa/Agro2/build/fer_moveit' returned '0': CMAKE_PREFIX_PATH=/home/ayaa/Agro2/install/tiago_custom:/home/ayaa/Agro2/install/my_nav2_bringup:/home/ayaa/Agro2/install/fer_gazebo:/home/ayaa/Agro2/install/custom_worlds:/opt/ros/humble:/home/ayaa/Agro2/install/franka_description:/home/ayaa/Agro2/install/ur5_moveit:/home/ayaa/Agro2/install/ur_description:/home/ayaa/Agro2/install/tiago_simulation:/home/ayaa/Agro2/install/tiago_robot:/home/ayaa/Agro2/install/tiago_gazebo:/home/ayaa/Agro2/install/tiago_bringup:/home/ayaa/Agro2/install/tiago_description:/home/ayaa/Agro2/install/tiago_controller_configuration:/home/ayaa/Agro2/install/fer_moveit:/home/ayaa/Agro2/install/fer_cpp_moveit /usr/bin/cmake --build /home/ayaa/Agro2/build/fer_moveit -- -j8 -l8
[2.201s] DEBUG:colcon.colcon_core.event_handler.log_command:Invoking command in '/home/ayaa/Agro2/build/fer_moveit': CMAKE_PREFIX_PATH=/home/ayaa/Agro2/install/tiago_custom:/home/ayaa/Agro2/install/my_nav2_bringup:/home/ayaa/Agro2/install/fer_gazebo:/home/ayaa/Agro2/install/custom_worlds:/opt/ros/humble:/home/ayaa/Agro2/install/franka_description:/home/ayaa/Agro2/install/ur5_moveit:/home/ayaa/Agro2/install/ur_description:/home/ayaa/Agro2/install/tiago_simulation:/home/ayaa/Agro2/install/tiago_robot:/home/ayaa/Agro2/install/tiago_gazebo:/home/ayaa/Agro2/install/tiago_bringup:/home/ayaa/Agro2/install/tiago_description:/home/ayaa/Agro2/install/tiago_controller_configuration:/home/ayaa/Agro2/install/fer_moveit:/home/ayaa/Agro2/install/fer_cpp_moveit /usr/bin/cmake --install /home/ayaa/Agro2/build/fer_moveit
[2.217s] Level 1:colcon.colcon_core.environment:create_environment_scripts_only(fer_moveit)
[2.217s] Level 1:colcon.colcon_core.environment:checking '/home/ayaa/Agro2/install/fer_moveit' for CMake module files
[2.218s] Level 1:colcon.colcon_core.environment:checking '/home/ayaa/Agro2/install/fer_moveit' for CMake config files
[2.218s] Level 1:colcon.colcon_core.shell:create_environment_hook('fer_moveit', 'cmake_prefix_path')
[2.219s] INFO:colcon.colcon_core.shell:Creating environment hook '/home/ayaa/Agro2/install/fer_moveit/share/fer_moveit/hook/cmake_prefix_path.ps1'
[2.219s] INFO:colcon.colcon_core.shell:Creating environment descriptor '/home/ayaa/Agro2/install/fer_moveit/share/fer_moveit/hook/cmake_prefix_path.dsv'
[2.220s] INFO:colcon.colcon_core.shell:Creating environment hook '/home/ayaa/Agro2/install/fer_moveit/share/fer_moveit/hook/cmake_prefix_path.sh'
[2.222s] Level 1:colcon.colcon_core.environment:checking '/home/ayaa/Agro2/install/fer_moveit/bin'
[2.222s] Level 1:colcon.colcon_core.environment:checking '/home/ayaa/Agro2/install/fer_moveit/lib/pkgconfig/fer_moveit.pc'
[2.222s] Level 1:colcon.colcon_core.environment:checking '/home/ayaa/Agro2/install/fer_moveit/lib/python3.10/site-packages'
[2.222s] Level 1:colcon.colcon_core.environment:checking '/home/ayaa/Agro2/install/fer_moveit/bin'
[2.223s] INFO:colcon.colcon_core.shell:Creating package script '/home/ayaa/Agro2/install/fer_moveit/share/fer_moveit/package.ps1'
[2.224s] INFO:colcon.colcon_core.shell:Creating package descriptor '/home/ayaa/Agro2/install/fer_moveit/share/fer_moveit/package.dsv'
[2.225s] INFO:colcon.colcon_core.shell:Creating package script '/home/ayaa/Agro2/install/fer_moveit/share/fer_moveit/package.sh'
[2.226s] INFO:colcon.colcon_core.shell:Creating package script '/home/ayaa/Agro2/install/fer_moveit/share/fer_moveit/package.bash'
[2.227s] INFO:colcon.colcon_core.shell:Creating package script '/home/ayaa/Agro2/install/fer_moveit/share/fer_moveit/package.zsh'
[2.229s] Level 1:colcon.colcon_core.environment:create_file_with_runtime_dependencies(/home/ayaa/Agro2/install/fer_moveit/share/colcon-core/packages/fer_moveit)
[2.231s] Level 1:colcon.colcon_core.environment:create_environment_scripts_only(fer_moveit)
[2.231s] Level 1:colcon.colcon_core.environment:checking '/home/ayaa/Agro2/install/fer_moveit' for CMake module files
[2.233s] DEBUG:colcon.colcon_core.event_handler.log_command:Invoked command in '/home/ayaa/Agro2/build/fer_moveit' returned '0': CMAKE_PREFIX_PATH=/home/ayaa/Agro2/install/tiago_custom:/home/ayaa/Agro2/install/my_nav2_bringup:/home/ayaa/Agro2/install/fer_gazebo:/home/ayaa/Agro2/install/custom_worlds:/opt/ros/humble:/home/ayaa/Agro2/install/franka_description:/home/ayaa/Agro2/install/ur5_moveit:/home/ayaa/Agro2/install/ur_description:/home/ayaa/Agro2/install/tiago_simulation:/home/ayaa/Agro2/install/tiago_robot:/home/ayaa/Agro2/install/tiago_gazebo:/home/ayaa/Agro2/install/tiago_bringup:/home/ayaa/Agro2/install/tiago_description:/home/ayaa/Agro2/install/tiago_controller_configuration:/home/ayaa/Agro2/install/fer_moveit:/home/ayaa/Agro2/install/fer_cpp_moveit /usr/bin/cmake --install /home/ayaa/Agro2/build/fer_moveit
[2.233s] Level 1:colcon.colcon_core.environment:checking '/home/ayaa/Agro2/install/fer_moveit' for CMake config files
[2.233s] Level 1:colcon.colcon_core.shell:create_environment_hook('fer_moveit', 'cmake_prefix_path')
[2.234s] INFO:colcon.colcon_core.shell:Creating environment hook '/home/ayaa/Agro2/install/fer_moveit/share/fer_moveit/hook/cmake_prefix_path.ps1'
[2.234s] INFO:colcon.colcon_core.shell:Creating environment descriptor '/home/ayaa/Agro2/install/fer_moveit/share/fer_moveit/hook/cmake_prefix_path.dsv'
[2.235s] INFO:colcon.colcon_core.shell:Creating environment hook '/home/ayaa/Agro2/install/fer_moveit/share/fer_moveit/hook/cmake_prefix_path.sh'
[2.236s] Level 1:colcon.colcon_core.environment:checking '/home/ayaa/Agro2/install/fer_moveit/bin'
[2.236s] Level 1:colcon.colcon_core.environment:checking '/home/ayaa/Agro2/install/fer_moveit/lib/pkgconfig/fer_moveit.pc'
[2.236s] Level 1:colcon.colcon_core.environment:checking '/home/ayaa/Agro2/install/fer_moveit/lib/python3.10/site-packages'
[2.237s] Level 1:colcon.colcon_core.environment:checking '/home/ayaa/Agro2/install/fer_moveit/bin'
[2.237s] INFO:colcon.colcon_core.shell:Creating package script '/home/ayaa/Agro2/install/fer_moveit/share/fer_moveit/package.ps1'
[2.238s] INFO:colcon.colcon_core.shell:Creating package descriptor '/home/ayaa/Agro2/install/fer_moveit/share/fer_moveit/package.dsv'
[2.239s] INFO:colcon.colcon_core.shell:Creating package script '/home/ayaa/Agro2/install/fer_moveit/share/fer_moveit/package.sh'
[2.239s] INFO:colcon.colcon_core.shell:Creating package script '/home/ayaa/Agro2/install/fer_moveit/share/fer_moveit/package.bash'
[2.240s] INFO:colcon.colcon_core.shell:Creating package script '/home/ayaa/Agro2/install/fer_moveit/share/fer_moveit/package.zsh'
[2.240s] Level 1:colcon.colcon_core.environment:create_file_with_runtime_dependencies(/home/ayaa/Agro2/install/fer_moveit/share/colcon-core/packages/fer_moveit)
[2.964s] DEBUG:colcon.colcon_core.event_handler.log_command:Invoking command in '/home/ayaa/Agro2/src/my_nav2_bringup': PYTHONPATH=/home/ayaa/Agro2/build/my_nav2_bringup/prefix_override:/usr/lib/python3/dist-packages/colcon_core/task/python/colcon_distutils_commands:/home/ayaa/Agro2/install/my_nav2_bringup/lib/python3.10/site-packages:${PYTHONPATH} /usr/bin/python3 -W ignore:setup.py install is deprecated -W ignore:easy_install command is deprecated setup.py egg_info --egg-base ../../build/my_nav2_bringup build --build-base /home/ayaa/Agro2/build/my_nav2_bringup/build install --record /home/ayaa/Agro2/build/my_nav2_bringup/install.log --single-version-externally-managed install_data
[2.968s] DEBUG:colcon.colcon_core.event_handler.log_command:Invoking command in '/home/ayaa/Agro2/src/fer_gazebo': PYTHONPATH=/home/ayaa/Agro2/build/fer_gazebo/prefix_override:/usr/lib/python3/dist-packages/colcon_core/task/python/colcon_distutils_commands:/home/ayaa/Agro2/install/fer_gazebo/lib/python3.10/site-packages:${PYTHONPATH} /usr/bin/python3 -W ignore:setup.py install is deprecated -W ignore:easy_install command is deprecated setup.py egg_info --egg-base ../../build/fer_gazebo build --build-base /home/ayaa/Agro2/build/fer_gazebo/build install --record /home/ayaa/Agro2/build/fer_gazebo/install.log --single-version-externally-managed install_data
[2.975s] DEBUG:colcon.colcon_core.event_handler.log_command:Invoking command in '/home/ayaa/Agro2/src/tiago_custom': PYTHONPATH=/home/ayaa/Agro2/build/tiago_custom/prefix_override:/usr/lib/python3/dist-packages/colcon_core/task/python/colcon_distutils_commands:/home/ayaa/Agro2/install/tiago_custom/lib/python3.10/site-packages:${PYTHONPATH} /usr/bin/python3 -W ignore:setup.py install is deprecated -W ignore:easy_install command is deprecated setup.py egg_info --egg-base ../../build/tiago_custom build --build-base /home/ayaa/Agro2/build/tiago_custom/build install --record /home/ayaa/Agro2/build/tiago_custom/install.log --single-version-externally-managed install_data
[2.982s] DEBUG:colcon.colcon_core.event_handler.log_command:Invoking command in '/home/ayaa/Agro2/src/custom_worlds': PYTHONPATH=/home/ayaa/Agro2/build/custom_worlds/prefix_override:/usr/lib/python3/dist-packages/colcon_core/task/python/colcon_distutils_commands:/home/ayaa/Agro2/install/custom_worlds/lib/python3.10/site-packages:${PYTHONPATH} /usr/bin/python3 -W ignore:setup.py install is deprecated -W ignore:easy_install command is deprecated setup.py egg_info --egg-base ../../build/custom_worlds build --build-base /home/ayaa/Agro2/build/custom_worlds/build install --record /home/ayaa/Agro2/build/custom_worlds/install.log --single-version-externally-managed install_data
[3.709s] Level 1:colcon.colcon_core.environment:checking '/home/ayaa/Agro2/install/my_nav2_bringup' for CMake module files
[3.710s] DEBUG:colcon.colcon_core.event_handler.log_command:Invoked command in '/home/ayaa/Agro2/src/my_nav2_bringup' returned '0': PYTHONPATH=/home/ayaa/Agro2/build/my_nav2_bringup/prefix_override:/usr/lib/python3/dist-packages/colcon_core/task/python/colcon_distutils_commands:/home/ayaa/Agro2/install/my_nav2_bringup/lib/python3.10/site-packages:${PYTHONPATH} /usr/bin/python3 -W ignore:setup.py install is deprecated -W ignore:easy_install command is deprecated setup.py egg_info --egg-base ../../build/my_nav2_bringup build --build-base /home/ayaa/Agro2/build/my_nav2_bringup/build install --record /home/ayaa/Agro2/build/my_nav2_bringup/install.log --single-version-externally-managed install_data
[3.710s] Level 1:colcon.colcon_core.environment:checking '/home/ayaa/Agro2/install/my_nav2_bringup' for CMake config files
[3.711s] Level 1:colcon.colcon_core.environment:checking '/home/ayaa/Agro2/install/my_nav2_bringup/lib'
[3.711s] Level 1:colcon.colcon_core.environment:checking '/home/ayaa/Agro2/install/my_nav2_bringup/bin'
[3.711s] Level 1:colcon.colcon_core.environment:checking '/home/ayaa/Agro2/install/my_nav2_bringup/lib/pkgconfig/my_nav2_bringup.pc'
[3.712s] Level 1:colcon.colcon_core.environment:checking '/home/ayaa/Agro2/install/my_nav2_bringup/lib/python3.10/site-packages'
[3.712s] Level 1:colcon.colcon_core.shell:create_environment_hook('my_nav2_bringup', 'pythonpath')
[3.712s] INFO:colcon.colcon_core.shell:Creating environment hook '/home/ayaa/Agro2/install/my_nav2_bringup/share/my_nav2_bringup/hook/pythonpath.ps1'
[3.712s] INFO:colcon.colcon_core.shell:Creating environment descriptor '/home/ayaa/Agro2/install/my_nav2_bringup/share/my_nav2_bringup/hook/pythonpath.dsv'
[3.713s] INFO:colcon.colcon_core.shell:Creating environment hook '/home/ayaa/Agro2/install/my_nav2_bringup/share/my_nav2_bringup/hook/pythonpath.sh'
[3.713s] Level 1:colcon.colcon_core.environment:checking '/home/ayaa/Agro2/install/my_nav2_bringup/bin'
[3.713s] Level 1:colcon.colcon_core.environment:create_environment_scripts_only(my_nav2_bringup)
[3.714s] INFO:colcon.colcon_core.shell:Creating package script '/home/ayaa/Agro2/install/my_nav2_bringup/share/my_nav2_bringup/package.ps1'
[3.714s] INFO:colcon.colcon_core.shell:Creating package descriptor '/home/ayaa/Agro2/install/my_nav2_bringup/share/my_nav2_bringup/package.dsv'
[3.715s] INFO:colcon.colcon_core.shell:Creating package script '/home/ayaa/Agro2/install/my_nav2_bringup/share/my_nav2_bringup/package.sh'
[3.715s] INFO:colcon.colcon_core.shell:Creating package script '/home/ayaa/Agro2/install/my_nav2_bringup/share/my_nav2_bringup/package.bash'
[3.716s] INFO:colcon.colcon_core.shell:Creating package script '/home/ayaa/Agro2/install/my_nav2_bringup/share/my_nav2_bringup/package.zsh'
[3.716s] Level 1:colcon.colcon_core.environment:create_file_with_runtime_dependencies(/home/ayaa/Agro2/install/my_nav2_bringup/share/colcon-core/packages/my_nav2_bringup)
[3.718s] Level 1:colcon.colcon_core.environment:checking '/home/ayaa/Agro2/install/fer_gazebo' for CMake module files
[3.719s] DEBUG:colcon.colcon_core.event_handler.log_command:Invoked command in '/home/ayaa/Agro2/src/fer_gazebo' returned '0': PYTHONPATH=/home/ayaa/Agro2/build/fer_gazebo/prefix_override:/usr/lib/python3/dist-packages/colcon_core/task/python/colcon_distutils_commands:/home/ayaa/Agro2/install/fer_gazebo/lib/python3.10/site-packages:${PYTHONPATH} /usr/bin/python3 -W ignore:setup.py install is deprecated -W ignore:easy_install command is deprecated setup.py egg_info --egg-base ../../build/fer_gazebo build --build-base /home/ayaa/Agro2/build/fer_gazebo/build install --record /home/ayaa/Agro2/build/fer_gazebo/install.log --single-version-externally-managed install_data
[3.719s] Level 1:colcon.colcon_core.environment:checking '/home/ayaa/Agro2/install/fer_gazebo' for CMake config files
[3.720s] Level 1:colcon.colcon_core.environment:checking '/home/ayaa/Agro2/install/fer_gazebo/lib'
[3.720s] Level 1:colcon.colcon_core.environment:checking '/home/ayaa/Agro2/install/fer_gazebo/bin'
[3.720s] Level 1:colcon.colcon_core.environment:checking '/home/ayaa/Agro2/install/fer_gazebo/lib/pkgconfig/fer_gazebo.pc'
[3.720s] Level 1:colcon.colcon_core.environment:checking '/home/ayaa/Agro2/install/fer_gazebo/lib/python3.10/site-packages'
[3.720s] Level 1:colcon.colcon_core.shell:create_environment_hook('fer_gazebo', 'pythonpath')
[3.720s] INFO:colcon.colcon_core.shell:Creating environment hook '/home/ayaa/Agro2/install/fer_gazebo/share/fer_gazebo/hook/pythonpath.ps1'
[3.721s] INFO:colcon.colcon_core.shell:Creating environment descriptor '/home/ayaa/Agro2/install/fer_gazebo/share/fer_gazebo/hook/pythonpath.dsv'
[3.721s] INFO:colcon.colcon_core.shell:Creating environment hook '/home/ayaa/Agro2/install/fer_gazebo/share/fer_gazebo/hook/pythonpath.sh'
[3.722s] Level 1:colcon.colcon_core.environment:checking '/home/ayaa/Agro2/install/fer_gazebo/bin'
[3.722s] Level 1:colcon.colcon_core.environment:create_environment_scripts_only(fer_gazebo)
[3.722s] INFO:colcon.colcon_core.shell:Creating package script '/home/ayaa/Agro2/install/fer_gazebo/share/fer_gazebo/package.ps1'
[3.722s] INFO:colcon.colcon_core.shell:Creating package descriptor '/home/ayaa/Agro2/install/fer_gazebo/share/fer_gazebo/package.dsv'
[3.723s] INFO:colcon.colcon_core.shell:Creating package script '/home/ayaa/Agro2/install/fer_gazebo/share/fer_gazebo/package.sh'
[3.723s] INFO:colcon.colcon_core.shell:Creating package script '/home/ayaa/Agro2/install/fer_gazebo/share/fer_gazebo/package.bash'
[3.724s] INFO:colcon.colcon_core.shell:Creating package script '/home/ayaa/Agro2/install/fer_gazebo/share/fer_gazebo/package.zsh'
[3.724s] Level 1:colcon.colcon_core.environment:create_file_with_runtime_dependencies(/home/ayaa/Agro2/install/fer_gazebo/share/colcon-core/packages/fer_gazebo)
[3.725s] Level 1:colcon.colcon_core.environment:checking '/home/ayaa/Agro2/install/custom_worlds' for CMake module files
[3.725s] Level 1:colcon.colcon_core.environment:checking '/home/ayaa/Agro2/install/custom_worlds' for CMake config files
[3.726s] DEBUG:colcon.colcon_core.event_handler.log_command:Invoked command in '/home/ayaa/Agro2/src/custom_worlds' returned '0': PYTHONPATH=/home/ayaa/Agro2/build/custom_worlds/prefix_override:/usr/lib/python3/dist-packages/colcon_core/task/python/colcon_distutils_commands:/home/ayaa/Agro2/install/custom_worlds/lib/python3.10/site-packages:${PYTHONPATH} /usr/bin/python3 -W ignore:setup.py install is deprecated -W ignore:easy_install command is deprecated setup.py egg_info --egg-base ../../build/custom_worlds build --build-base /home/ayaa/Agro2/build/custom_worlds/build install --record /home/ayaa/Agro2/build/custom_worlds/install.log --single-version-externally-managed install_data
[3.726s] Level 1:colcon.colcon_core.environment:checking '/home/ayaa/Agro2/install/custom_worlds/lib'
[3.726s] Level 1:colcon.colcon_core.environment:checking '/home/ayaa/Agro2/install/custom_worlds/bin'
[3.726s] Level 1:colcon.colcon_core.environment:checking '/home/ayaa/Agro2/install/custom_worlds/lib/pkgconfig/custom_worlds.pc'
[3.727s] Level 1:colcon.colcon_core.environment:checking '/home/ayaa/Agro2/install/custom_worlds/lib/python3.10/site-packages'
[3.727s] Level 1:colcon.colcon_core.shell:create_environment_hook('custom_worlds', 'pythonpath')
[3.727s] INFO:colcon.colcon_core.shell:Creating environment hook '/home/ayaa/Agro2/install/custom_worlds/share/custom_worlds/hook/pythonpath.ps1'
[3.727s] INFO:colcon.colcon_core.shell:Creating environment descriptor '/home/ayaa/Agro2/install/custom_worlds/share/custom_worlds/hook/pythonpath.dsv'
[3.728s] INFO:colcon.colcon_core.shell:Creating environment hook '/home/ayaa/Agro2/install/custom_worlds/share/custom_worlds/hook/pythonpath.sh'
[3.728s] Level 1:colcon.colcon_core.environment:checking '/home/ayaa/Agro2/install/custom_worlds/bin'
[3.728s] Level 1:colcon.colcon_core.environment:create_environment_scripts_only(custom_worlds)
[3.728s] INFO:colcon.colcon_core.shell:Creating package script '/home/ayaa/Agro2/install/custom_worlds/share/custom_worlds/package.ps1'
[3.729s] INFO:colcon.colcon_core.shell:Creating package descriptor '/home/ayaa/Agro2/install/custom_worlds/share/custom_worlds/package.dsv'
[3.729s] INFO:colcon.colcon_core.shell:Creating package script '/home/ayaa/Agro2/install/custom_worlds/share/custom_worlds/package.sh'
[3.730s] INFO:colcon.colcon_core.shell:Creating package script '/home/ayaa/Agro2/install/custom_worlds/share/custom_worlds/package.bash'
[3.730s] INFO:colcon.colcon_core.shell:Creating package script '/home/ayaa/Agro2/install/custom_worlds/share/custom_worlds/package.zsh'
[3.730s] Level 1:colcon.colcon_core.environment:create_file_with_runtime_dependencies(/home/ayaa/Agro2/install/custom_worlds/share/colcon-core/packages/custom_worlds)
[3.731s] Level 1:colcon.colcon_core.environment:checking '/home/ayaa/Agro2/install/tiago_custom' for CMake module files
[3.732s] DEBUG:colcon.colcon_core.event_handler.log_command:Invoked command in '/home/ayaa/Agro2/src/tiago_custom' returned '0': PYTHONPATH=/home/ayaa/Agro2/build/tiago_custom/prefix_override:/usr/lib/python3/dist-packages/colcon_core/task/python/colcon_distutils_commands:/home/ayaa/Agro2/install/tiago_custom/lib/python3.10/site-packages:${PYTHONPATH} /usr/bin/python3 -W ignore:setup.py install is deprecated -W ignore:easy_install command is deprecated setup.py egg_info --egg-base ../../build/tiago_custom build --build-base /home/ayaa/Agro2/build/tiago_custom/build install --record /home/ayaa/Agro2/build/tiago_custom/install.log --single-version-externally-managed install_data
[3.732s] Level 1:colcon.colcon_core.environment:checking '/home/ayaa/Agro2/install/tiago_custom' for CMake config files
[3.733s] Level 1:colcon.colcon_core.environment:checking '/home/ayaa/Agro2/install/tiago_custom/lib'
[3.733s] Level 1:colcon.colcon_core.environment:checking '/home/ayaa/Agro2/install/tiago_custom/bin'
[3.733s] Level 1:colcon.colcon_core.environment:checking '/home/ayaa/Agro2/install/tiago_custom/lib/pkgconfig/tiago_custom.pc'
[3.733s] Level 1:colcon.colcon_core.environment:checking '/home/ayaa/Agro2/install/tiago_custom/lib/python3.10/site-packages'
[3.733s] Level 1:colcon.colcon_core.shell:create_environment_hook('tiago_custom', 'pythonpath')
[3.734s] INFO:colcon.colcon_core.shell:Creating environment hook '/home/ayaa/Agro2/install/tiago_custom/share/tiago_custom/hook/pythonpath.ps1'
[3.734s] INFO:colcon.colcon_core.shell:Creating environment descriptor '/home/ayaa/Agro2/install/tiago_custom/share/tiago_custom/hook/pythonpath.dsv'
[3.735s] INFO:colcon.colcon_core.shell:Creating environment hook '/home/ayaa/Agro2/install/tiago_custom/share/tiago_custom/hook/pythonpath.sh'
[3.735s] Level 1:colcon.colcon_core.environment:checking '/home/ayaa/Agro2/install/tiago_custom/bin'
[3.735s] Level 1:colcon.colcon_core.environment:create_environment_scripts_only(tiago_custom)
[3.736s] INFO:colcon.colcon_core.shell:Creating package script '/home/ayaa/Agro2/install/tiago_custom/share/tiago_custom/package.ps1'
[3.736s] INFO:colcon.colcon_core.shell:Creating package descriptor '/home/ayaa/Agro2/install/tiago_custom/share/tiago_custom/package.dsv'
[3.737s] INFO:colcon.colcon_core.shell:Creating package script '/home/ayaa/Agro2/install/tiago_custom/share/tiago_custom/package.sh'
[3.737s] INFO:colcon.colcon_core.shell:Creating package script '/home/ayaa/Agro2/install/tiago_custom/share/tiago_custom/package.bash'
[3.737s] INFO:colcon.colcon_core.shell:Creating package script '/home/ayaa/Agro2/install/tiago_custom/share/tiago_custom/package.zsh'
[3.738s] Level 1:colcon.colcon_core.environment:create_file_with_runtime_dependencies(/home/ayaa/Agro2/install/tiago_custom/share/colcon-core/packages/tiago_custom)
[3.738s] DEBUG:colcon.colcon_parallel_executor.executor.parallel:closing loop
[3.738s] DEBUG:colcon.colcon_parallel_executor.executor.parallel:loop closed
[3.738s] DEBUG:colcon.colcon_parallel_executor.executor.parallel:run_until_complete finished with '0'
[3.738s] DEBUG:colcon.colcon_core.event_reactor:joining thread
[3.746s] INFO:colcon.colcon_core.plugin_system:Skipping extension 'colcon_notification.desktop_notification.terminal_notifier': Not used on non-Darwin systems
[3.746s] INFO:colcon.colcon_core.plugin_system:Skipping extension 'colcon_notification.desktop_notification.win32': Not used on non-Windows systems
[3.746s] INFO:colcon.colcon_notification.desktop_notification:Sending desktop notification using 'notify2'
[3.757s] DEBUG:colcon.colcon_core.event_reactor:joined thread
[3.757s] INFO:colcon.colcon_core.shell:Creating prefix script '/home/ayaa/Agro2/install/local_setup.ps1'
[3.758s] INFO:colcon.colcon_core.shell:Creating prefix util module '/home/ayaa/Agro2/install/_local_setup_util_ps1.py'
[3.759s] INFO:colcon.colcon_core.shell:Creating prefix chain script '/home/ayaa/Agro2/install/setup.ps1'
[3.761s] INFO:colcon.colcon_core.shell:Creating prefix script '/home/ayaa/Agro2/install/local_setup.sh'
[3.762s] INFO:colcon.colcon_core.shell:Creating prefix util module '/home/ayaa/Agro2/install/_local_setup_util_sh.py'
[3.763s] INFO:colcon.colcon_core.shell:Creating prefix chain script '/home/ayaa/Agro2/install/setup.sh'
[3.765s] INFO:colcon.colcon_core.shell:Creating prefix script '/home/ayaa/Agro2/install/local_setup.bash'
[3.765s] INFO:colcon.colcon_core.shell:Creating prefix chain script '/home/ayaa/Agro2/install/setup.bash'
[3.767s] INFO:colcon.colcon_core.shell:Creating prefix script '/home/ayaa/Agro2/install/local_setup.zsh'
[3.767s] INFO:colcon.colcon_core.shell:Creating prefix chain script '/home/ayaa/Agro2/install/setup.zsh'
