[2.094s] Invoking command in '/home/ayaa/Agro2/src/custom_worlds': PYTHONPATH=/home/ayaa/Agro2/build/custom_worlds/prefix_override:/usr/lib/python3/dist-packages/colcon_core/task/python/colcon_distutils_commands:/home/ayaa/Agro2/install/custom_worlds/lib/python3.10/site-packages:${PYTHONPATH} /usr/bin/python3 -W ignore:setup.py install is deprecated -W ignore:easy_install command is deprecated setup.py egg_info --egg-base ../../build/custom_worlds build --build-base /home/ayaa/Agro2/build/custom_worlds/build install --record /home/ayaa/Agro2/build/custom_worlds/install.log --single-version-externally-managed install_data
[2.545s] running egg_info
[2.565s] writing ../../build/custom_worlds/custom_worlds.egg-info/PKG-INFO
[2.565s] writing dependency_links to ../../build/custom_worlds/custom_worlds.egg-info/dependency_links.txt
[2.566s] writing requirements to ../../build/custom_worlds/custom_worlds.egg-info/requires.txt
[2.566s] writing top-level names to ../../build/custom_worlds/custom_worlds.egg-info/top_level.txt
[2.615s] reading manifest file '../../build/custom_worlds/custom_worlds.egg-info/SOURCES.txt'
[2.615s] adding license file 'LICENSE'
[2.616s] writing manifest file '../../build/custom_worlds/custom_worlds.egg-info/SOURCES.txt'
[2.616s] running build
[2.616s] running build_py
[2.616s] running install
[2.623s] running install_lib
[2.641s] running install_data
[2.642s] running install_egg_info
[2.662s] removing '/home/ayaa/Agro2/install/custom_worlds/lib/python3.10/site-packages/custom_worlds-0.0.0-py3.10.egg-info' (and everything under it)
[2.662s] Copying ../../build/custom_worlds/custom_worlds.egg-info to /home/ayaa/Agro2/install/custom_worlds/lib/python3.10/site-packages/custom_worlds-0.0.0-py3.10.egg-info
[2.663s] running install_scripts
[2.733s] writing list of installed files to '/home/ayaa/Agro2/build/custom_worlds/install.log'
[2.819s] Invoked command in '/home/ayaa/Agro2/src/custom_worlds' returned '0': PYTHONPATH=/home/ayaa/Agro2/build/custom_worlds/prefix_override:/usr/lib/python3/dist-packages/colcon_core/task/python/colcon_distutils_commands:/home/ayaa/Agro2/install/custom_worlds/lib/python3.10/site-packages:${PYTHONPATH} /usr/bin/python3 -W ignore:setup.py install is deprecated -W ignore:easy_install command is deprecated setup.py egg_info --egg-base ../../build/custom_worlds build --build-base /home/ayaa/Agro2/build/custom_worlds/build install --record /home/ayaa/Agro2/build/custom_worlds/install.log --single-version-externally-managed install_data
