[0.090s] Invoking command in '/home/ayaa/Agro2/build/tiago_behavior_tree': CMAKE_PREFIX_PATH=${CMAKE_PREFIX_PATH}:/home/ayaa/Agro2/install/trials:/home/ayaa/Agro2/install/tiago_custom:/home/ayaa/Agro2/install/my_nav2_bringup:/home/ayaa/Agro2/install/fer_gazebo:/home/ayaa/Agro2/install/custom_worlds:/opt/ros/humble /usr/bin/cmake --build /home/ayaa/Agro2/build/tiago_behavior_tree -- -j8 -l8
[0.217s] [  9%] Built target tiago_behavior_tree__rosidl_generator_c
[0.221s] [ 11%] Built target tiago_behavior_tree__cpp
[0.260s] [ 11%] Built target ament_cmake_python_copy_tiago_behavior_tree
[0.291s] [ 13%] [32mBuilding CXX object CMakeFiles/tiago_behavior_tree__rosidl_typesupport_fastrtps_c.dir/rosidl_typesupport_fastrtps_c/tiago_behavior_tree/action/detail/open_gripper__type_support_c.cpp.o[0m
[0.327s] [ 16%] [32mBuilding CXX object CMakeFiles/tiago_behavior_tree__rosidl_typesupport_fastrtps_c.dir/rosidl_typesupport_fastrtps_c/tiago_behavior_tree/action/detail/approach_object__type_support_c.cpp.o[0m
[0.370s] [ 25%] Built target tiago_behavior_tree__rosidl_typesupport_c
[0.370s] [ 34%] Built target tiago_behavior_tree__rosidl_typesupport_introspection_c
[0.376s] [ 37%] [32mBuilding CXX object CMakeFiles/tiago_behavior_tree__rosidl_typesupport_cpp.dir/rosidl_typesupport_cpp/tiago_behavior_tree/action/open_gripper__type_support.cpp.o[0m
[0.406s] [ 39%] [32mBuilding CXX object CMakeFiles/tiago_behavior_tree__rosidl_typesupport_introspection_cpp.dir/rosidl_typesupport_introspection_cpp/tiago_behavior_tree/action/detail/open_gripper__type_support.cpp.o[0m
[0.406s] [ 41%] [32mBuilding CXX object CMakeFiles/tiago_behavior_tree__rosidl_typesupport_fastrtps_cpp.dir/rosidl_typesupport_fastrtps_cpp/tiago_behavior_tree/action/detail/dds_fastrtps/open_gripper__type_support.cpp.o[0m
[0.417s] [ 44%] [32mBuilding CXX object CMakeFiles/tiago_behavior_tree__rosidl_typesupport_fastrtps_cpp.dir/rosidl_typesupport_fastrtps_cpp/tiago_behavior_tree/action/detail/dds_fastrtps/approach_object__type_support.cpp.o[0m
[0.419s] [ 46%] [32mBuilding CXX object CMakeFiles/tiago_behavior_tree__rosidl_typesupport_cpp.dir/rosidl_typesupport_cpp/tiago_behavior_tree/action/approach_object__type_support.cpp.o[0m
[1.677s] running egg_info
[1.700s] [ 48%] [32mBuilding CXX object CMakeFiles/tiago_behavior_tree__rosidl_typesupport_introspection_cpp.dir/rosidl_typesupport_introspection_cpp/tiago_behavior_tree/action/detail/approach_object__type_support.cpp.o[0m
[1.714s] writing tiago_behavior_tree.egg-info/PKG-INFO
[1.714s] writing dependency_links to tiago_behavior_tree.egg-info/dependency_links.txt
[1.715s] writing top-level names to tiago_behavior_tree.egg-info/top_level.txt
[1.882s] [ 51%] [32m[1mLinking CXX shared library libtiago_behavior_tree__rosidl_typesupport_fastrtps_c.so[0m
[1.931s] reading manifest file 'tiago_behavior_tree.egg-info/SOURCES.txt'
[1.939s] writing manifest file 'tiago_behavior_tree.egg-info/SOURCES.txt'
[2.134s] [ 51%] Built target ament_cmake_python_build_tiago_behavior_tree_egg
[2.206s] [ 53%] [32m[1mLinking CXX shared library libtiago_behavior_tree__rosidl_typesupport_cpp.so[0m
[2.341s] [ 55%] Built target tiago_behavior_tree__rosidl_typesupport_fastrtps_c
[2.357s] [ 58%] Built target tiago_behavior_tree__rosidl_typesupport_cpp
[2.522s] [ 60%] [32mBuilding CXX object CMakeFiles/open_gripper_server.dir/src/open_gripper_action_server.cpp.o[0m
[2.528s] [ 62%] [32mBuilding CXX object CMakeFiles/pick_action_node.dir/src/pick_action.cpp.o[0m
[2.638s] [ 65%] [32m[1mLinking CXX shared library libtiago_behavior_tree__rosidl_typesupport_fastrtps_cpp.so[0m
[2.891s] [ 67%] Built target tiago_behavior_tree__rosidl_typesupport_fastrtps_cpp
[3.300s] [ 69%] [32m[1mLinking CXX shared library libtiago_behavior_tree__rosidl_typesupport_introspection_cpp.so[0m
[3.566s] [ 72%] Built target tiago_behavior_tree__rosidl_typesupport_introspection_cpp
[3.726s] [ 72%] Built target tiago_behavior_tree
[3.902s] [ 74%] Built target tiago_behavior_tree__py
[4.027s] [ 76%] [32mBuilding C object CMakeFiles/tiago_behavior_tree__rosidl_generator_py.dir/rosidl_generator_py/tiago_behavior_tree/action/_open_gripper_s.c.o[0m
[4.039s] [ 79%] [32mBuilding C object CMakeFiles/tiago_behavior_tree__rosidl_generator_py.dir/rosidl_generator_py/tiago_behavior_tree/action/_approach_object_s.c.o[0m
[4.513s] [ 81%] [32m[1mLinking C shared library rosidl_generator_py/tiago_behavior_tree/libtiago_behavior_tree__rosidl_generator_py.so[0m
[4.741s] [ 81%] Built target tiago_behavior_tree__rosidl_generator_py
[4.885s] [ 83%] [32mBuilding C object CMakeFiles/tiago_behavior_tree__rosidl_typesupport_fastrtps_c__pyext.dir/rosidl_generator_py/tiago_behavior_tree/_tiago_behavior_tree_s.ep.rosidl_typesupport_fastrtps_c.c.o[0m
[4.920s] [ 86%] [32mBuilding C object CMakeFiles/tiago_behavior_tree__rosidl_typesupport_introspection_c__pyext.dir/rosidl_generator_py/tiago_behavior_tree/_tiago_behavior_tree_s.ep.rosidl_typesupport_introspection_c.c.o[0m
[4.927s] [ 88%] [32mBuilding C object CMakeFiles/tiago_behavior_tree__rosidl_typesupport_c__pyext.dir/rosidl_generator_py/tiago_behavior_tree/_tiago_behavior_tree_s.ep.rosidl_typesupport_c.c.o[0m
[5.260s] [ 90%] [32m[1mLinking C shared library rosidl_generator_py/tiago_behavior_tree/tiago_behavior_tree_s__rosidl_typesupport_fastrtps_c.cpython-310-x86_64-linux-gnu.so[0m
[5.428s] [ 93%] [32m[1mLinking C shared library rosidl_generator_py/tiago_behavior_tree/tiago_behavior_tree_s__rosidl_typesupport_introspection_c.cpython-310-x86_64-linux-gnu.so[0m
[5.506s] [ 93%] Built target tiago_behavior_tree__rosidl_typesupport_fastrtps_c__pyext
[5.525s] [ 95%] [32m[1mLinking C shared library rosidl_generator_py/tiago_behavior_tree/tiago_behavior_tree_s__rosidl_typesupport_c.cpython-310-x86_64-linux-gnu.so[0m
[5.636s] [ 95%] Built target tiago_behavior_tree__rosidl_typesupport_introspection_c__pyext
[5.785s] [ 95%] Built target tiago_behavior_tree__rosidl_typesupport_c__pyext
[9.906s] [ 97%] [32m[1mLinking CXX executable open_gripper_server[0m
[10.252s] [ 97%] Built target open_gripper_server
[16.185s] [100%] [32m[1mLinking CXX shared library libpick_action_node.so[0m
[16.756s] [100%] Built target pick_action_node
[16.767s] Invoked command in '/home/ayaa/Agro2/build/tiago_behavior_tree' returned '0': CMAKE_PREFIX_PATH=${CMAKE_PREFIX_PATH}:/home/ayaa/Agro2/install/trials:/home/ayaa/Agro2/install/tiago_custom:/home/ayaa/Agro2/install/my_nav2_bringup:/home/ayaa/Agro2/install/fer_gazebo:/home/ayaa/Agro2/install/custom_worlds:/opt/ros/humble /usr/bin/cmake --build /home/ayaa/Agro2/build/tiago_behavior_tree -- -j8 -l8
[16.769s] Invoking command in '/home/ayaa/Agro2/build/tiago_behavior_tree': CMAKE_PREFIX_PATH=${CMAKE_PREFIX_PATH}:/home/ayaa/Agro2/install/trials:/home/ayaa/Agro2/install/tiago_custom:/home/ayaa/Agro2/install/my_nav2_bringup:/home/ayaa/Agro2/install/fer_gazebo:/home/ayaa/Agro2/install/custom_worlds:/opt/ros/humble /usr/bin/cmake --install /home/ayaa/Agro2/build/tiago_behavior_tree
[16.776s] -- Install configuration: ""
[16.777s] -- Up-to-date: /home/ayaa/Agro2/install/tiago_behavior_tree/share/ament_index/resource_index/rosidl_interfaces/tiago_behavior_tree
[16.777s] -- Up-to-date: /home/ayaa/Agro2/install/tiago_behavior_tree/include/tiago_behavior_tree/tiago_behavior_tree
[16.777s] -- Up-to-date: /home/ayaa/Agro2/install/tiago_behavior_tree/include/tiago_behavior_tree/tiago_behavior_tree/msg
[16.777s] -- Up-to-date: /home/ayaa/Agro2/install/tiago_behavior_tree/include/tiago_behavior_tree/tiago_behavior_tree/msg/rosidl_generator_c__visibility_control.h
[16.777s] -- Up-to-date: /home/ayaa/Agro2/install/tiago_behavior_tree/include/tiago_behavior_tree/tiago_behavior_tree/action
[16.777s] -- Up-to-date: /home/ayaa/Agro2/install/tiago_behavior_tree/include/tiago_behavior_tree/tiago_behavior_tree/action/detail
[16.778s] -- Up-to-date: /home/ayaa/Agro2/install/tiago_behavior_tree/include/tiago_behavior_tree/tiago_behavior_tree/action/detail/approach_object__functions.c
[16.778s] -- Up-to-date: /home/ayaa/Agro2/install/tiago_behavior_tree/include/tiago_behavior_tree/tiago_behavior_tree/action/detail/open_gripper__functions.c
[16.778s] -- Up-to-date: /home/ayaa/Agro2/install/tiago_behavior_tree/include/tiago_behavior_tree/tiago_behavior_tree/action/detail/approach_object__type_support.h
[16.778s] -- Up-to-date: /home/ayaa/Agro2/install/tiago_behavior_tree/include/tiago_behavior_tree/tiago_behavior_tree/action/detail/open_gripper__functions.h
[16.778s] -- Up-to-date: /home/ayaa/Agro2/install/tiago_behavior_tree/include/tiago_behavior_tree/tiago_behavior_tree/action/detail/open_gripper__struct.h
[16.778s] -- Up-to-date: /home/ayaa/Agro2/install/tiago_behavior_tree/include/tiago_behavior_tree/tiago_behavior_tree/action/detail/approach_object__functions.h
[16.778s] -- Up-to-date: /home/ayaa/Agro2/install/tiago_behavior_tree/include/tiago_behavior_tree/tiago_behavior_tree/action/detail/open_gripper__type_support.h
[16.778s] -- Up-to-date: /home/ayaa/Agro2/install/tiago_behavior_tree/include/tiago_behavior_tree/tiago_behavior_tree/action/detail/approach_object__struct.h
[16.778s] -- Up-to-date: /home/ayaa/Agro2/install/tiago_behavior_tree/include/tiago_behavior_tree/tiago_behavior_tree/action/approach_object.h
[16.778s] -- Up-to-date: /home/ayaa/Agro2/install/tiago_behavior_tree/include/tiago_behavior_tree/tiago_behavior_tree/action/open_gripper.h
[16.778s] -- Installing: /home/ayaa/Agro2/install/tiago_behavior_tree/share/tiago_behavior_tree/environment/library_path.sh
[16.778s] -- Up-to-date: /home/ayaa/Agro2/install/tiago_behavior_tree/share/tiago_behavior_tree/environment/library_path.dsv
[16.779s] -- Up-to-date: /home/ayaa/Agro2/install/tiago_behavior_tree/lib/libtiago_behavior_tree__rosidl_generator_c.so
[16.779s] -- Up-to-date: /home/ayaa/Agro2/install/tiago_behavior_tree/include/tiago_behavior_tree/tiago_behavior_tree
[16.779s] -- Up-to-date: /home/ayaa/Agro2/install/tiago_behavior_tree/include/tiago_behavior_tree/tiago_behavior_tree/msg
[16.779s] -- Up-to-date: /home/ayaa/Agro2/install/tiago_behavior_tree/include/tiago_behavior_tree/tiago_behavior_tree/msg/rosidl_typesupport_fastrtps_c__visibility_control.h
[16.779s] -- Up-to-date: /home/ayaa/Agro2/install/tiago_behavior_tree/include/tiago_behavior_tree/tiago_behavior_tree/action
[16.779s] -- Up-to-date: /home/ayaa/Agro2/install/tiago_behavior_tree/include/tiago_behavior_tree/tiago_behavior_tree/action/detail
[16.780s] -- Up-to-date: /home/ayaa/Agro2/install/tiago_behavior_tree/include/tiago_behavior_tree/tiago_behavior_tree/action/detail/open_gripper__rosidl_typesupport_fastrtps_c.h
[16.780s] -- Up-to-date: /home/ayaa/Agro2/install/tiago_behavior_tree/include/tiago_behavior_tree/tiago_behavior_tree/action/detail/approach_object__rosidl_typesupport_fastrtps_c.h
[16.780s] -- Installing: /home/ayaa/Agro2/install/tiago_behavior_tree/lib/libtiago_behavior_tree__rosidl_typesupport_fastrtps_c.so
[16.781s] -- Set runtime path of "/home/ayaa/Agro2/install/tiago_behavior_tree/lib/libtiago_behavior_tree__rosidl_typesupport_fastrtps_c.so" to ""
[16.781s] -- Up-to-date: /home/ayaa/Agro2/install/tiago_behavior_tree/include/tiago_behavior_tree/tiago_behavior_tree
[16.781s] -- Up-to-date: /home/ayaa/Agro2/install/tiago_behavior_tree/include/tiago_behavior_tree/tiago_behavior_tree/msg
[16.781s] -- Up-to-date: /home/ayaa/Agro2/install/tiago_behavior_tree/include/tiago_behavior_tree/tiago_behavior_tree/msg/rosidl_generator_cpp__visibility_control.hpp
[16.781s] -- Up-to-date: /home/ayaa/Agro2/install/tiago_behavior_tree/include/tiago_behavior_tree/tiago_behavior_tree/action
[16.781s] -- Up-to-date: /home/ayaa/Agro2/install/tiago_behavior_tree/include/tiago_behavior_tree/tiago_behavior_tree/action/detail
[16.781s] -- Up-to-date: /home/ayaa/Agro2/install/tiago_behavior_tree/include/tiago_behavior_tree/tiago_behavior_tree/action/detail/open_gripper__traits.hpp
[16.781s] -- Up-to-date: /home/ayaa/Agro2/install/tiago_behavior_tree/include/tiago_behavior_tree/tiago_behavior_tree/action/detail/open_gripper__type_support.hpp
[16.782s] -- Up-to-date: /home/ayaa/Agro2/install/tiago_behavior_tree/include/tiago_behavior_tree/tiago_behavior_tree/action/detail/approach_object__struct.hpp
[16.782s] -- Up-to-date: /home/ayaa/Agro2/install/tiago_behavior_tree/include/tiago_behavior_tree/tiago_behavior_tree/action/detail/approach_object__builder.hpp
[16.782s] -- Up-to-date: /home/ayaa/Agro2/install/tiago_behavior_tree/include/tiago_behavior_tree/tiago_behavior_tree/action/detail/open_gripper__struct.hpp
[16.782s] -- Up-to-date: /home/ayaa/Agro2/install/tiago_behavior_tree/include/tiago_behavior_tree/tiago_behavior_tree/action/detail/approach_object__type_support.hpp
[16.782s] -- Up-to-date: /home/ayaa/Agro2/install/tiago_behavior_tree/include/tiago_behavior_tree/tiago_behavior_tree/action/detail/approach_object__traits.hpp
[16.782s] -- Up-to-date: /home/ayaa/Agro2/install/tiago_behavior_tree/include/tiago_behavior_tree/tiago_behavior_tree/action/detail/open_gripper__builder.hpp
[16.782s] -- Up-to-date: /home/ayaa/Agro2/install/tiago_behavior_tree/include/tiago_behavior_tree/tiago_behavior_tree/action/open_gripper.hpp
[16.782s] -- Up-to-date: /home/ayaa/Agro2/install/tiago_behavior_tree/include/tiago_behavior_tree/tiago_behavior_tree/action/approach_object.hpp
[16.782s] -- Up-to-date: /home/ayaa/Agro2/install/tiago_behavior_tree/include/tiago_behavior_tree/tiago_behavior_tree
[16.782s] -- Up-to-date: /home/ayaa/Agro2/install/tiago_behavior_tree/include/tiago_behavior_tree/tiago_behavior_tree/msg
[16.782s] -- Up-to-date: /home/ayaa/Agro2/install/tiago_behavior_tree/include/tiago_behavior_tree/tiago_behavior_tree/msg/rosidl_typesupport_fastrtps_cpp__visibility_control.h
[16.782s] -- Up-to-date: /home/ayaa/Agro2/install/tiago_behavior_tree/include/tiago_behavior_tree/tiago_behavior_tree/action
[16.782s] -- Up-to-date: /home/ayaa/Agro2/install/tiago_behavior_tree/include/tiago_behavior_tree/tiago_behavior_tree/action/detail
[16.782s] -- Up-to-date: /home/ayaa/Agro2/install/tiago_behavior_tree/include/tiago_behavior_tree/tiago_behavior_tree/action/detail/open_gripper__rosidl_typesupport_fastrtps_cpp.hpp
[16.782s] -- Up-to-date: /home/ayaa/Agro2/install/tiago_behavior_tree/include/tiago_behavior_tree/tiago_behavior_tree/action/detail/dds_fastrtps
[16.782s] -- Up-to-date: /home/ayaa/Agro2/install/tiago_behavior_tree/include/tiago_behavior_tree/tiago_behavior_tree/action/detail/approach_object__rosidl_typesupport_fastrtps_cpp.hpp
[16.782s] -- Installing: /home/ayaa/Agro2/install/tiago_behavior_tree/lib/libtiago_behavior_tree__rosidl_typesupport_fastrtps_cpp.so
[16.783s] -- Set runtime path of "/home/ayaa/Agro2/install/tiago_behavior_tree/lib/libtiago_behavior_tree__rosidl_typesupport_fastrtps_cpp.so" to ""
[16.783s] -- Up-to-date: /home/ayaa/Agro2/install/tiago_behavior_tree/include/tiago_behavior_tree/tiago_behavior_tree
[16.783s] -- Up-to-date: /home/ayaa/Agro2/install/tiago_behavior_tree/include/tiago_behavior_tree/tiago_behavior_tree/msg
[16.783s] -- Up-to-date: /home/ayaa/Agro2/install/tiago_behavior_tree/include/tiago_behavior_tree/tiago_behavior_tree/msg/rosidl_typesupport_introspection_c__visibility_control.h
[16.783s] -- Up-to-date: /home/ayaa/Agro2/install/tiago_behavior_tree/include/tiago_behavior_tree/tiago_behavior_tree/action
[16.783s] -- Up-to-date: /home/ayaa/Agro2/install/tiago_behavior_tree/include/tiago_behavior_tree/tiago_behavior_tree/action/detail
[16.783s] -- Up-to-date: /home/ayaa/Agro2/install/tiago_behavior_tree/include/tiago_behavior_tree/tiago_behavior_tree/action/detail/open_gripper__type_support.c
[16.783s] -- Up-to-date: /home/ayaa/Agro2/install/tiago_behavior_tree/include/tiago_behavior_tree/tiago_behavior_tree/action/detail/approach_object__type_support.c
[16.783s] -- Up-to-date: /home/ayaa/Agro2/install/tiago_behavior_tree/include/tiago_behavior_tree/tiago_behavior_tree/action/detail/approach_object__rosidl_typesupport_introspection_c.h
[16.784s] -- Up-to-date: /home/ayaa/Agro2/install/tiago_behavior_tree/include/tiago_behavior_tree/tiago_behavior_tree/action/detail/open_gripper__rosidl_typesupport_introspection_c.h
[16.784s] -- Up-to-date: /home/ayaa/Agro2/install/tiago_behavior_tree/lib/libtiago_behavior_tree__rosidl_typesupport_introspection_c.so
[16.785s] -- Up-to-date: /home/ayaa/Agro2/install/tiago_behavior_tree/lib/libtiago_behavior_tree__rosidl_typesupport_c.so
[16.785s] -- Up-to-date: /home/ayaa/Agro2/install/tiago_behavior_tree/include/tiago_behavior_tree/tiago_behavior_tree
[16.785s] -- Up-to-date: /home/ayaa/Agro2/install/tiago_behavior_tree/include/tiago_behavior_tree/tiago_behavior_tree/action
[16.785s] -- Up-to-date: /home/ayaa/Agro2/install/tiago_behavior_tree/include/tiago_behavior_tree/tiago_behavior_tree/action/detail
[16.785s] -- Up-to-date: /home/ayaa/Agro2/install/tiago_behavior_tree/include/tiago_behavior_tree/tiago_behavior_tree/action/detail/approach_object__type_support.cpp
[16.786s] -- Up-to-date: /home/ayaa/Agro2/install/tiago_behavior_tree/include/tiago_behavior_tree/tiago_behavior_tree/action/detail/approach_object__rosidl_typesupport_introspection_cpp.hpp
[16.786s] -- Up-to-date: /home/ayaa/Agro2/install/tiago_behavior_tree/include/tiago_behavior_tree/tiago_behavior_tree/action/detail/open_gripper__type_support.cpp
[16.786s] -- Up-to-date: /home/ayaa/Agro2/install/tiago_behavior_tree/include/tiago_behavior_tree/tiago_behavior_tree/action/detail/open_gripper__rosidl_typesupport_introspection_cpp.hpp
[16.786s] -- Installing: /home/ayaa/Agro2/install/tiago_behavior_tree/lib/libtiago_behavior_tree__rosidl_typesupport_introspection_cpp.so
[16.787s] -- Set runtime path of "/home/ayaa/Agro2/install/tiago_behavior_tree/lib/libtiago_behavior_tree__rosidl_typesupport_introspection_cpp.so" to ""
[16.788s] -- Installing: /home/ayaa/Agro2/install/tiago_behavior_tree/lib/libtiago_behavior_tree__rosidl_typesupport_cpp.so
[16.788s] -- Set runtime path of "/home/ayaa/Agro2/install/tiago_behavior_tree/lib/libtiago_behavior_tree__rosidl_typesupport_cpp.so" to ""
[16.788s] -- Up-to-date: /home/ayaa/Agro2/install/tiago_behavior_tree/share/tiago_behavior_tree/environment/pythonpath.sh
[16.788s] -- Up-to-date: /home/ayaa/Agro2/install/tiago_behavior_tree/share/tiago_behavior_tree/environment/pythonpath.dsv
[16.788s] -- Up-to-date: /home/ayaa/Agro2/install/tiago_behavior_tree/local/lib/python3.10/dist-packages/tiago_behavior_tree-0.0.0-py3.10.egg-info
[16.789s] -- Installing: /home/ayaa/Agro2/install/tiago_behavior_tree/local/lib/python3.10/dist-packages/tiago_behavior_tree-0.0.0-py3.10.egg-info/PKG-INFO
[16.789s] -- Installing: /home/ayaa/Agro2/install/tiago_behavior_tree/local/lib/python3.10/dist-packages/tiago_behavior_tree-0.0.0-py3.10.egg-info/dependency_links.txt
[16.789s] -- Installing: /home/ayaa/Agro2/install/tiago_behavior_tree/local/lib/python3.10/dist-packages/tiago_behavior_tree-0.0.0-py3.10.egg-info/SOURCES.txt
[16.789s] -- Installing: /home/ayaa/Agro2/install/tiago_behavior_tree/local/lib/python3.10/dist-packages/tiago_behavior_tree-0.0.0-py3.10.egg-info/top_level.txt
[16.789s] -- Up-to-date: /home/ayaa/Agro2/install/tiago_behavior_tree/local/lib/python3.10/dist-packages/tiago_behavior_tree
[16.789s] -- Up-to-date: /home/ayaa/Agro2/install/tiago_behavior_tree/local/lib/python3.10/dist-packages/tiago_behavior_tree/__init__.py
[16.789s] -- Up-to-date: /home/ayaa/Agro2/install/tiago_behavior_tree/local/lib/python3.10/dist-packages/tiago_behavior_tree/_tiago_behavior_tree_s.ep.rosidl_typesupport_introspection_c.c
[16.789s] -- Installing: /home/ayaa/Agro2/install/tiago_behavior_tree/local/lib/python3.10/dist-packages/tiago_behavior_tree/tiago_behavior_tree_s__rosidl_typesupport_introspection_c.cpython-310-x86_64-linux-gnu.so
[16.789s] -- Up-to-date: /home/ayaa/Agro2/install/tiago_behavior_tree/local/lib/python3.10/dist-packages/tiago_behavior_tree/_tiago_behavior_tree_s.ep.rosidl_typesupport_c.c
[16.789s] -- Up-to-date: /home/ayaa/Agro2/install/tiago_behavior_tree/local/lib/python3.10/dist-packages/tiago_behavior_tree/_tiago_behavior_tree_s.ep.rosidl_typesupport_fastrtps_c.c
[16.789s] -- Installing: /home/ayaa/Agro2/install/tiago_behavior_tree/local/lib/python3.10/dist-packages/tiago_behavior_tree/tiago_behavior_tree_s__rosidl_typesupport_c.cpython-310-x86_64-linux-gnu.so
[16.789s] -- Installing: /home/ayaa/Agro2/install/tiago_behavior_tree/local/lib/python3.10/dist-packages/tiago_behavior_tree/tiago_behavior_tree_s__rosidl_typesupport_fastrtps_c.cpython-310-x86_64-linux-gnu.so
[16.790s] -- Up-to-date: /home/ayaa/Agro2/install/tiago_behavior_tree/local/lib/python3.10/dist-packages/tiago_behavior_tree/action
[16.790s] -- Up-to-date: /home/ayaa/Agro2/install/tiago_behavior_tree/local/lib/python3.10/dist-packages/tiago_behavior_tree/action/__init__.py
[16.790s] -- Up-to-date: /home/ayaa/Agro2/install/tiago_behavior_tree/local/lib/python3.10/dist-packages/tiago_behavior_tree/action/_approach_object_s.c
[16.790s] -- Up-to-date: /home/ayaa/Agro2/install/tiago_behavior_tree/local/lib/python3.10/dist-packages/tiago_behavior_tree/action/_approach_object.py
[16.790s] -- Up-to-date: /home/ayaa/Agro2/install/tiago_behavior_tree/local/lib/python3.10/dist-packages/tiago_behavior_tree/action/_open_gripper_s.c
[16.791s] -- Up-to-date: /home/ayaa/Agro2/install/tiago_behavior_tree/local/lib/python3.10/dist-packages/tiago_behavior_tree/action/_open_gripper.py
[16.791s] -- Installing: /home/ayaa/Agro2/install/tiago_behavior_tree/local/lib/python3.10/dist-packages/tiago_behavior_tree/libtiago_behavior_tree__rosidl_generator_py.so
[16.826s] Listing '/home/ayaa/Agro2/install/tiago_behavior_tree/local/lib/python3.10/dist-packages/tiago_behavior_tree'...
[16.826s] Listing '/home/ayaa/Agro2/install/tiago_behavior_tree/local/lib/python3.10/dist-packages/tiago_behavior_tree/action'...
[16.831s] -- Installing: /home/ayaa/Agro2/install/tiago_behavior_tree/local/lib/python3.10/dist-packages/tiago_behavior_tree/tiago_behavior_tree_s__rosidl_typesupport_fastrtps_c.cpython-310-x86_64-linux-gnu.so
[16.831s] -- Set runtime path of "/home/ayaa/Agro2/install/tiago_behavior_tree/local/lib/python3.10/dist-packages/tiago_behavior_tree/tiago_behavior_tree_s__rosidl_typesupport_fastrtps_c.cpython-310-x86_64-linux-gnu.so" to ""
[16.831s] -- Installing: /home/ayaa/Agro2/install/tiago_behavior_tree/local/lib/python3.10/dist-packages/tiago_behavior_tree/tiago_behavior_tree_s__rosidl_typesupport_introspection_c.cpython-310-x86_64-linux-gnu.so
[16.832s] -- Set runtime path of "/home/ayaa/Agro2/install/tiago_behavior_tree/local/lib/python3.10/dist-packages/tiago_behavior_tree/tiago_behavior_tree_s__rosidl_typesupport_introspection_c.cpython-310-x86_64-linux-gnu.so" to ""
[16.832s] -- Installing: /home/ayaa/Agro2/install/tiago_behavior_tree/local/lib/python3.10/dist-packages/tiago_behavior_tree/tiago_behavior_tree_s__rosidl_typesupport_c.cpython-310-x86_64-linux-gnu.so
[16.833s] -- Set runtime path of "/home/ayaa/Agro2/install/tiago_behavior_tree/local/lib/python3.10/dist-packages/tiago_behavior_tree/tiago_behavior_tree_s__rosidl_typesupport_c.cpython-310-x86_64-linux-gnu.so" to ""
[16.833s] -- Installing: /home/ayaa/Agro2/install/tiago_behavior_tree/lib/libtiago_behavior_tree__rosidl_generator_py.so
[16.834s] -- Set runtime path of "/home/ayaa/Agro2/install/tiago_behavior_tree/lib/libtiago_behavior_tree__rosidl_generator_py.so" to ""
[16.834s] -- Up-to-date: /home/ayaa/Agro2/install/tiago_behavior_tree/share/tiago_behavior_tree/action/OpenGripper.idl
[16.834s] -- Up-to-date: /home/ayaa/Agro2/install/tiago_behavior_tree/share/tiago_behavior_tree/action/ApproachObject.idl
[16.834s] -- Up-to-date: /home/ayaa/Agro2/install/tiago_behavior_tree/share/tiago_behavior_tree/action/OpenGripper.action
[16.835s] -- Up-to-date: /home/ayaa/Agro2/install/tiago_behavior_tree/share/tiago_behavior_tree/action/ApproachObject.action
[16.835s] -- Up-to-date: /home/ayaa/Agro2/install/tiago_behavior_tree/share/tiago_behavior_tree/pick_plugin.xml
[16.835s] -- Installing: /home/ayaa/Agro2/install/tiago_behavior_tree/lib/tiago_behavior_tree/open_gripper_server
[16.836s] -- Set runtime path of "/home/ayaa/Agro2/install/tiago_behavior_tree/lib/tiago_behavior_tree/open_gripper_server" to ""
[16.837s] -- Up-to-date: /home/ayaa/Agro2/install/tiago_behavior_tree/include
[16.837s] -- Up-to-date: /home/ayaa/Agro2/install/tiago_behavior_tree/include/tiago_behavior_tree
[16.837s] -- Up-to-date: /home/ayaa/Agro2/install/tiago_behavior_tree/include/tiago_behavior_tree/action
[16.837s] -- Up-to-date: /home/ayaa/Agro2/install/tiago_behavior_tree/include/tiago_behavior_tree/action/OpenGripper.action
[16.838s] -- Installing: /home/ayaa/Agro2/install/tiago_behavior_tree/lib/libpick_action_node.so
[16.840s] -- Set runtime path of "/home/ayaa/Agro2/install/tiago_behavior_tree/lib/libpick_action_node.so" to ""
[16.840s] -- Up-to-date: /home/ayaa/Agro2/install/tiago_behavior_tree/share/tiago_behavior_tree/pick_plugin.xml
[16.841s] -- Up-to-date: /home/ayaa/Agro2/install/tiago_behavior_tree/share/ament_index/resource_index/package_run_dependencies/tiago_behavior_tree
[16.841s] -- Up-to-date: /home/ayaa/Agro2/install/tiago_behavior_tree/share/ament_index/resource_index/parent_prefix_path/tiago_behavior_tree
[16.841s] -- Up-to-date: /home/ayaa/Agro2/install/tiago_behavior_tree/share/tiago_behavior_tree/environment/ament_prefix_path.sh
[16.841s] -- Up-to-date: /home/ayaa/Agro2/install/tiago_behavior_tree/share/tiago_behavior_tree/environment/ament_prefix_path.dsv
[16.841s] -- Up-to-date: /home/ayaa/Agro2/install/tiago_behavior_tree/share/tiago_behavior_tree/environment/path.sh
[16.841s] -- Up-to-date: /home/ayaa/Agro2/install/tiago_behavior_tree/share/tiago_behavior_tree/environment/path.dsv
[16.841s] -- Up-to-date: /home/ayaa/Agro2/install/tiago_behavior_tree/share/tiago_behavior_tree/local_setup.bash
[16.842s] -- Up-to-date: /home/ayaa/Agro2/install/tiago_behavior_tree/share/tiago_behavior_tree/local_setup.sh
[16.842s] -- Up-to-date: /home/ayaa/Agro2/install/tiago_behavior_tree/share/tiago_behavior_tree/local_setup.zsh
[16.842s] -- Up-to-date: /home/ayaa/Agro2/install/tiago_behavior_tree/share/tiago_behavior_tree/local_setup.dsv
[16.842s] -- Installing: /home/ayaa/Agro2/install/tiago_behavior_tree/share/tiago_behavior_tree/package.dsv
[16.842s] -- Up-to-date: /home/ayaa/Agro2/install/tiago_behavior_tree/share/ament_index/resource_index/packages/tiago_behavior_tree
[16.842s] -- Up-to-date: /home/ayaa/Agro2/install/tiago_behavior_tree/share/ament_index/resource_index/nav2_behavior_tree__pluginlib__plugin/tiago_behavior_tree
[16.844s] -- Up-to-date: /home/ayaa/Agro2/install/tiago_behavior_tree/share/tiago_behavior_tree/cmake/export_tiago_behavior_tree__rosidl_generator_cExport.cmake
[16.844s] -- Up-to-date: /home/ayaa/Agro2/install/tiago_behavior_tree/share/tiago_behavior_tree/cmake/export_tiago_behavior_tree__rosidl_generator_cExport-noconfig.cmake
[16.844s] -- Up-to-date: /home/ayaa/Agro2/install/tiago_behavior_tree/share/tiago_behavior_tree/cmake/export_tiago_behavior_tree__rosidl_typesupport_fastrtps_cExport.cmake
[16.844s] -- Up-to-date: /home/ayaa/Agro2/install/tiago_behavior_tree/share/tiago_behavior_tree/cmake/export_tiago_behavior_tree__rosidl_typesupport_fastrtps_cExport-noconfig.cmake
[16.845s] -- Up-to-date: /home/ayaa/Agro2/install/tiago_behavior_tree/share/tiago_behavior_tree/cmake/export_tiago_behavior_tree__rosidl_generator_cppExport.cmake
[16.845s] -- Up-to-date: /home/ayaa/Agro2/install/tiago_behavior_tree/share/tiago_behavior_tree/cmake/export_tiago_behavior_tree__rosidl_typesupport_fastrtps_cppExport.cmake
[16.845s] -- Up-to-date: /home/ayaa/Agro2/install/tiago_behavior_tree/share/tiago_behavior_tree/cmake/export_tiago_behavior_tree__rosidl_typesupport_fastrtps_cppExport-noconfig.cmake
[16.846s] -- Up-to-date: /home/ayaa/Agro2/install/tiago_behavior_tree/share/tiago_behavior_tree/cmake/tiago_behavior_tree__rosidl_typesupport_introspection_cExport.cmake
[16.846s] -- Up-to-date: /home/ayaa/Agro2/install/tiago_behavior_tree/share/tiago_behavior_tree/cmake/tiago_behavior_tree__rosidl_typesupport_introspection_cExport-noconfig.cmake
[16.846s] -- Up-to-date: /home/ayaa/Agro2/install/tiago_behavior_tree/share/tiago_behavior_tree/cmake/tiago_behavior_tree__rosidl_typesupport_cExport.cmake
[16.846s] -- Up-to-date: /home/ayaa/Agro2/install/tiago_behavior_tree/share/tiago_behavior_tree/cmake/tiago_behavior_tree__rosidl_typesupport_cExport-noconfig.cmake
[16.847s] -- Up-to-date: /home/ayaa/Agro2/install/tiago_behavior_tree/share/tiago_behavior_tree/cmake/tiago_behavior_tree__rosidl_typesupport_introspection_cppExport.cmake
[16.847s] -- Up-to-date: /home/ayaa/Agro2/install/tiago_behavior_tree/share/tiago_behavior_tree/cmake/tiago_behavior_tree__rosidl_typesupport_introspection_cppExport-noconfig.cmake
[16.847s] -- Up-to-date: /home/ayaa/Agro2/install/tiago_behavior_tree/share/tiago_behavior_tree/cmake/tiago_behavior_tree__rosidl_typesupport_cppExport.cmake
[16.847s] -- Up-to-date: /home/ayaa/Agro2/install/tiago_behavior_tree/share/tiago_behavior_tree/cmake/tiago_behavior_tree__rosidl_typesupport_cppExport-noconfig.cmake
[16.847s] -- Up-to-date: /home/ayaa/Agro2/install/tiago_behavior_tree/share/tiago_behavior_tree/cmake/export_tiago_behavior_tree__rosidl_generator_pyExport.cmake
[16.848s] -- Up-to-date: /home/ayaa/Agro2/install/tiago_behavior_tree/share/tiago_behavior_tree/cmake/export_tiago_behavior_tree__rosidl_generator_pyExport-noconfig.cmake
[16.848s] -- Up-to-date: /home/ayaa/Agro2/install/tiago_behavior_tree/share/tiago_behavior_tree/cmake/rosidl_cmake-extras.cmake
[16.848s] -- Up-to-date: /home/ayaa/Agro2/install/tiago_behavior_tree/share/tiago_behavior_tree/cmake/ament_cmake_export_dependencies-extras.cmake
[16.848s] -- Up-to-date: /home/ayaa/Agro2/install/tiago_behavior_tree/share/tiago_behavior_tree/cmake/ament_cmake_export_include_directories-extras.cmake
[16.848s] -- Up-to-date: /home/ayaa/Agro2/install/tiago_behavior_tree/share/tiago_behavior_tree/cmake/ament_cmake_export_libraries-extras.cmake
[16.848s] -- Up-to-date: /home/ayaa/Agro2/install/tiago_behavior_tree/share/tiago_behavior_tree/cmake/ament_cmake_export_targets-extras.cmake
[16.848s] -- Up-to-date: /home/ayaa/Agro2/install/tiago_behavior_tree/share/tiago_behavior_tree/cmake/rosidl_cmake_export_typesupport_targets-extras.cmake
[16.848s] -- Up-to-date: /home/ayaa/Agro2/install/tiago_behavior_tree/share/tiago_behavior_tree/cmake/rosidl_cmake_export_typesupport_libraries-extras.cmake
[16.848s] -- Up-to-date: /home/ayaa/Agro2/install/tiago_behavior_tree/share/tiago_behavior_tree/cmake/tiago_behavior_treeConfig.cmake
[16.848s] -- Up-to-date: /home/ayaa/Agro2/install/tiago_behavior_tree/share/tiago_behavior_tree/cmake/tiago_behavior_treeConfig-version.cmake
[16.848s] -- Up-to-date: /home/ayaa/Agro2/install/tiago_behavior_tree/share/tiago_behavior_tree/package.xml
[16.852s] Invoked command in '/home/ayaa/Agro2/build/tiago_behavior_tree' returned '0': CMAKE_PREFIX_PATH=${CMAKE_PREFIX_PATH}:/home/ayaa/Agro2/install/trials:/home/ayaa/Agro2/install/tiago_custom:/home/ayaa/Agro2/install/my_nav2_bringup:/home/ayaa/Agro2/install/fer_gazebo:/home/ayaa/Agro2/install/custom_worlds:/opt/ros/humble /usr/bin/cmake --install /home/ayaa/Agro2/build/tiago_behavior_tree
