[6.175s] Invoking command in '/home/ayaa/Agro2/src/tiago_custom': PYTHONPATH=/home/ayaa/Agro2/build/tiago_custom/prefix_override:/usr/lib/python3/dist-packages/colcon_core/task/python/colcon_distutils_commands:/home/ayaa/Agro2/install/tiago_custom/lib/python3.10/site-packages:${PYTHONPATH} /usr/bin/python3 -W ignore:setup.py install is deprecated -W ignore:easy_install command is deprecated setup.py egg_info --egg-base ../../build/tiago_custom build --build-base /home/ayaa/Agro2/build/tiago_custom/build install --record /home/ayaa/Agro2/build/tiago_custom/install.log --single-version-externally-managed install_data
[7.766s] running egg_info
[7.822s] writing ../../build/tiago_custom/tiago_custom.egg-info/PKG-INFO
[7.823s] writing dependency_links to ../../build/tiago_custom/tiago_custom.egg-info/dependency_links.txt
[7.823s] writing entry points to ../../build/tiago_custom/tiago_custom.egg-info/entry_points.txt
[7.824s] writing requirements to ../../build/tiago_custom/tiago_custom.egg-info/requires.txt
[7.824s] writing top-level names to ../../build/tiago_custom/tiago_custom.egg-info/top_level.txt
[7.961s] reading manifest file '../../build/tiago_custom/tiago_custom.egg-info/SOURCES.txt'
[7.964s] writing manifest file '../../build/tiago_custom/tiago_custom.egg-info/SOURCES.txt'
[7.966s] running build
[7.966s] running build_py
[7.966s] running install
[7.986s] running install_lib
[8.053s] running install_data
[8.053s] running install_egg_info
[8.120s] removing '/home/ayaa/Agro2/install/tiago_custom/lib/python3.10/site-packages/tiago_custom-0.0.0-py3.10.egg-info' (and everything under it)
[8.121s] Copying ../../build/tiago_custom/tiago_custom.egg-info to /home/ayaa/Agro2/install/tiago_custom/lib/python3.10/site-packages/tiago_custom-0.0.0-py3.10.egg-info
[8.124s] running install_scripts
[8.333s] Installing bridge_cmd script to /home/ayaa/Agro2/install/tiago_custom/lib/tiago_custom
[8.334s] writing list of installed files to '/home/ayaa/Agro2/build/tiago_custom/install.log'
[8.447s] Invoked command in '/home/ayaa/Agro2/src/tiago_custom' returned '0': PYTHONPATH=/home/ayaa/Agro2/build/tiago_custom/prefix_override:/usr/lib/python3/dist-packages/colcon_core/task/python/colcon_distutils_commands:/home/ayaa/Agro2/install/tiago_custom/lib/python3.10/site-packages:${PYTHONPATH} /usr/bin/python3 -W ignore:setup.py install is deprecated -W ignore:easy_install command is deprecated setup.py egg_info --egg-base ../../build/tiago_custom build --build-base /home/ayaa/Agro2/build/tiago_custom/build install --record /home/ayaa/Agro2/build/tiago_custom/install.log --single-version-externally-managed install_data
