running egg_info
creating ../../build/fer_gazebo/fer_gazebo.egg-info
writing ../../build/fer_gazebo/fer_gazebo.egg-info/PKG-INFO
writing dependency_links to ../../build/fer_gazebo/fer_gazebo.egg-info/dependency_links.txt
writing requirements to ../../build/fer_gazebo/fer_gazebo.egg-info/requires.txt
writing top-level names to ../../build/fer_gazebo/fer_gazebo.egg-info/top_level.txt
writing manifest file '../../build/fer_gazebo/fer_gazebo.egg-info/SOURCES.txt'
reading manifest file '../../build/fer_gazebo/fer_gazebo.egg-info/SOURCES.txt'
writing manifest file '../../build/fer_gazebo/fer_gazebo.egg-info/SOURCES.txt'
running build
running build_py
creating /home/ayaa/Agro2/build/fer_gazebo/build
creating /home/ayaa/Agro2/build/fer_gazebo/build/lib
creating /home/ayaa/Agro2/build/fer_gazebo/build/lib/fer_gazebo
copying fer_gazebo/__init__.py -> /home/ayaa/Agro2/build/fer_gazebo/build/lib/fer_gazebo
running install
running install_lib
creating /home/ayaa/Agro2/install/fer_gazebo/lib/python3.10/site-packages/fer_gazebo
copying /home/ayaa/Agro2/build/fer_gazebo/build/lib/fer_gazebo/__init__.py -> /home/ayaa/Agro2/install/fer_gazebo/lib/python3.10/site-packages/fer_gazebo
byte-compiling /home/ayaa/Agro2/install/fer_gazebo/lib/python3.10/site-packages/fer_gazebo/__init__.py to __init__.cpython-310.pyc
running install_data
creating /home/ayaa/Agro2/install/fer_gazebo/share/ament_index
creating /home/ayaa/Agro2/install/fer_gazebo/share/ament_index/resource_index
creating /home/ayaa/Agro2/install/fer_gazebo/share/ament_index/resource_index/packages
copying resource/fer_gazebo -> /home/ayaa/Agro2/install/fer_gazebo/share/ament_index/resource_index/packages
copying package.xml -> /home/ayaa/Agro2/install/fer_gazebo/share/fer_gazebo
running install_egg_info
Copying ../../build/fer_gazebo/fer_gazebo.egg-info to /home/ayaa/Agro2/install/fer_gazebo/lib/python3.10/site-packages/fer_gazebo-0.0.0-py3.10.egg-info
running install_scripts
writing list of installed files to '/home/ayaa/Agro2/build/fer_gazebo/install.log'
