[1.339s] Invoking command in '/home/ayaa/Agro2/src/custom_worlds': PYTHONPATH=/home/ayaa/Agro2/build/custom_worlds/prefix_override:/usr/lib/python3/dist-packages/colcon_core/task/python/colcon_distutils_commands:/home/ayaa/Agro2/install/custom_worlds/lib/python3.10/site-packages:${PYTHONPATH} /usr/bin/python3 -W ignore:setup.py install is deprecated -W ignore:easy_install command is deprecated setup.py egg_info --egg-base ../../build/custom_worlds build --build-base /home/ayaa/Agro2/build/custom_worlds/build install --record /home/ayaa/Agro2/build/custom_worlds/install.log --install-scripts $base/lib/custom_worlds --single-version-externally-managed install_data
[1.577s] /usr/lib/python3/dist-packages/setuptools/dist.py:723: UserWarning: Usage of dash-separated 'script-dir' will not be supported in future versions. Please use the underscore name 'script_dir' instead
[1.577s]   warnings.warn(
[1.585s] running egg_info
[1.586s] writing ../../build/custom_worlds/custom_worlds.egg-info/PKG-INFO
[1.586s] writing dependency_links to ../../build/custom_worlds/custom_worlds.egg-info/dependency_links.txt
[1.586s] writing entry points to ../../build/custom_worlds/custom_worlds.egg-info/entry_points.txt
[1.586s] writing requirements to ../../build/custom_worlds/custom_worlds.egg-info/requires.txt
[1.586s] writing top-level names to ../../build/custom_worlds/custom_worlds.egg-info/top_level.txt
[1.588s] reading manifest file '../../build/custom_worlds/custom_worlds.egg-info/SOURCES.txt'
[1.589s] writing manifest file '../../build/custom_worlds/custom_worlds.egg-info/SOURCES.txt'
[1.589s] running build
[1.589s] running build_py
[1.589s] running install
[1.590s] running install_lib
[1.591s] running install_data
[1.591s] copying worlds/turtlebot_agr.sdf -> /home/ayaa/Agro2/install/custom_worlds/share/custom_worlds/worlds
[1.591s] running install_egg_info
[1.594s] removing '/home/ayaa/Agro2/install/custom_worlds/lib/python3.10/site-packages/custom_worlds-0.0.0-py3.10.egg-info' (and everything under it)
[1.594s] Copying ../../build/custom_worlds/custom_worlds.egg-info to /home/ayaa/Agro2/install/custom_worlds/lib/python3.10/site-packages/custom_worlds-0.0.0-py3.10.egg-info
[1.595s] running install_scripts
[1.615s] writing list of installed files to '/home/ayaa/Agro2/build/custom_worlds/install.log'
[1.644s] Invoked command in '/home/ayaa/Agro2/src/custom_worlds' returned '0': PYTHONPATH=/home/ayaa/Agro2/build/custom_worlds/prefix_override:/usr/lib/python3/dist-packages/colcon_core/task/python/colcon_distutils_commands:/home/ayaa/Agro2/install/custom_worlds/lib/python3.10/site-packages:${PYTHONPATH} /usr/bin/python3 -W ignore:setup.py install is deprecated -W ignore:easy_install command is deprecated setup.py egg_info --egg-base ../../build/custom_worlds build --build-base /home/ayaa/Agro2/build/custom_worlds/build install --record /home/ayaa/Agro2/build/custom_worlds/install.log --install-scripts $base/lib/custom_worlds --single-version-externally-managed install_data
