[0.446s] Invoking command in '/home/ayaa/Agro2/build/moveit2_tutorials': CMAKE_PREFIX_PATH=${CMAKE_PREFIX_PATH}:/home/ayaa/Agro2/install/my_nav2_bringup:/home/ayaa/Agro2/install/custom_worlds:/opt/ros/humble /usr/bin/cmake /home/ayaa/Agro2/src/moveit2_tutorials -DCMAKE_BUILD_TYPE=Release -DCMAKE_INSTALL_PREFIX=/home/ayaa/Agro2/install/moveit2_tutorials
[0.460s] -- Found moveit_common: 2.5.8 (/opt/ros/humble/share/moveit_common/cmake)
[0.460s] -- Found ament_cmake: 1.3.11 (/opt/ros/humble/share/ament_cmake/cmake)
[0.705s] -- Found Boost: /usr/lib/x86_64-linux-gnu/cmake/Boost-1.74.0/BoostConfig.cmake (found version "1.74.0") found components: system filesystem date_time thread 
[0.707s] -- Found control_msgs: 4.7.0 (/opt/ros/humble/share/control_msgs/cmake)
[0.738s] -- Found rosidl_generator_c: 3.1.6 (/opt/ros/humble/share/rosidl_generator_c/cmake)
[0.742s] -- Found rosidl_adapter: 3.1.6 (/opt/ros/humble/share/rosidl_adapter/cmake)
[0.748s] -- Found rosidl_generator_cpp: 3.1.6 (/opt/ros/humble/share/rosidl_generator_cpp/cmake)
[0.761s] -- Using all available rosidl_typesupport_c: rosidl_typesupport_fastrtps_c;rosidl_typesupport_introspection_c
[0.776s] -- Using all available rosidl_typesupport_cpp: rosidl_typesupport_fastrtps_cpp;rosidl_typesupport_introspection_cpp
[0.924s] -- Found moveit_core: 2.5.8 (/opt/ros/humble/share/moveit_core/cmake)
[0.936s] -- Found Boost: /usr/lib/x86_64-linux-gnu/cmake/Boost-1.74.0/BoostConfig.cmake (found version "1.74.0") found components: chrono date_time filesystem iostreams program_options regex serialization system thread 
[0.973s] -- Found parameter_traits: 0.4.0 (/opt/ros/humble/share/parameter_traits/cmake)
[1.011s] -- Found rmw_implementation_cmake: 6.1.2 (/opt/ros/humble/share/rmw_implementation_cmake/cmake)
[1.013s] -- Found rmw_fastrtps_cpp: 6.2.7 (/opt/ros/humble/share/rmw_fastrtps_cpp/cmake)
[1.163s] -- Using RMW implementation 'rmw_fastrtps_cpp' as default
[1.238s] -- Found rclcpp_lifecycle: 16.0.11 (/opt/ros/humble/share/rclcpp_lifecycle/cmake)
[1.262s] -- Found Boost: /usr/lib/x86_64-linux-gnu/cmake/Boost-1.74.0/BoostConfig.cmake (found version "1.74.0") found components: filesystem 
[1.297s] -- library: /usr/lib/x86_64-linux-gnu/libcurl.so
[1.343s] -- Ensuring Eigen3 include directory is part of orocos-kdl CMake target
[1.565s] [31mCMake Error at CMakeLists.txt:13 (find_package):
[1.565s]   By not providing "Findmoveit_task_constructor_core.cmake" in
[1.565s]   CMAKE_MODULE_PATH this project has asked CMake to find a package
[1.566s]   configuration file provided by "moveit_task_constructor_core", but CMake
[1.566s]   did not find one.
[1.566s] 
[1.566s]   Could not find a package configuration file provided by
[1.566s]   "moveit_task_constructor_core" with any of the following names:
[1.566s] 
[1.566s]     moveit_task_constructor_coreConfig.cmake
[1.566s]     moveit_task_constructor_core-config.cmake
[1.567s] 
[1.567s]   Add the installation prefix of "moveit_task_constructor_core" to
[1.567s]   CMAKE_PREFIX_PATH or set "moveit_task_constructor_core_DIR" to a directory
[1.567s]   containing one of the above files.  If "moveit_task_constructor_core"
[1.567s]   provides a separate development package or SDK, be sure it has been
[1.567s]   installed.
[1.567s] 
[1.567s] [0m
[1.567s] -- Configuring incomplete, errors occurred!
[1.567s] See also "/home/ayaa/Agro2/build/moveit2_tutorials/CMakeFiles/CMakeOutput.log".
[1.583s] Invoked command in '/home/ayaa/Agro2/build/moveit2_tutorials' returned '1': CMAKE_PREFIX_PATH=${CMAKE_PREFIX_PATH}:/home/ayaa/Agro2/install/my_nav2_bringup:/home/ayaa/Agro2/install/custom_worlds:/opt/ros/humble /usr/bin/cmake /home/ayaa/Agro2/src/moveit2_tutorials -DCMAKE_BUILD_TYPE=Release -DCMAKE_INSTALL_PREFIX=/home/ayaa/Agro2/install/moveit2_tutorials
