[5.303s] Invoking command in '/home/ayaa/Agro2/build/tiago_cpp': CMAKE_PREFIX_PATH=/home/ayaa/Agro2/install/ur5_moveit:/home/ayaa/Agro2/install/ur_description:/home/ayaa/Agro2/install/tiago_simulation:/home/ayaa/Agro2/install/tiago_robot:/home/ayaa/Agro2/install/tiago_gazebo:/home/ayaa/Agro2/install/tiago_bringup:/home/ayaa/Agro2/install/tiago_description:/home/ayaa/Agro2/install/tiago_cpp:/home/ayaa/Agro2/install/tiago_controller_configuration:/home/ayaa/Agro2/install/tiago_behavior_tree:/home/ayaa/Agro2/install/fer_moveit:/home/ayaa/Agro2/install/tiago_custom:/home/ayaa/Agro2/install/my_nav2_bringup:/home/ayaa/Agro2/install/fer_gazebo:/home/ayaa/Agro2/install/custom_worlds:/opt/ros/humble:/home/ayaa/Agro2/install/franka_description:/home/ayaa/Agro2/install/fer_cpp_moveit /usr/bin/cmake --build /home/ayaa/Agro2/build/tiago_cpp -- -j8 -l8
[5.531s] [100%] Built target pick_place_tiago
[7.299s] Invoked command in '/home/ayaa/Agro2/build/tiago_cpp' returned '0': CMAKE_PREFIX_PATH=/home/ayaa/Agro2/install/ur5_moveit:/home/ayaa/Agro2/install/ur_description:/home/ayaa/Agro2/install/tiago_simulation:/home/ayaa/Agro2/install/tiago_robot:/home/ayaa/Agro2/install/tiago_gazebo:/home/ayaa/Agro2/install/tiago_bringup:/home/ayaa/Agro2/install/tiago_description:/home/ayaa/Agro2/install/tiago_cpp:/home/ayaa/Agro2/install/tiago_controller_configuration:/home/ayaa/Agro2/install/tiago_behavior_tree:/home/ayaa/Agro2/install/fer_moveit:/home/ayaa/Agro2/install/tiago_custom:/home/ayaa/Agro2/install/my_nav2_bringup:/home/ayaa/Agro2/install/fer_gazebo:/home/ayaa/Agro2/install/custom_worlds:/opt/ros/humble:/home/ayaa/Agro2/install/franka_description:/home/ayaa/Agro2/install/fer_cpp_moveit /usr/bin/cmake --build /home/ayaa/Agro2/build/tiago_cpp -- -j8 -l8
[7.302s] Invoking command in '/home/ayaa/Agro2/build/tiago_cpp': CMAKE_PREFIX_PATH=/home/ayaa/Agro2/install/ur5_moveit:/home/ayaa/Agro2/install/ur_description:/home/ayaa/Agro2/install/tiago_simulation:/home/ayaa/Agro2/install/tiago_robot:/home/ayaa/Agro2/install/tiago_gazebo:/home/ayaa/Agro2/install/tiago_bringup:/home/ayaa/Agro2/install/tiago_description:/home/ayaa/Agro2/install/tiago_cpp:/home/ayaa/Agro2/install/tiago_controller_configuration:/home/ayaa/Agro2/install/tiago_behavior_tree:/home/ayaa/Agro2/install/fer_moveit:/home/ayaa/Agro2/install/tiago_custom:/home/ayaa/Agro2/install/my_nav2_bringup:/home/ayaa/Agro2/install/fer_gazebo:/home/ayaa/Agro2/install/custom_worlds:/opt/ros/humble:/home/ayaa/Agro2/install/franka_description:/home/ayaa/Agro2/install/fer_cpp_moveit /usr/bin/cmake --install /home/ayaa/Agro2/build/tiago_cpp
[7.332s] -- Install configuration: ""
[7.332s] -- Up-to-date: /home/ayaa/Agro2/install/tiago_cpp/lib/tiago_cpp/pick_place_tiago
[7.333s] -- Up-to-date: /home/ayaa/Agro2/install/tiago_cpp/share/ament_index/resource_index/package_run_dependencies/tiago_cpp
[7.334s] -- Up-to-date: /home/ayaa/Agro2/install/tiago_cpp/share/ament_index/resource_index/parent_prefix_path/tiago_cpp
[7.335s] -- Up-to-date: /home/ayaa/Agro2/install/tiago_cpp/share/tiago_cpp/environment/ament_prefix_path.sh
[7.335s] -- Up-to-date: /home/ayaa/Agro2/install/tiago_cpp/share/tiago_cpp/environment/ament_prefix_path.dsv
[7.336s] -- Up-to-date: /home/ayaa/Agro2/install/tiago_cpp/share/tiago_cpp/environment/path.sh
[7.337s] -- Up-to-date: /home/ayaa/Agro2/install/tiago_cpp/share/tiago_cpp/environment/path.dsv
[7.337s] -- Up-to-date: /home/ayaa/Agro2/install/tiago_cpp/share/tiago_cpp/local_setup.bash
[7.338s] -- Up-to-date: /home/ayaa/Agro2/install/tiago_cpp/share/tiago_cpp/local_setup.sh
[7.338s] -- Up-to-date: /home/ayaa/Agro2/install/tiago_cpp/share/tiago_cpp/local_setup.zsh
[7.339s] -- Up-to-date: /home/ayaa/Agro2/install/tiago_cpp/share/tiago_cpp/local_setup.dsv
[7.340s] -- Installing: /home/ayaa/Agro2/install/tiago_cpp/share/tiago_cpp/package.dsv
[7.340s] -- Up-to-date: /home/ayaa/Agro2/install/tiago_cpp/share/ament_index/resource_index/packages/tiago_cpp
[7.341s] -- Up-to-date: /home/ayaa/Agro2/install/tiago_cpp/share/tiago_cpp/cmake/tiago_cppConfig.cmake
[7.342s] -- Up-to-date: /home/ayaa/Agro2/install/tiago_cpp/share/tiago_cpp/cmake/tiago_cppConfig-version.cmake
[7.342s] -- Up-to-date: /home/ayaa/Agro2/install/tiago_cpp/share/tiago_cpp/package.xml
[7.527s] Invoked command in '/home/ayaa/Agro2/build/tiago_cpp' returned '0': CMAKE_PREFIX_PATH=/home/ayaa/Agro2/install/ur5_moveit:/home/ayaa/Agro2/install/ur_description:/home/ayaa/Agro2/install/tiago_simulation:/home/ayaa/Agro2/install/tiago_robot:/home/ayaa/Agro2/install/tiago_gazebo:/home/ayaa/Agro2/install/tiago_bringup:/home/ayaa/Agro2/install/tiago_description:/home/ayaa/Agro2/install/tiago_cpp:/home/ayaa/Agro2/install/tiago_controller_configuration:/home/ayaa/Agro2/install/tiago_behavior_tree:/home/ayaa/Agro2/install/fer_moveit:/home/ayaa/Agro2/install/tiago_custom:/home/ayaa/Agro2/install/my_nav2_bringup:/home/ayaa/Agro2/install/fer_gazebo:/home/ayaa/Agro2/install/custom_worlds:/opt/ros/humble:/home/ayaa/Agro2/install/franka_description:/home/ayaa/Agro2/install/fer_cpp_moveit /usr/bin/cmake --install /home/ayaa/Agro2/build/tiago_cpp
