[6.002s] Invoking command in '/home/ayaa/Agro2/src/fer_gazebo': PYTHONPATH=/home/ayaa/Agro2/build/fer_gazebo/prefix_override:/usr/lib/python3/dist-packages/colcon_core/task/python/colcon_distutils_commands:/home/ayaa/Agro2/install/fer_gazebo/lib/python3.10/site-packages:${PYTHONPATH} /usr/bin/python3 -W ignore:setup.py install is deprecated -W ignore:easy_install command is deprecated setup.py egg_info --egg-base ../../build/fer_gazebo build --build-base /home/ayaa/Agro2/build/fer_gazebo/build install --record /home/ayaa/Agro2/build/fer_gazebo/install.log --single-version-externally-managed install_data
[7.282s] running egg_info
[7.339s] writing ../../build/fer_gazebo/fer_gazebo.egg-info/PKG-INFO
[7.339s] writing dependency_links to ../../build/fer_gazebo/fer_gazebo.egg-info/dependency_links.txt
[7.340s] writing entry points to ../../build/fer_gazebo/fer_gazebo.egg-info/entry_points.txt
[7.341s] writing requirements to ../../build/fer_gazebo/fer_gazebo.egg-info/requires.txt
[7.341s] writing top-level names to ../../build/fer_gazebo/fer_gazebo.egg-info/top_level.txt
[7.477s] reading manifest file '../../build/fer_gazebo/fer_gazebo.egg-info/SOURCES.txt'
[7.481s] writing manifest file '../../build/fer_gazebo/fer_gazebo.egg-info/SOURCES.txt'
[7.481s] running build
[7.481s] running build_py
[7.483s] running install
[7.504s] running install_lib
[7.597s] running install_data
[7.597s] running install_egg_info
[7.697s] removing '/home/ayaa/Agro2/install/fer_gazebo/lib/python3.10/site-packages/fer_gazebo-0.0.0-py3.10.egg-info' (and everything under it)
[7.698s] Copying ../../build/fer_gazebo/fer_gazebo.egg-info to /home/ayaa/Agro2/install/fer_gazebo/lib/python3.10/site-packages/fer_gazebo-0.0.0-py3.10.egg-info
[7.698s] running install_scripts
[7.940s] Installing pick_place script to /home/ayaa/Agro2/install/fer_gazebo/lib/fer_gazebo
[7.941s] writing list of installed files to '/home/ayaa/Agro2/build/fer_gazebo/install.log'
[8.105s] Invoked command in '/home/ayaa/Agro2/src/fer_gazebo' returned '0': PYTHONPATH=/home/ayaa/Agro2/build/fer_gazebo/prefix_override:/usr/lib/python3/dist-packages/colcon_core/task/python/colcon_distutils_commands:/home/ayaa/Agro2/install/fer_gazebo/lib/python3.10/site-packages:${PYTHONPATH} /usr/bin/python3 -W ignore:setup.py install is deprecated -W ignore:easy_install command is deprecated setup.py egg_info --egg-base ../../build/fer_gazebo build --build-base /home/ayaa/Agro2/build/fer_gazebo/build install --record /home/ayaa/Agro2/build/fer_gazebo/install.log --single-version-externally-managed install_data
