[0.952s] Invoking command in '/home/ayaa/Agro2/build/fer_cpp_moveit': CMAKE_PREFIX_PATH=/home/ayaa/Agro2/install/ur5_moveit:/home/ayaa/Agro2/install/ur_description:/home/ayaa/Agro2/install/tiago_simulation:/home/ayaa/Agro2/install/tiago_robot:/home/ayaa/Agro2/install/tiago_gazebo:/home/ayaa/Agro2/install/tiago_bringup:/home/ayaa/Agro2/install/tiago_description:/home/ayaa/Agro2/install/tiago_controller_configuration:/home/ayaa/Agro2/install/fer_moveit:/home/ayaa/Agro2/install/tiago_custom:/home/ayaa/Agro2/install/my_nav2_bringup:/home/ayaa/Agro2/install/fer_gazebo:/home/ayaa/Agro2/install/custom_worlds:/opt/ros/humble:/home/ayaa/Agro2/install/franka_description:/home/ayaa/Agro2/install/fer_cpp_moveit /usr/bin/cmake --build /home/ayaa/Agro2/build/fer_cpp_moveit -- -j8 -l8
[3.614s] [35m[1mConsolidate compiler generated dependencies of target pick_place[0m
[3.615s] [ 50%] [32mBuilding CXX object CMakeFiles/pick_place.dir/src/pick_place.cpp.o[0m
[18.094s] [100%] [32m[1mLinking CXX executable pick_place[0m
[18.720s] [100%] Built target pick_place
[18.737s] Invoked command in '/home/ayaa/Agro2/build/fer_cpp_moveit' returned '0': CMAKE_PREFIX_PATH=/home/ayaa/Agro2/install/ur5_moveit:/home/ayaa/Agro2/install/ur_description:/home/ayaa/Agro2/install/tiago_simulation:/home/ayaa/Agro2/install/tiago_robot:/home/ayaa/Agro2/install/tiago_gazebo:/home/ayaa/Agro2/install/tiago_bringup:/home/ayaa/Agro2/install/tiago_description:/home/ayaa/Agro2/install/tiago_controller_configuration:/home/ayaa/Agro2/install/fer_moveit:/home/ayaa/Agro2/install/tiago_custom:/home/ayaa/Agro2/install/my_nav2_bringup:/home/ayaa/Agro2/install/fer_gazebo:/home/ayaa/Agro2/install/custom_worlds:/opt/ros/humble:/home/ayaa/Agro2/install/franka_description:/home/ayaa/Agro2/install/fer_cpp_moveit /usr/bin/cmake --build /home/ayaa/Agro2/build/fer_cpp_moveit -- -j8 -l8
[18.740s] Invoking command in '/home/ayaa/Agro2/build/fer_cpp_moveit': CMAKE_PREFIX_PATH=/home/ayaa/Agro2/install/ur5_moveit:/home/ayaa/Agro2/install/ur_description:/home/ayaa/Agro2/install/tiago_simulation:/home/ayaa/Agro2/install/tiago_robot:/home/ayaa/Agro2/install/tiago_gazebo:/home/ayaa/Agro2/install/tiago_bringup:/home/ayaa/Agro2/install/tiago_description:/home/ayaa/Agro2/install/tiago_controller_configuration:/home/ayaa/Agro2/install/fer_moveit:/home/ayaa/Agro2/install/tiago_custom:/home/ayaa/Agro2/install/my_nav2_bringup:/home/ayaa/Agro2/install/fer_gazebo:/home/ayaa/Agro2/install/custom_worlds:/opt/ros/humble:/home/ayaa/Agro2/install/franka_description:/home/ayaa/Agro2/install/fer_cpp_moveit /usr/bin/cmake --install /home/ayaa/Agro2/build/fer_cpp_moveit
[18.752s] -- Install configuration: ""
[18.753s] -- Installing: /home/ayaa/Agro2/install/fer_cpp_moveit/lib/fer_cpp_moveit/pick_place
[18.754s] -- Set runtime path of "/home/ayaa/Agro2/install/fer_cpp_moveit/lib/fer_cpp_moveit/pick_place" to ""
[18.754s] -- Up-to-date: /home/ayaa/Agro2/install/fer_cpp_moveit/share/ament_index/resource_index/package_run_dependencies/fer_cpp_moveit
[18.755s] -- Up-to-date: /home/ayaa/Agro2/install/fer_cpp_moveit/share/ament_index/resource_index/parent_prefix_path/fer_cpp_moveit
[18.755s] -- Up-to-date: /home/ayaa/Agro2/install/fer_cpp_moveit/share/fer_cpp_moveit/environment/ament_prefix_path.sh
[18.755s] -- Up-to-date: /home/ayaa/Agro2/install/fer_cpp_moveit/share/fer_cpp_moveit/environment/ament_prefix_path.dsv
[18.755s] -- Up-to-date: /home/ayaa/Agro2/install/fer_cpp_moveit/share/fer_cpp_moveit/environment/path.sh
[18.756s] -- Up-to-date: /home/ayaa/Agro2/install/fer_cpp_moveit/share/fer_cpp_moveit/environment/path.dsv
[18.756s] -- Up-to-date: /home/ayaa/Agro2/install/fer_cpp_moveit/share/fer_cpp_moveit/local_setup.bash
[18.756s] -- Up-to-date: /home/ayaa/Agro2/install/fer_cpp_moveit/share/fer_cpp_moveit/local_setup.sh
[18.756s] -- Up-to-date: /home/ayaa/Agro2/install/fer_cpp_moveit/share/fer_cpp_moveit/local_setup.zsh
[18.756s] -- Up-to-date: /home/ayaa/Agro2/install/fer_cpp_moveit/share/fer_cpp_moveit/local_setup.dsv
[18.756s] -- Installing: /home/ayaa/Agro2/install/fer_cpp_moveit/share/fer_cpp_moveit/package.dsv
[18.756s] -- Up-to-date: /home/ayaa/Agro2/install/fer_cpp_moveit/share/ament_index/resource_index/packages/fer_cpp_moveit
[18.757s] -- Up-to-date: /home/ayaa/Agro2/install/fer_cpp_moveit/share/fer_cpp_moveit/cmake/fer_cpp_moveitConfig.cmake
[18.757s] -- Up-to-date: /home/ayaa/Agro2/install/fer_cpp_moveit/share/fer_cpp_moveit/cmake/fer_cpp_moveitConfig-version.cmake
[18.757s] -- Up-to-date: /home/ayaa/Agro2/install/fer_cpp_moveit/share/fer_cpp_moveit/package.xml
[18.760s] Invoked command in '/home/ayaa/Agro2/build/fer_cpp_moveit' returned '0': CMAKE_PREFIX_PATH=/home/ayaa/Agro2/install/ur5_moveit:/home/ayaa/Agro2/install/ur_description:/home/ayaa/Agro2/install/tiago_simulation:/home/ayaa/Agro2/install/tiago_robot:/home/ayaa/Agro2/install/tiago_gazebo:/home/ayaa/Agro2/install/tiago_bringup:/home/ayaa/Agro2/install/tiago_description:/home/ayaa/Agro2/install/tiago_controller_configuration:/home/ayaa/Agro2/install/fer_moveit:/home/ayaa/Agro2/install/tiago_custom:/home/ayaa/Agro2/install/my_nav2_bringup:/home/ayaa/Agro2/install/fer_gazebo:/home/ayaa/Agro2/install/custom_worlds:/opt/ros/humble:/home/ayaa/Agro2/install/franka_description:/home/ayaa/Agro2/install/fer_cpp_moveit /usr/bin/cmake --install /home/ayaa/Agro2/build/fer_cpp_moveit
