[0.046s] Invoking command in '/home/ayaa/Agro2/build/franka_description': CMAKE_PREFIX_PATH=/home/ayaa/Agro2/install/ur5_moveit:/home/ayaa/Agro2/install/ur_description:/home/ayaa/Agro2/install/tiago_simulation:/home/ayaa/Agro2/install/tiago_robot:/home/ayaa/Agro2/install/tiago_gazebo:/home/ayaa/Agro2/install/tiago_bringup:/home/ayaa/Agro2/install/tiago_description:/home/ayaa/Agro2/install/tiago_controller_configuration:/home/ayaa/Agro2/install/fer_moveit:/home/ayaa/Agro2/install/tiago_custom:/home/ayaa/Agro2/install/my_nav2_bringup:/home/ayaa/Agro2/install/fer_gazebo:/home/ayaa/Agro2/install/custom_worlds:/opt/ros/humble:/home/ayaa/Agro2/install/franka_description:/home/ayaa/Agro2/install/fer_cpp_moveit /usr/bin/cmake --build /home/ayaa/Agro2/build/franka_description -- -j8 -l8
[2.109s] Invoked command in '/home/ayaa/Agro2/build/franka_description' returned '0': CMAKE_PREFIX_PATH=/home/ayaa/Agro2/install/ur5_moveit:/home/ayaa/Agro2/install/ur_description:/home/ayaa/Agro2/install/tiago_simulation:/home/ayaa/Agro2/install/tiago_robot:/home/ayaa/Agro2/install/tiago_gazebo:/home/ayaa/Agro2/install/tiago_bringup:/home/ayaa/Agro2/install/tiago_description:/home/ayaa/Agro2/install/tiago_controller_configuration:/home/ayaa/Agro2/install/fer_moveit:/home/ayaa/Agro2/install/tiago_custom:/home/ayaa/Agro2/install/my_nav2_bringup:/home/ayaa/Agro2/install/fer_gazebo:/home/ayaa/Agro2/install/custom_worlds:/opt/ros/humble:/home/ayaa/Agro2/install/franka_description:/home/ayaa/Agro2/install/fer_cpp_moveit /usr/bin/cmake --build /home/ayaa/Agro2/build/franka_description -- -j8 -l8
[2.110s] Invoking command in '/home/ayaa/Agro2/build/franka_description': CMAKE_PREFIX_PATH=/home/ayaa/Agro2/install/ur5_moveit:/home/ayaa/Agro2/install/ur_description:/home/ayaa/Agro2/install/tiago_simulation:/home/ayaa/Agro2/install/tiago_robot:/home/ayaa/Agro2/install/tiago_gazebo:/home/ayaa/Agro2/install/tiago_bringup:/home/ayaa/Agro2/install/tiago_description:/home/ayaa/Agro2/install/tiago_controller_configuration:/home/ayaa/Agro2/install/fer_moveit:/home/ayaa/Agro2/install/tiago_custom:/home/ayaa/Agro2/install/my_nav2_bringup:/home/ayaa/Agro2/install/fer_gazebo:/home/ayaa/Agro2/install/custom_worlds:/opt/ros/humble:/home/ayaa/Agro2/install/franka_description:/home/ayaa/Agro2/install/fer_cpp_moveit /usr/bin/cmake --install /home/ayaa/Agro2/build/franka_description
[2.127s] -- Install configuration: ""
[2.127s] -- Up-to-date: /home/ayaa/Agro2/install/franka_description/share/franka_description//launch
[2.127s] -- Up-to-date: /home/ayaa/Agro2/install/franka_description/share/franka_description//launch/visualize_franka.launch.py
[2.127s] -- Up-to-date: /home/ayaa/Agro2/install/franka_description/share/franka_description//robots
[2.127s] -- Up-to-date: /home/ayaa/Agro2/install/franka_description/share/franka_description//robots/fp3
[2.127s] -- Up-to-date: /home/ayaa/Agro2/install/franka_description/share/franka_description//robots/fp3/inertials.yaml
[2.127s] -- Up-to-date: /home/ayaa/Agro2/install/franka_description/share/franka_description//robots/fp3/joint_limits.yaml
[2.127s] -- Up-to-date: /home/ayaa/Agro2/install/franka_description/share/franka_description//robots/fp3/dynamics.yaml
[2.127s] -- Up-to-date: /home/ayaa/Agro2/install/franka_description/share/franka_description//robots/fp3/kinematics.yaml
[2.128s] -- Up-to-date: /home/ayaa/Agro2/install/franka_description/share/franka_description//robots/fp3/fp3.urdf.xacro
[2.128s] -- Up-to-date: /home/ayaa/Agro2/install/franka_description/share/franka_description//robots/fr3
[2.128s] -- Up-to-date: /home/ayaa/Agro2/install/franka_description/share/franka_description//robots/fr3/inertials.yaml
[2.128s] -- Up-to-date: /home/ayaa/Agro2/install/franka_description/share/franka_description//robots/fr3/joint_limits.yaml
[2.128s] -- Up-to-date: /home/ayaa/Agro2/install/franka_description/share/franka_description//robots/fr3/dynamics.yaml
[2.129s] -- Up-to-date: /home/ayaa/Agro2/install/franka_description/share/franka_description//robots/fr3/kinematics.yaml
[2.129s] -- Up-to-date: /home/ayaa/Agro2/install/franka_description/share/franka_description//robots/fr3/fr3.urdf.xacro
[2.129s] -- Up-to-date: /home/ayaa/Agro2/install/franka_description/share/franka_description//robots/fer
[2.129s] -- Up-to-date: /home/ayaa/Agro2/install/franka_description/share/franka_description//robots/fer/fer_ros2_control.xacro.urdf
[2.129s] -- Up-to-date: /home/ayaa/Agro2/install/franka_description/share/franka_description//robots/fer/inertials.yaml
[2.129s] -- Up-to-date: /home/ayaa/Agro2/install/franka_description/share/franka_description//robots/fer/joint_limits.yaml
[2.129s] -- Up-to-date: /home/ayaa/Agro2/install/franka_description/share/franka_description//robots/fer/dynamics.yaml
[2.129s] -- Up-to-date: /home/ayaa/Agro2/install/franka_description/share/franka_description//robots/fer/fer.urdf
[2.129s] -- Up-to-date: /home/ayaa/Agro2/install/franka_description/share/franka_description//robots/fer/kinematics.yaml
[2.130s] -- Up-to-date: /home/ayaa/Agro2/install/franka_description/share/franka_description//robots/fer/fer.urdf.xacro
[2.130s] -- Up-to-date: /home/ayaa/Agro2/install/franka_description/share/franka_description//robots/common
[2.131s] -- Up-to-date: /home/ayaa/Agro2/install/franka_description/share/franka_description//robots/common/utils.xacro
[2.133s] -- Up-to-date: /home/ayaa/Agro2/install/franka_description/share/franka_description//robots/common/franka_arm.xacro
[2.134s] -- Up-to-date: /home/ayaa/Agro2/install/franka_description/share/franka_description//robots/common/franka_robot.xacro
[2.135s] -- Up-to-date: /home/ayaa/Agro2/install/franka_description/share/franka_description//robots/common/franka_arm.ros2_control.xacro
[2.135s] -- Up-to-date: /home/ayaa/Agro2/install/franka_description/share/franka_description//robots/multi_arm
[2.135s] -- Up-to-date: /home/ayaa/Agro2/install/franka_description/share/franka_description//robots/multi_arm/multi_arm.urdf.xacro
[2.135s] -- Up-to-date: /home/ayaa/Agro2/install/franka_description/share/franka_description//end_effectors
[2.135s] -- Up-to-date: /home/ayaa/Agro2/install/franka_description/share/franka_description//end_effectors/franka_hand
[2.135s] -- Up-to-date: /home/ayaa/Agro2/install/franka_description/share/franka_description//end_effectors/franka_hand/inertials.yaml
[2.135s] -- Up-to-date: /home/ayaa/Agro2/install/franka_description/share/franka_description//end_effectors/franka_hand/franka_hand_arguments.xacro
[2.135s] -- Up-to-date: /home/ayaa/Agro2/install/franka_description/share/franka_description//end_effectors/franka_hand/franka_hand.urdf.xacro
[2.135s] -- Up-to-date: /home/ayaa/Agro2/install/franka_description/share/franka_description//end_effectors/common
[2.136s] -- Up-to-date: /home/ayaa/Agro2/install/franka_description/share/franka_description//end_effectors/common/utils.xacro
[2.136s] -- Up-to-date: /home/ayaa/Agro2/install/franka_description/share/franka_description//end_effectors/common/ee_with_one_link.xacro
[2.136s] -- Up-to-date: /home/ayaa/Agro2/install/franka_description/share/franka_description//end_effectors/common/franka_hand.xacro
[2.136s] -- Up-to-date: /home/ayaa/Agro2/install/franka_description/share/franka_description//end_effectors/cobot_pump
[2.136s] -- Up-to-date: /home/ayaa/Agro2/install/franka_description/share/franka_description//end_effectors/cobot_pump/inertials.yaml
[2.136s] -- Up-to-date: /home/ayaa/Agro2/install/franka_description/share/franka_description//end_effectors/cobot_pump/cobot_pump_arguments.xacro
[2.136s] -- Up-to-date: /home/ayaa/Agro2/install/franka_description/share/franka_description//end_effectors/cobot_pump/cobot_pump.urdf.xacro
[2.137s] -- Up-to-date: /home/ayaa/Agro2/install/franka_description/share/franka_description//meshes
[2.137s] -- Up-to-date: /home/ayaa/Agro2/install/franka_description/share/franka_description//meshes/robot_arms
[2.137s] -- Up-to-date: /home/ayaa/Agro2/install/franka_description/share/franka_description//meshes/robot_arms/fp3
[2.137s] -- Up-to-date: /home/ayaa/Agro2/install/franka_description/share/franka_description//meshes/robot_arms/fp3/collision
[2.137s] -- Up-to-date: /home/ayaa/Agro2/install/franka_description/share/franka_description//meshes/robot_arms/fp3/collision/link0.stl
[2.137s] -- Up-to-date: /home/ayaa/Agro2/install/franka_description/share/franka_description//meshes/robot_arms/fp3/collision/link7.stl
[2.138s] -- Up-to-date: /home/ayaa/Agro2/install/franka_description/share/franka_description//meshes/robot_arms/fp3/collision/link2.stl
[2.138s] -- Up-to-date: /home/ayaa/Agro2/install/franka_description/share/franka_description//meshes/robot_arms/fp3/collision/link5.stl
[2.138s] -- Up-to-date: /home/ayaa/Agro2/install/franka_description/share/franka_description//meshes/robot_arms/fp3/collision/link3.stl
[2.138s] -- Up-to-date: /home/ayaa/Agro2/install/franka_description/share/franka_description//meshes/robot_arms/fp3/collision/link4.stl
[2.138s] -- Up-to-date: /home/ayaa/Agro2/install/franka_description/share/franka_description//meshes/robot_arms/fp3/collision/link6.stl
[2.138s] -- Up-to-date: /home/ayaa/Agro2/install/franka_description/share/franka_description//meshes/robot_arms/fp3/collision/link1.stl
[2.138s] -- Up-to-date: /home/ayaa/Agro2/install/franka_description/share/franka_description//meshes/robot_arms/fp3/visual
[2.138s] -- Up-to-date: /home/ayaa/Agro2/install/franka_description/share/franka_description//meshes/robot_arms/fp3/visual/link5.dae
[2.138s] -- Up-to-date: /home/ayaa/Agro2/install/franka_description/share/franka_description//meshes/robot_arms/fp3/visual/link2.dae
[2.139s] -- Up-to-date: /home/ayaa/Agro2/install/franka_description/share/franka_description//meshes/robot_arms/fp3/visual/link0.dae
[2.139s] -- Up-to-date: /home/ayaa/Agro2/install/franka_description/share/franka_description//meshes/robot_arms/fp3/visual/link4.dae
[2.139s] -- Up-to-date: /home/ayaa/Agro2/install/franka_description/share/franka_description//meshes/robot_arms/fp3/visual/link6.dae
[2.139s] -- Up-to-date: /home/ayaa/Agro2/install/franka_description/share/franka_description//meshes/robot_arms/fp3/visual/link7.dae
[2.139s] -- Up-to-date: /home/ayaa/Agro2/install/franka_description/share/franka_description//meshes/robot_arms/fp3/visual/link1.dae
[2.139s] -- Up-to-date: /home/ayaa/Agro2/install/franka_description/share/franka_description//meshes/robot_arms/fp3/visual/link3.dae
[2.139s] -- Up-to-date: /home/ayaa/Agro2/install/franka_description/share/franka_description//meshes/robot_arms/fr3
[2.139s] -- Up-to-date: /home/ayaa/Agro2/install/franka_description/share/franka_description//meshes/robot_arms/fr3/collision
[2.140s] -- Up-to-date: /home/ayaa/Agro2/install/franka_description/share/franka_description//meshes/robot_arms/fr3/collision/link0.stl
[2.140s] -- Up-to-date: /home/ayaa/Agro2/install/franka_description/share/franka_description//meshes/robot_arms/fr3/collision/link7.stl
[2.140s] -- Up-to-date: /home/ayaa/Agro2/install/franka_description/share/franka_description//meshes/robot_arms/fr3/collision/link2.stl
[2.140s] -- Up-to-date: /home/ayaa/Agro2/install/franka_description/share/franka_description//meshes/robot_arms/fr3/collision/link5.stl
[2.140s] -- Up-to-date: /home/ayaa/Agro2/install/franka_description/share/franka_description//meshes/robot_arms/fr3/collision/link3.stl
[2.141s] -- Up-to-date: /home/ayaa/Agro2/install/franka_description/share/franka_description//meshes/robot_arms/fr3/collision/link4.stl
[2.141s] -- Up-to-date: /home/ayaa/Agro2/install/franka_description/share/franka_description//meshes/robot_arms/fr3/collision/link6.stl
[2.141s] -- Up-to-date: /home/ayaa/Agro2/install/franka_description/share/franka_description//meshes/robot_arms/fr3/collision/link1.stl
[2.141s] -- Up-to-date: /home/ayaa/Agro2/install/franka_description/share/franka_description//meshes/robot_arms/fr3/visual
[2.141s] -- Up-to-date: /home/ayaa/Agro2/install/franka_description/share/franka_description//meshes/robot_arms/fr3/visual/link5.dae
[2.141s] -- Up-to-date: /home/ayaa/Agro2/install/franka_description/share/franka_description//meshes/robot_arms/fr3/visual/link2.dae
[2.141s] -- Up-to-date: /home/ayaa/Agro2/install/franka_description/share/franka_description//meshes/robot_arms/fr3/visual/link0.dae
[2.141s] -- Up-to-date: /home/ayaa/Agro2/install/franka_description/share/franka_description//meshes/robot_arms/fr3/visual/link4.dae
[2.142s] -- Up-to-date: /home/ayaa/Agro2/install/franka_description/share/franka_description//meshes/robot_arms/fr3/visual/link6.dae
[2.142s] -- Up-to-date: /home/ayaa/Agro2/install/franka_description/share/franka_description//meshes/robot_arms/fr3/visual/link7.dae
[2.142s] -- Up-to-date: /home/ayaa/Agro2/install/franka_description/share/franka_description//meshes/robot_arms/fr3/visual/link1.dae
[2.142s] -- Up-to-date: /home/ayaa/Agro2/install/franka_description/share/franka_description//meshes/robot_arms/fr3/visual/link3.dae
[2.142s] -- Up-to-date: /home/ayaa/Agro2/install/franka_description/share/franka_description//meshes/robot_arms/fer
[2.143s] -- Up-to-date: /home/ayaa/Agro2/install/franka_description/share/franka_description//meshes/robot_arms/fer/collision
[2.144s] -- Up-to-date: /home/ayaa/Agro2/install/franka_description/share/franka_description//meshes/robot_arms/fer/collision/link0.stl
[2.145s] -- Up-to-date: /home/ayaa/Agro2/install/franka_description/share/franka_description//meshes/robot_arms/fer/collision/link7.stl
[2.145s] -- Up-to-date: /home/ayaa/Agro2/install/franka_description/share/franka_description//meshes/robot_arms/fer/collision/link2.stl
[2.145s] -- Up-to-date: /home/ayaa/Agro2/install/franka_description/share/franka_description//meshes/robot_arms/fer/collision/link5.stl
[2.146s] -- Up-to-date: /home/ayaa/Agro2/install/franka_description/share/franka_description//meshes/robot_arms/fer/collision/link3.stl
[2.157s] -- Up-to-date: /home/ayaa/Agro2/install/franka_description/share/franka_description//meshes/robot_arms/fer/collision/link4.stl
[2.158s] -- Up-to-date: /home/ayaa/Agro2/install/franka_description/share/franka_description//meshes/robot_arms/fer/collision/link6.stl
[2.159s] -- Up-to-date: /home/ayaa/Agro2/install/franka_description/share/franka_description//meshes/robot_arms/fer/collision/link1.stl
[2.159s] -- Up-to-date: /home/ayaa/Agro2/install/franka_description/share/franka_description//meshes/robot_arms/fer/collision/hand.stl
[2.160s] -- Up-to-date: /home/ayaa/Agro2/install/franka_description/share/franka_description//meshes/robot_arms/fer/visual
[2.160s] -- Up-to-date: /home/ayaa/Agro2/install/franka_description/share/franka_description//meshes/robot_arms/fer/visual/link5.dae
[2.160s] -- Up-to-date: /home/ayaa/Agro2/install/franka_description/share/franka_description//meshes/robot_arms/fer/visual/link2.dae
[2.161s] -- Up-to-date: /home/ayaa/Agro2/install/franka_description/share/franka_description//meshes/robot_arms/fer/visual/link0.dae
[2.161s] -- Up-to-date: /home/ayaa/Agro2/install/franka_description/share/franka_description//meshes/robot_arms/fer/visual/link4.dae
[2.162s] -- Up-to-date: /home/ayaa/Agro2/install/franka_description/share/franka_description//meshes/robot_arms/fer/visual/link6.dae
[2.162s] -- Up-to-date: /home/ayaa/Agro2/install/franka_description/share/franka_description//meshes/robot_arms/fer/visual/link7.dae
[2.162s] -- Up-to-date: /home/ayaa/Agro2/install/franka_description/share/franka_description//meshes/robot_arms/fer/visual/link1.dae
[2.175s] -- Up-to-date: /home/ayaa/Agro2/install/franka_description/share/franka_description//meshes/robot_arms/fer/visual/finger.dae
[2.175s] -- Up-to-date: /home/ayaa/Agro2/install/franka_description/share/franka_description//meshes/robot_arms/fer/visual/link3.dae
[2.176s] -- Up-to-date: /home/ayaa/Agro2/install/franka_description/share/franka_description//meshes/robot_arms/fer/visual/hand.dae
[2.176s] -- Up-to-date: /home/ayaa/Agro2/install/franka_description/share/franka_description//meshes/robot_ee
[2.176s] -- Up-to-date: /home/ayaa/Agro2/install/franka_description/share/franka_description//meshes/robot_ee/franka_hand_white
[2.176s] -- Up-to-date: /home/ayaa/Agro2/install/franka_description/share/franka_description//meshes/robot_ee/franka_hand_white/collision
[2.177s] -- Up-to-date: /home/ayaa/Agro2/install/franka_description/share/franka_description//meshes/robot_ee/franka_hand_white/collision/hand.stl
[2.177s] -- Up-to-date: /home/ayaa/Agro2/install/franka_description/share/franka_description//meshes/robot_ee/franka_hand_white/visual
[2.178s] -- Up-to-date: /home/ayaa/Agro2/install/franka_description/share/franka_description//meshes/robot_ee/franka_hand_white/visual/finger.dae
[2.178s] -- Up-to-date: /home/ayaa/Agro2/install/franka_description/share/franka_description//meshes/robot_ee/franka_hand_white/visual/hand.dae
[2.178s] -- Up-to-date: /home/ayaa/Agro2/install/franka_description/share/franka_description//meshes/robot_ee/cobot_pump
[2.179s] -- Up-to-date: /home/ayaa/Agro2/install/franka_description/share/franka_description//meshes/robot_ee/cobot_pump/collision
[2.179s] -- Up-to-date: /home/ayaa/Agro2/install/franka_description/share/franka_description//meshes/robot_ee/cobot_pump/collision/cobot_pump.stl
[2.179s] -- Up-to-date: /home/ayaa/Agro2/install/franka_description/share/franka_description//meshes/robot_ee/cobot_pump/visual
[2.180s] -- Up-to-date: /home/ayaa/Agro2/install/franka_description/share/franka_description//meshes/robot_ee/cobot_pump/visual/cobot_pump.dae
[2.180s] -- Up-to-date: /home/ayaa/Agro2/install/franka_description/share/franka_description//meshes/robot_ee/franka_hand_black
[2.180s] -- Up-to-date: /home/ayaa/Agro2/install/franka_description/share/franka_description//meshes/robot_ee/franka_hand_black/collision
[2.180s] -- Up-to-date: /home/ayaa/Agro2/install/franka_description/share/franka_description//meshes/robot_ee/franka_hand_black/collision/hand.stl
[2.180s] -- Up-to-date: /home/ayaa/Agro2/install/franka_description/share/franka_description//meshes/robot_ee/franka_hand_black/visual
[2.181s] -- Up-to-date: /home/ayaa/Agro2/install/franka_description/share/franka_description//meshes/robot_ee/franka_hand_black/visual/finger.dae
[2.181s] -- Up-to-date: /home/ayaa/Agro2/install/franka_description/share/franka_description//meshes/robot_ee/franka_hand_black/visual/hand.dae
[2.181s] -- Up-to-date: /home/ayaa/Agro2/install/franka_description/share/franka_description//rviz
[2.182s] -- Up-to-date: /home/ayaa/Agro2/install/franka_description/share/franka_description//rviz/visualize_franka.rviz
[2.182s] -- Up-to-date: /home/ayaa/Agro2/install/franka_description/share/ament_index/resource_index/package_run_dependencies/franka_description
[2.182s] -- Up-to-date: /home/ayaa/Agro2/install/franka_description/share/ament_index/resource_index/parent_prefix_path/franka_description
[2.182s] -- Up-to-date: /home/ayaa/Agro2/install/franka_description/share/franka_description/environment/ament_prefix_path.sh
[2.182s] -- Up-to-date: /home/ayaa/Agro2/install/franka_description/share/franka_description/environment/ament_prefix_path.dsv
[2.182s] -- Up-to-date: /home/ayaa/Agro2/install/franka_description/share/franka_description/environment/path.sh
[2.182s] -- Up-to-date: /home/ayaa/Agro2/install/franka_description/share/franka_description/environment/path.dsv
[2.182s] -- Up-to-date: /home/ayaa/Agro2/install/franka_description/share/franka_description/local_setup.bash
[2.183s] -- Up-to-date: /home/ayaa/Agro2/install/franka_description/share/franka_description/local_setup.sh
[2.183s] -- Up-to-date: /home/ayaa/Agro2/install/franka_description/share/franka_description/local_setup.zsh
[2.183s] -- Up-to-date: /home/ayaa/Agro2/install/franka_description/share/franka_description/local_setup.dsv
[2.183s] -- Installing: /home/ayaa/Agro2/install/franka_description/share/franka_description/package.dsv
[2.183s] -- Up-to-date: /home/ayaa/Agro2/install/franka_description/share/ament_index/resource_index/packages/franka_description
[2.184s] -- Up-to-date: /home/ayaa/Agro2/install/franka_description/share/franka_description/cmake/franka_descriptionConfig.cmake
[2.184s] -- Up-to-date: /home/ayaa/Agro2/install/franka_description/share/franka_description/cmake/franka_descriptionConfig-version.cmake
[2.184s] -- Up-to-date: /home/ayaa/Agro2/install/franka_description/share/franka_description/package.xml
[2.188s] Invoked command in '/home/ayaa/Agro2/build/franka_description' returned '0': CMAKE_PREFIX_PATH=/home/ayaa/Agro2/install/ur5_moveit:/home/ayaa/Agro2/install/ur_description:/home/ayaa/Agro2/install/tiago_simulation:/home/ayaa/Agro2/install/tiago_robot:/home/ayaa/Agro2/install/tiago_gazebo:/home/ayaa/Agro2/install/tiago_bringup:/home/ayaa/Agro2/install/tiago_description:/home/ayaa/Agro2/install/tiago_controller_configuration:/home/ayaa/Agro2/install/fer_moveit:/home/ayaa/Agro2/install/tiago_custom:/home/ayaa/Agro2/install/my_nav2_bringup:/home/ayaa/Agro2/install/fer_gazebo:/home/ayaa/Agro2/install/custom_worlds:/opt/ros/humble:/home/ayaa/Agro2/install/franka_description:/home/ayaa/Agro2/install/fer_cpp_moveit /usr/bin/cmake --install /home/ayaa/Agro2/build/franka_description
