[2.499s] Invoking command in '/home/ayaa/Agro2/src/custom_worlds': PYTHONPATH=/home/ayaa/Agro2/build/custom_worlds/prefix_override:/usr/lib/python3/dist-packages/colcon_core/task/python/colcon_distutils_commands:/home/ayaa/Agro2/install/custom_worlds/lib/python3.10/site-packages:${PYTHONPATH} /usr/bin/python3 -W ignore:setup.py install is deprecated -W ignore:easy_install command is deprecated setup.py egg_info --egg-base ../../build/custom_worlds build --build-base /home/ayaa/Agro2/build/custom_worlds/build install --record /home/ayaa/Agro2/build/custom_worlds/install.log --single-version-externally-managed install_data
[2.972s] running egg_info
[2.991s] writing ../../build/custom_worlds/custom_worlds.egg-info/PKG-INFO
[2.991s] writing dependency_links to ../../build/custom_worlds/custom_worlds.egg-info/dependency_links.txt
[2.991s] writing requirements to ../../build/custom_worlds/custom_worlds.egg-info/requires.txt
[2.991s] writing top-level names to ../../build/custom_worlds/custom_worlds.egg-info/top_level.txt
[3.039s] reading manifest file '../../build/custom_worlds/custom_worlds.egg-info/SOURCES.txt'
[3.040s] adding license file 'LICENSE'
[3.040s] writing manifest file '../../build/custom_worlds/custom_worlds.egg-info/SOURCES.txt'
[3.041s] running build
[3.041s] running build_py
[3.041s] running install
[3.047s] running install_lib
[3.066s] running install_data
[3.067s] running install_egg_info
[3.086s] removing '/home/ayaa/Agro2/install/custom_worlds/lib/python3.10/site-packages/custom_worlds-0.0.0-py3.10.egg-info' (and everything under it)
[3.087s] Copying ../../build/custom_worlds/custom_worlds.egg-info to /home/ayaa/Agro2/install/custom_worlds/lib/python3.10/site-packages/custom_worlds-0.0.0-py3.10.egg-info
[3.088s] running install_scripts
[3.164s] writing list of installed files to '/home/ayaa/Agro2/build/custom_worlds/install.log'
[3.218s] Invoked command in '/home/ayaa/Agro2/src/custom_worlds' returned '0': PYTHONPATH=/home/ayaa/Agro2/build/custom_worlds/prefix_override:/usr/lib/python3/dist-packages/colcon_core/task/python/colcon_distutils_commands:/home/ayaa/Agro2/install/custom_worlds/lib/python3.10/site-packages:${PYTHONPATH} /usr/bin/python3 -W ignore:setup.py install is deprecated -W ignore:easy_install command is deprecated setup.py egg_info --egg-base ../../build/custom_worlds build --build-base /home/ayaa/Agro2/build/custom_worlds/build install --record /home/ayaa/Agro2/build/custom_worlds/install.log --single-version-externally-managed install_data
