In file included from [01m[K/home/ayaa/Agro2/src/tiago_behavior_tree/src/pick_action.cpp:2[m[K:
[01m[K/home/ayaa/Agro2/src/tiago_behavior_tree/src/pick_action.hpp:12:1:[m[K [01;31m[Kerror: [m[Kexpected class-name before ‘[01m[K{[m[K’ token
   12 | [01;31m[K{[m[K
      | [01;31m[K^[m[K
[01m[K/home/ayaa/Agro2/src/tiago_behavior_tree/src/pick_action.hpp:18:20:[m[K [01;31m[Kerror: [m[K‘[01m[KBT::NodeStatus PickObject::tick()[m[K’ marked ‘[01m[Koverride[m[K’, but does not override
   18 |     BT::NodeStatus [01;31m[Ktick[m[K() override;
      |                    [01;31m[K^~~~[m[K
[01m[K/home/ayaa/Agro2/src/tiago_behavior_tree/src/pick_action.cpp:[m[K In constructor ‘[01m[KPickObject::PickObject(const string&)[m[K’:
[01m[K/home/ayaa/Agro2/src/tiago_behavior_tree/src/pick_action.cpp:9:51:[m[K [01;31m[Kerror: [m[Kclass ‘[01m[KPickObject[m[K’ does not have any field named ‘[01m[KActionNode[m[K’
    9 | t(const std::string& name) : [01;31m[KActionNode[m[K(name)
      |                              [01;31m[K^~~~~~~~~~[m[K

[01m[K/home/ayaa/Agro2/src/tiago_behavior_tree/src/pick_action.cpp:[m[K At global scope:
[01m[K/home/ayaa/Agro2/src/tiago_behavior_tree/src/pick_action.cpp:21:1:[m[K [01;31m[Kerror: [m[K‘[01m[Kbt[m[K’ does not name a type
   21 | [01;31m[Kbt[m[K::NodeStatus PickObject::tick()
      | [01;31m[K^~[m[K
[01m[K/home/ayaa/Agro2/src/tiago_behavior_tree/src/pick_action.cpp:[m[K In member function ‘[01m[Kbool PickObject::pick_object()[m[K’:
[01m[K/home/ayaa/Agro2/src/tiago_behavior_tree/src/pick_action.cpp:42:38:[m[K [01;31m[Kerror: [m[K‘[01m[Knode[m[K’ was not declared in this scope; did you mean ‘[01m[Knode_[m[K’?
   42 | GroupInterface gripper_group([01;31m[Knode[m[K, "gripper");
      |                              [01;31m[K^~~~[m[K
      |                              [32m[Knode_[m[K
[01m[K/home/ayaa/Agro2/src/tiago_behavior_tree/src/pick_action.cpp:46:38:[m[K [01;31m[Kerror: [m[Kcannot convert ‘[01m[Kmoveit::core::MoveItErrorCode[m[K’ to ‘[01m[Kbool[m[K’ in initialization
   46 |     bool success = [01;31m[Kgripper_group.move()[m[K;
      |                    [01;31m[K~~~~~~~~~~~~~~~~~~^~[m[K
      |                                      [01;31m[K|[m[K
      |                                      [01;31m[Kmoveit::core::MoveItErrorCode[m[K
[01m[K/home/ayaa/Agro2/src/tiago_behavior_tree/src/pick_action.cpp:46:10:[m[K [01;35m[Kwarning: [m[Kunused variable ‘[01m[Ksuccess[m[K’ [[01;35m[K]8;;https://gcc.gnu.org/onlinedocs/gcc/Warning-Options.html#index-Wunused-variable-Wunused-variable]8;;[m[K]
   46 |     bool [01;35m[Ksuccess[m[K = gripper_group.move();
      |          [01;35m[K^~~~~~~[m[K
gmake[2]: *** [CMakeFiles/pick_action_node.dir/build.make:76: CMakeFiles/pick_action_node.dir/src/pick_action.cpp.o] Error 1
gmake[1]: *** [CMakeFiles/Makefile2:137: CMakeFiles/pick_action_node.dir/all] Error 2
gmake: *** [Makefile:146: all] Error 2
