[3.647s] Invoking command in '/home/ayaa/Agro2/src/custom_worlds': PYTHONPATH=/home/ayaa/Agro2/build/custom_worlds/prefix_override:/usr/lib/python3/dist-packages/colcon_core/task/python/colcon_distutils_commands:/home/ayaa/Agro2/install/custom_worlds/lib/python3.10/site-packages:${PYTHONPATH} /usr/bin/python3 -W ignore:setup.py install is deprecated -W ignore:easy_install command is deprecated setup.py egg_info --egg-base ../../build/custom_worlds build --build-base /home/ayaa/Agro2/build/custom_worlds/build install --record /home/ayaa/Agro2/build/custom_worlds/install.log --single-version-externally-managed install_data
[4.363s] running egg_info
[4.384s] writing ../../build/custom_worlds/custom_worlds.egg-info/PKG-INFO
[4.384s] writing dependency_links to ../../build/custom_worlds/custom_worlds.egg-info/dependency_links.txt
[4.384s] writing requirements to ../../build/custom_worlds/custom_worlds.egg-info/requires.txt
[4.385s] writing top-level names to ../../build/custom_worlds/custom_worlds.egg-info/top_level.txt
[4.427s] reading manifest file '../../build/custom_worlds/custom_worlds.egg-info/SOURCES.txt'
[4.428s] adding license file 'LICENSE'
[4.429s] writing manifest file '../../build/custom_worlds/custom_worlds.egg-info/SOURCES.txt'
[4.429s] running build
[4.429s] running build_py
[4.429s] running install
[4.436s] running install_lib
[4.459s] running install_data
[4.459s] running install_egg_info
[4.497s] removing '/home/ayaa/Agro2/install/custom_worlds/lib/python3.10/site-packages/custom_worlds-0.0.0-py3.10.egg-info' (and everything under it)
[4.497s] Copying ../../build/custom_worlds/custom_worlds.egg-info to /home/ayaa/Agro2/install/custom_worlds/lib/python3.10/site-packages/custom_worlds-0.0.0-py3.10.egg-info
[4.498s] running install_scripts
[4.583s] writing list of installed files to '/home/ayaa/Agro2/build/custom_worlds/install.log'
[4.658s] Invoked command in '/home/ayaa/Agro2/src/custom_worlds' returned '0': PYTHONPATH=/home/ayaa/Agro2/build/custom_worlds/prefix_override:/usr/lib/python3/dist-packages/colcon_core/task/python/colcon_distutils_commands:/home/ayaa/Agro2/install/custom_worlds/lib/python3.10/site-packages:${PYTHONPATH} /usr/bin/python3 -W ignore:setup.py install is deprecated -W ignore:easy_install command is deprecated setup.py egg_info --egg-base ../../build/custom_worlds build --build-base /home/ayaa/Agro2/build/custom_worlds/build install --record /home/ayaa/Agro2/build/custom_worlds/install.log --single-version-externally-managed install_data
