[0.196s] DEBUG:colcon:Command line arguments: ['/usr/bin/colcon', 'build']
[0.196s] DEBUG:colcon:Parsed command line arguments: Namespace(log_base=None, log_level=None, verb_name='build', build_base='build', install_base='install', merge_install=False, symlink_install=False, test_result_base=None, continue_on_error=False, executor='parallel', parallel_workers=8, event_handlers=None, ignore_user_meta=False, metas=['./colcon.meta'], base_paths=['.'], packages_ignore=None, packages_ignore_regex=None, paths=None, packages_up_to=None, packages_up_to_regex=None, packages_above=None, packages_above_and_dependencies=None, packages_above_depth=None, packages_select_by_dep=None, packages_skip_by_dep=None, packages_skip_up_to=None, packages_select_build_failed=False, packages_skip_build_finished=False, packages_select_test_failures=False, packages_skip_test_passed=False, packages_select=None, packages_skip=None, packages_select_regex=None, packages_skip_regex=None, packages_start=None, packages_end=None, allow_overriding=[], cmake_args=None, cmake_target=None, cmake_target_skip_unavailable=False, cmake_clean_cache=False, cmake_clean_first=False, cmake_force_configure=False, ament_cmake_args=None, catkin_cmake_args=None, catkin_skip_building_tests=False, mixin_files=None, mixin=None, verb_parser=<colcon_mixin.mixin.mixin_argument.MixinArgumentDecorator object at 0x7f0eac540670>, verb_extension=<colcon_core.verb.build.BuildVerb object at 0x7f0eac542bc0>, main=<bound method BuildVerb.main of <colcon_core.verb.build.BuildVerb object at 0x7f0eac542bc0>>, mixin_verb=('build',))
[0.496s] Level 1:colcon.colcon_core.package_discovery:discover_packages(colcon_meta) check parameters
[0.496s] Level 1:colcon.colcon_core.package_discovery:discover_packages(recursive) check parameters
[0.496s] Level 1:colcon.colcon_core.package_discovery:discover_packages(ignore) check parameters
[0.496s] Level 1:colcon.colcon_core.package_discovery:discover_packages(path) check parameters
[0.496s] Level 1:colcon.colcon_core.package_discovery:discover_packages(colcon_meta) discover
[0.496s] Level 1:colcon.colcon_core.package_discovery:discover_packages(recursive) discover
[0.496s] INFO:colcon.colcon_core.package_discovery:Crawling recursively for packages in '/home/ayaa/Agro2'
[0.496s] Level 1:colcon.colcon_core.package_identification:_identify(.) by extensions ['ignore', 'ignore_ament_install']
[0.496s] Level 1:colcon.colcon_core.package_identification:_identify(.) by extension 'ignore'
[0.496s] Level 1:colcon.colcon_core.package_identification:_identify(.) by extension 'ignore_ament_install'
[0.496s] Level 1:colcon.colcon_core.package_identification:_identify(.) by extensions ['colcon_pkg']
[0.497s] Level 1:colcon.colcon_core.package_identification:_identify(.) by extension 'colcon_pkg'
[0.497s] Level 1:colcon.colcon_core.package_identification:_identify(.) by extensions ['colcon_meta']
[0.497s] Level 1:colcon.colcon_core.package_identification:_identify(.) by extension 'colcon_meta'
[0.497s] Level 1:colcon.colcon_core.package_identification:_identify(.) by extensions ['ros']
[0.497s] Level 1:colcon.colcon_core.package_identification:_identify(.) by extension 'ros'
[0.513s] Level 1:colcon.colcon_core.package_identification:_identify(.) by extensions ['cmake', 'python']
[0.513s] Level 1:colcon.colcon_core.package_identification:_identify(.) by extension 'cmake'
[0.513s] Level 1:colcon.colcon_core.package_identification:_identify(.) by extension 'python'
[0.513s] Level 1:colcon.colcon_core.package_identification:_identify(.) by extensions ['python_setup_py']
[0.513s] Level 1:colcon.colcon_core.package_identification:_identify(.) by extension 'python_setup_py'
[0.513s] Level 1:colcon.colcon_core.package_identification:_identify(build) by extensions ['ignore', 'ignore_ament_install']
[0.513s] Level 1:colcon.colcon_core.package_identification:_identify(build) by extension 'ignore'
[0.513s] Level 1:colcon.colcon_core.package_identification:_identify(build) ignored
[0.513s] Level 1:colcon.colcon_core.package_identification:_identify(install) by extensions ['ignore', 'ignore_ament_install']
[0.513s] Level 1:colcon.colcon_core.package_identification:_identify(install) by extension 'ignore'
[0.514s] Level 1:colcon.colcon_core.package_identification:_identify(install) ignored
[0.514s] Level 1:colcon.colcon_core.package_identification:_identify(log) by extensions ['ignore', 'ignore_ament_install']
[0.514s] Level 1:colcon.colcon_core.package_identification:_identify(log) by extension 'ignore'
[0.514s] Level 1:colcon.colcon_core.package_identification:_identify(log) ignored
[0.514s] Level 1:colcon.colcon_core.package_identification:_identify(rosbag2_2025_03_02-20_45_56) by extensions ['ignore', 'ignore_ament_install']
[0.514s] Level 1:colcon.colcon_core.package_identification:_identify(rosbag2_2025_03_02-20_45_56) by extension 'ignore'
[0.514s] Level 1:colcon.colcon_core.package_identification:_identify(rosbag2_2025_03_02-20_45_56) by extension 'ignore_ament_install'
[0.514s] Level 1:colcon.colcon_core.package_identification:_identify(rosbag2_2025_03_02-20_45_56) by extensions ['colcon_pkg']
[0.514s] Level 1:colcon.colcon_core.package_identification:_identify(rosbag2_2025_03_02-20_45_56) by extension 'colcon_pkg'
[0.514s] Level 1:colcon.colcon_core.package_identification:_identify(rosbag2_2025_03_02-20_45_56) by extensions ['colcon_meta']
[0.514s] Level 1:colcon.colcon_core.package_identification:_identify(rosbag2_2025_03_02-20_45_56) by extension 'colcon_meta'
[0.514s] Level 1:colcon.colcon_core.package_identification:_identify(rosbag2_2025_03_02-20_45_56) by extensions ['ros']
[0.514s] Level 1:colcon.colcon_core.package_identification:_identify(rosbag2_2025_03_02-20_45_56) by extension 'ros'
[0.515s] Level 1:colcon.colcon_core.package_identification:_identify(rosbag2_2025_03_02-20_45_56) by extensions ['cmake', 'python']
[0.515s] Level 1:colcon.colcon_core.package_identification:_identify(rosbag2_2025_03_02-20_45_56) by extension 'cmake'
[0.515s] Level 1:colcon.colcon_core.package_identification:_identify(rosbag2_2025_03_02-20_45_56) by extension 'python'
[0.515s] Level 1:colcon.colcon_core.package_identification:_identify(rosbag2_2025_03_02-20_45_56) by extensions ['python_setup_py']
[0.515s] Level 1:colcon.colcon_core.package_identification:_identify(rosbag2_2025_03_02-20_45_56) by extension 'python_setup_py'
[0.515s] Level 1:colcon.colcon_core.package_identification:_identify(src) by extensions ['ignore', 'ignore_ament_install']
[0.515s] Level 1:colcon.colcon_core.package_identification:_identify(src) by extension 'ignore'
[0.515s] Level 1:colcon.colcon_core.package_identification:_identify(src) by extension 'ignore_ament_install'
[0.515s] Level 1:colcon.colcon_core.package_identification:_identify(src) by extensions ['colcon_pkg']
[0.515s] Level 1:colcon.colcon_core.package_identification:_identify(src) by extension 'colcon_pkg'
[0.515s] Level 1:colcon.colcon_core.package_identification:_identify(src) by extensions ['colcon_meta']
[0.515s] Level 1:colcon.colcon_core.package_identification:_identify(src) by extension 'colcon_meta'
[0.515s] Level 1:colcon.colcon_core.package_identification:_identify(src) by extensions ['ros']
[0.515s] Level 1:colcon.colcon_core.package_identification:_identify(src) by extension 'ros'
[0.515s] Level 1:colcon.colcon_core.package_identification:_identify(src) by extensions ['cmake', 'python']
[0.515s] Level 1:colcon.colcon_core.package_identification:_identify(src) by extension 'cmake'
[0.515s] Level 1:colcon.colcon_core.package_identification:_identify(src) by extension 'python'
[0.515s] Level 1:colcon.colcon_core.package_identification:_identify(src) by extensions ['python_setup_py']
[0.515s] Level 1:colcon.colcon_core.package_identification:_identify(src) by extension 'python_setup_py'
[0.515s] Level 1:colcon.colcon_core.package_identification:_identify(src/build) by extensions ['ignore', 'ignore_ament_install']
[0.515s] Level 1:colcon.colcon_core.package_identification:_identify(src/build) by extension 'ignore'
[0.516s] Level 1:colcon.colcon_core.package_identification:_identify(src/build) ignored
[0.516s] Level 1:colcon.colcon_core.package_identification:_identify(src/custom_worlds) by extensions ['ignore', 'ignore_ament_install']
[0.516s] Level 1:colcon.colcon_core.package_identification:_identify(src/custom_worlds) by extension 'ignore'
[0.516s] Level 1:colcon.colcon_core.package_identification:_identify(src/custom_worlds) by extension 'ignore_ament_install'
[0.516s] Level 1:colcon.colcon_core.package_identification:_identify(src/custom_worlds) by extensions ['colcon_pkg']
[0.516s] Level 1:colcon.colcon_core.package_identification:_identify(src/custom_worlds) by extension 'colcon_pkg'
[0.516s] Level 1:colcon.colcon_core.package_identification:_identify(src/custom_worlds) by extensions ['colcon_meta']
[0.516s] Level 1:colcon.colcon_core.package_identification:_identify(src/custom_worlds) by extension 'colcon_meta'
[0.516s] Level 1:colcon.colcon_core.package_identification:_identify(src/custom_worlds) by extensions ['ros']
[0.516s] Level 1:colcon.colcon_core.package_identification:_identify(src/custom_worlds) by extension 'ros'
[0.520s] DEBUG:colcon.colcon_core.package_identification:Package 'src/custom_worlds' with type 'ros.ament_python' and name 'custom_worlds'
[0.520s] Level 1:colcon.colcon_core.package_identification:_identify(src/fer_gazebo) by extensions ['ignore', 'ignore_ament_install']
[0.520s] Level 1:colcon.colcon_core.package_identification:_identify(src/fer_gazebo) by extension 'ignore'
[0.521s] Level 1:colcon.colcon_core.package_identification:_identify(src/fer_gazebo) by extension 'ignore_ament_install'
[0.521s] Level 1:colcon.colcon_core.package_identification:_identify(src/fer_gazebo) by extensions ['colcon_pkg']
[0.521s] Level 1:colcon.colcon_core.package_identification:_identify(src/fer_gazebo) by extension 'colcon_pkg'
[0.521s] Level 1:colcon.colcon_core.package_identification:_identify(src/fer_gazebo) by extensions ['colcon_meta']
[0.521s] Level 1:colcon.colcon_core.package_identification:_identify(src/fer_gazebo) by extension 'colcon_meta'
[0.521s] Level 1:colcon.colcon_core.package_identification:_identify(src/fer_gazebo) by extensions ['ros']
[0.521s] Level 1:colcon.colcon_core.package_identification:_identify(src/fer_gazebo) by extension 'ros'
[0.522s] DEBUG:colcon.colcon_core.package_identification:Package 'src/fer_gazebo' with type 'ros.ament_python' and name 'fer_gazebo'
[0.522s] Level 1:colcon.colcon_core.package_identification:_identify(src/fer_moveit) by extensions ['ignore', 'ignore_ament_install']
[0.522s] Level 1:colcon.colcon_core.package_identification:_identify(src/fer_moveit) by extension 'ignore'
[0.522s] Level 1:colcon.colcon_core.package_identification:_identify(src/fer_moveit) by extension 'ignore_ament_install'
[0.522s] Level 1:colcon.colcon_core.package_identification:_identify(src/fer_moveit) by extensions ['colcon_pkg']
[0.522s] Level 1:colcon.colcon_core.package_identification:_identify(src/fer_moveit) by extension 'colcon_pkg'
[0.522s] Level 1:colcon.colcon_core.package_identification:_identify(src/fer_moveit) by extensions ['colcon_meta']
[0.522s] Level 1:colcon.colcon_core.package_identification:_identify(src/fer_moveit) by extension 'colcon_meta'
[0.522s] Level 1:colcon.colcon_core.package_identification:_identify(src/fer_moveit) by extensions ['ros']
[0.522s] Level 1:colcon.colcon_core.package_identification:_identify(src/fer_moveit) by extension 'ros'
[0.523s] DEBUG:colcon.colcon_core.package_identification:Package 'src/fer_moveit' with type 'ros.ament_cmake' and name 'fer_moveit'
[0.523s] Level 1:colcon.colcon_core.package_identification:_identify(src/franka_description) by extensions ['ignore', 'ignore_ament_install']
[0.523s] Level 1:colcon.colcon_core.package_identification:_identify(src/franka_description) by extension 'ignore'
[0.524s] Level 1:colcon.colcon_core.package_identification:_identify(src/franka_description) by extension 'ignore_ament_install'
[0.524s] Level 1:colcon.colcon_core.package_identification:_identify(src/franka_description) by extensions ['colcon_pkg']
[0.524s] Level 1:colcon.colcon_core.package_identification:_identify(src/franka_description) by extension 'colcon_pkg'
[0.524s] Level 1:colcon.colcon_core.package_identification:_identify(src/franka_description) by extensions ['colcon_meta']
[0.524s] Level 1:colcon.colcon_core.package_identification:_identify(src/franka_description) by extension 'colcon_meta'
[0.524s] Level 1:colcon.colcon_core.package_identification:_identify(src/franka_description) by extensions ['ros']
[0.524s] Level 1:colcon.colcon_core.package_identification:_identify(src/franka_description) by extension 'ros'
[0.524s] DEBUG:colcon.colcon_core.package_identification:Package 'src/franka_description' with type 'ros.ament_cmake' and name 'franka_description'
[0.524s] Level 1:colcon.colcon_core.package_identification:_identify(src/install) by extensions ['ignore', 'ignore_ament_install']
[0.525s] Level 1:colcon.colcon_core.package_identification:_identify(src/install) by extension 'ignore'
[0.525s] Level 1:colcon.colcon_core.package_identification:_identify(src/install) ignored
[0.525s] Level 1:colcon.colcon_core.package_identification:_identify(src/log) by extensions ['ignore', 'ignore_ament_install']
[0.525s] Level 1:colcon.colcon_core.package_identification:_identify(src/log) by extension 'ignore'
[0.525s] Level 1:colcon.colcon_core.package_identification:_identify(src/log) ignored
[0.525s] Level 1:colcon.colcon_core.package_identification:_identify(src/my_nav2_bringup) by extensions ['ignore', 'ignore_ament_install']
[0.525s] Level 1:colcon.colcon_core.package_identification:_identify(src/my_nav2_bringup) by extension 'ignore'
[0.525s] Level 1:colcon.colcon_core.package_identification:_identify(src/my_nav2_bringup) by extension 'ignore_ament_install'
[0.525s] Level 1:colcon.colcon_core.package_identification:_identify(src/my_nav2_bringup) by extensions ['colcon_pkg']
[0.525s] Level 1:colcon.colcon_core.package_identification:_identify(src/my_nav2_bringup) by extension 'colcon_pkg'
[0.525s] Level 1:colcon.colcon_core.package_identification:_identify(src/my_nav2_bringup) by extensions ['colcon_meta']
[0.525s] Level 1:colcon.colcon_core.package_identification:_identify(src/my_nav2_bringup) by extension 'colcon_meta'
[0.525s] Level 1:colcon.colcon_core.package_identification:_identify(src/my_nav2_bringup) by extensions ['ros']
[0.525s] Level 1:colcon.colcon_core.package_identification:_identify(src/my_nav2_bringup) by extension 'ros'
[0.526s] DEBUG:colcon.colcon_core.package_identification:Package 'src/my_nav2_bringup' with type 'ros.ament_python' and name 'my_nav2_bringup'
[0.526s] Level 1:colcon.colcon_core.package_discovery:discover_packages(recursive) using defaults
[0.526s] Level 1:colcon.colcon_core.package_discovery:discover_packages(ignore) discover
[0.526s] Level 1:colcon.colcon_core.package_discovery:discover_packages(ignore) using defaults
[0.526s] Level 1:colcon.colcon_core.package_discovery:discover_packages(path) discover
[0.526s] Level 1:colcon.colcon_core.package_discovery:discover_packages(path) using defaults
[0.552s] Level 1:colcon.colcon_core.package_discovery:discover_packages(prefix_path) check parameters
[0.552s] Level 1:colcon.colcon_core.package_discovery:discover_packages(prefix_path) discover
[0.557s] DEBUG:colcon.colcon_installed_package_information.package_discovery:Found 8 installed packages in /home/ayaa/Agro2/install
[0.559s] DEBUG:colcon.colcon_installed_package_information.package_discovery:Found 420 installed packages in /opt/ros/humble
[0.562s] Level 1:colcon.colcon_core.package_discovery:discover_packages(prefix_path) using defaults
[0.620s] Level 5:colcon.colcon_core.verb:set package 'custom_worlds' build argument 'cmake_args' from command line to 'None'
[0.620s] Level 5:colcon.colcon_core.verb:set package 'custom_worlds' build argument 'cmake_target' from command line to 'None'
[0.620s] Level 5:colcon.colcon_core.verb:set package 'custom_worlds' build argument 'cmake_target_skip_unavailable' from command line to 'False'
[0.620s] Level 5:colcon.colcon_core.verb:set package 'custom_worlds' build argument 'cmake_clean_cache' from command line to 'False'
[0.620s] Level 5:colcon.colcon_core.verb:set package 'custom_worlds' build argument 'cmake_clean_first' from command line to 'False'
[0.620s] Level 5:colcon.colcon_core.verb:set package 'custom_worlds' build argument 'cmake_force_configure' from command line to 'False'
[0.620s] Level 5:colcon.colcon_core.verb:set package 'custom_worlds' build argument 'ament_cmake_args' from command line to 'None'
[0.620s] Level 5:colcon.colcon_core.verb:set package 'custom_worlds' build argument 'catkin_cmake_args' from command line to 'None'
[0.620s] Level 5:colcon.colcon_core.verb:set package 'custom_worlds' build argument 'catkin_skip_building_tests' from command line to 'False'
[0.621s] DEBUG:colcon.colcon_core.verb:Building package 'custom_worlds' with the following arguments: {'ament_cmake_args': None, 'build_base': '/home/ayaa/Agro2/build/custom_worlds', 'catkin_cmake_args': None, 'catkin_skip_building_tests': False, 'cmake_args': None, 'cmake_clean_cache': False, 'cmake_clean_first': False, 'cmake_force_configure': False, 'cmake_target': None, 'cmake_target_skip_unavailable': False, 'install_base': '/home/ayaa/Agro2/install/custom_worlds', 'merge_install': False, 'path': '/home/ayaa/Agro2/src/custom_worlds', 'symlink_install': False, 'test_result_base': None}
[0.621s] Level 5:colcon.colcon_core.verb:set package 'fer_gazebo' build argument 'cmake_args' from command line to 'None'
[0.621s] Level 5:colcon.colcon_core.verb:set package 'fer_gazebo' build argument 'cmake_target' from command line to 'None'
[0.621s] Level 5:colcon.colcon_core.verb:set package 'fer_gazebo' build argument 'cmake_target_skip_unavailable' from command line to 'False'
[0.621s] Level 5:colcon.colcon_core.verb:set package 'fer_gazebo' build argument 'cmake_clean_cache' from command line to 'False'
[0.621s] Level 5:colcon.colcon_core.verb:set package 'fer_gazebo' build argument 'cmake_clean_first' from command line to 'False'
[0.621s] Level 5:colcon.colcon_core.verb:set package 'fer_gazebo' build argument 'cmake_force_configure' from command line to 'False'
[0.621s] Level 5:colcon.colcon_core.verb:set package 'fer_gazebo' build argument 'ament_cmake_args' from command line to 'None'
[0.621s] Level 5:colcon.colcon_core.verb:set package 'fer_gazebo' build argument 'catkin_cmake_args' from command line to 'None'
[0.621s] Level 5:colcon.colcon_core.verb:set package 'fer_gazebo' build argument 'catkin_skip_building_tests' from command line to 'False'
[0.621s] DEBUG:colcon.colcon_core.verb:Building package 'fer_gazebo' with the following arguments: {'ament_cmake_args': None, 'build_base': '/home/ayaa/Agro2/build/fer_gazebo', 'catkin_cmake_args': None, 'catkin_skip_building_tests': False, 'cmake_args': None, 'cmake_clean_cache': False, 'cmake_clean_first': False, 'cmake_force_configure': False, 'cmake_target': None, 'cmake_target_skip_unavailable': False, 'install_base': '/home/ayaa/Agro2/install/fer_gazebo', 'merge_install': False, 'path': '/home/ayaa/Agro2/src/fer_gazebo', 'symlink_install': False, 'test_result_base': None}
[0.622s] Level 5:colcon.colcon_core.verb:set package 'franka_description' build argument 'cmake_args' from command line to 'None'
[0.622s] Level 5:colcon.colcon_core.verb:set package 'franka_description' build argument 'cmake_target' from command line to 'None'
[0.622s] Level 5:colcon.colcon_core.verb:set package 'franka_description' build argument 'cmake_target_skip_unavailable' from command line to 'False'
[0.622s] Level 5:colcon.colcon_core.verb:set package 'franka_description' build argument 'cmake_clean_cache' from command line to 'False'
[0.622s] Level 5:colcon.colcon_core.verb:set package 'franka_description' build argument 'cmake_clean_first' from command line to 'False'
[0.622s] Level 5:colcon.colcon_core.verb:set package 'franka_description' build argument 'cmake_force_configure' from command line to 'False'
[0.622s] Level 5:colcon.colcon_core.verb:set package 'franka_description' build argument 'ament_cmake_args' from command line to 'None'
[0.622s] Level 5:colcon.colcon_core.verb:set package 'franka_description' build argument 'catkin_cmake_args' from command line to 'None'
[0.622s] Level 5:colcon.colcon_core.verb:set package 'franka_description' build argument 'catkin_skip_building_tests' from command line to 'False'
[0.622s] DEBUG:colcon.colcon_core.verb:Building package 'franka_description' with the following arguments: {'ament_cmake_args': None, 'build_base': '/home/ayaa/Agro2/build/franka_description', 'catkin_cmake_args': None, 'catkin_skip_building_tests': False, 'cmake_args': None, 'cmake_clean_cache': False, 'cmake_clean_first': False, 'cmake_force_configure': False, 'cmake_target': None, 'cmake_target_skip_unavailable': False, 'install_base': '/home/ayaa/Agro2/install/franka_description', 'merge_install': False, 'path': '/home/ayaa/Agro2/src/franka_description', 'symlink_install': False, 'test_result_base': None}
[0.622s] Level 5:colcon.colcon_core.verb:set package 'my_nav2_bringup' build argument 'cmake_args' from command line to 'None'
[0.622s] Level 5:colcon.colcon_core.verb:set package 'my_nav2_bringup' build argument 'cmake_target' from command line to 'None'
[0.622s] Level 5:colcon.colcon_core.verb:set package 'my_nav2_bringup' build argument 'cmake_target_skip_unavailable' from command line to 'False'
[0.622s] Level 5:colcon.colcon_core.verb:set package 'my_nav2_bringup' build argument 'cmake_clean_cache' from command line to 'False'
[0.622s] Level 5:colcon.colcon_core.verb:set package 'my_nav2_bringup' build argument 'cmake_clean_first' from command line to 'False'
[0.622s] Level 5:colcon.colcon_core.verb:set package 'my_nav2_bringup' build argument 'cmake_force_configure' from command line to 'False'
[0.622s] Level 5:colcon.colcon_core.verb:set package 'my_nav2_bringup' build argument 'ament_cmake_args' from command line to 'None'
[0.622s] Level 5:colcon.colcon_core.verb:set package 'my_nav2_bringup' build argument 'catkin_cmake_args' from command line to 'None'
[0.622s] Level 5:colcon.colcon_core.verb:set package 'my_nav2_bringup' build argument 'catkin_skip_building_tests' from command line to 'False'
[0.622s] DEBUG:colcon.colcon_core.verb:Building package 'my_nav2_bringup' with the following arguments: {'ament_cmake_args': None, 'build_base': '/home/ayaa/Agro2/build/my_nav2_bringup', 'catkin_cmake_args': None, 'catkin_skip_building_tests': False, 'cmake_args': None, 'cmake_clean_cache': False, 'cmake_clean_first': False, 'cmake_force_configure': False, 'cmake_target': None, 'cmake_target_skip_unavailable': False, 'install_base': '/home/ayaa/Agro2/install/my_nav2_bringup', 'merge_install': False, 'path': '/home/ayaa/Agro2/src/my_nav2_bringup', 'symlink_install': False, 'test_result_base': None}
[0.623s] Level 5:colcon.colcon_core.verb:set package 'fer_moveit' build argument 'cmake_args' from command line to 'None'
[0.623s] Level 5:colcon.colcon_core.verb:set package 'fer_moveit' build argument 'cmake_target' from command line to 'None'
[0.623s] Level 5:colcon.colcon_core.verb:set package 'fer_moveit' build argument 'cmake_target_skip_unavailable' from command line to 'False'
[0.623s] Level 5:colcon.colcon_core.verb:set package 'fer_moveit' build argument 'cmake_clean_cache' from command line to 'False'
[0.623s] Level 5:colcon.colcon_core.verb:set package 'fer_moveit' build argument 'cmake_clean_first' from command line to 'False'
[0.623s] Level 5:colcon.colcon_core.verb:set package 'fer_moveit' build argument 'cmake_force_configure' from command line to 'False'
[0.623s] Level 5:colcon.colcon_core.verb:set package 'fer_moveit' build argument 'ament_cmake_args' from command line to 'None'
[0.623s] Level 5:colcon.colcon_core.verb:set package 'fer_moveit' build argument 'catkin_cmake_args' from command line to 'None'
[0.623s] Level 5:colcon.colcon_core.verb:set package 'fer_moveit' build argument 'catkin_skip_building_tests' from command line to 'False'
[0.623s] DEBUG:colcon.colcon_core.verb:Building package 'fer_moveit' with the following arguments: {'ament_cmake_args': None, 'build_base': '/home/ayaa/Agro2/build/fer_moveit', 'catkin_cmake_args': None, 'catkin_skip_building_tests': False, 'cmake_args': None, 'cmake_clean_cache': False, 'cmake_clean_first': False, 'cmake_force_configure': False, 'cmake_target': None, 'cmake_target_skip_unavailable': False, 'install_base': '/home/ayaa/Agro2/install/fer_moveit', 'merge_install': False, 'path': '/home/ayaa/Agro2/src/fer_moveit', 'symlink_install': False, 'test_result_base': None}
[0.623s] INFO:colcon.colcon_core.executor:Executing jobs using 'parallel' executor
[0.624s] DEBUG:colcon.colcon_parallel_executor.executor.parallel:run_until_complete
[0.624s] INFO:colcon.colcon_ros.task.ament_cmake.build:Building ROS package in '/home/ayaa/Agro2/src/franka_description' with build type 'ament_cmake'
[0.625s] INFO:colcon.colcon_cmake.task.cmake.build:Building CMake package in '/home/ayaa/Agro2/src/franka_description'
[0.630s] INFO:colcon.colcon_core.plugin_system:Skipping extension 'colcon_core.shell.bat': Not used on non-Windows systems
[0.630s] INFO:colcon.colcon_core.shell:Skip shell extension 'powershell' for command environment: Not usable outside of PowerShell
[0.630s] DEBUG:colcon.colcon_core.shell:Skip shell extension 'dsv' for command environment
[0.637s] INFO:colcon.colcon_ros.task.ament_python.build:Building ROS package in '/home/ayaa/Agro2/src/custom_worlds' with build type 'ament_python'
[0.637s] Level 1:colcon.colcon_core.shell:create_environment_hook('custom_worlds', 'ament_prefix_path')
[0.638s] INFO:colcon.colcon_core.shell:Creating environment hook '/home/ayaa/Agro2/install/custom_worlds/share/custom_worlds/hook/ament_prefix_path.ps1'
[0.639s] INFO:colcon.colcon_core.shell:Creating environment descriptor '/home/ayaa/Agro2/install/custom_worlds/share/custom_worlds/hook/ament_prefix_path.dsv'
[0.639s] INFO:colcon.colcon_core.shell:Creating environment hook '/home/ayaa/Agro2/install/custom_worlds/share/custom_worlds/hook/ament_prefix_path.sh'
[0.640s] INFO:colcon.colcon_core.shell:Skip shell extension 'powershell' for command environment: Not usable outside of PowerShell
[0.640s] DEBUG:colcon.colcon_core.shell:Skip shell extension 'dsv' for command environment
[0.644s] INFO:colcon.colcon_ros.task.ament_python.build:Building ROS package in '/home/ayaa/Agro2/src/fer_gazebo' with build type 'ament_python'
[0.645s] Level 1:colcon.colcon_core.shell:create_environment_hook('fer_gazebo', 'ament_prefix_path')
[0.645s] INFO:colcon.colcon_core.shell:Creating environment hook '/home/ayaa/Agro2/install/fer_gazebo/share/fer_gazebo/hook/ament_prefix_path.ps1'
[0.645s] INFO:colcon.colcon_core.shell:Creating environment descriptor '/home/ayaa/Agro2/install/fer_gazebo/share/fer_gazebo/hook/ament_prefix_path.dsv'
[0.646s] INFO:colcon.colcon_core.shell:Creating environment hook '/home/ayaa/Agro2/install/fer_gazebo/share/fer_gazebo/hook/ament_prefix_path.sh'
[0.646s] INFO:colcon.colcon_core.shell:Skip shell extension 'powershell' for command environment: Not usable outside of PowerShell
[0.647s] DEBUG:colcon.colcon_core.shell:Skip shell extension 'dsv' for command environment
[0.651s] INFO:colcon.colcon_ros.task.ament_python.build:Building ROS package in '/home/ayaa/Agro2/src/my_nav2_bringup' with build type 'ament_python'
[0.651s] Level 1:colcon.colcon_core.shell:create_environment_hook('my_nav2_bringup', 'ament_prefix_path')
[0.652s] INFO:colcon.colcon_core.shell:Creating environment hook '/home/ayaa/Agro2/install/my_nav2_bringup/share/my_nav2_bringup/hook/ament_prefix_path.ps1'
[0.652s] INFO:colcon.colcon_core.shell:Creating environment descriptor '/home/ayaa/Agro2/install/my_nav2_bringup/share/my_nav2_bringup/hook/ament_prefix_path.dsv'
[0.653s] INFO:colcon.colcon_core.shell:Creating environment hook '/home/ayaa/Agro2/install/my_nav2_bringup/share/my_nav2_bringup/hook/ament_prefix_path.sh'
[0.653s] INFO:colcon.colcon_core.shell:Skip shell extension 'powershell' for command environment: Not usable outside of PowerShell
[0.654s] DEBUG:colcon.colcon_core.shell:Skip shell extension 'dsv' for command environment
[0.663s] DEBUG:colcon.colcon_core.event_handler.log_command:Invoking command in '/home/ayaa/Agro2/build/franka_description': CMAKE_PREFIX_PATH=/home/ayaa/Agro2/install/ur5_moveit:/home/ayaa/Agro2/install/ur_description:/home/ayaa/Agro2/install/fer_moveit:/home/ayaa/Agro2/install/my_nav2_bringup:/home/ayaa/Agro2/install/fer_gazebo:/home/ayaa/Agro2/install/custom_worlds:/opt/ros/humble:/home/ayaa/Agro2/install/franka_description /usr/bin/cmake --build /home/ayaa/Agro2/build/franka_description -- -j8 -l8
[1.110s] INFO:colcon.colcon_core.task.python.build:Building Python package in '/home/ayaa/Agro2/src/custom_worlds'
[1.110s] INFO:colcon.colcon_core.shell:Skip shell extension 'powershell' for command environment: Not usable outside of PowerShell
[1.110s] DEBUG:colcon.colcon_core.shell:Skip shell extension 'dsv' for command environment
[1.566s] INFO:colcon.colcon_core.task.python.build:Building Python package in '/home/ayaa/Agro2/src/fer_gazebo'
[1.566s] INFO:colcon.colcon_core.shell:Skip shell extension 'powershell' for command environment: Not usable outside of PowerShell
[1.566s] DEBUG:colcon.colcon_core.shell:Skip shell extension 'dsv' for command environment
[2.033s] INFO:colcon.colcon_core.task.python.build:Building Python package in '/home/ayaa/Agro2/src/my_nav2_bringup'
[2.033s] INFO:colcon.colcon_core.shell:Skip shell extension 'powershell' for command environment: Not usable outside of PowerShell
[2.033s] DEBUG:colcon.colcon_core.shell:Skip shell extension 'dsv' for command environment
[2.040s] DEBUG:colcon.colcon_core.event_handler.log_command:Invoked command in '/home/ayaa/Agro2/build/franka_description' returned '0': CMAKE_PREFIX_PATH=/home/ayaa/Agro2/install/ur5_moveit:/home/ayaa/Agro2/install/ur_description:/home/ayaa/Agro2/install/fer_moveit:/home/ayaa/Agro2/install/my_nav2_bringup:/home/ayaa/Agro2/install/fer_gazebo:/home/ayaa/Agro2/install/custom_worlds:/opt/ros/humble:/home/ayaa/Agro2/install/franka_description /usr/bin/cmake --build /home/ayaa/Agro2/build/franka_description -- -j8 -l8
[2.051s] DEBUG:colcon.colcon_core.event_handler.log_command:Invoking command in '/home/ayaa/Agro2/build/franka_description': CMAKE_PREFIX_PATH=/home/ayaa/Agro2/install/ur5_moveit:/home/ayaa/Agro2/install/ur_description:/home/ayaa/Agro2/install/fer_moveit:/home/ayaa/Agro2/install/my_nav2_bringup:/home/ayaa/Agro2/install/fer_gazebo:/home/ayaa/Agro2/install/custom_worlds:/opt/ros/humble:/home/ayaa/Agro2/install/franka_description /usr/bin/cmake --install /home/ayaa/Agro2/build/franka_description
[2.066s] Level 1:colcon.colcon_core.environment:create_environment_scripts_only(franka_description)
[2.085s] DEBUG:colcon.colcon_core.event_handler.log_command:Invoked command in '/home/ayaa/Agro2/build/franka_description' returned '0': CMAKE_PREFIX_PATH=/home/ayaa/Agro2/install/ur5_moveit:/home/ayaa/Agro2/install/ur_description:/home/ayaa/Agro2/install/fer_moveit:/home/ayaa/Agro2/install/my_nav2_bringup:/home/ayaa/Agro2/install/fer_gazebo:/home/ayaa/Agro2/install/custom_worlds:/opt/ros/humble:/home/ayaa/Agro2/install/franka_description /usr/bin/cmake --install /home/ayaa/Agro2/build/franka_description
[2.088s] Level 1:colcon.colcon_core.environment:checking '/home/ayaa/Agro2/install/franka_description' for CMake module files
[2.089s] Level 1:colcon.colcon_core.environment:checking '/home/ayaa/Agro2/install/franka_description' for CMake config files
[2.090s] Level 1:colcon.colcon_core.shell:create_environment_hook('franka_description', 'cmake_prefix_path')
[2.090s] INFO:colcon.colcon_core.shell:Creating environment hook '/home/ayaa/Agro2/install/franka_description/share/franka_description/hook/cmake_prefix_path.ps1'
[2.091s] INFO:colcon.colcon_core.shell:Creating environment descriptor '/home/ayaa/Agro2/install/franka_description/share/franka_description/hook/cmake_prefix_path.dsv'
[2.091s] INFO:colcon.colcon_core.shell:Creating environment hook '/home/ayaa/Agro2/install/franka_description/share/franka_description/hook/cmake_prefix_path.sh'
[2.092s] Level 1:colcon.colcon_core.environment:checking '/home/ayaa/Agro2/install/franka_description/bin'
[2.092s] Level 1:colcon.colcon_core.environment:checking '/home/ayaa/Agro2/install/franka_description/lib/pkgconfig/franka_description.pc'
[2.093s] Level 1:colcon.colcon_core.environment:checking '/home/ayaa/Agro2/install/franka_description/lib/python3.10/site-packages'
[2.093s] Level 1:colcon.colcon_core.environment:checking '/home/ayaa/Agro2/install/franka_description/bin'
[2.094s] INFO:colcon.colcon_core.shell:Creating package script '/home/ayaa/Agro2/install/franka_description/share/franka_description/package.ps1'
[2.095s] INFO:colcon.colcon_core.shell:Creating package descriptor '/home/ayaa/Agro2/install/franka_description/share/franka_description/package.dsv'
[2.096s] INFO:colcon.colcon_core.shell:Creating package script '/home/ayaa/Agro2/install/franka_description/share/franka_description/package.sh'
[2.097s] INFO:colcon.colcon_core.shell:Creating package script '/home/ayaa/Agro2/install/franka_description/share/franka_description/package.bash'
[2.099s] INFO:colcon.colcon_core.shell:Creating package script '/home/ayaa/Agro2/install/franka_description/share/franka_description/package.zsh'
[2.100s] Level 1:colcon.colcon_core.environment:create_file_with_runtime_dependencies(/home/ayaa/Agro2/install/franka_description/share/colcon-core/packages/franka_description)
[2.101s] Level 1:colcon.colcon_core.environment:create_environment_scripts_only(franka_description)
[2.101s] Level 1:colcon.colcon_core.environment:checking '/home/ayaa/Agro2/install/franka_description' for CMake module files
[2.102s] Level 1:colcon.colcon_core.environment:checking '/home/ayaa/Agro2/install/franka_description' for CMake config files
[2.103s] Level 1:colcon.colcon_core.shell:create_environment_hook('franka_description', 'cmake_prefix_path')
[2.103s] INFO:colcon.colcon_core.shell:Creating environment hook '/home/ayaa/Agro2/install/franka_description/share/franka_description/hook/cmake_prefix_path.ps1'
[2.104s] INFO:colcon.colcon_core.shell:Creating environment descriptor '/home/ayaa/Agro2/install/franka_description/share/franka_description/hook/cmake_prefix_path.dsv'
[2.105s] INFO:colcon.colcon_core.shell:Creating environment hook '/home/ayaa/Agro2/install/franka_description/share/franka_description/hook/cmake_prefix_path.sh'
[2.106s] Level 1:colcon.colcon_core.environment:checking '/home/ayaa/Agro2/install/franka_description/bin'
[2.106s] Level 1:colcon.colcon_core.environment:checking '/home/ayaa/Agro2/install/franka_description/lib/pkgconfig/franka_description.pc'
[2.106s] Level 1:colcon.colcon_core.environment:checking '/home/ayaa/Agro2/install/franka_description/lib/python3.10/site-packages'
[2.107s] Level 1:colcon.colcon_core.environment:checking '/home/ayaa/Agro2/install/franka_description/bin'
[2.107s] INFO:colcon.colcon_core.shell:Creating package script '/home/ayaa/Agro2/install/franka_description/share/franka_description/package.ps1'
[2.108s] INFO:colcon.colcon_core.shell:Creating package descriptor '/home/ayaa/Agro2/install/franka_description/share/franka_description/package.dsv'
[2.109s] INFO:colcon.colcon_core.shell:Creating package script '/home/ayaa/Agro2/install/franka_description/share/franka_description/package.sh'
[2.110s] INFO:colcon.colcon_core.shell:Creating package script '/home/ayaa/Agro2/install/franka_description/share/franka_description/package.bash'
[2.110s] INFO:colcon.colcon_core.shell:Creating package script '/home/ayaa/Agro2/install/franka_description/share/franka_description/package.zsh'
[2.111s] Level 1:colcon.colcon_core.environment:create_file_with_runtime_dependencies(/home/ayaa/Agro2/install/franka_description/share/colcon-core/packages/franka_description)
[2.111s] INFO:colcon.colcon_ros.task.ament_cmake.build:Building ROS package in '/home/ayaa/Agro2/src/fer_moveit' with build type 'ament_cmake'
[2.112s] INFO:colcon.colcon_cmake.task.cmake.build:Building CMake package in '/home/ayaa/Agro2/src/fer_moveit'
[2.112s] INFO:colcon.colcon_core.shell:Skip shell extension 'powershell' for command environment: Not usable outside of PowerShell
[2.112s] DEBUG:colcon.colcon_core.shell:Skip shell extension 'dsv' for command environment
[2.127s] DEBUG:colcon.colcon_core.event_handler.log_command:Invoking command in '/home/ayaa/Agro2/build/fer_moveit': CMAKE_PREFIX_PATH=/home/ayaa/Agro2/install/my_nav2_bringup:/home/ayaa/Agro2/install/fer_gazebo:/home/ayaa/Agro2/install/custom_worlds:/opt/ros/humble:/home/ayaa/Agro2/install/franka_description:/home/ayaa/Agro2/install/ur5_moveit:/home/ayaa/Agro2/install/ur_description:/home/ayaa/Agro2/install/fer_moveit /usr/bin/cmake --build /home/ayaa/Agro2/build/fer_moveit -- -j8 -l8
[2.175s] DEBUG:colcon.colcon_core.event_handler.log_command:Invoked command in '/home/ayaa/Agro2/build/fer_moveit' returned '0': CMAKE_PREFIX_PATH=/home/ayaa/Agro2/install/my_nav2_bringup:/home/ayaa/Agro2/install/fer_gazebo:/home/ayaa/Agro2/install/custom_worlds:/opt/ros/humble:/home/ayaa/Agro2/install/franka_description:/home/ayaa/Agro2/install/ur5_moveit:/home/ayaa/Agro2/install/ur_description:/home/ayaa/Agro2/install/fer_moveit /usr/bin/cmake --build /home/ayaa/Agro2/build/fer_moveit -- -j8 -l8
[2.177s] DEBUG:colcon.colcon_core.event_handler.log_command:Invoking command in '/home/ayaa/Agro2/build/fer_moveit': CMAKE_PREFIX_PATH=/home/ayaa/Agro2/install/my_nav2_bringup:/home/ayaa/Agro2/install/fer_gazebo:/home/ayaa/Agro2/install/custom_worlds:/opt/ros/humble:/home/ayaa/Agro2/install/franka_description:/home/ayaa/Agro2/install/ur5_moveit:/home/ayaa/Agro2/install/ur_description:/home/ayaa/Agro2/install/fer_moveit /usr/bin/cmake --install /home/ayaa/Agro2/build/fer_moveit
[2.191s] Level 1:colcon.colcon_core.environment:create_environment_scripts_only(fer_moveit)
[2.191s] Level 1:colcon.colcon_core.environment:checking '/home/ayaa/Agro2/install/fer_moveit' for CMake module files
[2.193s] Level 1:colcon.colcon_core.environment:checking '/home/ayaa/Agro2/install/fer_moveit' for CMake config files
[2.195s] Level 1:colcon.colcon_core.shell:create_environment_hook('fer_moveit', 'cmake_prefix_path')
[2.195s] INFO:colcon.colcon_core.shell:Creating environment hook '/home/ayaa/Agro2/install/fer_moveit/share/fer_moveit/hook/cmake_prefix_path.ps1'
[2.197s] INFO:colcon.colcon_core.shell:Creating environment descriptor '/home/ayaa/Agro2/install/fer_moveit/share/fer_moveit/hook/cmake_prefix_path.dsv'
[2.198s] INFO:colcon.colcon_core.shell:Creating environment hook '/home/ayaa/Agro2/install/fer_moveit/share/fer_moveit/hook/cmake_prefix_path.sh'
[2.199s] Level 1:colcon.colcon_core.environment:checking '/home/ayaa/Agro2/install/fer_moveit/bin'
[2.200s] Level 1:colcon.colcon_core.environment:checking '/home/ayaa/Agro2/install/fer_moveit/lib/pkgconfig/fer_moveit.pc'
[2.200s] Level 1:colcon.colcon_core.environment:checking '/home/ayaa/Agro2/install/fer_moveit/lib/python3.10/site-packages'
[2.200s] Level 1:colcon.colcon_core.environment:checking '/home/ayaa/Agro2/install/fer_moveit/bin'
[2.201s] INFO:colcon.colcon_core.shell:Creating package script '/home/ayaa/Agro2/install/fer_moveit/share/fer_moveit/package.ps1'
[2.202s] INFO:colcon.colcon_core.shell:Creating package descriptor '/home/ayaa/Agro2/install/fer_moveit/share/fer_moveit/package.dsv'
[2.203s] INFO:colcon.colcon_core.shell:Creating package script '/home/ayaa/Agro2/install/fer_moveit/share/fer_moveit/package.sh'
[2.204s] DEBUG:colcon.colcon_core.event_handler.log_command:Invoked command in '/home/ayaa/Agro2/build/fer_moveit' returned '0': CMAKE_PREFIX_PATH=/home/ayaa/Agro2/install/my_nav2_bringup:/home/ayaa/Agro2/install/fer_gazebo:/home/ayaa/Agro2/install/custom_worlds:/opt/ros/humble:/home/ayaa/Agro2/install/franka_description:/home/ayaa/Agro2/install/ur5_moveit:/home/ayaa/Agro2/install/ur_description:/home/ayaa/Agro2/install/fer_moveit /usr/bin/cmake --install /home/ayaa/Agro2/build/fer_moveit
[2.204s] INFO:colcon.colcon_core.shell:Creating package script '/home/ayaa/Agro2/install/fer_moveit/share/fer_moveit/package.bash'
[2.204s] INFO:colcon.colcon_core.shell:Creating package script '/home/ayaa/Agro2/install/fer_moveit/share/fer_moveit/package.zsh'
[2.205s] Level 1:colcon.colcon_core.environment:create_file_with_runtime_dependencies(/home/ayaa/Agro2/install/fer_moveit/share/colcon-core/packages/fer_moveit)
[2.205s] Level 1:colcon.colcon_core.environment:create_environment_scripts_only(fer_moveit)
[2.206s] Level 1:colcon.colcon_core.environment:checking '/home/ayaa/Agro2/install/fer_moveit' for CMake module files
[2.206s] Level 1:colcon.colcon_core.environment:checking '/home/ayaa/Agro2/install/fer_moveit' for CMake config files
[2.206s] Level 1:colcon.colcon_core.shell:create_environment_hook('fer_moveit', 'cmake_prefix_path')
[2.206s] INFO:colcon.colcon_core.shell:Creating environment hook '/home/ayaa/Agro2/install/fer_moveit/share/fer_moveit/hook/cmake_prefix_path.ps1'
[2.207s] INFO:colcon.colcon_core.shell:Creating environment descriptor '/home/ayaa/Agro2/install/fer_moveit/share/fer_moveit/hook/cmake_prefix_path.dsv'
[2.207s] INFO:colcon.colcon_core.shell:Creating environment hook '/home/ayaa/Agro2/install/fer_moveit/share/fer_moveit/hook/cmake_prefix_path.sh'
[2.208s] Level 1:colcon.colcon_core.environment:checking '/home/ayaa/Agro2/install/fer_moveit/bin'
[2.208s] Level 1:colcon.colcon_core.environment:checking '/home/ayaa/Agro2/install/fer_moveit/lib/pkgconfig/fer_moveit.pc'
[2.208s] Level 1:colcon.colcon_core.environment:checking '/home/ayaa/Agro2/install/fer_moveit/lib/python3.10/site-packages'
[2.209s] Level 1:colcon.colcon_core.environment:checking '/home/ayaa/Agro2/install/fer_moveit/bin'
[2.209s] INFO:colcon.colcon_core.shell:Creating package script '/home/ayaa/Agro2/install/fer_moveit/share/fer_moveit/package.ps1'
[2.209s] INFO:colcon.colcon_core.shell:Creating package descriptor '/home/ayaa/Agro2/install/fer_moveit/share/fer_moveit/package.dsv'
[2.210s] INFO:colcon.colcon_core.shell:Creating package script '/home/ayaa/Agro2/install/fer_moveit/share/fer_moveit/package.sh'
[2.210s] INFO:colcon.colcon_core.shell:Creating package script '/home/ayaa/Agro2/install/fer_moveit/share/fer_moveit/package.bash'
[2.211s] INFO:colcon.colcon_core.shell:Creating package script '/home/ayaa/Agro2/install/fer_moveit/share/fer_moveit/package.zsh'
[2.211s] Level 1:colcon.colcon_core.environment:create_file_with_runtime_dependencies(/home/ayaa/Agro2/install/fer_moveit/share/colcon-core/packages/fer_moveit)
[3.062s] DEBUG:colcon.colcon_core.event_handler.log_command:Invoking command in '/home/ayaa/Agro2/src/custom_worlds': PYTHONPATH=/home/ayaa/Agro2/build/custom_worlds/prefix_override:/usr/lib/python3/dist-packages/colcon_core/task/python/colcon_distutils_commands:/home/ayaa/Agro2/install/custom_worlds/lib/python3.10/site-packages:${PYTHONPATH} /usr/bin/python3 -W ignore:setup.py install is deprecated -W ignore:easy_install command is deprecated setup.py egg_info --egg-base ../../build/custom_worlds build --build-base /home/ayaa/Agro2/build/custom_worlds/build install --record /home/ayaa/Agro2/build/custom_worlds/install.log --single-version-externally-managed install_data
[3.065s] DEBUG:colcon.colcon_core.event_handler.log_command:Invoking command in '/home/ayaa/Agro2/src/my_nav2_bringup': PYTHONPATH=/home/ayaa/Agro2/build/my_nav2_bringup/prefix_override:/usr/lib/python3/dist-packages/colcon_core/task/python/colcon_distutils_commands:/home/ayaa/Agro2/install/my_nav2_bringup/lib/python3.10/site-packages:${PYTHONPATH} /usr/bin/python3 -W ignore:setup.py install is deprecated -W ignore:easy_install command is deprecated setup.py egg_info --egg-base ../../build/my_nav2_bringup build --build-base /home/ayaa/Agro2/build/my_nav2_bringup/build install --record /home/ayaa/Agro2/build/my_nav2_bringup/install.log --single-version-externally-managed install_data
[3.070s] DEBUG:colcon.colcon_core.event_handler.log_command:Invoking command in '/home/ayaa/Agro2/src/fer_gazebo': PYTHONPATH=/home/ayaa/Agro2/build/fer_gazebo/prefix_override:/usr/lib/python3/dist-packages/colcon_core/task/python/colcon_distutils_commands:/home/ayaa/Agro2/install/fer_gazebo/lib/python3.10/site-packages:${PYTHONPATH} /usr/bin/python3 -W ignore:setup.py install is deprecated -W ignore:easy_install command is deprecated setup.py egg_info --egg-base ../../build/fer_gazebo build --build-base /home/ayaa/Agro2/build/fer_gazebo/build install --record /home/ayaa/Agro2/build/fer_gazebo/install.log --single-version-externally-managed install_data
[3.829s] Level 1:colcon.colcon_core.environment:checking '/home/ayaa/Agro2/install/custom_worlds' for CMake module files
[3.830s] DEBUG:colcon.colcon_core.event_handler.log_command:Invoked command in '/home/ayaa/Agro2/src/custom_worlds' returned '0': PYTHONPATH=/home/ayaa/Agro2/build/custom_worlds/prefix_override:/usr/lib/python3/dist-packages/colcon_core/task/python/colcon_distutils_commands:/home/ayaa/Agro2/install/custom_worlds/lib/python3.10/site-packages:${PYTHONPATH} /usr/bin/python3 -W ignore:setup.py install is deprecated -W ignore:easy_install command is deprecated setup.py egg_info --egg-base ../../build/custom_worlds build --build-base /home/ayaa/Agro2/build/custom_worlds/build install --record /home/ayaa/Agro2/build/custom_worlds/install.log --single-version-externally-managed install_data
[3.831s] Level 1:colcon.colcon_core.environment:checking '/home/ayaa/Agro2/install/custom_worlds' for CMake config files
[3.832s] Level 1:colcon.colcon_core.environment:checking '/home/ayaa/Agro2/install/custom_worlds/lib'
[3.832s] Level 1:colcon.colcon_core.environment:checking '/home/ayaa/Agro2/install/custom_worlds/bin'
[3.832s] Level 1:colcon.colcon_core.environment:checking '/home/ayaa/Agro2/install/custom_worlds/lib/pkgconfig/custom_worlds.pc'
[3.832s] Level 1:colcon.colcon_core.environment:checking '/home/ayaa/Agro2/install/custom_worlds/lib/python3.10/site-packages'
[3.832s] Level 1:colcon.colcon_core.shell:create_environment_hook('custom_worlds', 'pythonpath')
[3.833s] INFO:colcon.colcon_core.shell:Creating environment hook '/home/ayaa/Agro2/install/custom_worlds/share/custom_worlds/hook/pythonpath.ps1'
[3.833s] INFO:colcon.colcon_core.shell:Creating environment descriptor '/home/ayaa/Agro2/install/custom_worlds/share/custom_worlds/hook/pythonpath.dsv'
[3.834s] INFO:colcon.colcon_core.shell:Creating environment hook '/home/ayaa/Agro2/install/custom_worlds/share/custom_worlds/hook/pythonpath.sh'
[3.835s] Level 1:colcon.colcon_core.environment:checking '/home/ayaa/Agro2/install/custom_worlds/bin'
[3.835s] Level 1:colcon.colcon_core.environment:create_environment_scripts_only(custom_worlds)
[3.835s] INFO:colcon.colcon_core.shell:Creating package script '/home/ayaa/Agro2/install/custom_worlds/share/custom_worlds/package.ps1'
[3.836s] INFO:colcon.colcon_core.shell:Creating package descriptor '/home/ayaa/Agro2/install/custom_worlds/share/custom_worlds/package.dsv'
[3.836s] INFO:colcon.colcon_core.shell:Creating package script '/home/ayaa/Agro2/install/custom_worlds/share/custom_worlds/package.sh'
[3.837s] INFO:colcon.colcon_core.shell:Creating package script '/home/ayaa/Agro2/install/custom_worlds/share/custom_worlds/package.bash'
[3.837s] INFO:colcon.colcon_core.shell:Creating package script '/home/ayaa/Agro2/install/custom_worlds/share/custom_worlds/package.zsh'
[3.838s] Level 1:colcon.colcon_core.environment:create_file_with_runtime_dependencies(/home/ayaa/Agro2/install/custom_worlds/share/colcon-core/packages/custom_worlds)
[3.878s] Level 1:colcon.colcon_core.environment:checking '/home/ayaa/Agro2/install/fer_gazebo' for CMake module files
[3.879s] DEBUG:colcon.colcon_core.event_handler.log_command:Invoked command in '/home/ayaa/Agro2/src/fer_gazebo' returned '0': PYTHONPATH=/home/ayaa/Agro2/build/fer_gazebo/prefix_override:/usr/lib/python3/dist-packages/colcon_core/task/python/colcon_distutils_commands:/home/ayaa/Agro2/install/fer_gazebo/lib/python3.10/site-packages:${PYTHONPATH} /usr/bin/python3 -W ignore:setup.py install is deprecated -W ignore:easy_install command is deprecated setup.py egg_info --egg-base ../../build/fer_gazebo build --build-base /home/ayaa/Agro2/build/fer_gazebo/build install --record /home/ayaa/Agro2/build/fer_gazebo/install.log --single-version-externally-managed install_data
[3.880s] Level 1:colcon.colcon_core.environment:checking '/home/ayaa/Agro2/install/fer_gazebo' for CMake config files
[3.880s] Level 1:colcon.colcon_core.environment:checking '/home/ayaa/Agro2/install/fer_gazebo/lib'
[3.880s] Level 1:colcon.colcon_core.environment:checking '/home/ayaa/Agro2/install/fer_gazebo/bin'
[3.880s] Level 1:colcon.colcon_core.environment:checking '/home/ayaa/Agro2/install/fer_gazebo/lib/pkgconfig/fer_gazebo.pc'
[3.881s] Level 1:colcon.colcon_core.environment:checking '/home/ayaa/Agro2/install/fer_gazebo/lib/python3.10/site-packages'
[3.881s] Level 1:colcon.colcon_core.shell:create_environment_hook('fer_gazebo', 'pythonpath')
[3.881s] INFO:colcon.colcon_core.shell:Creating environment hook '/home/ayaa/Agro2/install/fer_gazebo/share/fer_gazebo/hook/pythonpath.ps1'
[3.882s] INFO:colcon.colcon_core.shell:Creating environment descriptor '/home/ayaa/Agro2/install/fer_gazebo/share/fer_gazebo/hook/pythonpath.dsv'
[3.882s] INFO:colcon.colcon_core.shell:Creating environment hook '/home/ayaa/Agro2/install/fer_gazebo/share/fer_gazebo/hook/pythonpath.sh'
[3.883s] Level 1:colcon.colcon_core.environment:checking '/home/ayaa/Agro2/install/fer_gazebo/bin'
[3.883s] Level 1:colcon.colcon_core.environment:create_environment_scripts_only(fer_gazebo)
[3.883s] INFO:colcon.colcon_core.shell:Creating package script '/home/ayaa/Agro2/install/fer_gazebo/share/fer_gazebo/package.ps1'
[3.884s] INFO:colcon.colcon_core.shell:Creating package descriptor '/home/ayaa/Agro2/install/fer_gazebo/share/fer_gazebo/package.dsv'
[3.884s] INFO:colcon.colcon_core.shell:Creating package script '/home/ayaa/Agro2/install/fer_gazebo/share/fer_gazebo/package.sh'
[3.885s] INFO:colcon.colcon_core.shell:Creating package script '/home/ayaa/Agro2/install/fer_gazebo/share/fer_gazebo/package.bash'
[3.885s] INFO:colcon.colcon_core.shell:Creating package script '/home/ayaa/Agro2/install/fer_gazebo/share/fer_gazebo/package.zsh'
[3.885s] Level 1:colcon.colcon_core.environment:create_file_with_runtime_dependencies(/home/ayaa/Agro2/install/fer_gazebo/share/colcon-core/packages/fer_gazebo)
[3.900s] Level 1:colcon.colcon_core.environment:checking '/home/ayaa/Agro2/install/my_nav2_bringup' for CMake module files
[3.901s] DEBUG:colcon.colcon_core.event_handler.log_command:Invoked command in '/home/ayaa/Agro2/src/my_nav2_bringup' returned '0': PYTHONPATH=/home/ayaa/Agro2/build/my_nav2_bringup/prefix_override:/usr/lib/python3/dist-packages/colcon_core/task/python/colcon_distutils_commands:/home/ayaa/Agro2/install/my_nav2_bringup/lib/python3.10/site-packages:${PYTHONPATH} /usr/bin/python3 -W ignore:setup.py install is deprecated -W ignore:easy_install command is deprecated setup.py egg_info --egg-base ../../build/my_nav2_bringup build --build-base /home/ayaa/Agro2/build/my_nav2_bringup/build install --record /home/ayaa/Agro2/build/my_nav2_bringup/install.log --single-version-externally-managed install_data
[3.902s] Level 1:colcon.colcon_core.environment:checking '/home/ayaa/Agro2/install/my_nav2_bringup' for CMake config files
[3.902s] Level 1:colcon.colcon_core.environment:checking '/home/ayaa/Agro2/install/my_nav2_bringup/lib'
[3.902s] Level 1:colcon.colcon_core.environment:checking '/home/ayaa/Agro2/install/my_nav2_bringup/bin'
[3.902s] Level 1:colcon.colcon_core.environment:checking '/home/ayaa/Agro2/install/my_nav2_bringup/lib/pkgconfig/my_nav2_bringup.pc'
[3.903s] Level 1:colcon.colcon_core.environment:checking '/home/ayaa/Agro2/install/my_nav2_bringup/lib/python3.10/site-packages'
[3.903s] Level 1:colcon.colcon_core.shell:create_environment_hook('my_nav2_bringup', 'pythonpath')
[3.903s] INFO:colcon.colcon_core.shell:Creating environment hook '/home/ayaa/Agro2/install/my_nav2_bringup/share/my_nav2_bringup/hook/pythonpath.ps1'
[3.903s] INFO:colcon.colcon_core.shell:Creating environment descriptor '/home/ayaa/Agro2/install/my_nav2_bringup/share/my_nav2_bringup/hook/pythonpath.dsv'
[3.904s] INFO:colcon.colcon_core.shell:Creating environment hook '/home/ayaa/Agro2/install/my_nav2_bringup/share/my_nav2_bringup/hook/pythonpath.sh'
[3.904s] Level 1:colcon.colcon_core.environment:checking '/home/ayaa/Agro2/install/my_nav2_bringup/bin'
[3.904s] Level 1:colcon.colcon_core.environment:create_environment_scripts_only(my_nav2_bringup)
[3.905s] INFO:colcon.colcon_core.shell:Creating package script '/home/ayaa/Agro2/install/my_nav2_bringup/share/my_nav2_bringup/package.ps1'
[3.905s] INFO:colcon.colcon_core.shell:Creating package descriptor '/home/ayaa/Agro2/install/my_nav2_bringup/share/my_nav2_bringup/package.dsv'
[3.906s] INFO:colcon.colcon_core.shell:Creating package script '/home/ayaa/Agro2/install/my_nav2_bringup/share/my_nav2_bringup/package.sh'
[3.906s] INFO:colcon.colcon_core.shell:Creating package script '/home/ayaa/Agro2/install/my_nav2_bringup/share/my_nav2_bringup/package.bash'
[3.907s] INFO:colcon.colcon_core.shell:Creating package script '/home/ayaa/Agro2/install/my_nav2_bringup/share/my_nav2_bringup/package.zsh'
[3.907s] Level 1:colcon.colcon_core.environment:create_file_with_runtime_dependencies(/home/ayaa/Agro2/install/my_nav2_bringup/share/colcon-core/packages/my_nav2_bringup)
[3.907s] DEBUG:colcon.colcon_parallel_executor.executor.parallel:closing loop
[3.908s] DEBUG:colcon.colcon_parallel_executor.executor.parallel:loop closed
[3.908s] DEBUG:colcon.colcon_parallel_executor.executor.parallel:run_until_complete finished with '0'
[3.908s] DEBUG:colcon.colcon_core.event_reactor:joining thread
[3.917s] INFO:colcon.colcon_core.plugin_system:Skipping extension 'colcon_notification.desktop_notification.terminal_notifier': Not used on non-Darwin systems
[3.917s] INFO:colcon.colcon_core.plugin_system:Skipping extension 'colcon_notification.desktop_notification.win32': Not used on non-Windows systems
[3.917s] INFO:colcon.colcon_notification.desktop_notification:Sending desktop notification using 'notify2'
[3.930s] DEBUG:colcon.colcon_core.event_reactor:joined thread
[3.930s] INFO:colcon.colcon_core.shell:Creating prefix script '/home/ayaa/Agro2/install/local_setup.ps1'
[3.931s] INFO:colcon.colcon_core.shell:Creating prefix util module '/home/ayaa/Agro2/install/_local_setup_util_ps1.py'
[3.933s] INFO:colcon.colcon_core.shell:Creating prefix chain script '/home/ayaa/Agro2/install/setup.ps1'
[3.934s] INFO:colcon.colcon_core.shell:Creating prefix script '/home/ayaa/Agro2/install/local_setup.sh'
[3.935s] INFO:colcon.colcon_core.shell:Creating prefix util module '/home/ayaa/Agro2/install/_local_setup_util_sh.py'
[3.935s] INFO:colcon.colcon_core.shell:Creating prefix chain script '/home/ayaa/Agro2/install/setup.sh'
[3.937s] INFO:colcon.colcon_core.shell:Creating prefix script '/home/ayaa/Agro2/install/local_setup.bash'
[3.937s] INFO:colcon.colcon_core.shell:Creating prefix chain script '/home/ayaa/Agro2/install/setup.bash'
[3.939s] INFO:colcon.colcon_core.shell:Creating prefix script '/home/ayaa/Agro2/install/local_setup.zsh'
[3.939s] INFO:colcon.colcon_core.shell:Creating prefix chain script '/home/ayaa/Agro2/install/setup.zsh'
