[0.138s] DEBUG:colcon:Command line arguments: ['/usr/bin/colcon', 'build']
[0.138s] DEBUG:colcon:Parsed command line arguments: Namespace(log_base=None, log_level=None, verb_name='build', build_base='build', install_base='install', merge_install=False, symlink_install=False, test_result_base=None, continue_on_error=False, executor='parallel', parallel_workers=8, event_handlers=None, ignore_user_meta=False, metas=['./colcon.meta'], base_paths=['.'], packages_ignore=None, packages_ignore_regex=None, paths=None, packages_up_to=None, packages_up_to_regex=None, packages_above=None, packages_above_and_dependencies=None, packages_above_depth=None, packages_select_by_dep=None, packages_skip_by_dep=None, packages_skip_up_to=None, packages_select_build_failed=False, packages_skip_build_finished=False, packages_select_test_failures=False, packages_skip_test_passed=False, packages_select=None, packages_skip=None, packages_select_regex=None, packages_skip_regex=None, packages_start=None, packages_end=None, allow_overriding=[], cmake_args=None, cmake_target=None, cmake_target_skip_unavailable=False, cmake_clean_cache=False, cmake_clean_first=False, cmake_force_configure=False, ament_cmake_args=None, catkin_cmake_args=None, catkin_skip_building_tests=False, mixin_files=None, mixin=None, verb_parser=<colcon_mixin.mixin.mixin_argument.MixinArgumentDecorator object at 0x7fe39f74f550>, verb_extension=<colcon_core.verb.build.BuildVerb object at 0x7fe39f74c9d0>, main=<bound method BuildVerb.main of <colcon_core.verb.build.BuildVerb object at 0x7fe39f74c9d0>>, mixin_verb=('build',))
[0.387s] Level 1:colcon.colcon_core.package_discovery:discover_packages(colcon_meta) check parameters
[0.387s] Level 1:colcon.colcon_core.package_discovery:discover_packages(recursive) check parameters
[0.387s] Level 1:colcon.colcon_core.package_discovery:discover_packages(ignore) check parameters
[0.387s] Level 1:colcon.colcon_core.package_discovery:discover_packages(path) check parameters
[0.387s] Level 1:colcon.colcon_core.package_discovery:discover_packages(colcon_meta) discover
[0.387s] Level 1:colcon.colcon_core.package_discovery:discover_packages(recursive) discover
[0.387s] INFO:colcon.colcon_core.package_discovery:Crawling recursively for packages in '/home/ayaa/Agro2'
[0.387s] Level 1:colcon.colcon_core.package_identification:_identify(.) by extensions ['ignore', 'ignore_ament_install']
[0.388s] Level 1:colcon.colcon_core.package_identification:_identify(.) by extension 'ignore'
[0.388s] Level 1:colcon.colcon_core.package_identification:_identify(.) by extension 'ignore_ament_install'
[0.388s] Level 1:colcon.colcon_core.package_identification:_identify(.) by extensions ['colcon_pkg']
[0.388s] Level 1:colcon.colcon_core.package_identification:_identify(.) by extension 'colcon_pkg'
[0.388s] Level 1:colcon.colcon_core.package_identification:_identify(.) by extensions ['colcon_meta']
[0.388s] Level 1:colcon.colcon_core.package_identification:_identify(.) by extension 'colcon_meta'
[0.388s] Level 1:colcon.colcon_core.package_identification:_identify(.) by extensions ['ros']
[0.388s] Level 1:colcon.colcon_core.package_identification:_identify(.) by extension 'ros'
[0.400s] Level 1:colcon.colcon_core.package_identification:_identify(.) by extensions ['cmake', 'python']
[0.400s] Level 1:colcon.colcon_core.package_identification:_identify(.) by extension 'cmake'
[0.400s] Level 1:colcon.colcon_core.package_identification:_identify(.) by extension 'python'
[0.400s] Level 1:colcon.colcon_core.package_identification:_identify(.) by extensions ['python_setup_py']
[0.401s] Level 1:colcon.colcon_core.package_identification:_identify(.) by extension 'python_setup_py'
[0.401s] Level 1:colcon.colcon_core.package_identification:_identify(build) by extensions ['ignore', 'ignore_ament_install']
[0.401s] Level 1:colcon.colcon_core.package_identification:_identify(build) by extension 'ignore'
[0.401s] Level 1:colcon.colcon_core.package_identification:_identify(build) ignored
[0.401s] Level 1:colcon.colcon_core.package_identification:_identify(install) by extensions ['ignore', 'ignore_ament_install']
[0.401s] Level 1:colcon.colcon_core.package_identification:_identify(install) by extension 'ignore'
[0.401s] Level 1:colcon.colcon_core.package_identification:_identify(install) ignored
[0.401s] Level 1:colcon.colcon_core.package_identification:_identify(log) by extensions ['ignore', 'ignore_ament_install']
[0.401s] Level 1:colcon.colcon_core.package_identification:_identify(log) by extension 'ignore'
[0.401s] Level 1:colcon.colcon_core.package_identification:_identify(log) ignored
[0.402s] Level 1:colcon.colcon_core.package_identification:_identify(rosbag2_2025_03_02-20_45_56) by extensions ['ignore', 'ignore_ament_install']
[0.402s] Level 1:colcon.colcon_core.package_identification:_identify(rosbag2_2025_03_02-20_45_56) by extension 'ignore'
[0.402s] Level 1:colcon.colcon_core.package_identification:_identify(rosbag2_2025_03_02-20_45_56) by extension 'ignore_ament_install'
[0.402s] Level 1:colcon.colcon_core.package_identification:_identify(rosbag2_2025_03_02-20_45_56) by extensions ['colcon_pkg']
[0.402s] Level 1:colcon.colcon_core.package_identification:_identify(rosbag2_2025_03_02-20_45_56) by extension 'colcon_pkg'
[0.402s] Level 1:colcon.colcon_core.package_identification:_identify(rosbag2_2025_03_02-20_45_56) by extensions ['colcon_meta']
[0.402s] Level 1:colcon.colcon_core.package_identification:_identify(rosbag2_2025_03_02-20_45_56) by extension 'colcon_meta'
[0.402s] Level 1:colcon.colcon_core.package_identification:_identify(rosbag2_2025_03_02-20_45_56) by extensions ['ros']
[0.402s] Level 1:colcon.colcon_core.package_identification:_identify(rosbag2_2025_03_02-20_45_56) by extension 'ros'
[0.402s] Level 1:colcon.colcon_core.package_identification:_identify(rosbag2_2025_03_02-20_45_56) by extensions ['cmake', 'python']
[0.402s] Level 1:colcon.colcon_core.package_identification:_identify(rosbag2_2025_03_02-20_45_56) by extension 'cmake'
[0.402s] Level 1:colcon.colcon_core.package_identification:_identify(rosbag2_2025_03_02-20_45_56) by extension 'python'
[0.402s] Level 1:colcon.colcon_core.package_identification:_identify(rosbag2_2025_03_02-20_45_56) by extensions ['python_setup_py']
[0.402s] Level 1:colcon.colcon_core.package_identification:_identify(rosbag2_2025_03_02-20_45_56) by extension 'python_setup_py'
[0.402s] Level 1:colcon.colcon_core.package_identification:_identify(src) by extensions ['ignore', 'ignore_ament_install']
[0.402s] Level 1:colcon.colcon_core.package_identification:_identify(src) by extension 'ignore'
[0.402s] Level 1:colcon.colcon_core.package_identification:_identify(src) by extension 'ignore_ament_install'
[0.402s] Level 1:colcon.colcon_core.package_identification:_identify(src) by extensions ['colcon_pkg']
[0.402s] Level 1:colcon.colcon_core.package_identification:_identify(src) by extension 'colcon_pkg'
[0.402s] Level 1:colcon.colcon_core.package_identification:_identify(src) by extensions ['colcon_meta']
[0.402s] Level 1:colcon.colcon_core.package_identification:_identify(src) by extension 'colcon_meta'
[0.402s] Level 1:colcon.colcon_core.package_identification:_identify(src) by extensions ['ros']
[0.403s] Level 1:colcon.colcon_core.package_identification:_identify(src) by extension 'ros'
[0.403s] Level 1:colcon.colcon_core.package_identification:_identify(src) by extensions ['cmake', 'python']
[0.403s] Level 1:colcon.colcon_core.package_identification:_identify(src) by extension 'cmake'
[0.403s] Level 1:colcon.colcon_core.package_identification:_identify(src) by extension 'python'
[0.403s] Level 1:colcon.colcon_core.package_identification:_identify(src) by extensions ['python_setup_py']
[0.403s] Level 1:colcon.colcon_core.package_identification:_identify(src) by extension 'python_setup_py'
[0.403s] Level 1:colcon.colcon_core.package_identification:_identify(src/build) by extensions ['ignore', 'ignore_ament_install']
[0.403s] Level 1:colcon.colcon_core.package_identification:_identify(src/build) by extension 'ignore'
[0.403s] Level 1:colcon.colcon_core.package_identification:_identify(src/build) ignored
[0.403s] Level 1:colcon.colcon_core.package_identification:_identify(src/custom_worlds) by extensions ['ignore', 'ignore_ament_install']
[0.403s] Level 1:colcon.colcon_core.package_identification:_identify(src/custom_worlds) by extension 'ignore'
[0.403s] Level 1:colcon.colcon_core.package_identification:_identify(src/custom_worlds) by extension 'ignore_ament_install'
[0.403s] Level 1:colcon.colcon_core.package_identification:_identify(src/custom_worlds) by extensions ['colcon_pkg']
[0.403s] Level 1:colcon.colcon_core.package_identification:_identify(src/custom_worlds) by extension 'colcon_pkg'
[0.403s] Level 1:colcon.colcon_core.package_identification:_identify(src/custom_worlds) by extensions ['colcon_meta']
[0.403s] Level 1:colcon.colcon_core.package_identification:_identify(src/custom_worlds) by extension 'colcon_meta'
[0.403s] Level 1:colcon.colcon_core.package_identification:_identify(src/custom_worlds) by extensions ['ros']
[0.403s] Level 1:colcon.colcon_core.package_identification:_identify(src/custom_worlds) by extension 'ros'
[0.406s] DEBUG:colcon.colcon_core.package_identification:Package 'src/custom_worlds' with type 'ros.ament_python' and name 'custom_worlds'
[0.406s] Level 1:colcon.colcon_core.package_identification:_identify(src/fer_cpp_moveit) by extensions ['ignore', 'ignore_ament_install']
[0.406s] Level 1:colcon.colcon_core.package_identification:_identify(src/fer_cpp_moveit) by extension 'ignore'
[0.406s] Level 1:colcon.colcon_core.package_identification:_identify(src/fer_cpp_moveit) by extension 'ignore_ament_install'
[0.406s] Level 1:colcon.colcon_core.package_identification:_identify(src/fer_cpp_moveit) by extensions ['colcon_pkg']
[0.406s] Level 1:colcon.colcon_core.package_identification:_identify(src/fer_cpp_moveit) by extension 'colcon_pkg'
[0.406s] Level 1:colcon.colcon_core.package_identification:_identify(src/fer_cpp_moveit) by extensions ['colcon_meta']
[0.406s] Level 1:colcon.colcon_core.package_identification:_identify(src/fer_cpp_moveit) by extension 'colcon_meta'
[0.406s] Level 1:colcon.colcon_core.package_identification:_identify(src/fer_cpp_moveit) by extensions ['ros']
[0.406s] Level 1:colcon.colcon_core.package_identification:_identify(src/fer_cpp_moveit) by extension 'ros'
[0.407s] DEBUG:colcon.colcon_core.package_identification:Package 'src/fer_cpp_moveit' with type 'ros.ament_cmake' and name 'fer_cpp_moveit'
[0.407s] Level 1:colcon.colcon_core.package_identification:_identify(src/fer_gazebo) by extensions ['ignore', 'ignore_ament_install']
[0.407s] Level 1:colcon.colcon_core.package_identification:_identify(src/fer_gazebo) by extension 'ignore'
[0.407s] Level 1:colcon.colcon_core.package_identification:_identify(src/fer_gazebo) by extension 'ignore_ament_install'
[0.407s] Level 1:colcon.colcon_core.package_identification:_identify(src/fer_gazebo) by extensions ['colcon_pkg']
[0.407s] Level 1:colcon.colcon_core.package_identification:_identify(src/fer_gazebo) by extension 'colcon_pkg'
[0.407s] Level 1:colcon.colcon_core.package_identification:_identify(src/fer_gazebo) by extensions ['colcon_meta']
[0.407s] Level 1:colcon.colcon_core.package_identification:_identify(src/fer_gazebo) by extension 'colcon_meta'
[0.407s] Level 1:colcon.colcon_core.package_identification:_identify(src/fer_gazebo) by extensions ['ros']
[0.407s] Level 1:colcon.colcon_core.package_identification:_identify(src/fer_gazebo) by extension 'ros'
[0.408s] DEBUG:colcon.colcon_core.package_identification:Package 'src/fer_gazebo' with type 'ros.ament_python' and name 'fer_gazebo'
[0.408s] Level 1:colcon.colcon_core.package_identification:_identify(src/fer_moveit) by extensions ['ignore', 'ignore_ament_install']
[0.408s] Level 1:colcon.colcon_core.package_identification:_identify(src/fer_moveit) by extension 'ignore'
[0.408s] Level 1:colcon.colcon_core.package_identification:_identify(src/fer_moveit) by extension 'ignore_ament_install'
[0.408s] Level 1:colcon.colcon_core.package_identification:_identify(src/fer_moveit) by extensions ['colcon_pkg']
[0.408s] Level 1:colcon.colcon_core.package_identification:_identify(src/fer_moveit) by extension 'colcon_pkg'
[0.408s] Level 1:colcon.colcon_core.package_identification:_identify(src/fer_moveit) by extensions ['colcon_meta']
[0.408s] Level 1:colcon.colcon_core.package_identification:_identify(src/fer_moveit) by extension 'colcon_meta'
[0.408s] Level 1:colcon.colcon_core.package_identification:_identify(src/fer_moveit) by extensions ['ros']
[0.408s] Level 1:colcon.colcon_core.package_identification:_identify(src/fer_moveit) by extension 'ros'
[0.409s] DEBUG:colcon.colcon_core.package_identification:Package 'src/fer_moveit' with type 'ros.ament_cmake' and name 'fer_moveit'
[0.409s] Level 1:colcon.colcon_core.package_identification:_identify(src/franka_description) by extensions ['ignore', 'ignore_ament_install']
[0.409s] Level 1:colcon.colcon_core.package_identification:_identify(src/franka_description) by extension 'ignore'
[0.409s] Level 1:colcon.colcon_core.package_identification:_identify(src/franka_description) by extension 'ignore_ament_install'
[0.409s] Level 1:colcon.colcon_core.package_identification:_identify(src/franka_description) by extensions ['colcon_pkg']
[0.409s] Level 1:colcon.colcon_core.package_identification:_identify(src/franka_description) by extension 'colcon_pkg'
[0.409s] Level 1:colcon.colcon_core.package_identification:_identify(src/franka_description) by extensions ['colcon_meta']
[0.409s] Level 1:colcon.colcon_core.package_identification:_identify(src/franka_description) by extension 'colcon_meta'
[0.409s] Level 1:colcon.colcon_core.package_identification:_identify(src/franka_description) by extensions ['ros']
[0.409s] Level 1:colcon.colcon_core.package_identification:_identify(src/franka_description) by extension 'ros'
[0.410s] DEBUG:colcon.colcon_core.package_identification:Package 'src/franka_description' with type 'ros.ament_cmake' and name 'franka_description'
[0.410s] Level 1:colcon.colcon_core.package_identification:_identify(src/install) by extensions ['ignore', 'ignore_ament_install']
[0.410s] Level 1:colcon.colcon_core.package_identification:_identify(src/install) by extension 'ignore'
[0.410s] Level 1:colcon.colcon_core.package_identification:_identify(src/install) ignored
[0.410s] Level 1:colcon.colcon_core.package_identification:_identify(src/log) by extensions ['ignore', 'ignore_ament_install']
[0.410s] Level 1:colcon.colcon_core.package_identification:_identify(src/log) by extension 'ignore'
[0.410s] Level 1:colcon.colcon_core.package_identification:_identify(src/log) ignored
[0.410s] Level 1:colcon.colcon_core.package_identification:_identify(src/my_nav2_bringup) by extensions ['ignore', 'ignore_ament_install']
[0.411s] Level 1:colcon.colcon_core.package_identification:_identify(src/my_nav2_bringup) by extension 'ignore'
[0.411s] Level 1:colcon.colcon_core.package_identification:_identify(src/my_nav2_bringup) by extension 'ignore_ament_install'
[0.411s] Level 1:colcon.colcon_core.package_identification:_identify(src/my_nav2_bringup) by extensions ['colcon_pkg']
[0.411s] Level 1:colcon.colcon_core.package_identification:_identify(src/my_nav2_bringup) by extension 'colcon_pkg'
[0.411s] Level 1:colcon.colcon_core.package_identification:_identify(src/my_nav2_bringup) by extensions ['colcon_meta']
[0.411s] Level 1:colcon.colcon_core.package_identification:_identify(src/my_nav2_bringup) by extension 'colcon_meta'
[0.411s] Level 1:colcon.colcon_core.package_identification:_identify(src/my_nav2_bringup) by extensions ['ros']
[0.411s] Level 1:colcon.colcon_core.package_identification:_identify(src/my_nav2_bringup) by extension 'ros'
[0.411s] DEBUG:colcon.colcon_core.package_identification:Package 'src/my_nav2_bringup' with type 'ros.ament_python' and name 'my_nav2_bringup'
[0.411s] Level 1:colcon.colcon_core.package_identification:_identify(src/tiago_custom) by extensions ['ignore', 'ignore_ament_install']
[0.411s] Level 1:colcon.colcon_core.package_identification:_identify(src/tiago_custom) by extension 'ignore'
[0.411s] Level 1:colcon.colcon_core.package_identification:_identify(src/tiago_custom) by extension 'ignore_ament_install'
[0.412s] Level 1:colcon.colcon_core.package_identification:_identify(src/tiago_custom) by extensions ['colcon_pkg']
[0.412s] Level 1:colcon.colcon_core.package_identification:_identify(src/tiago_custom) by extension 'colcon_pkg'
[0.412s] Level 1:colcon.colcon_core.package_identification:_identify(src/tiago_custom) by extensions ['colcon_meta']
[0.412s] Level 1:colcon.colcon_core.package_identification:_identify(src/tiago_custom) by extension 'colcon_meta'
[0.412s] Level 1:colcon.colcon_core.package_identification:_identify(src/tiago_custom) by extensions ['ros']
[0.412s] Level 1:colcon.colcon_core.package_identification:_identify(src/tiago_custom) by extension 'ros'
[0.412s] DEBUG:colcon.colcon_core.package_identification:Package 'src/tiago_custom' with type 'ros.ament_python' and name 'tiago_custom'
[0.412s] Level 1:colcon.colcon_core.package_discovery:discover_packages(recursive) using defaults
[0.412s] Level 1:colcon.colcon_core.package_discovery:discover_packages(ignore) discover
[0.412s] Level 1:colcon.colcon_core.package_discovery:discover_packages(ignore) using defaults
[0.412s] Level 1:colcon.colcon_core.package_discovery:discover_packages(path) discover
[0.412s] Level 1:colcon.colcon_core.package_discovery:discover_packages(path) using defaults
[0.431s] Level 1:colcon.colcon_core.package_discovery:discover_packages(prefix_path) check parameters
[0.431s] Level 1:colcon.colcon_core.package_discovery:discover_packages(prefix_path) discover
[0.434s] DEBUG:colcon.colcon_installed_package_information.package_discovery:Found 16 installed packages in /home/ayaa/Agro2/install
[0.436s] DEBUG:colcon.colcon_installed_package_information.package_discovery:Found 460 installed packages in /opt/ros/humble
[0.439s] Level 1:colcon.colcon_core.package_discovery:discover_packages(prefix_path) using defaults
[0.490s] Level 5:colcon.colcon_core.verb:set package 'custom_worlds' build argument 'cmake_args' from command line to 'None'
[0.490s] Level 5:colcon.colcon_core.verb:set package 'custom_worlds' build argument 'cmake_target' from command line to 'None'
[0.490s] Level 5:colcon.colcon_core.verb:set package 'custom_worlds' build argument 'cmake_target_skip_unavailable' from command line to 'False'
[0.490s] Level 5:colcon.colcon_core.verb:set package 'custom_worlds' build argument 'cmake_clean_cache' from command line to 'False'
[0.490s] Level 5:colcon.colcon_core.verb:set package 'custom_worlds' build argument 'cmake_clean_first' from command line to 'False'
[0.490s] Level 5:colcon.colcon_core.verb:set package 'custom_worlds' build argument 'cmake_force_configure' from command line to 'False'
[0.490s] Level 5:colcon.colcon_core.verb:set package 'custom_worlds' build argument 'ament_cmake_args' from command line to 'None'
[0.490s] Level 5:colcon.colcon_core.verb:set package 'custom_worlds' build argument 'catkin_cmake_args' from command line to 'None'
[0.490s] Level 5:colcon.colcon_core.verb:set package 'custom_worlds' build argument 'catkin_skip_building_tests' from command line to 'False'
[0.490s] DEBUG:colcon.colcon_core.verb:Building package 'custom_worlds' with the following arguments: {'ament_cmake_args': None, 'build_base': '/home/ayaa/Agro2/build/custom_worlds', 'catkin_cmake_args': None, 'catkin_skip_building_tests': False, 'cmake_args': None, 'cmake_clean_cache': False, 'cmake_clean_first': False, 'cmake_force_configure': False, 'cmake_target': None, 'cmake_target_skip_unavailable': False, 'install_base': '/home/ayaa/Agro2/install/custom_worlds', 'merge_install': False, 'path': '/home/ayaa/Agro2/src/custom_worlds', 'symlink_install': False, 'test_result_base': None}
[0.490s] Level 5:colcon.colcon_core.verb:set package 'fer_cpp_moveit' build argument 'cmake_args' from command line to 'None'
[0.490s] Level 5:colcon.colcon_core.verb:set package 'fer_cpp_moveit' build argument 'cmake_target' from command line to 'None'
[0.490s] Level 5:colcon.colcon_core.verb:set package 'fer_cpp_moveit' build argument 'cmake_target_skip_unavailable' from command line to 'False'
[0.490s] Level 5:colcon.colcon_core.verb:set package 'fer_cpp_moveit' build argument 'cmake_clean_cache' from command line to 'False'
[0.490s] Level 5:colcon.colcon_core.verb:set package 'fer_cpp_moveit' build argument 'cmake_clean_first' from command line to 'False'
[0.490s] Level 5:colcon.colcon_core.verb:set package 'fer_cpp_moveit' build argument 'cmake_force_configure' from command line to 'False'
[0.491s] Level 5:colcon.colcon_core.verb:set package 'fer_cpp_moveit' build argument 'ament_cmake_args' from command line to 'None'
[0.491s] Level 5:colcon.colcon_core.verb:set package 'fer_cpp_moveit' build argument 'catkin_cmake_args' from command line to 'None'
[0.491s] Level 5:colcon.colcon_core.verb:set package 'fer_cpp_moveit' build argument 'catkin_skip_building_tests' from command line to 'False'
[0.491s] DEBUG:colcon.colcon_core.verb:Building package 'fer_cpp_moveit' with the following arguments: {'ament_cmake_args': None, 'build_base': '/home/ayaa/Agro2/build/fer_cpp_moveit', 'catkin_cmake_args': None, 'catkin_skip_building_tests': False, 'cmake_args': None, 'cmake_clean_cache': False, 'cmake_clean_first': False, 'cmake_force_configure': False, 'cmake_target': None, 'cmake_target_skip_unavailable': False, 'install_base': '/home/ayaa/Agro2/install/fer_cpp_moveit', 'merge_install': False, 'path': '/home/ayaa/Agro2/src/fer_cpp_moveit', 'symlink_install': False, 'test_result_base': None}
[0.491s] Level 5:colcon.colcon_core.verb:set package 'fer_gazebo' build argument 'cmake_args' from command line to 'None'
[0.491s] Level 5:colcon.colcon_core.verb:set package 'fer_gazebo' build argument 'cmake_target' from command line to 'None'
[0.491s] Level 5:colcon.colcon_core.verb:set package 'fer_gazebo' build argument 'cmake_target_skip_unavailable' from command line to 'False'
[0.491s] Level 5:colcon.colcon_core.verb:set package 'fer_gazebo' build argument 'cmake_clean_cache' from command line to 'False'
[0.491s] Level 5:colcon.colcon_core.verb:set package 'fer_gazebo' build argument 'cmake_clean_first' from command line to 'False'
[0.491s] Level 5:colcon.colcon_core.verb:set package 'fer_gazebo' build argument 'cmake_force_configure' from command line to 'False'
[0.491s] Level 5:colcon.colcon_core.verb:set package 'fer_gazebo' build argument 'ament_cmake_args' from command line to 'None'
[0.491s] Level 5:colcon.colcon_core.verb:set package 'fer_gazebo' build argument 'catkin_cmake_args' from command line to 'None'
[0.491s] Level 5:colcon.colcon_core.verb:set package 'fer_gazebo' build argument 'catkin_skip_building_tests' from command line to 'False'
[0.491s] DEBUG:colcon.colcon_core.verb:Building package 'fer_gazebo' with the following arguments: {'ament_cmake_args': None, 'build_base': '/home/ayaa/Agro2/build/fer_gazebo', 'catkin_cmake_args': None, 'catkin_skip_building_tests': False, 'cmake_args': None, 'cmake_clean_cache': False, 'cmake_clean_first': False, 'cmake_force_configure': False, 'cmake_target': None, 'cmake_target_skip_unavailable': False, 'install_base': '/home/ayaa/Agro2/install/fer_gazebo', 'merge_install': False, 'path': '/home/ayaa/Agro2/src/fer_gazebo', 'symlink_install': False, 'test_result_base': None}
[0.491s] Level 5:colcon.colcon_core.verb:set package 'franka_description' build argument 'cmake_args' from command line to 'None'
[0.491s] Level 5:colcon.colcon_core.verb:set package 'franka_description' build argument 'cmake_target' from command line to 'None'
[0.491s] Level 5:colcon.colcon_core.verb:set package 'franka_description' build argument 'cmake_target_skip_unavailable' from command line to 'False'
[0.491s] Level 5:colcon.colcon_core.verb:set package 'franka_description' build argument 'cmake_clean_cache' from command line to 'False'
[0.492s] Level 5:colcon.colcon_core.verb:set package 'franka_description' build argument 'cmake_clean_first' from command line to 'False'
[0.492s] Level 5:colcon.colcon_core.verb:set package 'franka_description' build argument 'cmake_force_configure' from command line to 'False'
[0.492s] Level 5:colcon.colcon_core.verb:set package 'franka_description' build argument 'ament_cmake_args' from command line to 'None'
[0.492s] Level 5:colcon.colcon_core.verb:set package 'franka_description' build argument 'catkin_cmake_args' from command line to 'None'
[0.492s] Level 5:colcon.colcon_core.verb:set package 'franka_description' build argument 'catkin_skip_building_tests' from command line to 'False'
[0.492s] DEBUG:colcon.colcon_core.verb:Building package 'franka_description' with the following arguments: {'ament_cmake_args': None, 'build_base': '/home/ayaa/Agro2/build/franka_description', 'catkin_cmake_args': None, 'catkin_skip_building_tests': False, 'cmake_args': None, 'cmake_clean_cache': False, 'cmake_clean_first': False, 'cmake_force_configure': False, 'cmake_target': None, 'cmake_target_skip_unavailable': False, 'install_base': '/home/ayaa/Agro2/install/franka_description', 'merge_install': False, 'path': '/home/ayaa/Agro2/src/franka_description', 'symlink_install': False, 'test_result_base': None}
[0.492s] Level 5:colcon.colcon_core.verb:set package 'my_nav2_bringup' build argument 'cmake_args' from command line to 'None'
[0.492s] Level 5:colcon.colcon_core.verb:set package 'my_nav2_bringup' build argument 'cmake_target' from command line to 'None'
[0.492s] Level 5:colcon.colcon_core.verb:set package 'my_nav2_bringup' build argument 'cmake_target_skip_unavailable' from command line to 'False'
[0.492s] Level 5:colcon.colcon_core.verb:set package 'my_nav2_bringup' build argument 'cmake_clean_cache' from command line to 'False'
[0.492s] Level 5:colcon.colcon_core.verb:set package 'my_nav2_bringup' build argument 'cmake_clean_first' from command line to 'False'
[0.492s] Level 5:colcon.colcon_core.verb:set package 'my_nav2_bringup' build argument 'cmake_force_configure' from command line to 'False'
[0.492s] Level 5:colcon.colcon_core.verb:set package 'my_nav2_bringup' build argument 'ament_cmake_args' from command line to 'None'
[0.492s] Level 5:colcon.colcon_core.verb:set package 'my_nav2_bringup' build argument 'catkin_cmake_args' from command line to 'None'
[0.492s] Level 5:colcon.colcon_core.verb:set package 'my_nav2_bringup' build argument 'catkin_skip_building_tests' from command line to 'False'
[0.492s] DEBUG:colcon.colcon_core.verb:Building package 'my_nav2_bringup' with the following arguments: {'ament_cmake_args': None, 'build_base': '/home/ayaa/Agro2/build/my_nav2_bringup', 'catkin_cmake_args': None, 'catkin_skip_building_tests': False, 'cmake_args': None, 'cmake_clean_cache': False, 'cmake_clean_first': False, 'cmake_force_configure': False, 'cmake_target': None, 'cmake_target_skip_unavailable': False, 'install_base': '/home/ayaa/Agro2/install/my_nav2_bringup', 'merge_install': False, 'path': '/home/ayaa/Agro2/src/my_nav2_bringup', 'symlink_install': False, 'test_result_base': None}
[0.492s] Level 5:colcon.colcon_core.verb:set package 'tiago_custom' build argument 'cmake_args' from command line to 'None'
[0.492s] Level 5:colcon.colcon_core.verb:set package 'tiago_custom' build argument 'cmake_target' from command line to 'None'
[0.492s] Level 5:colcon.colcon_core.verb:set package 'tiago_custom' build argument 'cmake_target_skip_unavailable' from command line to 'False'
[0.493s] Level 5:colcon.colcon_core.verb:set package 'tiago_custom' build argument 'cmake_clean_cache' from command line to 'False'
[0.493s] Level 5:colcon.colcon_core.verb:set package 'tiago_custom' build argument 'cmake_clean_first' from command line to 'False'
[0.493s] Level 5:colcon.colcon_core.verb:set package 'tiago_custom' build argument 'cmake_force_configure' from command line to 'False'
[0.493s] Level 5:colcon.colcon_core.verb:set package 'tiago_custom' build argument 'ament_cmake_args' from command line to 'None'
[0.493s] Level 5:colcon.colcon_core.verb:set package 'tiago_custom' build argument 'catkin_cmake_args' from command line to 'None'
[0.493s] Level 5:colcon.colcon_core.verb:set package 'tiago_custom' build argument 'catkin_skip_building_tests' from command line to 'False'
[0.493s] DEBUG:colcon.colcon_core.verb:Building package 'tiago_custom' with the following arguments: {'ament_cmake_args': None, 'build_base': '/home/ayaa/Agro2/build/tiago_custom', 'catkin_cmake_args': None, 'catkin_skip_building_tests': False, 'cmake_args': None, 'cmake_clean_cache': False, 'cmake_clean_first': False, 'cmake_force_configure': False, 'cmake_target': None, 'cmake_target_skip_unavailable': False, 'install_base': '/home/ayaa/Agro2/install/tiago_custom', 'merge_install': False, 'path': '/home/ayaa/Agro2/src/tiago_custom', 'symlink_install': False, 'test_result_base': None}
[0.493s] Level 5:colcon.colcon_core.verb:set package 'fer_moveit' build argument 'cmake_args' from command line to 'None'
[0.493s] Level 5:colcon.colcon_core.verb:set package 'fer_moveit' build argument 'cmake_target' from command line to 'None'
[0.493s] Level 5:colcon.colcon_core.verb:set package 'fer_moveit' build argument 'cmake_target_skip_unavailable' from command line to 'False'
[0.493s] Level 5:colcon.colcon_core.verb:set package 'fer_moveit' build argument 'cmake_clean_cache' from command line to 'False'
[0.493s] Level 5:colcon.colcon_core.verb:set package 'fer_moveit' build argument 'cmake_clean_first' from command line to 'False'
[0.493s] Level 5:colcon.colcon_core.verb:set package 'fer_moveit' build argument 'cmake_force_configure' from command line to 'False'
[0.493s] Level 5:colcon.colcon_core.verb:set package 'fer_moveit' build argument 'ament_cmake_args' from command line to 'None'
[0.493s] Level 5:colcon.colcon_core.verb:set package 'fer_moveit' build argument 'catkin_cmake_args' from command line to 'None'
[0.493s] Level 5:colcon.colcon_core.verb:set package 'fer_moveit' build argument 'catkin_skip_building_tests' from command line to 'False'
[0.493s] DEBUG:colcon.colcon_core.verb:Building package 'fer_moveit' with the following arguments: {'ament_cmake_args': None, 'build_base': '/home/ayaa/Agro2/build/fer_moveit', 'catkin_cmake_args': None, 'catkin_skip_building_tests': False, 'cmake_args': None, 'cmake_clean_cache': False, 'cmake_clean_first': False, 'cmake_force_configure': False, 'cmake_target': None, 'cmake_target_skip_unavailable': False, 'install_base': '/home/ayaa/Agro2/install/fer_moveit', 'merge_install': False, 'path': '/home/ayaa/Agro2/src/fer_moveit', 'symlink_install': False, 'test_result_base': None}
[0.493s] INFO:colcon.colcon_core.executor:Executing jobs using 'parallel' executor
[0.495s] DEBUG:colcon.colcon_parallel_executor.executor.parallel:run_until_complete
[0.495s] INFO:colcon.colcon_ros.task.ament_cmake.build:Building ROS package in '/home/ayaa/Agro2/src/franka_description' with build type 'ament_cmake'
[0.495s] INFO:colcon.colcon_cmake.task.cmake.build:Building CMake package in '/home/ayaa/Agro2/src/franka_description'
[0.498s] INFO:colcon.colcon_core.plugin_system:Skipping extension 'colcon_core.shell.bat': Not used on non-Windows systems
[0.498s] INFO:colcon.colcon_core.shell:Skip shell extension 'powershell' for command environment: Not usable outside of PowerShell
[0.498s] DEBUG:colcon.colcon_core.shell:Skip shell extension 'dsv' for command environment
[0.502s] INFO:colcon.colcon_ros.task.ament_python.build:Building ROS package in '/home/ayaa/Agro2/src/custom_worlds' with build type 'ament_python'
[0.502s] Level 1:colcon.colcon_core.shell:create_environment_hook('custom_worlds', 'ament_prefix_path')
[0.502s] INFO:colcon.colcon_core.shell:Creating environment hook '/home/ayaa/Agro2/install/custom_worlds/share/custom_worlds/hook/ament_prefix_path.ps1'
[0.503s] INFO:colcon.colcon_core.shell:Creating environment descriptor '/home/ayaa/Agro2/install/custom_worlds/share/custom_worlds/hook/ament_prefix_path.dsv'
[0.504s] INFO:colcon.colcon_core.shell:Creating environment hook '/home/ayaa/Agro2/install/custom_worlds/share/custom_worlds/hook/ament_prefix_path.sh'
[0.504s] INFO:colcon.colcon_core.shell:Skip shell extension 'powershell' for command environment: Not usable outside of PowerShell
[0.504s] DEBUG:colcon.colcon_core.shell:Skip shell extension 'dsv' for command environment
[0.510s] INFO:colcon.colcon_ros.task.ament_cmake.build:Building ROS package in '/home/ayaa/Agro2/src/fer_cpp_moveit' with build type 'ament_cmake'
[0.510s] INFO:colcon.colcon_cmake.task.cmake.build:Building CMake package in '/home/ayaa/Agro2/src/fer_cpp_moveit'
[0.510s] INFO:colcon.colcon_core.shell:Skip shell extension 'powershell' for command environment: Not usable outside of PowerShell
[0.510s] DEBUG:colcon.colcon_core.shell:Skip shell extension 'dsv' for command environment
[0.515s] INFO:colcon.colcon_ros.task.ament_python.build:Building ROS package in '/home/ayaa/Agro2/src/fer_gazebo' with build type 'ament_python'
[0.515s] Level 1:colcon.colcon_core.shell:create_environment_hook('fer_gazebo', 'ament_prefix_path')
[0.515s] INFO:colcon.colcon_core.shell:Creating environment hook '/home/ayaa/Agro2/install/fer_gazebo/share/fer_gazebo/hook/ament_prefix_path.ps1'
[0.516s] INFO:colcon.colcon_core.shell:Creating environment descriptor '/home/ayaa/Agro2/install/fer_gazebo/share/fer_gazebo/hook/ament_prefix_path.dsv'
[0.516s] INFO:colcon.colcon_core.shell:Creating environment hook '/home/ayaa/Agro2/install/fer_gazebo/share/fer_gazebo/hook/ament_prefix_path.sh'
[0.517s] INFO:colcon.colcon_core.shell:Skip shell extension 'powershell' for command environment: Not usable outside of PowerShell
[0.517s] DEBUG:colcon.colcon_core.shell:Skip shell extension 'dsv' for command environment
[0.521s] INFO:colcon.colcon_ros.task.ament_python.build:Building ROS package in '/home/ayaa/Agro2/src/my_nav2_bringup' with build type 'ament_python'
[0.521s] Level 1:colcon.colcon_core.shell:create_environment_hook('my_nav2_bringup', 'ament_prefix_path')
[0.522s] INFO:colcon.colcon_core.shell:Creating environment hook '/home/ayaa/Agro2/install/my_nav2_bringup/share/my_nav2_bringup/hook/ament_prefix_path.ps1'
[0.523s] INFO:colcon.colcon_core.shell:Creating environment descriptor '/home/ayaa/Agro2/install/my_nav2_bringup/share/my_nav2_bringup/hook/ament_prefix_path.dsv'
[0.523s] INFO:colcon.colcon_core.shell:Creating environment hook '/home/ayaa/Agro2/install/my_nav2_bringup/share/my_nav2_bringup/hook/ament_prefix_path.sh'
[0.524s] INFO:colcon.colcon_core.shell:Skip shell extension 'powershell' for command environment: Not usable outside of PowerShell
[0.524s] DEBUG:colcon.colcon_core.shell:Skip shell extension 'dsv' for command environment
[0.529s] INFO:colcon.colcon_ros.task.ament_python.build:Building ROS package in '/home/ayaa/Agro2/src/tiago_custom' with build type 'ament_python'
[0.529s] Level 1:colcon.colcon_core.shell:create_environment_hook('tiago_custom', 'ament_prefix_path')
[0.529s] INFO:colcon.colcon_core.shell:Creating environment hook '/home/ayaa/Agro2/install/tiago_custom/share/tiago_custom/hook/ament_prefix_path.ps1'
[0.530s] INFO:colcon.colcon_core.shell:Creating environment descriptor '/home/ayaa/Agro2/install/tiago_custom/share/tiago_custom/hook/ament_prefix_path.dsv'
[0.530s] INFO:colcon.colcon_core.shell:Creating environment hook '/home/ayaa/Agro2/install/tiago_custom/share/tiago_custom/hook/ament_prefix_path.sh'
[0.531s] INFO:colcon.colcon_core.shell:Skip shell extension 'powershell' for command environment: Not usable outside of PowerShell
[0.531s] DEBUG:colcon.colcon_core.shell:Skip shell extension 'dsv' for command environment
[0.542s] DEBUG:colcon.colcon_core.event_handler.log_command:Invoking command in '/home/ayaa/Agro2/build/franka_description': CMAKE_PREFIX_PATH=/home/ayaa/Agro2/install/ur5_moveit:/home/ayaa/Agro2/install/ur_description:/home/ayaa/Agro2/install/tiago_simulation:/home/ayaa/Agro2/install/tiago_robot:/home/ayaa/Agro2/install/tiago_gazebo:/home/ayaa/Agro2/install/tiago_bringup:/home/ayaa/Agro2/install/tiago_description:/home/ayaa/Agro2/install/tiago_controller_configuration:/home/ayaa/Agro2/install/fer_moveit:/home/ayaa/Agro2/install/tiago_custom:/home/ayaa/Agro2/install/my_nav2_bringup:/home/ayaa/Agro2/install/fer_gazebo:/home/ayaa/Agro2/install/custom_worlds:/opt/ros/humble:/home/ayaa/Agro2/install/franka_description:/home/ayaa/Agro2/install/fer_cpp_moveit /usr/bin/cmake --build /home/ayaa/Agro2/build/franka_description -- -j8 -l8
[0.918s] INFO:colcon.colcon_core.task.python.build:Building Python package in '/home/ayaa/Agro2/src/custom_worlds'
[0.918s] INFO:colcon.colcon_core.shell:Skip shell extension 'powershell' for command environment: Not usable outside of PowerShell
[0.918s] DEBUG:colcon.colcon_core.shell:Skip shell extension 'dsv' for command environment
[0.927s] DEBUG:colcon.colcon_core.event_handler.log_command:Invoking command in '/home/ayaa/Agro2/build/fer_cpp_moveit': CMAKE_PREFIX_PATH=/home/ayaa/Agro2/install/ur5_moveit:/home/ayaa/Agro2/install/ur_description:/home/ayaa/Agro2/install/tiago_simulation:/home/ayaa/Agro2/install/tiago_robot:/home/ayaa/Agro2/install/tiago_gazebo:/home/ayaa/Agro2/install/tiago_bringup:/home/ayaa/Agro2/install/tiago_description:/home/ayaa/Agro2/install/tiago_controller_configuration:/home/ayaa/Agro2/install/fer_moveit:/home/ayaa/Agro2/install/tiago_custom:/home/ayaa/Agro2/install/my_nav2_bringup:/home/ayaa/Agro2/install/fer_gazebo:/home/ayaa/Agro2/install/custom_worlds:/opt/ros/humble:/home/ayaa/Agro2/install/franka_description:/home/ayaa/Agro2/install/fer_cpp_moveit /usr/bin/cmake --build /home/ayaa/Agro2/build/fer_cpp_moveit -- -j8 -l8
[1.295s] INFO:colcon.colcon_core.task.python.build:Building Python package in '/home/ayaa/Agro2/src/fer_gazebo'
[1.295s] INFO:colcon.colcon_core.shell:Skip shell extension 'powershell' for command environment: Not usable outside of PowerShell
[1.295s] DEBUG:colcon.colcon_core.shell:Skip shell extension 'dsv' for command environment
[1.662s] INFO:colcon.colcon_core.task.python.build:Building Python package in '/home/ayaa/Agro2/src/my_nav2_bringup'
[1.662s] INFO:colcon.colcon_core.shell:Skip shell extension 'powershell' for command environment: Not usable outside of PowerShell
[1.662s] DEBUG:colcon.colcon_core.shell:Skip shell extension 'dsv' for command environment
[2.034s] INFO:colcon.colcon_core.task.python.build:Building Python package in '/home/ayaa/Agro2/src/tiago_custom'
[2.034s] INFO:colcon.colcon_core.shell:Skip shell extension 'powershell' for command environment: Not usable outside of PowerShell
[2.034s] DEBUG:colcon.colcon_core.shell:Skip shell extension 'dsv' for command environment
[2.041s] DEBUG:colcon.colcon_core.event_handler.log_command:Invoked command in '/home/ayaa/Agro2/build/franka_description' returned '0': CMAKE_PREFIX_PATH=/home/ayaa/Agro2/install/ur5_moveit:/home/ayaa/Agro2/install/ur_description:/home/ayaa/Agro2/install/tiago_simulation:/home/ayaa/Agro2/install/tiago_robot:/home/ayaa/Agro2/install/tiago_gazebo:/home/ayaa/Agro2/install/tiago_bringup:/home/ayaa/Agro2/install/tiago_description:/home/ayaa/Agro2/install/tiago_controller_configuration:/home/ayaa/Agro2/install/fer_moveit:/home/ayaa/Agro2/install/tiago_custom:/home/ayaa/Agro2/install/my_nav2_bringup:/home/ayaa/Agro2/install/fer_gazebo:/home/ayaa/Agro2/install/custom_worlds:/opt/ros/humble:/home/ayaa/Agro2/install/franka_description:/home/ayaa/Agro2/install/fer_cpp_moveit /usr/bin/cmake --build /home/ayaa/Agro2/build/franka_description -- -j8 -l8
[2.051s] DEBUG:colcon.colcon_core.event_handler.log_command:Invoking command in '/home/ayaa/Agro2/build/franka_description': CMAKE_PREFIX_PATH=/home/ayaa/Agro2/install/ur5_moveit:/home/ayaa/Agro2/install/ur_description:/home/ayaa/Agro2/install/tiago_simulation:/home/ayaa/Agro2/install/tiago_robot:/home/ayaa/Agro2/install/tiago_gazebo:/home/ayaa/Agro2/install/tiago_bringup:/home/ayaa/Agro2/install/tiago_description:/home/ayaa/Agro2/install/tiago_controller_configuration:/home/ayaa/Agro2/install/fer_moveit:/home/ayaa/Agro2/install/tiago_custom:/home/ayaa/Agro2/install/my_nav2_bringup:/home/ayaa/Agro2/install/fer_gazebo:/home/ayaa/Agro2/install/custom_worlds:/opt/ros/humble:/home/ayaa/Agro2/install/franka_description:/home/ayaa/Agro2/install/fer_cpp_moveit /usr/bin/cmake --install /home/ayaa/Agro2/build/franka_description
[2.052s] DEBUG:colcon.colcon_core.event_handler.log_command:Invoked command in '/home/ayaa/Agro2/build/fer_cpp_moveit' returned '0': CMAKE_PREFIX_PATH=/home/ayaa/Agro2/install/ur5_moveit:/home/ayaa/Agro2/install/ur_description:/home/ayaa/Agro2/install/tiago_simulation:/home/ayaa/Agro2/install/tiago_robot:/home/ayaa/Agro2/install/tiago_gazebo:/home/ayaa/Agro2/install/tiago_bringup:/home/ayaa/Agro2/install/tiago_description:/home/ayaa/Agro2/install/tiago_controller_configuration:/home/ayaa/Agro2/install/fer_moveit:/home/ayaa/Agro2/install/tiago_custom:/home/ayaa/Agro2/install/my_nav2_bringup:/home/ayaa/Agro2/install/fer_gazebo:/home/ayaa/Agro2/install/custom_worlds:/opt/ros/humble:/home/ayaa/Agro2/install/franka_description:/home/ayaa/Agro2/install/fer_cpp_moveit /usr/bin/cmake --build /home/ayaa/Agro2/build/fer_cpp_moveit -- -j8 -l8
[2.054s] DEBUG:colcon.colcon_core.event_handler.log_command:Invoking command in '/home/ayaa/Agro2/build/fer_cpp_moveit': CMAKE_PREFIX_PATH=/home/ayaa/Agro2/install/ur5_moveit:/home/ayaa/Agro2/install/ur_description:/home/ayaa/Agro2/install/tiago_simulation:/home/ayaa/Agro2/install/tiago_robot:/home/ayaa/Agro2/install/tiago_gazebo:/home/ayaa/Agro2/install/tiago_bringup:/home/ayaa/Agro2/install/tiago_description:/home/ayaa/Agro2/install/tiago_controller_configuration:/home/ayaa/Agro2/install/fer_moveit:/home/ayaa/Agro2/install/tiago_custom:/home/ayaa/Agro2/install/my_nav2_bringup:/home/ayaa/Agro2/install/fer_gazebo:/home/ayaa/Agro2/install/custom_worlds:/opt/ros/humble:/home/ayaa/Agro2/install/franka_description:/home/ayaa/Agro2/install/fer_cpp_moveit /usr/bin/cmake --install /home/ayaa/Agro2/build/fer_cpp_moveit
[2.070s] Level 1:colcon.colcon_core.environment:create_environment_scripts_only(franka_description)
[2.082s] Level 1:colcon.colcon_core.environment:checking '/home/ayaa/Agro2/install/franka_description' for CMake module files
[2.084s] Level 1:colcon.colcon_core.environment:checking '/home/ayaa/Agro2/install/franka_description' for CMake config files
[2.087s] Level 1:colcon.colcon_core.shell:create_environment_hook('franka_description', 'cmake_prefix_path')
[2.087s] INFO:colcon.colcon_core.shell:Creating environment hook '/home/ayaa/Agro2/install/franka_description/share/franka_description/hook/cmake_prefix_path.ps1'
[2.088s] INFO:colcon.colcon_core.shell:Creating environment descriptor '/home/ayaa/Agro2/install/franka_description/share/franka_description/hook/cmake_prefix_path.dsv'
[2.089s] INFO:colcon.colcon_core.shell:Creating environment hook '/home/ayaa/Agro2/install/franka_description/share/franka_description/hook/cmake_prefix_path.sh'
[2.091s] Level 1:colcon.colcon_core.environment:checking '/home/ayaa/Agro2/install/franka_description/bin'
[2.091s] Level 1:colcon.colcon_core.environment:checking '/home/ayaa/Agro2/install/franka_description/lib/pkgconfig/franka_description.pc'
[2.091s] Level 1:colcon.colcon_core.environment:checking '/home/ayaa/Agro2/install/franka_description/lib/python3.10/site-packages'
[2.092s] Level 1:colcon.colcon_core.environment:checking '/home/ayaa/Agro2/install/franka_description/bin'
[2.092s] INFO:colcon.colcon_core.shell:Creating package script '/home/ayaa/Agro2/install/franka_description/share/franka_description/package.ps1'
[2.094s] INFO:colcon.colcon_core.shell:Creating package descriptor '/home/ayaa/Agro2/install/franka_description/share/franka_description/package.dsv'
[2.095s] INFO:colcon.colcon_core.shell:Creating package script '/home/ayaa/Agro2/install/franka_description/share/franka_description/package.sh'
[2.097s] INFO:colcon.colcon_core.shell:Creating package script '/home/ayaa/Agro2/install/franka_description/share/franka_description/package.bash'
[2.099s] INFO:colcon.colcon_core.shell:Creating package script '/home/ayaa/Agro2/install/franka_description/share/franka_description/package.zsh'
[2.101s] Level 1:colcon.colcon_core.environment:create_file_with_runtime_dependencies(/home/ayaa/Agro2/install/franka_description/share/colcon-core/packages/franka_description)
[2.103s] Level 1:colcon.colcon_core.environment:create_environment_scripts_only(franka_description)
[2.103s] Level 1:colcon.colcon_core.environment:checking '/home/ayaa/Agro2/install/franka_description' for CMake module files
[2.105s] Level 1:colcon.colcon_core.environment:checking '/home/ayaa/Agro2/install/franka_description' for CMake config files
[2.108s] Level 1:colcon.colcon_core.shell:create_environment_hook('franka_description', 'cmake_prefix_path')
[2.108s] INFO:colcon.colcon_core.shell:Creating environment hook '/home/ayaa/Agro2/install/franka_description/share/franka_description/hook/cmake_prefix_path.ps1'
[2.110s] INFO:colcon.colcon_core.shell:Creating environment descriptor '/home/ayaa/Agro2/install/franka_description/share/franka_description/hook/cmake_prefix_path.dsv'
[2.110s] INFO:colcon.colcon_core.shell:Creating environment hook '/home/ayaa/Agro2/install/franka_description/share/franka_description/hook/cmake_prefix_path.sh'
[2.112s] Level 1:colcon.colcon_core.environment:checking '/home/ayaa/Agro2/install/franka_description/bin'
[2.112s] Level 1:colcon.colcon_core.environment:checking '/home/ayaa/Agro2/install/franka_description/lib/pkgconfig/franka_description.pc'
[2.113s] Level 1:colcon.colcon_core.environment:checking '/home/ayaa/Agro2/install/franka_description/lib/python3.10/site-packages'
[2.113s] Level 1:colcon.colcon_core.environment:checking '/home/ayaa/Agro2/install/franka_description/bin'
[2.113s] INFO:colcon.colcon_core.shell:Creating package script '/home/ayaa/Agro2/install/franka_description/share/franka_description/package.ps1'
[2.115s] INFO:colcon.colcon_core.shell:Creating package descriptor '/home/ayaa/Agro2/install/franka_description/share/franka_description/package.dsv'
[2.116s] INFO:colcon.colcon_core.shell:Creating package script '/home/ayaa/Agro2/install/franka_description/share/franka_description/package.sh'
[2.117s] DEBUG:colcon.colcon_core.event_handler.log_command:Invoked command in '/home/ayaa/Agro2/build/franka_description' returned '0': CMAKE_PREFIX_PATH=/home/ayaa/Agro2/install/ur5_moveit:/home/ayaa/Agro2/install/ur_description:/home/ayaa/Agro2/install/tiago_simulation:/home/ayaa/Agro2/install/tiago_robot:/home/ayaa/Agro2/install/tiago_gazebo:/home/ayaa/Agro2/install/tiago_bringup:/home/ayaa/Agro2/install/tiago_description:/home/ayaa/Agro2/install/tiago_controller_configuration:/home/ayaa/Agro2/install/fer_moveit:/home/ayaa/Agro2/install/tiago_custom:/home/ayaa/Agro2/install/my_nav2_bringup:/home/ayaa/Agro2/install/fer_gazebo:/home/ayaa/Agro2/install/custom_worlds:/opt/ros/humble:/home/ayaa/Agro2/install/franka_description:/home/ayaa/Agro2/install/fer_cpp_moveit /usr/bin/cmake --install /home/ayaa/Agro2/build/franka_description
[2.117s] INFO:colcon.colcon_core.shell:Creating package script '/home/ayaa/Agro2/install/franka_description/share/franka_description/package.bash'
[2.118s] INFO:colcon.colcon_core.shell:Creating package script '/home/ayaa/Agro2/install/franka_description/share/franka_description/package.zsh'
[2.119s] Level 1:colcon.colcon_core.environment:create_file_with_runtime_dependencies(/home/ayaa/Agro2/install/franka_description/share/colcon-core/packages/franka_description)
[2.119s] Level 1:colcon.colcon_core.environment:create_environment_scripts_only(fer_cpp_moveit)
[2.120s] Level 1:colcon.colcon_core.environment:checking '/home/ayaa/Agro2/install/fer_cpp_moveit' for CMake module files
[2.121s] Level 1:colcon.colcon_core.environment:checking '/home/ayaa/Agro2/install/fer_cpp_moveit' for CMake config files
[2.122s] DEBUG:colcon.colcon_core.event_handler.log_command:Invoked command in '/home/ayaa/Agro2/build/fer_cpp_moveit' returned '0': CMAKE_PREFIX_PATH=/home/ayaa/Agro2/install/ur5_moveit:/home/ayaa/Agro2/install/ur_description:/home/ayaa/Agro2/install/tiago_simulation:/home/ayaa/Agro2/install/tiago_robot:/home/ayaa/Agro2/install/tiago_gazebo:/home/ayaa/Agro2/install/tiago_bringup:/home/ayaa/Agro2/install/tiago_description:/home/ayaa/Agro2/install/tiago_controller_configuration:/home/ayaa/Agro2/install/fer_moveit:/home/ayaa/Agro2/install/tiago_custom:/home/ayaa/Agro2/install/my_nav2_bringup:/home/ayaa/Agro2/install/fer_gazebo:/home/ayaa/Agro2/install/custom_worlds:/opt/ros/humble:/home/ayaa/Agro2/install/franka_description:/home/ayaa/Agro2/install/fer_cpp_moveit /usr/bin/cmake --install /home/ayaa/Agro2/build/fer_cpp_moveit
[2.122s] Level 1:colcon.colcon_core.shell:create_environment_hook('fer_cpp_moveit', 'cmake_prefix_path')
[2.122s] INFO:colcon.colcon_core.shell:Creating environment hook '/home/ayaa/Agro2/install/fer_cpp_moveit/share/fer_cpp_moveit/hook/cmake_prefix_path.ps1'
[2.123s] INFO:colcon.colcon_core.shell:Creating environment descriptor '/home/ayaa/Agro2/install/fer_cpp_moveit/share/fer_cpp_moveit/hook/cmake_prefix_path.dsv'
[2.123s] INFO:colcon.colcon_core.shell:Creating environment hook '/home/ayaa/Agro2/install/fer_cpp_moveit/share/fer_cpp_moveit/hook/cmake_prefix_path.sh'
[2.124s] Level 1:colcon.colcon_core.environment:checking '/home/ayaa/Agro2/install/fer_cpp_moveit/lib'
[2.124s] Level 1:colcon.colcon_core.environment:checking '/home/ayaa/Agro2/install/fer_cpp_moveit/bin'
[2.124s] Level 1:colcon.colcon_core.environment:checking '/home/ayaa/Agro2/install/fer_cpp_moveit/lib/pkgconfig/fer_cpp_moveit.pc'
[2.125s] Level 1:colcon.colcon_core.environment:checking '/home/ayaa/Agro2/install/fer_cpp_moveit/lib/python3.10/site-packages'
[2.125s] Level 1:colcon.colcon_core.environment:checking '/home/ayaa/Agro2/install/fer_cpp_moveit/bin'
[2.126s] INFO:colcon.colcon_core.shell:Creating package script '/home/ayaa/Agro2/install/fer_cpp_moveit/share/fer_cpp_moveit/package.ps1'
[2.126s] INFO:colcon.colcon_core.shell:Creating package descriptor '/home/ayaa/Agro2/install/fer_cpp_moveit/share/fer_cpp_moveit/package.dsv'
[2.127s] INFO:colcon.colcon_core.shell:Creating package script '/home/ayaa/Agro2/install/fer_cpp_moveit/share/fer_cpp_moveit/package.sh'
[2.128s] INFO:colcon.colcon_core.shell:Creating package script '/home/ayaa/Agro2/install/fer_cpp_moveit/share/fer_cpp_moveit/package.bash'
[2.128s] INFO:colcon.colcon_core.shell:Creating package script '/home/ayaa/Agro2/install/fer_cpp_moveit/share/fer_cpp_moveit/package.zsh'
[2.129s] Level 1:colcon.colcon_core.environment:create_file_with_runtime_dependencies(/home/ayaa/Agro2/install/fer_cpp_moveit/share/colcon-core/packages/fer_cpp_moveit)
[2.130s] Level 1:colcon.colcon_core.environment:create_environment_scripts_only(fer_cpp_moveit)
[2.130s] Level 1:colcon.colcon_core.environment:checking '/home/ayaa/Agro2/install/fer_cpp_moveit' for CMake module files
[2.131s] Level 1:colcon.colcon_core.environment:checking '/home/ayaa/Agro2/install/fer_cpp_moveit' for CMake config files
[2.131s] Level 1:colcon.colcon_core.shell:create_environment_hook('fer_cpp_moveit', 'cmake_prefix_path')
[2.131s] INFO:colcon.colcon_core.shell:Creating environment hook '/home/ayaa/Agro2/install/fer_cpp_moveit/share/fer_cpp_moveit/hook/cmake_prefix_path.ps1'
[2.132s] INFO:colcon.colcon_core.shell:Creating environment descriptor '/home/ayaa/Agro2/install/fer_cpp_moveit/share/fer_cpp_moveit/hook/cmake_prefix_path.dsv'
[2.133s] INFO:colcon.colcon_core.shell:Creating environment hook '/home/ayaa/Agro2/install/fer_cpp_moveit/share/fer_cpp_moveit/hook/cmake_prefix_path.sh'
[2.133s] Level 1:colcon.colcon_core.environment:checking '/home/ayaa/Agro2/install/fer_cpp_moveit/lib'
[2.133s] Level 1:colcon.colcon_core.environment:checking '/home/ayaa/Agro2/install/fer_cpp_moveit/bin'
[2.134s] Level 1:colcon.colcon_core.environment:checking '/home/ayaa/Agro2/install/fer_cpp_moveit/lib/pkgconfig/fer_cpp_moveit.pc'
[2.134s] Level 1:colcon.colcon_core.environment:checking '/home/ayaa/Agro2/install/fer_cpp_moveit/lib/python3.10/site-packages'
[2.134s] Level 1:colcon.colcon_core.environment:checking '/home/ayaa/Agro2/install/fer_cpp_moveit/bin'
[2.135s] INFO:colcon.colcon_core.shell:Creating package script '/home/ayaa/Agro2/install/fer_cpp_moveit/share/fer_cpp_moveit/package.ps1'
[2.136s] INFO:colcon.colcon_core.shell:Creating package descriptor '/home/ayaa/Agro2/install/fer_cpp_moveit/share/fer_cpp_moveit/package.dsv'
[2.137s] INFO:colcon.colcon_core.shell:Creating package script '/home/ayaa/Agro2/install/fer_cpp_moveit/share/fer_cpp_moveit/package.sh'
[2.137s] INFO:colcon.colcon_core.shell:Creating package script '/home/ayaa/Agro2/install/fer_cpp_moveit/share/fer_cpp_moveit/package.bash'
[2.138s] INFO:colcon.colcon_core.shell:Creating package script '/home/ayaa/Agro2/install/fer_cpp_moveit/share/fer_cpp_moveit/package.zsh'
[2.139s] Level 1:colcon.colcon_core.environment:create_file_with_runtime_dependencies(/home/ayaa/Agro2/install/fer_cpp_moveit/share/colcon-core/packages/fer_cpp_moveit)
[2.139s] INFO:colcon.colcon_ros.task.ament_cmake.build:Building ROS package in '/home/ayaa/Agro2/src/fer_moveit' with build type 'ament_cmake'
[2.139s] INFO:colcon.colcon_cmake.task.cmake.build:Building CMake package in '/home/ayaa/Agro2/src/fer_moveit'
[2.140s] INFO:colcon.colcon_core.shell:Skip shell extension 'powershell' for command environment: Not usable outside of PowerShell
[2.140s] DEBUG:colcon.colcon_core.shell:Skip shell extension 'dsv' for command environment
[2.155s] DEBUG:colcon.colcon_core.event_handler.log_command:Invoking command in '/home/ayaa/Agro2/build/fer_moveit': CMAKE_PREFIX_PATH=/home/ayaa/Agro2/install/tiago_custom:/home/ayaa/Agro2/install/my_nav2_bringup:/home/ayaa/Agro2/install/fer_gazebo:/home/ayaa/Agro2/install/custom_worlds:/opt/ros/humble:/home/ayaa/Agro2/install/franka_description:/home/ayaa/Agro2/install/ur5_moveit:/home/ayaa/Agro2/install/ur_description:/home/ayaa/Agro2/install/tiago_simulation:/home/ayaa/Agro2/install/tiago_robot:/home/ayaa/Agro2/install/tiago_gazebo:/home/ayaa/Agro2/install/tiago_bringup:/home/ayaa/Agro2/install/tiago_description:/home/ayaa/Agro2/install/tiago_controller_configuration:/home/ayaa/Agro2/install/fer_moveit:/home/ayaa/Agro2/install/fer_cpp_moveit /usr/bin/cmake --build /home/ayaa/Agro2/build/fer_moveit -- -j8 -l8
[2.212s] DEBUG:colcon.colcon_core.event_handler.log_command:Invoked command in '/home/ayaa/Agro2/build/fer_moveit' returned '0': CMAKE_PREFIX_PATH=/home/ayaa/Agro2/install/tiago_custom:/home/ayaa/Agro2/install/my_nav2_bringup:/home/ayaa/Agro2/install/fer_gazebo:/home/ayaa/Agro2/install/custom_worlds:/opt/ros/humble:/home/ayaa/Agro2/install/franka_description:/home/ayaa/Agro2/install/ur5_moveit:/home/ayaa/Agro2/install/ur_description:/home/ayaa/Agro2/install/tiago_simulation:/home/ayaa/Agro2/install/tiago_robot:/home/ayaa/Agro2/install/tiago_gazebo:/home/ayaa/Agro2/install/tiago_bringup:/home/ayaa/Agro2/install/tiago_description:/home/ayaa/Agro2/install/tiago_controller_configuration:/home/ayaa/Agro2/install/fer_moveit:/home/ayaa/Agro2/install/fer_cpp_moveit /usr/bin/cmake --build /home/ayaa/Agro2/build/fer_moveit -- -j8 -l8
[2.214s] DEBUG:colcon.colcon_core.event_handler.log_command:Invoking command in '/home/ayaa/Agro2/build/fer_moveit': CMAKE_PREFIX_PATH=/home/ayaa/Agro2/install/tiago_custom:/home/ayaa/Agro2/install/my_nav2_bringup:/home/ayaa/Agro2/install/fer_gazebo:/home/ayaa/Agro2/install/custom_worlds:/opt/ros/humble:/home/ayaa/Agro2/install/franka_description:/home/ayaa/Agro2/install/ur5_moveit:/home/ayaa/Agro2/install/ur_description:/home/ayaa/Agro2/install/tiago_simulation:/home/ayaa/Agro2/install/tiago_robot:/home/ayaa/Agro2/install/tiago_gazebo:/home/ayaa/Agro2/install/tiago_bringup:/home/ayaa/Agro2/install/tiago_description:/home/ayaa/Agro2/install/tiago_controller_configuration:/home/ayaa/Agro2/install/fer_moveit:/home/ayaa/Agro2/install/fer_cpp_moveit /usr/bin/cmake --install /home/ayaa/Agro2/build/fer_moveit
[2.232s] Level 1:colcon.colcon_core.environment:create_environment_scripts_only(fer_moveit)
[2.233s] Level 1:colcon.colcon_core.environment:checking '/home/ayaa/Agro2/install/fer_moveit' for CMake module files
[2.235s] Level 1:colcon.colcon_core.environment:checking '/home/ayaa/Agro2/install/fer_moveit' for CMake config files
[2.236s] Level 1:colcon.colcon_core.shell:create_environment_hook('fer_moveit', 'cmake_prefix_path')
[2.237s] INFO:colcon.colcon_core.shell:Creating environment hook '/home/ayaa/Agro2/install/fer_moveit/share/fer_moveit/hook/cmake_prefix_path.ps1'
[2.238s] INFO:colcon.colcon_core.shell:Creating environment descriptor '/home/ayaa/Agro2/install/fer_moveit/share/fer_moveit/hook/cmake_prefix_path.dsv'
[2.240s] DEBUG:colcon.colcon_core.event_handler.log_command:Invoked command in '/home/ayaa/Agro2/build/fer_moveit' returned '0': CMAKE_PREFIX_PATH=/home/ayaa/Agro2/install/tiago_custom:/home/ayaa/Agro2/install/my_nav2_bringup:/home/ayaa/Agro2/install/fer_gazebo:/home/ayaa/Agro2/install/custom_worlds:/opt/ros/humble:/home/ayaa/Agro2/install/franka_description:/home/ayaa/Agro2/install/ur5_moveit:/home/ayaa/Agro2/install/ur_description:/home/ayaa/Agro2/install/tiago_simulation:/home/ayaa/Agro2/install/tiago_robot:/home/ayaa/Agro2/install/tiago_gazebo:/home/ayaa/Agro2/install/tiago_bringup:/home/ayaa/Agro2/install/tiago_description:/home/ayaa/Agro2/install/tiago_controller_configuration:/home/ayaa/Agro2/install/fer_moveit:/home/ayaa/Agro2/install/fer_cpp_moveit /usr/bin/cmake --install /home/ayaa/Agro2/build/fer_moveit
[2.240s] INFO:colcon.colcon_core.shell:Creating environment hook '/home/ayaa/Agro2/install/fer_moveit/share/fer_moveit/hook/cmake_prefix_path.sh'
[2.241s] Level 1:colcon.colcon_core.environment:checking '/home/ayaa/Agro2/install/fer_moveit/bin'
[2.241s] Level 1:colcon.colcon_core.environment:checking '/home/ayaa/Agro2/install/fer_moveit/lib/pkgconfig/fer_moveit.pc'
[2.241s] Level 1:colcon.colcon_core.environment:checking '/home/ayaa/Agro2/install/fer_moveit/lib/python3.10/site-packages'
[2.241s] Level 1:colcon.colcon_core.environment:checking '/home/ayaa/Agro2/install/fer_moveit/bin'
[2.242s] INFO:colcon.colcon_core.shell:Creating package script '/home/ayaa/Agro2/install/fer_moveit/share/fer_moveit/package.ps1'
[2.243s] INFO:colcon.colcon_core.shell:Creating package descriptor '/home/ayaa/Agro2/install/fer_moveit/share/fer_moveit/package.dsv'
[2.243s] INFO:colcon.colcon_core.shell:Creating package script '/home/ayaa/Agro2/install/fer_moveit/share/fer_moveit/package.sh'
[2.244s] INFO:colcon.colcon_core.shell:Creating package script '/home/ayaa/Agro2/install/fer_moveit/share/fer_moveit/package.bash'
[2.244s] INFO:colcon.colcon_core.shell:Creating package script '/home/ayaa/Agro2/install/fer_moveit/share/fer_moveit/package.zsh'
[2.245s] Level 1:colcon.colcon_core.environment:create_file_with_runtime_dependencies(/home/ayaa/Agro2/install/fer_moveit/share/colcon-core/packages/fer_moveit)
[2.246s] Level 1:colcon.colcon_core.environment:create_environment_scripts_only(fer_moveit)
[2.246s] Level 1:colcon.colcon_core.environment:checking '/home/ayaa/Agro2/install/fer_moveit' for CMake module files
[2.247s] Level 1:colcon.colcon_core.environment:checking '/home/ayaa/Agro2/install/fer_moveit' for CMake config files
[2.247s] Level 1:colcon.colcon_core.shell:create_environment_hook('fer_moveit', 'cmake_prefix_path')
[2.248s] INFO:colcon.colcon_core.shell:Creating environment hook '/home/ayaa/Agro2/install/fer_moveit/share/fer_moveit/hook/cmake_prefix_path.ps1'
[2.249s] INFO:colcon.colcon_core.shell:Creating environment descriptor '/home/ayaa/Agro2/install/fer_moveit/share/fer_moveit/hook/cmake_prefix_path.dsv'
[2.249s] INFO:colcon.colcon_core.shell:Creating environment hook '/home/ayaa/Agro2/install/fer_moveit/share/fer_moveit/hook/cmake_prefix_path.sh'
[2.250s] Level 1:colcon.colcon_core.environment:checking '/home/ayaa/Agro2/install/fer_moveit/bin'
[2.250s] Level 1:colcon.colcon_core.environment:checking '/home/ayaa/Agro2/install/fer_moveit/lib/pkgconfig/fer_moveit.pc'
[2.250s] Level 1:colcon.colcon_core.environment:checking '/home/ayaa/Agro2/install/fer_moveit/lib/python3.10/site-packages'
[2.251s] Level 1:colcon.colcon_core.environment:checking '/home/ayaa/Agro2/install/fer_moveit/bin'
[2.251s] INFO:colcon.colcon_core.shell:Creating package script '/home/ayaa/Agro2/install/fer_moveit/share/fer_moveit/package.ps1'
[2.252s] INFO:colcon.colcon_core.shell:Creating package descriptor '/home/ayaa/Agro2/install/fer_moveit/share/fer_moveit/package.dsv'
[2.253s] INFO:colcon.colcon_core.shell:Creating package script '/home/ayaa/Agro2/install/fer_moveit/share/fer_moveit/package.sh'
[2.253s] INFO:colcon.colcon_core.shell:Creating package script '/home/ayaa/Agro2/install/fer_moveit/share/fer_moveit/package.bash'
[2.254s] INFO:colcon.colcon_core.shell:Creating package script '/home/ayaa/Agro2/install/fer_moveit/share/fer_moveit/package.zsh'
[2.255s] Level 1:colcon.colcon_core.environment:create_file_with_runtime_dependencies(/home/ayaa/Agro2/install/fer_moveit/share/colcon-core/packages/fer_moveit)
[2.947s] DEBUG:colcon.colcon_core.event_handler.log_command:Invoking command in '/home/ayaa/Agro2/src/tiago_custom': PYTHONPATH=/home/ayaa/Agro2/build/tiago_custom/prefix_override:/usr/lib/python3/dist-packages/colcon_core/task/python/colcon_distutils_commands:/home/ayaa/Agro2/install/tiago_custom/lib/python3.10/site-packages:${PYTHONPATH} /usr/bin/python3 -W ignore:setup.py install is deprecated -W ignore:easy_install command is deprecated setup.py egg_info --egg-base ../../build/tiago_custom build --build-base /home/ayaa/Agro2/build/tiago_custom/build install --record /home/ayaa/Agro2/build/tiago_custom/install.log --single-version-externally-managed install_data
[2.973s] DEBUG:colcon.colcon_core.event_handler.log_command:Invoking command in '/home/ayaa/Agro2/src/custom_worlds': PYTHONPATH=/home/ayaa/Agro2/build/custom_worlds/prefix_override:/usr/lib/python3/dist-packages/colcon_core/task/python/colcon_distutils_commands:/home/ayaa/Agro2/install/custom_worlds/lib/python3.10/site-packages:${PYTHONPATH} /usr/bin/python3 -W ignore:setup.py install is deprecated -W ignore:easy_install command is deprecated setup.py egg_info --egg-base ../../build/custom_worlds build --build-base /home/ayaa/Agro2/build/custom_worlds/build install --record /home/ayaa/Agro2/build/custom_worlds/install.log --single-version-externally-managed install_data
[2.976s] DEBUG:colcon.colcon_core.event_handler.log_command:Invoking command in '/home/ayaa/Agro2/src/fer_gazebo': PYTHONPATH=/home/ayaa/Agro2/build/fer_gazebo/prefix_override:/usr/lib/python3/dist-packages/colcon_core/task/python/colcon_distutils_commands:/home/ayaa/Agro2/install/fer_gazebo/lib/python3.10/site-packages:${PYTHONPATH} /usr/bin/python3 -W ignore:setup.py install is deprecated -W ignore:easy_install command is deprecated setup.py egg_info --egg-base ../../build/fer_gazebo build --build-base /home/ayaa/Agro2/build/fer_gazebo/build install --record /home/ayaa/Agro2/build/fer_gazebo/install.log --single-version-externally-managed install_data
[2.983s] DEBUG:colcon.colcon_core.event_handler.log_command:Invoking command in '/home/ayaa/Agro2/src/my_nav2_bringup': PYTHONPATH=/home/ayaa/Agro2/build/my_nav2_bringup/prefix_override:/usr/lib/python3/dist-packages/colcon_core/task/python/colcon_distutils_commands:/home/ayaa/Agro2/install/my_nav2_bringup/lib/python3.10/site-packages:${PYTHONPATH} /usr/bin/python3 -W ignore:setup.py install is deprecated -W ignore:easy_install command is deprecated setup.py egg_info --egg-base ../../build/my_nav2_bringup build --build-base /home/ayaa/Agro2/build/my_nav2_bringup/build install --record /home/ayaa/Agro2/build/my_nav2_bringup/install.log --single-version-externally-managed install_data
[3.667s] Level 1:colcon.colcon_core.environment:checking '/home/ayaa/Agro2/install/tiago_custom' for CMake module files
[3.668s] DEBUG:colcon.colcon_core.event_handler.log_command:Invoked command in '/home/ayaa/Agro2/src/tiago_custom' returned '0': PYTHONPATH=/home/ayaa/Agro2/build/tiago_custom/prefix_override:/usr/lib/python3/dist-packages/colcon_core/task/python/colcon_distutils_commands:/home/ayaa/Agro2/install/tiago_custom/lib/python3.10/site-packages:${PYTHONPATH} /usr/bin/python3 -W ignore:setup.py install is deprecated -W ignore:easy_install command is deprecated setup.py egg_info --egg-base ../../build/tiago_custom build --build-base /home/ayaa/Agro2/build/tiago_custom/build install --record /home/ayaa/Agro2/build/tiago_custom/install.log --single-version-externally-managed install_data
[3.668s] Level 1:colcon.colcon_core.environment:checking '/home/ayaa/Agro2/install/tiago_custom' for CMake config files
[3.669s] Level 1:colcon.colcon_core.environment:checking '/home/ayaa/Agro2/install/tiago_custom/lib'
[3.669s] Level 1:colcon.colcon_core.environment:checking '/home/ayaa/Agro2/install/tiago_custom/bin'
[3.670s] Level 1:colcon.colcon_core.environment:checking '/home/ayaa/Agro2/install/tiago_custom/lib/pkgconfig/tiago_custom.pc'
[3.670s] Level 1:colcon.colcon_core.environment:checking '/home/ayaa/Agro2/install/tiago_custom/lib/python3.10/site-packages'
[3.670s] Level 1:colcon.colcon_core.shell:create_environment_hook('tiago_custom', 'pythonpath')
[3.670s] INFO:colcon.colcon_core.shell:Creating environment hook '/home/ayaa/Agro2/install/tiago_custom/share/tiago_custom/hook/pythonpath.ps1'
[3.671s] INFO:colcon.colcon_core.shell:Creating environment descriptor '/home/ayaa/Agro2/install/tiago_custom/share/tiago_custom/hook/pythonpath.dsv'
[3.672s] INFO:colcon.colcon_core.shell:Creating environment hook '/home/ayaa/Agro2/install/tiago_custom/share/tiago_custom/hook/pythonpath.sh'
[3.673s] Level 1:colcon.colcon_core.environment:checking '/home/ayaa/Agro2/install/tiago_custom/bin'
[3.673s] Level 1:colcon.colcon_core.environment:create_environment_scripts_only(tiago_custom)
[3.674s] INFO:colcon.colcon_core.shell:Creating package script '/home/ayaa/Agro2/install/tiago_custom/share/tiago_custom/package.ps1'
[3.675s] INFO:colcon.colcon_core.shell:Creating package descriptor '/home/ayaa/Agro2/install/tiago_custom/share/tiago_custom/package.dsv'
[3.675s] INFO:colcon.colcon_core.shell:Creating package script '/home/ayaa/Agro2/install/tiago_custom/share/tiago_custom/package.sh'
[3.676s] INFO:colcon.colcon_core.shell:Creating package script '/home/ayaa/Agro2/install/tiago_custom/share/tiago_custom/package.bash'
[3.677s] INFO:colcon.colcon_core.shell:Creating package script '/home/ayaa/Agro2/install/tiago_custom/share/tiago_custom/package.zsh'
[3.677s] Level 1:colcon.colcon_core.environment:create_file_with_runtime_dependencies(/home/ayaa/Agro2/install/tiago_custom/share/colcon-core/packages/tiago_custom)
[3.699s] Level 1:colcon.colcon_core.environment:checking '/home/ayaa/Agro2/install/custom_worlds' for CMake module files
[3.699s] DEBUG:colcon.colcon_core.event_handler.log_command:Invoked command in '/home/ayaa/Agro2/src/custom_worlds' returned '0': PYTHONPATH=/home/ayaa/Agro2/build/custom_worlds/prefix_override:/usr/lib/python3/dist-packages/colcon_core/task/python/colcon_distutils_commands:/home/ayaa/Agro2/install/custom_worlds/lib/python3.10/site-packages:${PYTHONPATH} /usr/bin/python3 -W ignore:setup.py install is deprecated -W ignore:easy_install command is deprecated setup.py egg_info --egg-base ../../build/custom_worlds build --build-base /home/ayaa/Agro2/build/custom_worlds/build install --record /home/ayaa/Agro2/build/custom_worlds/install.log --single-version-externally-managed install_data
[3.700s] Level 1:colcon.colcon_core.environment:checking '/home/ayaa/Agro2/install/custom_worlds' for CMake config files
[3.700s] Level 1:colcon.colcon_core.environment:checking '/home/ayaa/Agro2/install/custom_worlds/lib'
[3.701s] Level 1:colcon.colcon_core.environment:checking '/home/ayaa/Agro2/install/custom_worlds/bin'
[3.701s] Level 1:colcon.colcon_core.environment:checking '/home/ayaa/Agro2/install/custom_worlds/lib/pkgconfig/custom_worlds.pc'
[3.701s] Level 1:colcon.colcon_core.environment:checking '/home/ayaa/Agro2/install/custom_worlds/lib/python3.10/site-packages'
[3.701s] Level 1:colcon.colcon_core.shell:create_environment_hook('custom_worlds', 'pythonpath')
[3.701s] INFO:colcon.colcon_core.shell:Creating environment hook '/home/ayaa/Agro2/install/custom_worlds/share/custom_worlds/hook/pythonpath.ps1'
[3.702s] INFO:colcon.colcon_core.shell:Creating environment descriptor '/home/ayaa/Agro2/install/custom_worlds/share/custom_worlds/hook/pythonpath.dsv'
[3.702s] INFO:colcon.colcon_core.shell:Creating environment hook '/home/ayaa/Agro2/install/custom_worlds/share/custom_worlds/hook/pythonpath.sh'
[3.703s] Level 1:colcon.colcon_core.environment:checking '/home/ayaa/Agro2/install/custom_worlds/bin'
[3.703s] Level 1:colcon.colcon_core.environment:create_environment_scripts_only(custom_worlds)
[3.703s] INFO:colcon.colcon_core.shell:Creating package script '/home/ayaa/Agro2/install/custom_worlds/share/custom_worlds/package.ps1'
[3.704s] INFO:colcon.colcon_core.shell:Creating package descriptor '/home/ayaa/Agro2/install/custom_worlds/share/custom_worlds/package.dsv'
[3.704s] INFO:colcon.colcon_core.shell:Creating package script '/home/ayaa/Agro2/install/custom_worlds/share/custom_worlds/package.sh'
[3.705s] INFO:colcon.colcon_core.shell:Creating package script '/home/ayaa/Agro2/install/custom_worlds/share/custom_worlds/package.bash'
[3.705s] INFO:colcon.colcon_core.shell:Creating package script '/home/ayaa/Agro2/install/custom_worlds/share/custom_worlds/package.zsh'
[3.705s] Level 1:colcon.colcon_core.environment:create_file_with_runtime_dependencies(/home/ayaa/Agro2/install/custom_worlds/share/colcon-core/packages/custom_worlds)
[3.707s] Level 1:colcon.colcon_core.environment:checking '/home/ayaa/Agro2/install/fer_gazebo' for CMake module files
[3.708s] DEBUG:colcon.colcon_core.event_handler.log_command:Invoked command in '/home/ayaa/Agro2/src/fer_gazebo' returned '0': PYTHONPATH=/home/ayaa/Agro2/build/fer_gazebo/prefix_override:/usr/lib/python3/dist-packages/colcon_core/task/python/colcon_distutils_commands:/home/ayaa/Agro2/install/fer_gazebo/lib/python3.10/site-packages:${PYTHONPATH} /usr/bin/python3 -W ignore:setup.py install is deprecated -W ignore:easy_install command is deprecated setup.py egg_info --egg-base ../../build/fer_gazebo build --build-base /home/ayaa/Agro2/build/fer_gazebo/build install --record /home/ayaa/Agro2/build/fer_gazebo/install.log --single-version-externally-managed install_data
[3.708s] Level 1:colcon.colcon_core.environment:checking '/home/ayaa/Agro2/install/fer_gazebo' for CMake config files
[3.709s] Level 1:colcon.colcon_core.environment:checking '/home/ayaa/Agro2/install/fer_gazebo/lib'
[3.709s] Level 1:colcon.colcon_core.environment:checking '/home/ayaa/Agro2/install/fer_gazebo/bin'
[3.709s] Level 1:colcon.colcon_core.environment:checking '/home/ayaa/Agro2/install/fer_gazebo/lib/pkgconfig/fer_gazebo.pc'
[3.709s] Level 1:colcon.colcon_core.environment:checking '/home/ayaa/Agro2/install/fer_gazebo/lib/python3.10/site-packages'
[3.709s] Level 1:colcon.colcon_core.shell:create_environment_hook('fer_gazebo', 'pythonpath')
[3.709s] INFO:colcon.colcon_core.shell:Creating environment hook '/home/ayaa/Agro2/install/fer_gazebo/share/fer_gazebo/hook/pythonpath.ps1'
[3.710s] INFO:colcon.colcon_core.shell:Creating environment descriptor '/home/ayaa/Agro2/install/fer_gazebo/share/fer_gazebo/hook/pythonpath.dsv'
[3.710s] INFO:colcon.colcon_core.shell:Creating environment hook '/home/ayaa/Agro2/install/fer_gazebo/share/fer_gazebo/hook/pythonpath.sh'
[3.710s] Level 1:colcon.colcon_core.environment:checking '/home/ayaa/Agro2/install/fer_gazebo/bin'
[3.710s] Level 1:colcon.colcon_core.environment:create_environment_scripts_only(fer_gazebo)
[3.711s] INFO:colcon.colcon_core.shell:Creating package script '/home/ayaa/Agro2/install/fer_gazebo/share/fer_gazebo/package.ps1'
[3.711s] INFO:colcon.colcon_core.shell:Creating package descriptor '/home/ayaa/Agro2/install/fer_gazebo/share/fer_gazebo/package.dsv'
[3.712s] INFO:colcon.colcon_core.shell:Creating package script '/home/ayaa/Agro2/install/fer_gazebo/share/fer_gazebo/package.sh'
[3.712s] INFO:colcon.colcon_core.shell:Creating package script '/home/ayaa/Agro2/install/fer_gazebo/share/fer_gazebo/package.bash'
[3.712s] INFO:colcon.colcon_core.shell:Creating package script '/home/ayaa/Agro2/install/fer_gazebo/share/fer_gazebo/package.zsh'
[3.713s] Level 1:colcon.colcon_core.environment:create_file_with_runtime_dependencies(/home/ayaa/Agro2/install/fer_gazebo/share/colcon-core/packages/fer_gazebo)
[3.714s] Level 1:colcon.colcon_core.environment:checking '/home/ayaa/Agro2/install/my_nav2_bringup' for CMake module files
[3.714s] DEBUG:colcon.colcon_core.event_handler.log_command:Invoked command in '/home/ayaa/Agro2/src/my_nav2_bringup' returned '0': PYTHONPATH=/home/ayaa/Agro2/build/my_nav2_bringup/prefix_override:/usr/lib/python3/dist-packages/colcon_core/task/python/colcon_distutils_commands:/home/ayaa/Agro2/install/my_nav2_bringup/lib/python3.10/site-packages:${PYTHONPATH} /usr/bin/python3 -W ignore:setup.py install is deprecated -W ignore:easy_install command is deprecated setup.py egg_info --egg-base ../../build/my_nav2_bringup build --build-base /home/ayaa/Agro2/build/my_nav2_bringup/build install --record /home/ayaa/Agro2/build/my_nav2_bringup/install.log --single-version-externally-managed install_data
[3.714s] Level 1:colcon.colcon_core.environment:checking '/home/ayaa/Agro2/install/my_nav2_bringup' for CMake config files
[3.715s] Level 1:colcon.colcon_core.environment:checking '/home/ayaa/Agro2/install/my_nav2_bringup/lib'
[3.715s] Level 1:colcon.colcon_core.environment:checking '/home/ayaa/Agro2/install/my_nav2_bringup/bin'
[3.715s] Level 1:colcon.colcon_core.environment:checking '/home/ayaa/Agro2/install/my_nav2_bringup/lib/pkgconfig/my_nav2_bringup.pc'
[3.715s] Level 1:colcon.colcon_core.environment:checking '/home/ayaa/Agro2/install/my_nav2_bringup/lib/python3.10/site-packages'
[3.715s] Level 1:colcon.colcon_core.shell:create_environment_hook('my_nav2_bringup', 'pythonpath')
[3.716s] INFO:colcon.colcon_core.shell:Creating environment hook '/home/ayaa/Agro2/install/my_nav2_bringup/share/my_nav2_bringup/hook/pythonpath.ps1'
[3.716s] INFO:colcon.colcon_core.shell:Creating environment descriptor '/home/ayaa/Agro2/install/my_nav2_bringup/share/my_nav2_bringup/hook/pythonpath.dsv'
[3.716s] INFO:colcon.colcon_core.shell:Creating environment hook '/home/ayaa/Agro2/install/my_nav2_bringup/share/my_nav2_bringup/hook/pythonpath.sh'
[3.717s] Level 1:colcon.colcon_core.environment:checking '/home/ayaa/Agro2/install/my_nav2_bringup/bin'
[3.717s] Level 1:colcon.colcon_core.environment:create_environment_scripts_only(my_nav2_bringup)
[3.717s] INFO:colcon.colcon_core.shell:Creating package script '/home/ayaa/Agro2/install/my_nav2_bringup/share/my_nav2_bringup/package.ps1'
[3.717s] INFO:colcon.colcon_core.shell:Creating package descriptor '/home/ayaa/Agro2/install/my_nav2_bringup/share/my_nav2_bringup/package.dsv'
[3.718s] INFO:colcon.colcon_core.shell:Creating package script '/home/ayaa/Agro2/install/my_nav2_bringup/share/my_nav2_bringup/package.sh'
[3.718s] INFO:colcon.colcon_core.shell:Creating package script '/home/ayaa/Agro2/install/my_nav2_bringup/share/my_nav2_bringup/package.bash'
[3.718s] INFO:colcon.colcon_core.shell:Creating package script '/home/ayaa/Agro2/install/my_nav2_bringup/share/my_nav2_bringup/package.zsh'
[3.719s] Level 1:colcon.colcon_core.environment:create_file_with_runtime_dependencies(/home/ayaa/Agro2/install/my_nav2_bringup/share/colcon-core/packages/my_nav2_bringup)
[3.719s] DEBUG:colcon.colcon_parallel_executor.executor.parallel:closing loop
[3.719s] DEBUG:colcon.colcon_parallel_executor.executor.parallel:loop closed
[3.719s] DEBUG:colcon.colcon_parallel_executor.executor.parallel:run_until_complete finished with '0'
[3.719s] DEBUG:colcon.colcon_core.event_reactor:joining thread
[3.728s] INFO:colcon.colcon_core.plugin_system:Skipping extension 'colcon_notification.desktop_notification.terminal_notifier': Not used on non-Darwin systems
[3.728s] INFO:colcon.colcon_core.plugin_system:Skipping extension 'colcon_notification.desktop_notification.win32': Not used on non-Windows systems
[3.728s] INFO:colcon.colcon_notification.desktop_notification:Sending desktop notification using 'notify2'
[3.738s] DEBUG:colcon.colcon_core.event_reactor:joined thread
[3.738s] INFO:colcon.colcon_core.shell:Creating prefix script '/home/ayaa/Agro2/install/local_setup.ps1'
[3.739s] INFO:colcon.colcon_core.shell:Creating prefix util module '/home/ayaa/Agro2/install/_local_setup_util_ps1.py'
[3.741s] INFO:colcon.colcon_core.shell:Creating prefix chain script '/home/ayaa/Agro2/install/setup.ps1'
[3.743s] INFO:colcon.colcon_core.shell:Creating prefix script '/home/ayaa/Agro2/install/local_setup.sh'
[3.744s] INFO:colcon.colcon_core.shell:Creating prefix util module '/home/ayaa/Agro2/install/_local_setup_util_sh.py'
[3.744s] INFO:colcon.colcon_core.shell:Creating prefix chain script '/home/ayaa/Agro2/install/setup.sh'
[3.746s] INFO:colcon.colcon_core.shell:Creating prefix script '/home/ayaa/Agro2/install/local_setup.bash'
[3.746s] INFO:colcon.colcon_core.shell:Creating prefix chain script '/home/ayaa/Agro2/install/setup.bash'
[3.748s] INFO:colcon.colcon_core.shell:Creating prefix script '/home/ayaa/Agro2/install/local_setup.zsh'
[3.748s] INFO:colcon.colcon_core.shell:Creating prefix chain script '/home/ayaa/Agro2/install/setup.zsh'
