[3.693s] Invoking command in '/home/ayaa/Agro2/src/tiago_custom': PYTHONPATH=/home/ayaa/Agro2/build/tiago_custom/prefix_override:/usr/lib/python3/dist-packages/colcon_core/task/python/colcon_distutils_commands:/home/ayaa/Agro2/install/tiago_custom/lib/python3.10/site-packages:${PYTHONPATH} /usr/bin/python3 -W ignore:setup.py install is deprecated -W ignore:easy_install command is deprecated setup.py egg_info --egg-base ../../build/tiago_custom build --build-base /home/ayaa/Agro2/build/tiago_custom/build install --record /home/ayaa/Agro2/build/tiago_custom/install.log --single-version-externally-managed install_data
[4.206s] running egg_info
[4.227s] writing ../../build/tiago_custom/tiago_custom.egg-info/PKG-INFO
[4.228s] writing dependency_links to ../../build/tiago_custom/tiago_custom.egg-info/dependency_links.txt
[4.228s] writing entry points to ../../build/tiago_custom/tiago_custom.egg-info/entry_points.txt
[4.228s] writing requirements to ../../build/tiago_custom/tiago_custom.egg-info/requires.txt
[4.228s] writing top-level names to ../../build/tiago_custom/tiago_custom.egg-info/top_level.txt
[4.281s] reading manifest file '../../build/tiago_custom/tiago_custom.egg-info/SOURCES.txt'
[4.282s] writing manifest file '../../build/tiago_custom/tiago_custom.egg-info/SOURCES.txt'
[4.283s] running build
[4.283s] running build_py
[4.283s] running install
[4.290s] running install_lib
[4.313s] running install_data
[4.313s] running install_egg_info
[4.335s] removing '/home/ayaa/Agro2/install/tiago_custom/lib/python3.10/site-packages/tiago_custom-0.0.0-py3.10.egg-info' (and everything under it)
[4.336s] Copying ../../build/tiago_custom/tiago_custom.egg-info to /home/ayaa/Agro2/install/tiago_custom/lib/python3.10/site-packages/tiago_custom-0.0.0-py3.10.egg-info
[4.337s] running install_scripts
[4.425s] Installing bridge_cmd script to /home/ayaa/Agro2/install/tiago_custom/lib/tiago_custom
[4.425s] writing list of installed files to '/home/ayaa/Agro2/build/tiago_custom/install.log'
[4.521s] Invoked command in '/home/ayaa/Agro2/src/tiago_custom' returned '0': PYTHONPATH=/home/ayaa/Agro2/build/tiago_custom/prefix_override:/usr/lib/python3/dist-packages/colcon_core/task/python/colcon_distutils_commands:/home/ayaa/Agro2/install/tiago_custom/lib/python3.10/site-packages:${PYTHONPATH} /usr/bin/python3 -W ignore:setup.py install is deprecated -W ignore:easy_install command is deprecated setup.py egg_info --egg-base ../../build/tiago_custom build --build-base /home/ayaa/Agro2/build/tiago_custom/build install --record /home/ayaa/Agro2/build/tiago_custom/install.log --single-version-externally-managed install_data
