[1.165s] Invoking command in '/home/ayaa/Agro2/build/tiago_behavior_tree': CMAKE_PREFIX_PATH=/home/ayaa/Agro2/install/ur5_moveit:/home/ayaa/Agro2/install/ur_description:/home/ayaa/Agro2/install/tiago_simulation:/home/ayaa/Agro2/install/tiago_robot:/home/ayaa/Agro2/install/tiago_gazebo:/home/ayaa/Agro2/install/tiago_bringup:/home/ayaa/Agro2/install/tiago_description:/home/ayaa/Agro2/install/tiago_cpp:/home/ayaa/Agro2/install/tiago_controller_configuration:/home/ayaa/Agro2/install/tiago_behavior_tree:/home/ayaa/Agro2/install/fer_moveit:/home/ayaa/Agro2/install/tiago_custom:/home/ayaa/Agro2/install/my_nav2_bringup:/home/ayaa/Agro2/install/fer_gazebo:/home/ayaa/Agro2/install/custom_worlds:/opt/ros/humble:/home/ayaa/Agro2/install/franka_description:/home/ayaa/Agro2/install/fer_cpp_moveit /usr/bin/cmake --build /home/ayaa/Agro2/build/tiago_behavior_tree -- -j8 -l8
[1.212s] [35m[1mConsolidate compiler generated dependencies of target pick_action_node[0m
[1.241s] [ 50%] [32mBuilding CXX object CMakeFiles/pick_action_node.dir/src/pick_action.cpp.o[0m
[9.074s] [100%] [32m[1mLinking CXX shared library libpick_action_node.so[0m
[9.282s] [100%] Built target pick_action_node
[9.292s] Invoked command in '/home/ayaa/Agro2/build/tiago_behavior_tree' returned '0': CMAKE_PREFIX_PATH=/home/ayaa/Agro2/install/ur5_moveit:/home/ayaa/Agro2/install/ur_description:/home/ayaa/Agro2/install/tiago_simulation:/home/ayaa/Agro2/install/tiago_robot:/home/ayaa/Agro2/install/tiago_gazebo:/home/ayaa/Agro2/install/tiago_bringup:/home/ayaa/Agro2/install/tiago_description:/home/ayaa/Agro2/install/tiago_cpp:/home/ayaa/Agro2/install/tiago_controller_configuration:/home/ayaa/Agro2/install/tiago_behavior_tree:/home/ayaa/Agro2/install/fer_moveit:/home/ayaa/Agro2/install/tiago_custom:/home/ayaa/Agro2/install/my_nav2_bringup:/home/ayaa/Agro2/install/fer_gazebo:/home/ayaa/Agro2/install/custom_worlds:/opt/ros/humble:/home/ayaa/Agro2/install/franka_description:/home/ayaa/Agro2/install/fer_cpp_moveit /usr/bin/cmake --build /home/ayaa/Agro2/build/tiago_behavior_tree -- -j8 -l8
[9.295s] Invoking command in '/home/ayaa/Agro2/build/tiago_behavior_tree': CMAKE_PREFIX_PATH=/home/ayaa/Agro2/install/ur5_moveit:/home/ayaa/Agro2/install/ur_description:/home/ayaa/Agro2/install/tiago_simulation:/home/ayaa/Agro2/install/tiago_robot:/home/ayaa/Agro2/install/tiago_gazebo:/home/ayaa/Agro2/install/tiago_bringup:/home/ayaa/Agro2/install/tiago_description:/home/ayaa/Agro2/install/tiago_cpp:/home/ayaa/Agro2/install/tiago_controller_configuration:/home/ayaa/Agro2/install/tiago_behavior_tree:/home/ayaa/Agro2/install/fer_moveit:/home/ayaa/Agro2/install/tiago_custom:/home/ayaa/Agro2/install/my_nav2_bringup:/home/ayaa/Agro2/install/fer_gazebo:/home/ayaa/Agro2/install/custom_worlds:/opt/ros/humble:/home/ayaa/Agro2/install/franka_description:/home/ayaa/Agro2/install/fer_cpp_moveit /usr/bin/cmake --install /home/ayaa/Agro2/build/tiago_behavior_tree
[9.301s] -- Install configuration: ""
[9.301s] -- Up-to-date: /home/ayaa/Agro2/install/tiago_behavior_tree/share/tiago_behavior_tree/pick_plugin.xml
[9.301s] -- Installing: /home/ayaa/Agro2/install/tiago_behavior_tree/lib/tiago_behavior_tree/libpick_action_node.so
[9.303s] -- Set runtime path of "/home/ayaa/Agro2/install/tiago_behavior_tree/lib/tiago_behavior_tree/libpick_action_node.so" to ""
[9.304s] -- Up-to-date: /home/ayaa/Agro2/install/tiago_behavior_tree/share/ament_index/resource_index/package_run_dependencies/tiago_behavior_tree
[9.304s] -- Up-to-date: /home/ayaa/Agro2/install/tiago_behavior_tree/share/ament_index/resource_index/parent_prefix_path/tiago_behavior_tree
[9.304s] -- Up-to-date: /home/ayaa/Agro2/install/tiago_behavior_tree/share/tiago_behavior_tree/environment/ament_prefix_path.sh
[9.304s] -- Up-to-date: /home/ayaa/Agro2/install/tiago_behavior_tree/share/tiago_behavior_tree/environment/ament_prefix_path.dsv
[9.304s] -- Up-to-date: /home/ayaa/Agro2/install/tiago_behavior_tree/share/tiago_behavior_tree/environment/path.sh
[9.304s] -- Up-to-date: /home/ayaa/Agro2/install/tiago_behavior_tree/share/tiago_behavior_tree/environment/path.dsv
[9.304s] -- Up-to-date: /home/ayaa/Agro2/install/tiago_behavior_tree/share/tiago_behavior_tree/local_setup.bash
[9.304s] -- Up-to-date: /home/ayaa/Agro2/install/tiago_behavior_tree/share/tiago_behavior_tree/local_setup.sh
[9.304s] -- Up-to-date: /home/ayaa/Agro2/install/tiago_behavior_tree/share/tiago_behavior_tree/local_setup.zsh
[9.304s] -- Up-to-date: /home/ayaa/Agro2/install/tiago_behavior_tree/share/tiago_behavior_tree/local_setup.dsv
[9.304s] -- Installing: /home/ayaa/Agro2/install/tiago_behavior_tree/share/tiago_behavior_tree/package.dsv
[9.304s] -- Up-to-date: /home/ayaa/Agro2/install/tiago_behavior_tree/share/ament_index/resource_index/packages/tiago_behavior_tree
[9.304s] -- Up-to-date: /home/ayaa/Agro2/install/tiago_behavior_tree/share/ament_index/resource_index/behaviortree_cpp_v3__pluginlib__plugin/tiago_behavior_tree
[9.304s] -- Up-to-date: /home/ayaa/Agro2/install/tiago_behavior_tree/share/tiago_behavior_tree/cmake/tiago_behavior_treeConfig.cmake
[9.305s] -- Up-to-date: /home/ayaa/Agro2/install/tiago_behavior_tree/share/tiago_behavior_tree/cmake/tiago_behavior_treeConfig-version.cmake
[9.305s] -- Up-to-date: /home/ayaa/Agro2/install/tiago_behavior_tree/share/tiago_behavior_tree/package.xml
[9.306s] Invoked command in '/home/ayaa/Agro2/build/tiago_behavior_tree' returned '0': CMAKE_PREFIX_PATH=/home/ayaa/Agro2/install/ur5_moveit:/home/ayaa/Agro2/install/ur_description:/home/ayaa/Agro2/install/tiago_simulation:/home/ayaa/Agro2/install/tiago_robot:/home/ayaa/Agro2/install/tiago_gazebo:/home/ayaa/Agro2/install/tiago_bringup:/home/ayaa/Agro2/install/tiago_description:/home/ayaa/Agro2/install/tiago_cpp:/home/ayaa/Agro2/install/tiago_controller_configuration:/home/ayaa/Agro2/install/tiago_behavior_tree:/home/ayaa/Agro2/install/fer_moveit:/home/ayaa/Agro2/install/tiago_custom:/home/ayaa/Agro2/install/my_nav2_bringup:/home/ayaa/Agro2/install/fer_gazebo:/home/ayaa/Agro2/install/custom_worlds:/opt/ros/humble:/home/ayaa/Agro2/install/franka_description:/home/ayaa/Agro2/install/fer_cpp_moveit /usr/bin/cmake --install /home/ayaa/Agro2/build/tiago_behavior_tree
