[2.713s] Invoking command in '/home/ayaa/Agro2/src/custom_worlds': PYTHONPATH=/home/ayaa/Agro2/build/custom_worlds/prefix_override:/usr/lib/python3/dist-packages/colcon_core/task/python/colcon_distutils_commands:/home/ayaa/Agro2/install/custom_worlds/lib/python3.10/site-packages:${PYTHONPATH} /usr/bin/python3 -W ignore:setup.py install is deprecated -W ignore:easy_install command is deprecated setup.py egg_info --egg-base ../../build/custom_worlds build --build-base /home/ayaa/Agro2/build/custom_worlds/build install --record /home/ayaa/Agro2/build/custom_worlds/install.log --single-version-externally-managed install_data
[3.246s] running egg_info
[3.266s] writing ../../build/custom_worlds/custom_worlds.egg-info/PKG-INFO
[3.266s] writing dependency_links to ../../build/custom_worlds/custom_worlds.egg-info/dependency_links.txt
[3.266s] writing requirements to ../../build/custom_worlds/custom_worlds.egg-info/requires.txt
[3.267s] writing top-level names to ../../build/custom_worlds/custom_worlds.egg-info/top_level.txt
[3.318s] reading manifest file '../../build/custom_worlds/custom_worlds.egg-info/SOURCES.txt'
[3.318s] adding license file 'LICENSE'
[3.319s] writing manifest file '../../build/custom_worlds/custom_worlds.egg-info/SOURCES.txt'
[3.319s] running build
[3.319s] running build_py
[3.319s] running install
[3.326s] running install_lib
[3.345s] running install_data
[3.346s] copying worlds/turtlebot_agr.sdf -> /home/ayaa/Agro2/install/custom_worlds/share/custom_worlds/worlds
[3.346s] running install_egg_info
[3.367s] removing '/home/ayaa/Agro2/install/custom_worlds/lib/python3.10/site-packages/custom_worlds-0.0.0-py3.10.egg-info' (and everything under it)
[3.367s] Copying ../../build/custom_worlds/custom_worlds.egg-info to /home/ayaa/Agro2/install/custom_worlds/lib/python3.10/site-packages/custom_worlds-0.0.0-py3.10.egg-info
[3.368s] running install_scripts
[3.448s] writing list of installed files to '/home/ayaa/Agro2/build/custom_worlds/install.log'
[3.518s] Invoked command in '/home/ayaa/Agro2/src/custom_worlds' returned '0': PYTHONPATH=/home/ayaa/Agro2/build/custom_worlds/prefix_override:/usr/lib/python3/dist-packages/colcon_core/task/python/colcon_distutils_commands:/home/ayaa/Agro2/install/custom_worlds/lib/python3.10/site-packages:${PYTHONPATH} /usr/bin/python3 -W ignore:setup.py install is deprecated -W ignore:easy_install command is deprecated setup.py egg_info --egg-base ../../build/custom_worlds build --build-base /home/ayaa/Agro2/build/custom_worlds/build install --record /home/ayaa/Agro2/build/custom_worlds/install.log --single-version-externally-managed install_data
