[1.191s] Invoking command in '/home/ayaa/Agro2/build/tiago_cpp': CMAKE_PREFIX_PATH=/home/ayaa/Agro2/install/tiago_cpp:/home/ayaa/Agro2/install/ur5_moveit:/home/ayaa/Agro2/install/ur_description:/home/ayaa/Agro2/install/tiago_simulation:/home/ayaa/Agro2/install/tiago_robot:/home/ayaa/Agro2/install/tiago_gazebo:/home/ayaa/Agro2/install/tiago_bringup:/home/ayaa/Agro2/install/tiago_description:/home/ayaa/Agro2/install/tiago_controller_configuration:/home/ayaa/Agro2/install/fer_moveit:/home/ayaa/Agro2/install/tiago_custom:/home/ayaa/Agro2/install/my_nav2_bringup:/home/ayaa/Agro2/install/fer_gazebo:/home/ayaa/Agro2/install/custom_worlds:/opt/ros/humble:/home/ayaa/Agro2/install/franka_description:/home/ayaa/Agro2/install/fer_cpp_moveit /usr/bin/cmake --build /home/ayaa/Agro2/build/tiago_cpp -- -j8 -l8
[1.595s] [35m[1mConsolidate compiler generated dependencies of target pick_place_tiago[0m
[1.595s] [ 50%] [32mBuilding CXX object CMakeFiles/pick_place_tiago.dir/src/pick_place_tiago.cpp.o[0m
[2.317s] [01m[K/home/ayaa/Agro2/src/tiago_cpp/src/pick_place_tiago.cpp:46:93:[m[K [01;35m[Kwarning: [m[Kcharacter constant too long for its type
[2.317s]    46 | t_names=["gripper_left_finger_joint",[01;35m[K'gripper_right_finger_joint'[m[K]);
[2.317s]       |                                      [01;35m[K^~~~~~~~~~~~~~~~~~~~~~~~~~~~[m[K
[2.317s] 
[6.679s] [01m[K/home/ayaa/Agro2/src/tiago_cpp/src/pick_place_tiago.cpp:[m[K In function ‘[01m[Kint main(int, char**)[m[K’:
[6.679s] [01m[K/home/ayaa/Agro2/src/tiago_cpp/src/pick_place_tiago.cpp:46:52:[m[K [01;31m[Kerror: [m[K‘[01m[Kjoint_names[m[K’ was not declared in this scope
[6.680s]    46 | erface gripper_group(node, "gripper",[01;31m[Kjoint_names[m[K=["gripper_left_finger_joint",'gripper_right_finger_joint']);
[6.680s]       |                                      [01;31m[K^~~~~~~~~~~[m[K
[6.680s] 
[6.680s] [01m[K/home/ayaa/Agro2/src/tiago_cpp/src/pick_place_tiago.cpp:46:65:[m[K [01;31m[Kerror: [m[Kexpected identifier before string constant
[6.680s]    46 | r_group(node, "gripper",joint_names=[[01;31m[K"gripper_left_finger_joint"[m[K,'gripper_right_finger_joint']);
[6.680s]       |                                      [01;31m[K^~~~~~~~~~~~~~~~~~~~~~~~~~~[m[K
[6.680s] 
[6.680s] [01m[K/home/ayaa/Agro2/src/tiago_cpp/src/pick_place_tiago.cpp:46:92:[m[K [01;31m[Kerror: [m[Kexpected ‘[01m[K][m[K’ before ‘[01m[K,[m[K’ token
[6.680s]    46 | nt_names=["gripper_left_finger_joint"[01;31m[K,[m[K'gripper_right_finger_joint']);
[6.680s]       |                                      [01;31m[K^[m[K
[6.680s]       |                                      [32m[K][m[K
[6.681s] [01m[K/home/ayaa/Agro2/src/tiago_cpp/src/pick_place_tiago.cpp:[m[K In lambda function:
[6.681s] [01m[K/home/ayaa/Agro2/src/tiago_cpp/src/pick_place_tiago.cpp:46:92:[m[K [01;31m[Kerror: [m[Kexpected ‘[01m[K{[m[K’ before ‘[01m[K,[m[K’ token
[6.681s] [01m[K/home/ayaa/Agro2/src/tiago_cpp/src/pick_place_tiago.cpp:[m[K In function ‘[01m[Kint main(int, char**)[m[K’:
[6.681s] [01m[K/home/ayaa/Agro2/src/tiago_cpp/src/pick_place_tiago.cpp:46:121:[m[K [01;31m[Kerror: [m[Kexpected ‘[01m[K)[m[K’ before ‘[01m[K][m[K’ token
[6.681s]    46 | ft_finger_joint",'gripper_right_finger_joint'[01;31m[K][m[K);
[6.681s]       |                                              [01;31m[K^[m[K
[6.681s]       |                                              [32m[K)[m[K
[6.681s] [01m[K/home/ayaa/Agro2/src/tiago_cpp/src/pick_place_tiago.cpp:47:17:[m[K [01;31m[Kerror: [m[K‘[01m[Kclass moveit::planning_interface::MoveGroupInterface[m[K’ has no member named ‘[01m[Kmove_to_joint_positions[m[K’
[6.681s]    47 |   gripper_group.[01;31m[Kmove_to_joint_positions[m[K([0.04,0.04]);
[6.681s]       |                 [01;31m[K^~~~~~~~~~~~~~~~~~~~~~~[m[K
[6.681s] [01m[K/home/ayaa/Agro2/src/tiago_cpp/src/pick_place_tiago.cpp:47:42:[m[K [01;31m[Kerror: [m[Kexpected identifier before numeric constant
[6.681s]    47 | ipper_group.move_to_joint_positions([[01;31m[K0.04[m[K,0.04]);
[6.681s]       |                                      [01;31m[K^~~~[m[K
[6.681s] 
[6.681s] [01m[K/home/ayaa/Agro2/src/tiago_cpp/src/pick_place_tiago.cpp:47:46:[m[K [01;31m[Kerror: [m[Kexpected ‘[01m[K][m[K’ before ‘[01m[K,[m[K’ token
[6.681s]    47 | pper_group.move_to_joint_positions([0.04[01;31m[K,[m[K0.04]);
[6.682s]       |                                         [01;31m[K^[m[K
[6.682s]       |                                         [32m[K][m[K
[6.682s] [01m[K/home/ayaa/Agro2/src/tiago_cpp/src/pick_place_tiago.cpp:[m[K In lambda function:
[6.682s] [01m[K/home/ayaa/Agro2/src/tiago_cpp/src/pick_place_tiago.cpp:47:46:[m[K [01;31m[Kerror: [m[Kexpected ‘[01m[K{[m[K’ before ‘[01m[K,[m[K’ token
[6.682s] [01m[K/home/ayaa/Agro2/src/tiago_cpp/src/pick_place_tiago.cpp:[m[K In function ‘[01m[Kint main(int, char**)[m[K’:
[6.682s] [01m[K/home/ayaa/Agro2/src/tiago_cpp/src/pick_place_tiago.cpp:47:51:[m[K [01;31m[Kerror: [m[Kexpected ‘[01m[K)[m[K’ before ‘[01m[K][m[K’ token
[6.682s]    47 | pper_group.move_to_joint_positions[34m[K([m[K[0.04,0.04[01;31m[K][m[K);
[6.682s]       |                                   [34m[K~[m[K          [01;31m[K^[m[K
[6.682s]       |                                              [32m[K)[m[K
[9.056s] gmake[2]: *** [CMakeFiles/pick_place_tiago.dir/build.make:76: CMakeFiles/pick_place_tiago.dir/src/pick_place_tiago.cpp.o] Error 1
[9.057s] gmake[1]: *** [CMakeFiles/Makefile2:137: CMakeFiles/pick_place_tiago.dir/all] Error 2
[9.057s] gmake: *** [Makefile:146: all] Error 2
[9.059s] Invoked command in '/home/ayaa/Agro2/build/tiago_cpp' returned '2': CMAKE_PREFIX_PATH=/home/ayaa/Agro2/install/tiago_cpp:/home/ayaa/Agro2/install/ur5_moveit:/home/ayaa/Agro2/install/ur_description:/home/ayaa/Agro2/install/tiago_simulation:/home/ayaa/Agro2/install/tiago_robot:/home/ayaa/Agro2/install/tiago_gazebo:/home/ayaa/Agro2/install/tiago_bringup:/home/ayaa/Agro2/install/tiago_description:/home/ayaa/Agro2/install/tiago_controller_configuration:/home/ayaa/Agro2/install/fer_moveit:/home/ayaa/Agro2/install/tiago_custom:/home/ayaa/Agro2/install/my_nav2_bringup:/home/ayaa/Agro2/install/fer_gazebo:/home/ayaa/Agro2/install/custom_worlds:/opt/ros/humble:/home/ayaa/Agro2/install/franka_description:/home/ayaa/Agro2/install/fer_cpp_moveit /usr/bin/cmake --build /home/ayaa/Agro2/build/tiago_cpp -- -j8 -l8
