[2.464s] Invoking command in '/home/ayaa/Agro2/src/TiaGo_custom': PYTHONPATH=/home/ayaa/Agro2/build/TiaGo_custom/prefix_override:/usr/lib/python3/dist-packages/colcon_core/task/python/colcon_distutils_commands:/home/ayaa/Agro2/install/TiaGo_custom/lib/python3.10/site-packages:${PYTHONPATH} /usr/bin/python3 -W ignore:setup.py install is deprecated -W ignore:easy_install command is deprecated setup.py egg_info --egg-base ../../build/TiaGo_custom build --build-base /home/ayaa/Agro2/build/TiaGo_custom/build install --record /home/ayaa/Agro2/build/TiaGo_custom/install.log --single-version-externally-managed install_data
[2.903s] running egg_info
[2.923s] writing ../../build/TiaGo_custom/TiaGo_custom.egg-info/PKG-INFO
[2.923s] writing dependency_links to ../../build/TiaGo_custom/TiaGo_custom.egg-info/dependency_links.txt
[2.924s] writing requirements to ../../build/TiaGo_custom/TiaGo_custom.egg-info/requires.txt
[2.924s] writing top-level names to ../../build/TiaGo_custom/TiaGo_custom.egg-info/top_level.txt
[2.978s] reading manifest file '../../build/TiaGo_custom/TiaGo_custom.egg-info/SOURCES.txt'
[2.979s] writing manifest file '../../build/TiaGo_custom/TiaGo_custom.egg-info/SOURCES.txt'
[2.979s] running build
[2.979s] running build_py
[2.980s] running install
[2.987s] running install_lib
[3.005s] running install_data
[3.006s] copying launch/spawn.launch.py -> /home/ayaa/Agro2/install/TiaGo_custom/share/TiaGo_custom/launch
[3.006s] running install_egg_info
[3.025s] removing '/home/ayaa/Agro2/install/TiaGo_custom/lib/python3.10/site-packages/TiaGo_custom-0.0.0-py3.10.egg-info' (and everything under it)
[3.025s] Copying ../../build/TiaGo_custom/TiaGo_custom.egg-info to /home/ayaa/Agro2/install/TiaGo_custom/lib/python3.10/site-packages/TiaGo_custom-0.0.0-py3.10.egg-info
[3.026s] running install_scripts
[3.100s] writing list of installed files to '/home/ayaa/Agro2/build/TiaGo_custom/install.log'
[3.192s] Invoked command in '/home/ayaa/Agro2/src/TiaGo_custom' returned '0': PYTHONPATH=/home/ayaa/Agro2/build/TiaGo_custom/prefix_override:/usr/lib/python3/dist-packages/colcon_core/task/python/colcon_distutils_commands:/home/ayaa/Agro2/install/TiaGo_custom/lib/python3.10/site-packages:${PYTHONPATH} /usr/bin/python3 -W ignore:setup.py install is deprecated -W ignore:easy_install command is deprecated setup.py egg_info --egg-base ../../build/TiaGo_custom build --build-base /home/ayaa/Agro2/build/TiaGo_custom/build install --record /home/ayaa/Agro2/build/TiaGo_custom/install.log --single-version-externally-managed install_data
