[0.081s] Invoking command in '/home/ayaa/Agro2/build/tiago_cpp': CMAKE_PREFIX_PATH=${CMAKE_PREFIX_PATH}:/home/ayaa/Agro2/install/trials:/home/ayaa/Agro2/install/tiago_custom:/home/ayaa/Agro2/install/my_nav2_bringup:/home/ayaa/Agro2/install/fer_gazebo:/home/ayaa/Agro2/install/custom_worlds:/opt/ros/humble /usr/bin/cmake --build /home/ayaa/Agro2/build/tiago_cpp -- -j8 -l8
[0.198s] [100%] Built target pick_place_tiago
[0.875s] Invoked command in '/home/ayaa/Agro2/build/tiago_cpp' returned '0': CMAKE_PREFIX_PATH=${CMAKE_PREFIX_PATH}:/home/ayaa/Agro2/install/trials:/home/ayaa/Agro2/install/tiago_custom:/home/ayaa/Agro2/install/my_nav2_bringup:/home/ayaa/Agro2/install/fer_gazebo:/home/ayaa/Agro2/install/custom_worlds:/opt/ros/humble /usr/bin/cmake --build /home/ayaa/Agro2/build/tiago_cpp -- -j8 -l8
[0.878s] Invoking command in '/home/ayaa/Agro2/build/tiago_cpp': CMAKE_PREFIX_PATH=${CMAKE_PREFIX_PATH}:/home/ayaa/Agro2/install/trials:/home/ayaa/Agro2/install/tiago_custom:/home/ayaa/Agro2/install/my_nav2_bringup:/home/ayaa/Agro2/install/fer_gazebo:/home/ayaa/Agro2/install/custom_worlds:/opt/ros/humble /usr/bin/cmake --install /home/ayaa/Agro2/build/tiago_cpp
[1.423s] -- Install configuration: ""
[1.423s] -- Up-to-date: /home/ayaa/Agro2/install/tiago_cpp/lib/tiago_cpp/pick_place_tiago
[1.423s] -- Up-to-date: /home/ayaa/Agro2/install/tiago_cpp/share/ament_index/resource_index/package_run_dependencies/tiago_cpp
[1.424s] -- Up-to-date: /home/ayaa/Agro2/install/tiago_cpp/share/ament_index/resource_index/parent_prefix_path/tiago_cpp
[1.425s] -- Up-to-date: /home/ayaa/Agro2/install/tiago_cpp/share/tiago_cpp/environment/ament_prefix_path.sh
[1.425s] -- Up-to-date: /home/ayaa/Agro2/install/tiago_cpp/share/tiago_cpp/environment/ament_prefix_path.dsv
[1.425s] -- Up-to-date: /home/ayaa/Agro2/install/tiago_cpp/share/tiago_cpp/environment/path.sh
[1.426s] -- Up-to-date: /home/ayaa/Agro2/install/tiago_cpp/share/tiago_cpp/environment/path.dsv
[1.426s] -- Up-to-date: /home/ayaa/Agro2/install/tiago_cpp/share/tiago_cpp/local_setup.bash
[1.427s] -- Up-to-date: /home/ayaa/Agro2/install/tiago_cpp/share/tiago_cpp/local_setup.sh
[1.427s] -- Up-to-date: /home/ayaa/Agro2/install/tiago_cpp/share/tiago_cpp/local_setup.zsh
[1.428s] -- Up-to-date: /home/ayaa/Agro2/install/tiago_cpp/share/tiago_cpp/local_setup.dsv
[1.428s] -- Installing: /home/ayaa/Agro2/install/tiago_cpp/share/tiago_cpp/package.dsv
[1.429s] -- Up-to-date: /home/ayaa/Agro2/install/tiago_cpp/share/ament_index/resource_index/packages/tiago_cpp
[1.429s] -- Up-to-date: /home/ayaa/Agro2/install/tiago_cpp/share/tiago_cpp/cmake/tiago_cppConfig.cmake
[1.429s] -- Up-to-date: /home/ayaa/Agro2/install/tiago_cpp/share/tiago_cpp/cmake/tiago_cppConfig-version.cmake
[1.429s] -- Up-to-date: /home/ayaa/Agro2/install/tiago_cpp/share/tiago_cpp/package.xml
[1.435s] Invoked command in '/home/ayaa/Agro2/build/tiago_cpp' returned '0': CMAKE_PREFIX_PATH=${CMAKE_PREFIX_PATH}:/home/ayaa/Agro2/install/trials:/home/ayaa/Agro2/install/tiago_custom:/home/ayaa/Agro2/install/my_nav2_bringup:/home/ayaa/Agro2/install/fer_gazebo:/home/ayaa/Agro2/install/custom_worlds:/opt/ros/humble /usr/bin/cmake --install /home/ayaa/Agro2/build/tiago_cpp
