[4.812s] Invoking command in '/home/ayaa/Agro2/src/tiago_custom': PYTHONPATH=/home/ayaa/Agro2/build/tiago_custom/prefix_override:/usr/lib/python3/dist-packages/colcon_core/task/python/colcon_distutils_commands:/home/ayaa/Agro2/install/tiago_custom/lib/python3.10/site-packages:${PYTHONPATH} /usr/bin/python3 -W ignore:setup.py install is deprecated -W ignore:easy_install command is deprecated setup.py egg_info --egg-base ../../build/tiago_custom build --build-base /home/ayaa/Agro2/build/tiago_custom/build install --record /home/ayaa/Agro2/build/tiago_custom/install.log --single-version-externally-managed install_data
[6.197s] running egg_info
[6.255s] writing ../../build/tiago_custom/tiago_custom.egg-info/PKG-INFO
[6.255s] writing dependency_links to ../../build/tiago_custom/tiago_custom.egg-info/dependency_links.txt
[6.256s] writing entry points to ../../build/tiago_custom/tiago_custom.egg-info/entry_points.txt
[6.256s] writing requirements to ../../build/tiago_custom/tiago_custom.egg-info/requires.txt
[6.256s] writing top-level names to ../../build/tiago_custom/tiago_custom.egg-info/top_level.txt
[6.329s] reading manifest file '../../build/tiago_custom/tiago_custom.egg-info/SOURCES.txt'
[6.330s] writing manifest file '../../build/tiago_custom/tiago_custom.egg-info/SOURCES.txt'
[6.331s] running build
[6.331s] running build_py
[6.331s] running install
[6.342s] running install_lib
[6.378s] running install_data
[6.378s] copying launch/spawn.launch.py -> /home/ayaa/Agro2/install/tiago_custom/share/tiago_custom/launch
[6.379s] copying config/Tiago_nav_params.yaml -> /home/ayaa/Agro2/install/tiago_custom/share/tiago_custom/config
[6.379s] running install_egg_info
[6.416s] removing '/home/ayaa/Agro2/install/tiago_custom/lib/python3.10/site-packages/tiago_custom-0.0.0-py3.10.egg-info' (and everything under it)
[6.417s] Copying ../../build/tiago_custom/tiago_custom.egg-info to /home/ayaa/Agro2/install/tiago_custom/lib/python3.10/site-packages/tiago_custom-0.0.0-py3.10.egg-info
[6.418s] running install_scripts
[6.586s] Installing bridge_cmd script to /home/ayaa/Agro2/install/tiago_custom/lib/tiago_custom
[6.587s] writing list of installed files to '/home/ayaa/Agro2/build/tiago_custom/install.log'
[6.730s] Invoked command in '/home/ayaa/Agro2/src/tiago_custom' returned '0': PYTHONPATH=/home/ayaa/Agro2/build/tiago_custom/prefix_override:/usr/lib/python3/dist-packages/colcon_core/task/python/colcon_distutils_commands:/home/ayaa/Agro2/install/tiago_custom/lib/python3.10/site-packages:${PYTHONPATH} /usr/bin/python3 -W ignore:setup.py install is deprecated -W ignore:easy_install command is deprecated setup.py egg_info --egg-base ../../build/tiago_custom build --build-base /home/ayaa/Agro2/build/tiago_custom/build install --record /home/ayaa/Agro2/build/tiago_custom/install.log --single-version-externally-managed install_data
