[0.099s] Invoking command in '/home/ayaa/Agro2/build/tiago_cpp': CMAKE_PREFIX_PATH=${CMAKE_PREFIX_PATH}:/home/ayaa/Agro2/install/trials:/home/ayaa/Agro2/install/tiago_custom:/home/ayaa/Agro2/install/my_nav2_bringup:/home/ayaa/Agro2/install/fer_gazebo:/home/ayaa/Agro2/install/custom_worlds:/opt/ros/humble /usr/bin/cmake --build /home/ayaa/Agro2/build/tiago_cpp -- -j8 -l8
[0.225s] [100%] Built target pick_place_tiago
[1.292s] Invoked command in '/home/ayaa/Agro2/build/tiago_cpp' returned '0': CMAKE_PREFIX_PATH=${CMAKE_PREFIX_PATH}:/home/ayaa/Agro2/install/trials:/home/ayaa/Agro2/install/tiago_custom:/home/ayaa/Agro2/install/my_nav2_bringup:/home/ayaa/Agro2/install/fer_gazebo:/home/ayaa/Agro2/install/custom_worlds:/opt/ros/humble /usr/bin/cmake --build /home/ayaa/Agro2/build/tiago_cpp -- -j8 -l8
[1.294s] Invoking command in '/home/ayaa/Agro2/build/tiago_cpp': CMAKE_PREFIX_PATH=${CMAKE_PREFIX_PATH}:/home/ayaa/Agro2/install/trials:/home/ayaa/Agro2/install/tiago_custom:/home/ayaa/Agro2/install/my_nav2_bringup:/home/ayaa/Agro2/install/fer_gazebo:/home/ayaa/Agro2/install/custom_worlds:/opt/ros/humble /usr/bin/cmake --install /home/ayaa/Agro2/build/tiago_cpp
[1.317s] -- Install configuration: ""
[1.317s] -- Up-to-date: /home/ayaa/Agro2/install/tiago_cpp/lib/tiago_cpp/pick_place_tiago
[1.317s] -- Up-to-date: /home/ayaa/Agro2/install/tiago_cpp/share/ament_index/resource_index/package_run_dependencies/tiago_cpp
[1.317s] -- Up-to-date: /home/ayaa/Agro2/install/tiago_cpp/share/ament_index/resource_index/parent_prefix_path/tiago_cpp
[1.317s] -- Up-to-date: /home/ayaa/Agro2/install/tiago_cpp/share/tiago_cpp/environment/ament_prefix_path.sh
[1.318s] -- Up-to-date: /home/ayaa/Agro2/install/tiago_cpp/share/tiago_cpp/environment/ament_prefix_path.dsv
[1.318s] -- Up-to-date: /home/ayaa/Agro2/install/tiago_cpp/share/tiago_cpp/environment/path.sh
[1.318s] -- Up-to-date: /home/ayaa/Agro2/install/tiago_cpp/share/tiago_cpp/environment/path.dsv
[1.318s] -- Up-to-date: /home/ayaa/Agro2/install/tiago_cpp/share/tiago_cpp/local_setup.bash
[1.318s] -- Up-to-date: /home/ayaa/Agro2/install/tiago_cpp/share/tiago_cpp/local_setup.sh
[1.318s] -- Up-to-date: /home/ayaa/Agro2/install/tiago_cpp/share/tiago_cpp/local_setup.zsh
[1.318s] -- Up-to-date: /home/ayaa/Agro2/install/tiago_cpp/share/tiago_cpp/local_setup.dsv
[1.318s] -- Installing: /home/ayaa/Agro2/install/tiago_cpp/share/tiago_cpp/package.dsv
[1.319s] -- Up-to-date: /home/ayaa/Agro2/install/tiago_cpp/share/ament_index/resource_index/packages/tiago_cpp
[1.319s] -- Up-to-date: /home/ayaa/Agro2/install/tiago_cpp/share/tiago_cpp/cmake/tiago_cppConfig.cmake
[1.319s] -- Up-to-date: /home/ayaa/Agro2/install/tiago_cpp/share/tiago_cpp/cmake/tiago_cppConfig-version.cmake
[1.320s] -- Up-to-date: /home/ayaa/Agro2/install/tiago_cpp/share/tiago_cpp/package.xml
[1.333s] Invoked command in '/home/ayaa/Agro2/build/tiago_cpp' returned '0': CMAKE_PREFIX_PATH=${CMAKE_PREFIX_PATH}:/home/ayaa/Agro2/install/trials:/home/ayaa/Agro2/install/tiago_custom:/home/ayaa/Agro2/install/my_nav2_bringup:/home/ayaa/Agro2/install/fer_gazebo:/home/ayaa/Agro2/install/custom_worlds:/opt/ros/humble /usr/bin/cmake --install /home/ayaa/Agro2/build/tiago_cpp
