[  2%] Built target tiago_behavior_tree__cpp
[ 11%] Built target tiago_behavior_tree__rosidl_generator_c
[ 11%] Built target ament_cmake_python_copy_tiago_behavior_tree
[ 20%] Built target tiago_behavior_tree__rosidl_typesupport_introspection_c
[ 30%] Built target tiago_behavior_tree__rosidl_typesupport_c
[ 39%] Built target tiago_behavior_tree__rosidl_typesupport_cpp
[ 48%] Built target tiago_behavior_tree__rosidl_typesupport_introspection_cpp
[ 58%] Built target tiago_behavior_tree__rosidl_typesupport_fastrtps_cpp
[ 67%] Built target tiago_behavior_tree__rosidl_typesupport_fastrtps_c
[35m[1mConsolidate compiler generated dependencies of target pick_action_node[0m
[ 72%] Built target open_gripper_server
[ 72%] Built target tiago_behavior_tree
[ 74%] [32mBuilding CXX object CMakeFiles/pick_action_node.dir/src/pick_action.cpp.o[0m
[ 76%] Built target tiago_behavior_tree__py
[ 83%] Built target tiago_behavior_tree__rosidl_generator_py
[ 90%] Built target tiago_behavior_tree__rosidl_typesupport_introspection_c__pyext
[ 93%] Built target tiago_behavior_tree__rosidl_typesupport_fastrtps_c__pyext
[ 97%] Built target tiago_behavior_tree__rosidl_typesupport_c__pyext
running egg_info
writing tiago_behavior_tree.egg-info/PKG-INFO
writing dependency_links to tiago_behavior_tree.egg-info/dependency_links.txt
writing top-level names to tiago_behavior_tree.egg-info/top_level.txt
reading manifest file 'tiago_behavior_tree.egg-info/SOURCES.txt'
writing manifest file 'tiago_behavior_tree.egg-info/SOURCES.txt'
[ 97%] Built target ament_cmake_python_build_tiago_behavior_tree_egg
[01m[K/home/ayaa/Agro2/src/tiago_behavior_tree/src/pick_action.cpp:[m[K In member function ‘[01m[Kvirtual void nav2_behavior_tree::ApproachObjectAction::on_tick()[m[K’:
[01m[K/home/ayaa/Agro2/src/tiago_behavior_tree/src/pick_action.cpp:106:35:[m[K [01;31m[Kerror: [m[K‘[01m[Kusing Goal = using ApproachObject_Goal = struct tiago_behavior_tree::action::ApproachObject_Goal_<std::allocator<void> >[m[K’ {aka ‘[01m[Kstruct tiago_behavior_tree::action::ApproachObject_Goal_<std::allocator<void> >[m[K’} has no member named ‘[01m[Kpose[m[K’
  106 |     getInput("target_pose", goal_.[01;31m[Kpose[m[K);
      |                                   [01;31m[K^~~~[m[K
[01m[K/home/ayaa/Agro2/src/tiago_behavior_tree/src/pick_action.cpp:109:45:[m[K [01;31m[Kerror: [m[K‘[01m[Kusing Goal = using ApproachObject_Goal = struct tiago_behavior_tree::action::ApproachObject_Goal_<std::allocator<void> >[m[K’ {aka ‘[01m[Kstruct tiago_behavior_tree::action::ApproachObject_Goal_<std::allocator<void> >[m[K’} has no member named ‘[01m[Kpose[m[K’
  109 |     geometry_msgs::msg::Pose target = goal_.[01;31m[Kpose[m[K;
      |                                             [01;31m[K^~~~[m[K
gmake[2]: *** [CMakeFiles/pick_action_node.dir/build.make:76: CMakeFiles/pick_action_node.dir/src/pick_action.cpp.o] Error 1
gmake[1]: *** [CMakeFiles/Makefile2:595: CMakeFiles/pick_action_node.dir/all] Error 2
gmake: *** [Makefile:146: all] Error 2
