[5.870s] Invoking command in '/home/ayaa/Agro2/src/custom_worlds': PYTHONPATH=/home/ayaa/Agro2/build/custom_worlds/prefix_override:/usr/lib/python3/dist-packages/colcon_core/task/python/colcon_distutils_commands:/home/ayaa/Agro2/install/custom_worlds/lib/python3.10/site-packages:${PYTHONPATH} /usr/bin/python3 -W ignore:setup.py install is deprecated -W ignore:easy_install command is deprecated setup.py egg_info --egg-base ../../build/custom_worlds build --build-base /home/ayaa/Agro2/build/custom_worlds/build install --record /home/ayaa/Agro2/build/custom_worlds/install.log --single-version-externally-managed install_data
[6.896s] running egg_info
[6.945s] writing ../../build/custom_worlds/custom_worlds.egg-info/PKG-INFO
[6.946s] writing dependency_links to ../../build/custom_worlds/custom_worlds.egg-info/dependency_links.txt
[6.946s] writing requirements to ../../build/custom_worlds/custom_worlds.egg-info/requires.txt
[6.947s] writing top-level names to ../../build/custom_worlds/custom_worlds.egg-info/top_level.txt
[7.042s] reading manifest file '../../build/custom_worlds/custom_worlds.egg-info/SOURCES.txt'
[7.043s] adding license file 'LICENSE'
[7.044s] writing manifest file '../../build/custom_worlds/custom_worlds.egg-info/SOURCES.txt'
[7.044s] running build
[7.044s] running build_py
[7.045s] running install
[7.054s] running install_lib
[7.093s] running install_data
[7.093s] running install_egg_info
[7.142s] removing '/home/ayaa/Agro2/install/custom_worlds/lib/python3.10/site-packages/custom_worlds-0.0.0-py3.10.egg-info' (and everything under it)
[7.142s] Copying ../../build/custom_worlds/custom_worlds.egg-info to /home/ayaa/Agro2/install/custom_worlds/lib/python3.10/site-packages/custom_worlds-0.0.0-py3.10.egg-info
[7.142s] running install_scripts
[7.296s] writing list of installed files to '/home/ayaa/Agro2/build/custom_worlds/install.log'
[7.418s] Invoked command in '/home/ayaa/Agro2/src/custom_worlds' returned '0': PYTHONPATH=/home/ayaa/Agro2/build/custom_worlds/prefix_override:/usr/lib/python3/dist-packages/colcon_core/task/python/colcon_distutils_commands:/home/ayaa/Agro2/install/custom_worlds/lib/python3.10/site-packages:${PYTHONPATH} /usr/bin/python3 -W ignore:setup.py install is deprecated -W ignore:easy_install command is deprecated setup.py egg_info --egg-base ../../build/custom_worlds build --build-base /home/ayaa/Agro2/build/custom_worlds/build install --record /home/ayaa/Agro2/build/custom_worlds/install.log --single-version-externally-managed install_data
