[0.730s] Invoking command in '/home/ayaa/Agro2/build/ur5_moveit': /usr/bin/cmake /home/ayaa/Agro2/src/ur5_moveit -DCMAKE_INSTALL_PREFIX=/home/ayaa/Agro2/install/ur5_moveit
[0.787s] -- The C compiler identification is GNU 11.4.0
[0.852s] -- The CXX compiler identification is GNU 11.4.0
[0.862s] -- Detecting C compiler ABI info
[0.932s] -- Detecting C compiler ABI info - done
[0.947s] -- Check for working C compiler: /usr/bin/cc - skipped
[0.948s] -- Detecting C compile features
[0.948s] -- Detecting C compile features - done
[0.953s] -- Detecting CXX compiler ABI info
[1.034s] -- Detecting CXX compiler ABI info - done
[1.049s] -- Check for working CXX compiler: /usr/bin/c++ - skipped
[1.050s] -- Detecting CXX compile features
[1.050s] -- Detecting CXX compile features - done
[1.055s] -- Found ament_cmake: 1.3.11 (/opt/ros/humble/share/ament_cmake/cmake)
[1.805s] -- Found Python3: /usr/bin/python3 (found version "3.10.12") found components: Interpreter 
[1.956s] Error parsing '/home/ayaa/Agro2/src/ur5_moveit/package.xml':
[2.004s] Traceback (most recent call last):
[2.004s]   File "/opt/ros/humble/share/ament_cmake_core/cmake/core/package_xml_2_cmake.py", line 150, in <module>
[2.004s]     main()
[2.004s]   File "/opt/ros/humble/share/ament_cmake_core/cmake/core/package_xml_2_cmake.py", line 53, in main
[2.004s]     raise e
[2.005s]   File "/opt/ros/humble/share/ament_cmake_core/cmake/core/package_xml_2_cmake.py", line 49, in main
[2.005s]     package = parse_package_string(
[2.005s]   File "/usr/lib/python3/dist-packages/catkin_pkg/package.py", line 788, in parse_package_string
[2.005s]     pkg.validate(warnings=warnings)
[2.005s]   File "/usr/lib/python3/dist-packages/catkin_pkg/package.py", line 330, in validate
[2.005s]     raise InvalidPackage('\n'.join(errors), self.filename)
[2.005s] catkin_pkg.package.InvalidPackage: Error(s) in package '/home/ayaa/Agro2/src/ur5_moveit/package.xml':
[2.005s] Invalid email "" for person ""
[2.005s] Maintainers must have an email address
[2.006s] Invalid email "" for person ""
[2.021s] [31mCMake Error at /opt/ros/humble/share/ament_cmake_core/cmake/core/ament_package_xml.cmake:95 (message):
[2.021s]   execute_process(/usr/bin/python3
[2.021s]   /opt/ros/humble/share/ament_cmake_core/cmake/core/package_xml_2_cmake.py
[2.021s]   /home/ayaa/Agro2/src/ur5_moveit/package.xml
[2.021s]   /home/ayaa/Agro2/build/ur5_moveit/ament_cmake_core/package.cmake) returned
[2.021s]   error code 1
[2.021s] Call Stack (most recent call first):
[2.021s]   /opt/ros/humble/share/ament_cmake_core/cmake/core/ament_package_xml.cmake:49 (_ament_package_xml)
[2.021s]   /opt/ros/humble/share/ament_cmake_core/cmake/core/ament_package.cmake:63 (ament_package_xml)
[2.021s]   CMakeLists.txt:6 (ament_package)
[2.021s] 
[2.021s] [0m
[2.022s] -- Configuring incomplete, errors occurred!
[2.022s] See also "/home/ayaa/Agro2/build/ur5_moveit/CMakeFiles/CMakeOutput.log".
[2.026s] Invoked command in '/home/ayaa/Agro2/build/ur5_moveit' returned '1': /usr/bin/cmake /home/ayaa/Agro2/src/ur5_moveit -DCMAKE_INSTALL_PREFIX=/home/ayaa/Agro2/install/ur5_moveit
