[5.784s] Invoking command in '/home/ayaa/Agro2/src/fer_gazebo': PYTHONPATH=/home/ayaa/Agro2/build/fer_gazebo/prefix_override:/usr/lib/python3/dist-packages/colcon_core/task/python/colcon_distutils_commands:/home/ayaa/Agro2/install/fer_gazebo/lib/python3.10/site-packages:${PYTHONPATH} /usr/bin/python3 -W ignore:setup.py install is deprecated -W ignore:easy_install command is deprecated setup.py egg_info --egg-base ../../build/fer_gazebo build --build-base /home/ayaa/Agro2/build/fer_gazebo/build install --record /home/ayaa/Agro2/build/fer_gazebo/install.log --single-version-externally-managed install_data
[6.231s] running egg_info
[6.250s] writing ../../build/fer_gazebo/fer_gazebo.egg-info/PKG-INFO
[6.251s] writing dependency_links to ../../build/fer_gazebo/fer_gazebo.egg-info/dependency_links.txt
[6.251s] writing entry points to ../../build/fer_gazebo/fer_gazebo.egg-info/entry_points.txt
[6.251s] writing requirements to ../../build/fer_gazebo/fer_gazebo.egg-info/requires.txt
[6.251s] writing top-level names to ../../build/fer_gazebo/fer_gazebo.egg-info/top_level.txt
[6.307s] reading manifest file '../../build/fer_gazebo/fer_gazebo.egg-info/SOURCES.txt'
[6.308s] writing manifest file '../../build/fer_gazebo/fer_gazebo.egg-info/SOURCES.txt'
[6.308s] running build
[6.308s] running build_py
[6.308s] running install
[6.315s] running install_lib
[6.334s] running install_data
[6.334s] running install_egg_info
[6.355s] removing '/home/ayaa/Agro2/install/fer_gazebo/lib/python3.10/site-packages/fer_gazebo-0.0.0-py3.10.egg-info' (and everything under it)
[6.355s] Copying ../../build/fer_gazebo/fer_gazebo.egg-info to /home/ayaa/Agro2/install/fer_gazebo/lib/python3.10/site-packages/fer_gazebo-0.0.0-py3.10.egg-info
[6.356s] running install_scripts
[6.429s] Installing pick_place script to /home/ayaa/Agro2/install/fer_gazebo/lib/fer_gazebo
[6.429s] writing list of installed files to '/home/ayaa/Agro2/build/fer_gazebo/install.log'
[6.540s] Invoked command in '/home/ayaa/Agro2/src/fer_gazebo' returned '0': PYTHONPATH=/home/ayaa/Agro2/build/fer_gazebo/prefix_override:/usr/lib/python3/dist-packages/colcon_core/task/python/colcon_distutils_commands:/home/ayaa/Agro2/install/fer_gazebo/lib/python3.10/site-packages:${PYTHONPATH} /usr/bin/python3 -W ignore:setup.py install is deprecated -W ignore:easy_install command is deprecated setup.py egg_info --egg-base ../../build/fer_gazebo build --build-base /home/ayaa/Agro2/build/fer_gazebo/build install --record /home/ayaa/Agro2/build/fer_gazebo/install.log --single-version-externally-managed install_data
