[4.404s] Invoking command in '/home/ayaa/Agro2/src/custom_worlds': PYTHONPATH=/home/ayaa/Agro2/build/custom_worlds/prefix_override:/usr/lib/python3/dist-packages/colcon_core/task/python/colcon_distutils_commands:/home/ayaa/Agro2/install/custom_worlds/lib/python3.10/site-packages:${PYTHONPATH} /usr/bin/python3 -W ignore:setup.py install is deprecated -W ignore:easy_install command is deprecated setup.py egg_info --egg-base ../../build/custom_worlds build --build-base /home/ayaa/Agro2/build/custom_worlds/build install --record /home/ayaa/Agro2/build/custom_worlds/install.log --single-version-externally-managed install_data
[5.642s] running egg_info
[5.696s] writing ../../build/custom_worlds/custom_worlds.egg-info/PKG-INFO
[5.696s] writing dependency_links to ../../build/custom_worlds/custom_worlds.egg-info/dependency_links.txt
[5.697s] writing requirements to ../../build/custom_worlds/custom_worlds.egg-info/requires.txt
[5.698s] writing top-level names to ../../build/custom_worlds/custom_worlds.egg-info/top_level.txt
[5.786s] reading manifest file '../../build/custom_worlds/custom_worlds.egg-info/SOURCES.txt'
[5.787s] adding license file 'LICENSE'
[5.788s] writing manifest file '../../build/custom_worlds/custom_worlds.egg-info/SOURCES.txt'
[5.789s] running build
[5.789s] running build_py
[5.790s] running install
[5.808s] running install_lib
[5.863s] running install_data
[5.863s] running install_egg_info
[5.942s] removing '/home/ayaa/Agro2/install/custom_worlds/lib/python3.10/site-packages/custom_worlds-0.0.0-py3.10.egg-info' (and everything under it)
[5.959s] Copying ../../build/custom_worlds/custom_worlds.egg-info to /home/ayaa/Agro2/install/custom_worlds/lib/python3.10/site-packages/custom_worlds-0.0.0-py3.10.egg-info
[5.962s] running install_scripts
[6.138s] writing list of installed files to '/home/ayaa/Agro2/build/custom_worlds/install.log'
[6.329s] Invoked command in '/home/ayaa/Agro2/src/custom_worlds' returned '0': PYTHONPATH=/home/ayaa/Agro2/build/custom_worlds/prefix_override:/usr/lib/python3/dist-packages/colcon_core/task/python/colcon_distutils_commands:/home/ayaa/Agro2/install/custom_worlds/lib/python3.10/site-packages:${PYTHONPATH} /usr/bin/python3 -W ignore:setup.py install is deprecated -W ignore:easy_install command is deprecated setup.py egg_info --egg-base ../../build/custom_worlds build --build-base /home/ayaa/Agro2/build/custom_worlds/build install --record /home/ayaa/Agro2/build/custom_worlds/install.log --single-version-externally-managed install_data
