[1.400s] Invoking command in '/home/ayaa/Agro2/build/occupancy_grid_demo': CMAKE_PREFIX_PATH=${CMAKE_PREFIX_PATH}:/home/ayaa/Agro2/install/trials:/home/ayaa/Agro2/install/tiago_custom:/home/ayaa/Agro2/install/my_nav2_bringup:/home/ayaa/Agro2/install/fer_gazebo:/home/ayaa/Agro2/install/custom_worlds:/opt/ros/humble /usr/bin/cmake --build /home/ayaa/Agro2/build/occupancy_grid_demo -- -j8 -l8
[1.494s] [ 50%] Built target grid_publisher
[1.494s] [100%] Built target astar_planner_node
[1.559s] Invoked command in '/home/ayaa/Agro2/build/occupancy_grid_demo' returned '0': CMAKE_PREFIX_PATH=${CMAKE_PREFIX_PATH}:/home/ayaa/Agro2/install/trials:/home/ayaa/Agro2/install/tiago_custom:/home/ayaa/Agro2/install/my_nav2_bringup:/home/ayaa/Agro2/install/fer_gazebo:/home/ayaa/Agro2/install/custom_worlds:/opt/ros/humble /usr/bin/cmake --build /home/ayaa/Agro2/build/occupancy_grid_demo -- -j8 -l8
[1.561s] Invoking command in '/home/ayaa/Agro2/build/occupancy_grid_demo': CMAKE_PREFIX_PATH=${CMAKE_PREFIX_PATH}:/home/ayaa/Agro2/install/trials:/home/ayaa/Agro2/install/tiago_custom:/home/ayaa/Agro2/install/my_nav2_bringup:/home/ayaa/Agro2/install/fer_gazebo:/home/ayaa/Agro2/install/custom_worlds:/opt/ros/humble /usr/bin/cmake --install /home/ayaa/Agro2/build/occupancy_grid_demo
[1.619s] -- Install configuration: ""
[1.620s] -- Up-to-date: /home/ayaa/Agro2/install/occupancy_grid_demo/lib/occupancy_grid_demo/grid_publisher
[1.620s] -- Up-to-date: /home/ayaa/Agro2/install/occupancy_grid_demo/lib/occupancy_grid_demo/astar_planner_node
[1.620s] -- Up-to-date: /home/ayaa/Agro2/install/occupancy_grid_demo/share/ament_index/resource_index/package_run_dependencies/occupancy_grid_demo
[1.621s] -- Up-to-date: /home/ayaa/Agro2/install/occupancy_grid_demo/share/ament_index/resource_index/parent_prefix_path/occupancy_grid_demo
[1.621s] -- Up-to-date: /home/ayaa/Agro2/install/occupancy_grid_demo/share/occupancy_grid_demo/environment/ament_prefix_path.sh
[1.621s] -- Up-to-date: /home/ayaa/Agro2/install/occupancy_grid_demo/share/occupancy_grid_demo/environment/ament_prefix_path.dsv
[1.622s] -- Up-to-date: /home/ayaa/Agro2/install/occupancy_grid_demo/share/occupancy_grid_demo/environment/path.sh
[1.622s] -- Up-to-date: /home/ayaa/Agro2/install/occupancy_grid_demo/share/occupancy_grid_demo/environment/path.dsv
[1.623s] -- Up-to-date: /home/ayaa/Agro2/install/occupancy_grid_demo/share/occupancy_grid_demo/local_setup.bash
[1.623s] -- Up-to-date: /home/ayaa/Agro2/install/occupancy_grid_demo/share/occupancy_grid_demo/local_setup.sh
[1.623s] -- Up-to-date: /home/ayaa/Agro2/install/occupancy_grid_demo/share/occupancy_grid_demo/local_setup.zsh
[1.623s] -- Up-to-date: /home/ayaa/Agro2/install/occupancy_grid_demo/share/occupancy_grid_demo/local_setup.dsv
[1.623s] -- Installing: /home/ayaa/Agro2/install/occupancy_grid_demo/share/occupancy_grid_demo/package.dsv
[1.624s] -- Up-to-date: /home/ayaa/Agro2/install/occupancy_grid_demo/share/ament_index/resource_index/packages/occupancy_grid_demo
[1.624s] -- Up-to-date: /home/ayaa/Agro2/install/occupancy_grid_demo/share/occupancy_grid_demo/cmake/occupancy_grid_demoConfig.cmake
[1.624s] -- Up-to-date: /home/ayaa/Agro2/install/occupancy_grid_demo/share/occupancy_grid_demo/cmake/occupancy_grid_demoConfig-version.cmake
[1.624s] -- Up-to-date: /home/ayaa/Agro2/install/occupancy_grid_demo/share/occupancy_grid_demo/package.xml
[1.644s] Invoked command in '/home/ayaa/Agro2/build/occupancy_grid_demo' returned '0': CMAKE_PREFIX_PATH=${CMAKE_PREFIX_PATH}:/home/ayaa/Agro2/install/trials:/home/ayaa/Agro2/install/tiago_custom:/home/ayaa/Agro2/install/my_nav2_bringup:/home/ayaa/Agro2/install/fer_gazebo:/home/ayaa/Agro2/install/custom_worlds:/opt/ros/humble /usr/bin/cmake --install /home/ayaa/Agro2/build/occupancy_grid_demo
