[1.381s] Invoking command in '/home/ayaa/Agro2/my_nav2_bringup': PYTHONPATH=/home/ayaa/Agro2/build/my_nav2_bringup/prefix_override:/usr/lib/python3/dist-packages/colcon_core/task/python/colcon_distutils_commands:/home/ayaa/Agro2/install/my_nav2_bringup/lib/python3.8/site-packages:${PYTHONPATH} /usr/bin/python3 -W ignore:setup.py install is deprecated -W ignore:easy_install command is deprecated setup.py egg_info --egg-base ../build/my_nav2_bringup build --build-base /home/ayaa/Agro2/build/my_nav2_bringup/build install --record /home/ayaa/Agro2/build/my_nav2_bringup/install.log --install-scripts $base/lib/my_nav2_bringup --single-version-externally-managed install_data
[1.615s] running egg_info
[1.615s] creating ../build/my_nav2_bringup/my_nav2_bringup.egg-info
[1.616s] writing ../build/my_nav2_bringup/my_nav2_bringup.egg-info/PKG-INFO
[1.616s] writing dependency_links to ../build/my_nav2_bringup/my_nav2_bringup.egg-info/dependency_links.txt
[1.616s] writing entry points to ../build/my_nav2_bringup/my_nav2_bringup.egg-info/entry_points.txt
[1.616s] writing requirements to ../build/my_nav2_bringup/my_nav2_bringup.egg-info/requires.txt
[1.617s] writing top-level names to ../build/my_nav2_bringup/my_nav2_bringup.egg-info/top_level.txt
[1.621s] writing manifest file '../build/my_nav2_bringup/my_nav2_bringup.egg-info/SOURCES.txt'
[1.655s] reading manifest file '../build/my_nav2_bringup/my_nav2_bringup.egg-info/SOURCES.txt'
[1.656s] writing manifest file '../build/my_nav2_bringup/my_nav2_bringup.egg-info/SOURCES.txt'
[1.656s] running build
[1.656s] running build_py
[1.656s] creating /home/ayaa/Agro2/build/my_nav2_bringup/build
[1.656s] creating /home/ayaa/Agro2/build/my_nav2_bringup/build/lib
[1.656s] creating /home/ayaa/Agro2/build/my_nav2_bringup/build/lib/my_nav2_bringup
[1.656s] copying my_nav2_bringup/__init__.py -> /home/ayaa/Agro2/build/my_nav2_bringup/build/lib/my_nav2_bringup
[1.657s] running install
[1.657s] running install_lib
[1.658s] creating /home/ayaa/Agro2/install/my_nav2_bringup/lib/python3.8/site-packages/my_nav2_bringup
[1.658s] copying /home/ayaa/Agro2/build/my_nav2_bringup/build/lib/my_nav2_bringup/__init__.py -> /home/ayaa/Agro2/install/my_nav2_bringup/lib/python3.8/site-packages/my_nav2_bringup
[1.659s] byte-compiling /home/ayaa/Agro2/install/my_nav2_bringup/lib/python3.8/site-packages/my_nav2_bringup/__init__.py to __init__.cpython-38.pyc
[1.660s] running install_data
[1.660s] creating /home/ayaa/Agro2/install/my_nav2_bringup/share/ament_index
[1.660s] creating /home/ayaa/Agro2/install/my_nav2_bringup/share/ament_index/resource_index
[1.660s] creating /home/ayaa/Agro2/install/my_nav2_bringup/share/ament_index/resource_index/packages
[1.661s] copying resource/my_nav2_bringup -> /home/ayaa/Agro2/install/my_nav2_bringup/share/ament_index/resource_index/packages
[1.661s] copying package.xml -> /home/ayaa/Agro2/install/my_nav2_bringup/share/my_nav2_bringup
[1.661s] running install_egg_info
[1.663s] Copying ../build/my_nav2_bringup/my_nav2_bringup.egg-info to /home/ayaa/Agro2/install/my_nav2_bringup/lib/python3.8/site-packages/my_nav2_bringup-0.0.0-py3.8.egg-info
[1.664s] running install_scripts
[1.680s] writing list of installed files to '/home/ayaa/Agro2/build/my_nav2_bringup/install.log'
[1.705s] Invoked command in '/home/ayaa/Agro2/my_nav2_bringup' returned '0': PYTHONPATH=/home/ayaa/Agro2/build/my_nav2_bringup/prefix_override:/usr/lib/python3/dist-packages/colcon_core/task/python/colcon_distutils_commands:/home/ayaa/Agro2/install/my_nav2_bringup/lib/python3.8/site-packages:${PYTHONPATH} /usr/bin/python3 -W ignore:setup.py install is deprecated -W ignore:easy_install command is deprecated setup.py egg_info --egg-base ../build/my_nav2_bringup build --build-base /home/ayaa/Agro2/build/my_nav2_bringup/build install --record /home/ayaa/Agro2/build/my_nav2_bringup/install.log --install-scripts $base/lib/my_nav2_bringup --single-version-externally-managed install_data
