[0.062s] Invoking command in '/home/ayaa/Agro2/build/service_define': CMAKE_PREFIX_PATH=${CMAKE_PREFIX_PATH}:/home/ayaa/Agro2/install/trials:/home/ayaa/Agro2/install/tiago_custom:/home/ayaa/Agro2/install/my_nav2_bringup:/home/ayaa/Agro2/install/fer_gazebo:/home/ayaa/Agro2/install/custom_worlds:/opt/ros/humble /usr/bin/cmake --build /home/ayaa/Agro2/build/service_define -- -j8 -l8
[2.318s] [  3%] Built target service_define__cpp
[2.319s] [ 12%] Built target service_define__rosidl_generator_c
[2.319s] [ 12%] Built target ament_cmake_python_copy_service_define
[2.319s] [ 16%] [32mBuilding CXX object CMakeFiles/service_define__rosidl_typesupport_cpp.dir/rosidl_typesupport_cpp/service_define/srv/add_two_ints__type_support.cpp.o[0m
[2.319s] [ 19%] [32mBuilding CXX object CMakeFiles/service_define__rosidl_typesupport_introspection_cpp.dir/rosidl_typesupport_introspection_cpp/service_define/srv/detail/add_two_ints__type_support.cpp.o[0m
[2.320s] [ 22%] [32mBuilding CXX object CMakeFiles/service_define__rosidl_typesupport_fastrtps_c.dir/rosidl_typesupport_fastrtps_c/service_define/srv/detail/add_two_ints__type_support_c.cpp.o[0m
[2.320s] [ 25%] [32mBuilding CXX object CMakeFiles/service_define__rosidl_typesupport_fastrtps_cpp.dir/rosidl_typesupport_fastrtps_cpp/service_define/srv/detail/dds_fastrtps/add_two_ints__type_support.cpp.o[0m
[2.320s] [ 35%] Built target service_define__rosidl_typesupport_c
[2.322s] [ 45%] Built target service_define__rosidl_typesupport_introspection_c
[2.322s] [ 48%] [32m[1mLinking CXX shared library libservice_define__rosidl_typesupport_cpp.so[0m
[2.322s] [ 51%] [32m[1mLinking CXX shared library libservice_define__rosidl_typesupport_fastrtps_c.so[0m
[2.322s] running egg_info
[2.322s] writing service_define.egg-info/PKG-INFO
[2.323s] writing dependency_links to service_define.egg-info/dependency_links.txt
[2.323s] writing top-level names to service_define.egg-info/top_level.txt
[2.323s] [ 54%] [32m[1mLinking CXX shared library libservice_define__rosidl_typesupport_fastrtps_cpp.so[0m
[2.323s] [ 58%] Built target service_define__rosidl_typesupport_cpp
[2.323s] [ 61%] [32m[1mLinking CXX shared library libservice_define__rosidl_typesupport_introspection_cpp.so[0m
[2.323s] reading manifest file 'service_define.egg-info/SOURCES.txt'
[2.323s] writing manifest file 'service_define.egg-info/SOURCES.txt'
[2.323s] [ 64%] Built target service_define__rosidl_typesupport_fastrtps_c
[2.323s] [ 67%] Built target service_define__rosidl_typesupport_introspection_cpp
[2.323s] [ 67%] Built target ament_cmake_python_build_service_define_egg
[2.323s] [ 70%] Built target service_define__rosidl_typesupport_fastrtps_cpp
[2.323s] [ 70%] Built target service_define
[2.323s] [ 74%] Built target service_define__py
[2.323s] [ 77%] [32mBuilding C object CMakeFiles/service_define__rosidl_generator_py.dir/rosidl_generator_py/service_define/srv/_add_two_ints_s.c.o[0m
[2.323s] [ 80%] [32m[1mLinking C shared library rosidl_generator_py/service_define/libservice_define__rosidl_generator_py.so[0m
[2.323s] [ 80%] Built target service_define__rosidl_generator_py
[2.324s] [ 83%] [32mBuilding C object CMakeFiles/service_define__rosidl_typesupport_introspection_c__pyext.dir/rosidl_generator_py/service_define/_service_define_s.ep.rosidl_typesupport_introspection_c.c.o[0m
[2.324s] [ 87%] [32mBuilding C object CMakeFiles/service_define__rosidl_typesupport_c__pyext.dir/rosidl_generator_py/service_define/_service_define_s.ep.rosidl_typesupport_c.c.o[0m
[2.324s] [ 90%] [32mBuilding C object CMakeFiles/service_define__rosidl_typesupport_fastrtps_c__pyext.dir/rosidl_generator_py/service_define/_service_define_s.ep.rosidl_typesupport_fastrtps_c.c.o[0m
[2.324s] [ 93%] [32m[1mLinking C shared library rosidl_generator_py/service_define/service_define_s__rosidl_typesupport_fastrtps_c.cpython-310-x86_64-linux-gnu.so[0m
[2.324s] [ 96%] [32m[1mLinking C shared library rosidl_generator_py/service_define/service_define_s__rosidl_typesupport_c.cpython-310-x86_64-linux-gnu.so[0m
[2.324s] [100%] [32m[1mLinking C shared library rosidl_generator_py/service_define/service_define_s__rosidl_typesupport_introspection_c.cpython-310-x86_64-linux-gnu.so[0m
[2.324s] [100%] Built target service_define__rosidl_typesupport_fastrtps_c__pyext
[2.324s] [100%] Built target service_define__rosidl_typesupport_c__pyext
[2.324s] [100%] Built target service_define__rosidl_typesupport_introspection_c__pyext
[2.340s] Invoked command in '/home/ayaa/Agro2/build/service_define' returned '0': CMAKE_PREFIX_PATH=${CMAKE_PREFIX_PATH}:/home/ayaa/Agro2/install/trials:/home/ayaa/Agro2/install/tiago_custom:/home/ayaa/Agro2/install/my_nav2_bringup:/home/ayaa/Agro2/install/fer_gazebo:/home/ayaa/Agro2/install/custom_worlds:/opt/ros/humble /usr/bin/cmake --build /home/ayaa/Agro2/build/service_define -- -j8 -l8
[2.342s] Invoking command in '/home/ayaa/Agro2/build/service_define': CMAKE_PREFIX_PATH=${CMAKE_PREFIX_PATH}:/home/ayaa/Agro2/install/trials:/home/ayaa/Agro2/install/tiago_custom:/home/ayaa/Agro2/install/my_nav2_bringup:/home/ayaa/Agro2/install/fer_gazebo:/home/ayaa/Agro2/install/custom_worlds:/opt/ros/humble /usr/bin/cmake --install /home/ayaa/Agro2/build/service_define
[2.419s] -- Install configuration: ""
[2.419s] -- Up-to-date: /home/ayaa/Agro2/install/service_define/share/ament_index/resource_index/rosidl_interfaces/service_define
[2.419s] -- Up-to-date: /home/ayaa/Agro2/install/service_define/include/service_define/service_define
[2.420s] -- Up-to-date: /home/ayaa/Agro2/install/service_define/include/service_define/service_define/srv
[2.420s] -- Up-to-date: /home/ayaa/Agro2/install/service_define/include/service_define/service_define/srv/detail
[2.421s] -- Up-to-date: /home/ayaa/Agro2/install/service_define/include/service_define/service_define/srv/detail/add_two_ints__functions.h
[2.421s] -- Up-to-date: /home/ayaa/Agro2/install/service_define/include/service_define/service_define/srv/detail/add_two_ints__functions.c
[2.421s] -- Up-to-date: /home/ayaa/Agro2/install/service_define/include/service_define/service_define/srv/detail/add_two_ints__type_support.h
[2.422s] -- Up-to-date: /home/ayaa/Agro2/install/service_define/include/service_define/service_define/srv/detail/add_two_ints__struct.h
[2.422s] -- Up-to-date: /home/ayaa/Agro2/install/service_define/include/service_define/service_define/srv/add_two_ints.h
[2.422s] -- Up-to-date: /home/ayaa/Agro2/install/service_define/include/service_define/service_define/msg
[2.423s] -- Up-to-date: /home/ayaa/Agro2/install/service_define/include/service_define/service_define/msg/rosidl_generator_c__visibility_control.h
[2.424s] -- Installing: /home/ayaa/Agro2/install/service_define/share/service_define/environment/library_path.sh
[2.424s] -- Up-to-date: /home/ayaa/Agro2/install/service_define/share/service_define/environment/library_path.dsv
[2.425s] -- Up-to-date: /home/ayaa/Agro2/install/service_define/lib/libservice_define__rosidl_generator_c.so
[2.425s] -- Up-to-date: /home/ayaa/Agro2/install/service_define/include/service_define/service_define
[2.425s] -- Up-to-date: /home/ayaa/Agro2/install/service_define/include/service_define/service_define/srv
[2.425s] -- Up-to-date: /home/ayaa/Agro2/install/service_define/include/service_define/service_define/srv/detail
[2.425s] -- Up-to-date: /home/ayaa/Agro2/install/service_define/include/service_define/service_define/srv/detail/add_two_ints__rosidl_typesupport_fastrtps_c.h
[2.425s] -- Up-to-date: /home/ayaa/Agro2/install/service_define/include/service_define/service_define/msg
[2.426s] -- Up-to-date: /home/ayaa/Agro2/install/service_define/include/service_define/service_define/msg/rosidl_typesupport_fastrtps_c__visibility_control.h
[2.426s] -- Installing: /home/ayaa/Agro2/install/service_define/lib/libservice_define__rosidl_typesupport_fastrtps_c.so
[2.426s] -- Set runtime path of "/home/ayaa/Agro2/install/service_define/lib/libservice_define__rosidl_typesupport_fastrtps_c.so" to ""
[2.426s] -- Up-to-date: /home/ayaa/Agro2/install/service_define/include/service_define/service_define
[2.426s] -- Up-to-date: /home/ayaa/Agro2/install/service_define/include/service_define/service_define/srv
[2.426s] -- Up-to-date: /home/ayaa/Agro2/install/service_define/include/service_define/service_define/srv/detail
[2.427s] -- Up-to-date: /home/ayaa/Agro2/install/service_define/include/service_define/service_define/srv/detail/add_two_ints__builder.hpp
[2.427s] -- Up-to-date: /home/ayaa/Agro2/install/service_define/include/service_define/service_define/srv/detail/add_two_ints__struct.hpp
[2.427s] -- Up-to-date: /home/ayaa/Agro2/install/service_define/include/service_define/service_define/srv/detail/add_two_ints__type_support.hpp
[2.427s] -- Up-to-date: /home/ayaa/Agro2/install/service_define/include/service_define/service_define/srv/detail/add_two_ints__traits.hpp
[2.428s] -- Up-to-date: /home/ayaa/Agro2/install/service_define/include/service_define/service_define/srv/add_two_ints.hpp
[2.428s] -- Up-to-date: /home/ayaa/Agro2/install/service_define/include/service_define/service_define/msg
[2.429s] -- Up-to-date: /home/ayaa/Agro2/install/service_define/include/service_define/service_define/msg/rosidl_generator_cpp__visibility_control.hpp
[2.429s] -- Up-to-date: /home/ayaa/Agro2/install/service_define/include/service_define/service_define
[2.429s] -- Up-to-date: /home/ayaa/Agro2/install/service_define/include/service_define/service_define/srv
[2.429s] -- Up-to-date: /home/ayaa/Agro2/install/service_define/include/service_define/service_define/srv/detail
[2.429s] -- Up-to-date: /home/ayaa/Agro2/install/service_define/include/service_define/service_define/srv/detail/dds_fastrtps
[2.429s] -- Up-to-date: /home/ayaa/Agro2/install/service_define/include/service_define/service_define/srv/detail/add_two_ints__rosidl_typesupport_fastrtps_cpp.hpp
[2.430s] -- Up-to-date: /home/ayaa/Agro2/install/service_define/include/service_define/service_define/msg
[2.430s] -- Up-to-date: /home/ayaa/Agro2/install/service_define/include/service_define/service_define/msg/rosidl_typesupport_fastrtps_cpp__visibility_control.h
[2.430s] -- Installing: /home/ayaa/Agro2/install/service_define/lib/libservice_define__rosidl_typesupport_fastrtps_cpp.so
[2.430s] -- Set runtime path of "/home/ayaa/Agro2/install/service_define/lib/libservice_define__rosidl_typesupport_fastrtps_cpp.so" to ""
[2.430s] -- Up-to-date: /home/ayaa/Agro2/install/service_define/include/service_define/service_define
[2.430s] -- Up-to-date: /home/ayaa/Agro2/install/service_define/include/service_define/service_define/srv
[2.431s] -- Up-to-date: /home/ayaa/Agro2/install/service_define/include/service_define/service_define/srv/detail
[2.431s] -- Up-to-date: /home/ayaa/Agro2/install/service_define/include/service_define/service_define/srv/detail/add_two_ints__rosidl_typesupport_introspection_c.h
[2.431s] -- Up-to-date: /home/ayaa/Agro2/install/service_define/include/service_define/service_define/srv/detail/add_two_ints__type_support.c
[2.431s] -- Up-to-date: /home/ayaa/Agro2/install/service_define/include/service_define/service_define/msg
[2.431s] -- Up-to-date: /home/ayaa/Agro2/install/service_define/include/service_define/service_define/msg/rosidl_typesupport_introspection_c__visibility_control.h
[2.431s] -- Up-to-date: /home/ayaa/Agro2/install/service_define/lib/libservice_define__rosidl_typesupport_introspection_c.so
[2.432s] -- Up-to-date: /home/ayaa/Agro2/install/service_define/lib/libservice_define__rosidl_typesupport_c.so
[2.432s] -- Up-to-date: /home/ayaa/Agro2/install/service_define/include/service_define/service_define
[2.433s] -- Up-to-date: /home/ayaa/Agro2/install/service_define/include/service_define/service_define/srv
[2.433s] -- Up-to-date: /home/ayaa/Agro2/install/service_define/include/service_define/service_define/srv/detail
[2.438s] -- Up-to-date: /home/ayaa/Agro2/install/service_define/include/service_define/service_define/srv/detail/add_two_ints__rosidl_typesupport_introspection_cpp.hpp
[2.439s] -- Up-to-date: /home/ayaa/Agro2/install/service_define/include/service_define/service_define/srv/detail/add_two_ints__type_support.cpp
[2.439s] -- Installing: /home/ayaa/Agro2/install/service_define/lib/libservice_define__rosidl_typesupport_introspection_cpp.so
[2.439s] -- Set runtime path of "/home/ayaa/Agro2/install/service_define/lib/libservice_define__rosidl_typesupport_introspection_cpp.so" to ""
[2.441s] -- Installing: /home/ayaa/Agro2/install/service_define/lib/libservice_define__rosidl_typesupport_cpp.so
[2.442s] -- Set runtime path of "/home/ayaa/Agro2/install/service_define/lib/libservice_define__rosidl_typesupport_cpp.so" to ""
[2.443s] -- Up-to-date: /home/ayaa/Agro2/install/service_define/share/service_define/environment/pythonpath.sh
[2.443s] -- Up-to-date: /home/ayaa/Agro2/install/service_define/share/service_define/environment/pythonpath.dsv
[2.444s] -- Up-to-date: /home/ayaa/Agro2/install/service_define/local/lib/python3.10/dist-packages/service_define-0.0.0-py3.10.egg-info
[2.444s] -- Installing: /home/ayaa/Agro2/install/service_define/local/lib/python3.10/dist-packages/service_define-0.0.0-py3.10.egg-info/PKG-INFO
[2.445s] -- Installing: /home/ayaa/Agro2/install/service_define/local/lib/python3.10/dist-packages/service_define-0.0.0-py3.10.egg-info/dependency_links.txt
[2.445s] -- Installing: /home/ayaa/Agro2/install/service_define/local/lib/python3.10/dist-packages/service_define-0.0.0-py3.10.egg-info/SOURCES.txt
[2.446s] -- Installing: /home/ayaa/Agro2/install/service_define/local/lib/python3.10/dist-packages/service_define-0.0.0-py3.10.egg-info/top_level.txt
[2.447s] -- Up-to-date: /home/ayaa/Agro2/install/service_define/local/lib/python3.10/dist-packages/service_define
[2.448s] -- Up-to-date: /home/ayaa/Agro2/install/service_define/local/lib/python3.10/dist-packages/service_define/__init__.py
[2.448s] -- Up-to-date: /home/ayaa/Agro2/install/service_define/local/lib/python3.10/dist-packages/service_define/srv
[2.448s] -- Up-to-date: /home/ayaa/Agro2/install/service_define/local/lib/python3.10/dist-packages/service_define/srv/__init__.py
[2.449s] -- Up-to-date: /home/ayaa/Agro2/install/service_define/local/lib/python3.10/dist-packages/service_define/srv/_add_two_ints.py
[2.450s] -- Up-to-date: /home/ayaa/Agro2/install/service_define/local/lib/python3.10/dist-packages/service_define/srv/_add_two_ints_s.c
[2.450s] -- Installing: /home/ayaa/Agro2/install/service_define/local/lib/python3.10/dist-packages/service_define/service_define_s__rosidl_typesupport_introspection_c.cpython-310-x86_64-linux-gnu.so
[2.450s] -- Up-to-date: /home/ayaa/Agro2/install/service_define/local/lib/python3.10/dist-packages/service_define/_service_define_s.ep.rosidl_typesupport_c.c
[2.450s] -- Up-to-date: /home/ayaa/Agro2/install/service_define/local/lib/python3.10/dist-packages/service_define/_service_define_s.ep.rosidl_typesupport_fastrtps_c.c
[2.451s] -- Installing: /home/ayaa/Agro2/install/service_define/local/lib/python3.10/dist-packages/service_define/service_define_s__rosidl_typesupport_c.cpython-310-x86_64-linux-gnu.so
[2.451s] -- Installing: /home/ayaa/Agro2/install/service_define/local/lib/python3.10/dist-packages/service_define/service_define_s__rosidl_typesupport_fastrtps_c.cpython-310-x86_64-linux-gnu.so
[2.451s] -- Up-to-date: /home/ayaa/Agro2/install/service_define/local/lib/python3.10/dist-packages/service_define/_service_define_s.ep.rosidl_typesupport_introspection_c.c
[2.452s] -- Installing: /home/ayaa/Agro2/install/service_define/local/lib/python3.10/dist-packages/service_define/libservice_define__rosidl_generator_py.so
[2.458s] Listing '/home/ayaa/Agro2/install/service_define/local/lib/python3.10/dist-packages/service_define'...
[2.458s] Listing '/home/ayaa/Agro2/install/service_define/local/lib/python3.10/dist-packages/service_define/srv'...
[2.461s] -- Installing: /home/ayaa/Agro2/install/service_define/local/lib/python3.10/dist-packages/service_define/service_define_s__rosidl_typesupport_fastrtps_c.cpython-310-x86_64-linux-gnu.so
[2.462s] -- Set runtime path of "/home/ayaa/Agro2/install/service_define/local/lib/python3.10/dist-packages/service_define/service_define_s__rosidl_typesupport_fastrtps_c.cpython-310-x86_64-linux-gnu.so" to ""
[2.463s] -- Installing: /home/ayaa/Agro2/install/service_define/local/lib/python3.10/dist-packages/service_define/service_define_s__rosidl_typesupport_introspection_c.cpython-310-x86_64-linux-gnu.so
[2.464s] -- Set runtime path of "/home/ayaa/Agro2/install/service_define/local/lib/python3.10/dist-packages/service_define/service_define_s__rosidl_typesupport_introspection_c.cpython-310-x86_64-linux-gnu.so" to ""
[2.464s] -- Installing: /home/ayaa/Agro2/install/service_define/local/lib/python3.10/dist-packages/service_define/service_define_s__rosidl_typesupport_c.cpython-310-x86_64-linux-gnu.so
[2.465s] -- Set runtime path of "/home/ayaa/Agro2/install/service_define/local/lib/python3.10/dist-packages/service_define/service_define_s__rosidl_typesupport_c.cpython-310-x86_64-linux-gnu.so" to ""
[2.466s] -- Installing: /home/ayaa/Agro2/install/service_define/lib/libservice_define__rosidl_generator_py.so
[2.466s] -- Set runtime path of "/home/ayaa/Agro2/install/service_define/lib/libservice_define__rosidl_generator_py.so" to ""
[2.466s] -- Up-to-date: /home/ayaa/Agro2/install/service_define/share/service_define/srv/AddTwoInts.idl
[2.466s] -- Up-to-date: /home/ayaa/Agro2/install/service_define/share/service_define/srv/AddTwoInts.srv
[2.466s] -- Up-to-date: /home/ayaa/Agro2/install/service_define/share/service_define/srv/AddTwoInts_Request.msg
[2.466s] -- Up-to-date: /home/ayaa/Agro2/install/service_define/share/service_define/srv/AddTwoInts_Response.msg
[2.467s] -- Up-to-date: /home/ayaa/Agro2/install/service_define/share/ament_index/resource_index/package_run_dependencies/service_define
[2.467s] -- Up-to-date: /home/ayaa/Agro2/install/service_define/share/ament_index/resource_index/parent_prefix_path/service_define
[2.467s] -- Up-to-date: /home/ayaa/Agro2/install/service_define/share/service_define/environment/ament_prefix_path.sh
[2.467s] -- Up-to-date: /home/ayaa/Agro2/install/service_define/share/service_define/environment/ament_prefix_path.dsv
[2.467s] -- Up-to-date: /home/ayaa/Agro2/install/service_define/share/service_define/environment/path.sh
[2.467s] -- Up-to-date: /home/ayaa/Agro2/install/service_define/share/service_define/environment/path.dsv
[2.467s] -- Up-to-date: /home/ayaa/Agro2/install/service_define/share/service_define/local_setup.bash
[2.469s] -- Up-to-date: /home/ayaa/Agro2/install/service_define/share/service_define/local_setup.sh
[2.471s] -- Up-to-date: /home/ayaa/Agro2/install/service_define/share/service_define/local_setup.zsh
[2.472s] -- Up-to-date: /home/ayaa/Agro2/install/service_define/share/service_define/local_setup.dsv
[2.472s] -- Installing: /home/ayaa/Agro2/install/service_define/share/service_define/package.dsv
[2.474s] -- Up-to-date: /home/ayaa/Agro2/install/service_define/share/ament_index/resource_index/packages/service_define
[2.475s] -- Up-to-date: /home/ayaa/Agro2/install/service_define/share/service_define/cmake/export_service_define__rosidl_generator_cExport.cmake
[2.475s] -- Up-to-date: /home/ayaa/Agro2/install/service_define/share/service_define/cmake/export_service_define__rosidl_generator_cExport-noconfig.cmake
[2.475s] -- Up-to-date: /home/ayaa/Agro2/install/service_define/share/service_define/cmake/export_service_define__rosidl_typesupport_fastrtps_cExport.cmake
[2.475s] -- Up-to-date: /home/ayaa/Agro2/install/service_define/share/service_define/cmake/export_service_define__rosidl_typesupport_fastrtps_cExport-noconfig.cmake
[2.477s] -- Up-to-date: /home/ayaa/Agro2/install/service_define/share/service_define/cmake/export_service_define__rosidl_generator_cppExport.cmake
[2.480s] -- Up-to-date: /home/ayaa/Agro2/install/service_define/share/service_define/cmake/export_service_define__rosidl_typesupport_fastrtps_cppExport.cmake
[2.480s] -- Up-to-date: /home/ayaa/Agro2/install/service_define/share/service_define/cmake/export_service_define__rosidl_typesupport_fastrtps_cppExport-noconfig.cmake
[2.482s] -- Up-to-date: /home/ayaa/Agro2/install/service_define/share/service_define/cmake/service_define__rosidl_typesupport_introspection_cExport.cmake
[2.483s] -- Up-to-date: /home/ayaa/Agro2/install/service_define/share/service_define/cmake/service_define__rosidl_typesupport_introspection_cExport-noconfig.cmake
[2.483s] -- Up-to-date: /home/ayaa/Agro2/install/service_define/share/service_define/cmake/service_define__rosidl_typesupport_cExport.cmake
[2.483s] -- Up-to-date: /home/ayaa/Agro2/install/service_define/share/service_define/cmake/service_define__rosidl_typesupport_cExport-noconfig.cmake
[2.485s] -- Up-to-date: /home/ayaa/Agro2/install/service_define/share/service_define/cmake/service_define__rosidl_typesupport_introspection_cppExport.cmake
[2.485s] -- Up-to-date: /home/ayaa/Agro2/install/service_define/share/service_define/cmake/service_define__rosidl_typesupport_introspection_cppExport-noconfig.cmake
[2.485s] -- Up-to-date: /home/ayaa/Agro2/install/service_define/share/service_define/cmake/service_define__rosidl_typesupport_cppExport.cmake
[2.485s] -- Up-to-date: /home/ayaa/Agro2/install/service_define/share/service_define/cmake/service_define__rosidl_typesupport_cppExport-noconfig.cmake
[2.486s] -- Up-to-date: /home/ayaa/Agro2/install/service_define/share/service_define/cmake/export_service_define__rosidl_generator_pyExport.cmake
[2.486s] -- Up-to-date: /home/ayaa/Agro2/install/service_define/share/service_define/cmake/export_service_define__rosidl_generator_pyExport-noconfig.cmake
[2.486s] -- Up-to-date: /home/ayaa/Agro2/install/service_define/share/service_define/cmake/rosidl_cmake-extras.cmake
[2.486s] -- Up-to-date: /home/ayaa/Agro2/install/service_define/share/service_define/cmake/ament_cmake_export_dependencies-extras.cmake
[2.487s] -- Up-to-date: /home/ayaa/Agro2/install/service_define/share/service_define/cmake/ament_cmake_export_include_directories-extras.cmake
[2.487s] -- Up-to-date: /home/ayaa/Agro2/install/service_define/share/service_define/cmake/ament_cmake_export_libraries-extras.cmake
[2.487s] -- Up-to-date: /home/ayaa/Agro2/install/service_define/share/service_define/cmake/ament_cmake_export_targets-extras.cmake
[2.488s] -- Up-to-date: /home/ayaa/Agro2/install/service_define/share/service_define/cmake/rosidl_cmake_export_typesupport_targets-extras.cmake
[2.488s] -- Up-to-date: /home/ayaa/Agro2/install/service_define/share/service_define/cmake/rosidl_cmake_export_typesupport_libraries-extras.cmake
[2.488s] -- Up-to-date: /home/ayaa/Agro2/install/service_define/share/service_define/cmake/service_defineConfig.cmake
[2.488s] -- Up-to-date: /home/ayaa/Agro2/install/service_define/share/service_define/cmake/service_defineConfig-version.cmake
[2.488s] -- Up-to-date: /home/ayaa/Agro2/install/service_define/share/service_define/package.xml
[2.540s] Invoked command in '/home/ayaa/Agro2/build/service_define' returned '0': CMAKE_PREFIX_PATH=${CMAKE_PREFIX_PATH}:/home/ayaa/Agro2/install/trials:/home/ayaa/Agro2/install/tiago_custom:/home/ayaa/Agro2/install/my_nav2_bringup:/home/ayaa/Agro2/install/fer_gazebo:/home/ayaa/Agro2/install/custom_worlds:/opt/ros/humble /usr/bin/cmake --install /home/ayaa/Agro2/build/service_define
