[0.114s] Invoking command in '/home/ayaa/Agro2/build/tiago_behavior_tree': CMAKE_PREFIX_PATH=${CMAKE_PREFIX_PATH}:/home/ayaa/Agro2/install/trials:/home/ayaa/Agro2/install/tiago_custom:/home/ayaa/Agro2/install/my_nav2_bringup:/home/ayaa/Agro2/install/fer_gazebo:/home/ayaa/Agro2/install/custom_worlds:/opt/ros/humble /usr/bin/cmake --build /home/ayaa/Agro2/build/tiago_behavior_tree -- -j8 -l8
[0.208s] [  3%] Built target tiago_behavior_tree__cpp
[0.215s] [ 12%] Built target tiago_behavior_tree__rosidl_generator_c
[0.230s] [ 12%] Built target ament_cmake_python_copy_tiago_behavior_tree
[0.262s] [ 21%] Built target tiago_behavior_tree__rosidl_typesupport_cpp
[0.270s] [ 30%] Built target tiago_behavior_tree__rosidl_typesupport_fastrtps_cpp
[0.277s] [ 39%] Built target tiago_behavior_tree__rosidl_typesupport_introspection_cpp
[0.279s] [ 48%] Built target tiago_behavior_tree__rosidl_typesupport_fastrtps_c
[0.281s] [ 57%] Built target tiago_behavior_tree__rosidl_typesupport_introspection_c
[0.300s] [ 66%] Built target tiago_behavior_tree__rosidl_typesupport_c
[0.325s] [ 69%] [32mBuilding CXX object CMakeFiles/pick_action_node.dir/src/pick_action.cpp.o[0m
[0.339s] [ 69%] Built target tiago_behavior_tree
[0.370s] [ 72%] Built target tiago_behavior_tree__py
[0.401s] [ 78%] Built target tiago_behavior_tree__rosidl_generator_py
[0.471s] [ 84%] Built target tiago_behavior_tree__rosidl_typesupport_introspection_c__pyext
[0.488s] [ 90%] Built target tiago_behavior_tree__rosidl_typesupport_fastrtps_c__pyext
[0.499s] [ 96%] Built target tiago_behavior_tree__rosidl_typesupport_c__pyext
[1.016s] running egg_info
[1.052s] writing tiago_behavior_tree.egg-info/PKG-INFO
[1.052s] writing dependency_links to tiago_behavior_tree.egg-info/dependency_links.txt
[1.053s] writing top-level names to tiago_behavior_tree.egg-info/top_level.txt
[1.152s] reading manifest file 'tiago_behavior_tree.egg-info/SOURCES.txt'
[1.154s] writing manifest file 'tiago_behavior_tree.egg-info/SOURCES.txt'
[1.260s] [ 96%] Built target ament_cmake_python_build_tiago_behavior_tree_egg
[7.942s] [100%] [32m[1mLinking CXX shared library libpick_action_node.so[0m
[8.423s] [100%] Built target pick_action_node
[8.435s] Invoked command in '/home/ayaa/Agro2/build/tiago_behavior_tree' returned '0': CMAKE_PREFIX_PATH=${CMAKE_PREFIX_PATH}:/home/ayaa/Agro2/install/trials:/home/ayaa/Agro2/install/tiago_custom:/home/ayaa/Agro2/install/my_nav2_bringup:/home/ayaa/Agro2/install/fer_gazebo:/home/ayaa/Agro2/install/custom_worlds:/opt/ros/humble /usr/bin/cmake --build /home/ayaa/Agro2/build/tiago_behavior_tree -- -j8 -l8
[8.437s] Invoking command in '/home/ayaa/Agro2/build/tiago_behavior_tree': CMAKE_PREFIX_PATH=${CMAKE_PREFIX_PATH}:/home/ayaa/Agro2/install/trials:/home/ayaa/Agro2/install/tiago_custom:/home/ayaa/Agro2/install/my_nav2_bringup:/home/ayaa/Agro2/install/fer_gazebo:/home/ayaa/Agro2/install/custom_worlds:/opt/ros/humble /usr/bin/cmake --install /home/ayaa/Agro2/build/tiago_behavior_tree
[8.447s] -- Install configuration: ""
[8.447s] -- Up-to-date: /home/ayaa/Agro2/install/tiago_behavior_tree/share/ament_index/resource_index/rosidl_interfaces/tiago_behavior_tree
[8.448s] -- Up-to-date: /home/ayaa/Agro2/install/tiago_behavior_tree/include/tiago_behavior_tree/tiago_behavior_tree
[8.448s] -- Up-to-date: /home/ayaa/Agro2/install/tiago_behavior_tree/include/tiago_behavior_tree/tiago_behavior_tree/msg
[8.448s] -- Up-to-date: /home/ayaa/Agro2/install/tiago_behavior_tree/include/tiago_behavior_tree/tiago_behavior_tree/msg/rosidl_generator_c__visibility_control.h
[8.449s] -- Up-to-date: /home/ayaa/Agro2/install/tiago_behavior_tree/include/tiago_behavior_tree/tiago_behavior_tree/action
[8.449s] -- Up-to-date: /home/ayaa/Agro2/install/tiago_behavior_tree/include/tiago_behavior_tree/tiago_behavior_tree/action/detail
[8.449s] -- Up-to-date: /home/ayaa/Agro2/install/tiago_behavior_tree/include/tiago_behavior_tree/tiago_behavior_tree/action/detail/open_gripper__functions.c
[8.449s] -- Up-to-date: /home/ayaa/Agro2/install/tiago_behavior_tree/include/tiago_behavior_tree/tiago_behavior_tree/action/detail/open_gripper__functions.h
[8.449s] -- Up-to-date: /home/ayaa/Agro2/install/tiago_behavior_tree/include/tiago_behavior_tree/tiago_behavior_tree/action/detail/open_gripper__struct.h
[8.449s] -- Up-to-date: /home/ayaa/Agro2/install/tiago_behavior_tree/include/tiago_behavior_tree/tiago_behavior_tree/action/detail/open_gripper__type_support.h
[8.449s] -- Up-to-date: /home/ayaa/Agro2/install/tiago_behavior_tree/include/tiago_behavior_tree/tiago_behavior_tree/action/open_gripper.h
[8.449s] -- Up-to-date: /home/ayaa/Agro2/install/tiago_behavior_tree/share/tiago_behavior_tree/environment/library_path.sh
[8.449s] -- Up-to-date: /home/ayaa/Agro2/install/tiago_behavior_tree/share/tiago_behavior_tree/environment/library_path.dsv
[8.450s] -- Up-to-date: /home/ayaa/Agro2/install/tiago_behavior_tree/lib/libtiago_behavior_tree__rosidl_generator_c.so
[8.450s] -- Up-to-date: /home/ayaa/Agro2/install/tiago_behavior_tree/include/tiago_behavior_tree/tiago_behavior_tree
[8.450s] -- Up-to-date: /home/ayaa/Agro2/install/tiago_behavior_tree/include/tiago_behavior_tree/tiago_behavior_tree/msg
[8.451s] -- Up-to-date: /home/ayaa/Agro2/install/tiago_behavior_tree/include/tiago_behavior_tree/tiago_behavior_tree/msg/rosidl_typesupport_fastrtps_c__visibility_control.h
[8.451s] -- Up-to-date: /home/ayaa/Agro2/install/tiago_behavior_tree/include/tiago_behavior_tree/tiago_behavior_tree/action
[8.451s] -- Up-to-date: /home/ayaa/Agro2/install/tiago_behavior_tree/include/tiago_behavior_tree/tiago_behavior_tree/action/detail
[8.451s] -- Up-to-date: /home/ayaa/Agro2/install/tiago_behavior_tree/include/tiago_behavior_tree/tiago_behavior_tree/action/detail/open_gripper__rosidl_typesupport_fastrtps_c.h
[8.451s] -- Up-to-date: /home/ayaa/Agro2/install/tiago_behavior_tree/lib/libtiago_behavior_tree__rosidl_typesupport_fastrtps_c.so
[8.451s] -- Up-to-date: /home/ayaa/Agro2/install/tiago_behavior_tree/include/tiago_behavior_tree/tiago_behavior_tree
[8.451s] -- Up-to-date: /home/ayaa/Agro2/install/tiago_behavior_tree/include/tiago_behavior_tree/tiago_behavior_tree/msg
[8.451s] -- Up-to-date: /home/ayaa/Agro2/install/tiago_behavior_tree/include/tiago_behavior_tree/tiago_behavior_tree/msg/rosidl_generator_cpp__visibility_control.hpp
[8.451s] -- Up-to-date: /home/ayaa/Agro2/install/tiago_behavior_tree/include/tiago_behavior_tree/tiago_behavior_tree/action
[8.452s] -- Up-to-date: /home/ayaa/Agro2/install/tiago_behavior_tree/include/tiago_behavior_tree/tiago_behavior_tree/action/detail
[8.452s] -- Up-to-date: /home/ayaa/Agro2/install/tiago_behavior_tree/include/tiago_behavior_tree/tiago_behavior_tree/action/detail/open_gripper__traits.hpp
[8.452s] -- Up-to-date: /home/ayaa/Agro2/install/tiago_behavior_tree/include/tiago_behavior_tree/tiago_behavior_tree/action/detail/open_gripper__type_support.hpp
[8.452s] -- Up-to-date: /home/ayaa/Agro2/install/tiago_behavior_tree/include/tiago_behavior_tree/tiago_behavior_tree/action/detail/open_gripper__struct.hpp
[8.452s] -- Up-to-date: /home/ayaa/Agro2/install/tiago_behavior_tree/include/tiago_behavior_tree/tiago_behavior_tree/action/detail/open_gripper__builder.hpp
[8.452s] -- Up-to-date: /home/ayaa/Agro2/install/tiago_behavior_tree/include/tiago_behavior_tree/tiago_behavior_tree/action/open_gripper.hpp
[8.452s] -- Up-to-date: /home/ayaa/Agro2/install/tiago_behavior_tree/include/tiago_behavior_tree/tiago_behavior_tree
[8.452s] -- Up-to-date: /home/ayaa/Agro2/install/tiago_behavior_tree/include/tiago_behavior_tree/tiago_behavior_tree/msg
[8.452s] -- Up-to-date: /home/ayaa/Agro2/install/tiago_behavior_tree/include/tiago_behavior_tree/tiago_behavior_tree/msg/rosidl_typesupport_fastrtps_cpp__visibility_control.h
[8.452s] -- Up-to-date: /home/ayaa/Agro2/install/tiago_behavior_tree/include/tiago_behavior_tree/tiago_behavior_tree/action
[8.453s] -- Up-to-date: /home/ayaa/Agro2/install/tiago_behavior_tree/include/tiago_behavior_tree/tiago_behavior_tree/action/detail
[8.453s] -- Up-to-date: /home/ayaa/Agro2/install/tiago_behavior_tree/include/tiago_behavior_tree/tiago_behavior_tree/action/detail/open_gripper__rosidl_typesupport_fastrtps_cpp.hpp
[8.453s] -- Up-to-date: /home/ayaa/Agro2/install/tiago_behavior_tree/include/tiago_behavior_tree/tiago_behavior_tree/action/detail/dds_fastrtps
[8.453s] -- Up-to-date: /home/ayaa/Agro2/install/tiago_behavior_tree/lib/libtiago_behavior_tree__rosidl_typesupport_fastrtps_cpp.so
[8.453s] -- Up-to-date: /home/ayaa/Agro2/install/tiago_behavior_tree/include/tiago_behavior_tree/tiago_behavior_tree
[8.453s] -- Up-to-date: /home/ayaa/Agro2/install/tiago_behavior_tree/include/tiago_behavior_tree/tiago_behavior_tree/msg
[8.454s] -- Up-to-date: /home/ayaa/Agro2/install/tiago_behavior_tree/include/tiago_behavior_tree/tiago_behavior_tree/msg/rosidl_typesupport_introspection_c__visibility_control.h
[8.454s] -- Up-to-date: /home/ayaa/Agro2/install/tiago_behavior_tree/include/tiago_behavior_tree/tiago_behavior_tree/action
[8.454s] -- Up-to-date: /home/ayaa/Agro2/install/tiago_behavior_tree/include/tiago_behavior_tree/tiago_behavior_tree/action/detail
[8.454s] -- Up-to-date: /home/ayaa/Agro2/install/tiago_behavior_tree/include/tiago_behavior_tree/tiago_behavior_tree/action/detail/open_gripper__type_support.c
[8.454s] -- Up-to-date: /home/ayaa/Agro2/install/tiago_behavior_tree/include/tiago_behavior_tree/tiago_behavior_tree/action/detail/open_gripper__rosidl_typesupport_introspection_c.h
[8.454s] -- Up-to-date: /home/ayaa/Agro2/install/tiago_behavior_tree/lib/libtiago_behavior_tree__rosidl_typesupport_introspection_c.so
[8.454s] -- Up-to-date: /home/ayaa/Agro2/install/tiago_behavior_tree/lib/libtiago_behavior_tree__rosidl_typesupport_c.so
[8.455s] -- Up-to-date: /home/ayaa/Agro2/install/tiago_behavior_tree/include/tiago_behavior_tree/tiago_behavior_tree
[8.455s] -- Up-to-date: /home/ayaa/Agro2/install/tiago_behavior_tree/include/tiago_behavior_tree/tiago_behavior_tree/action
[8.455s] -- Up-to-date: /home/ayaa/Agro2/install/tiago_behavior_tree/include/tiago_behavior_tree/tiago_behavior_tree/action/detail
[8.455s] -- Up-to-date: /home/ayaa/Agro2/install/tiago_behavior_tree/include/tiago_behavior_tree/tiago_behavior_tree/action/detail/open_gripper__type_support.cpp
[8.455s] -- Up-to-date: /home/ayaa/Agro2/install/tiago_behavior_tree/include/tiago_behavior_tree/tiago_behavior_tree/action/detail/open_gripper__rosidl_typesupport_introspection_cpp.hpp
[8.455s] -- Up-to-date: /home/ayaa/Agro2/install/tiago_behavior_tree/lib/libtiago_behavior_tree__rosidl_typesupport_introspection_cpp.so
[8.455s] -- Up-to-date: /home/ayaa/Agro2/install/tiago_behavior_tree/lib/libtiago_behavior_tree__rosidl_typesupport_cpp.so
[8.456s] -- Up-to-date: /home/ayaa/Agro2/install/tiago_behavior_tree/share/tiago_behavior_tree/environment/pythonpath.sh
[8.456s] -- Up-to-date: /home/ayaa/Agro2/install/tiago_behavior_tree/share/tiago_behavior_tree/environment/pythonpath.dsv
[8.456s] -- Up-to-date: /home/ayaa/Agro2/install/tiago_behavior_tree/local/lib/python3.10/dist-packages/tiago_behavior_tree-0.0.0-py3.10.egg-info
[8.456s] -- Installing: /home/ayaa/Agro2/install/tiago_behavior_tree/local/lib/python3.10/dist-packages/tiago_behavior_tree-0.0.0-py3.10.egg-info/PKG-INFO
[8.456s] -- Installing: /home/ayaa/Agro2/install/tiago_behavior_tree/local/lib/python3.10/dist-packages/tiago_behavior_tree-0.0.0-py3.10.egg-info/dependency_links.txt
[8.456s] -- Installing: /home/ayaa/Agro2/install/tiago_behavior_tree/local/lib/python3.10/dist-packages/tiago_behavior_tree-0.0.0-py3.10.egg-info/SOURCES.txt
[8.456s] -- Installing: /home/ayaa/Agro2/install/tiago_behavior_tree/local/lib/python3.10/dist-packages/tiago_behavior_tree-0.0.0-py3.10.egg-info/top_level.txt
[8.456s] -- Up-to-date: /home/ayaa/Agro2/install/tiago_behavior_tree/local/lib/python3.10/dist-packages/tiago_behavior_tree
[8.456s] -- Up-to-date: /home/ayaa/Agro2/install/tiago_behavior_tree/local/lib/python3.10/dist-packages/tiago_behavior_tree/__init__.py
[8.457s] -- Up-to-date: /home/ayaa/Agro2/install/tiago_behavior_tree/local/lib/python3.10/dist-packages/tiago_behavior_tree/_tiago_behavior_tree_s.ep.rosidl_typesupport_introspection_c.c
[8.457s] -- Up-to-date: /home/ayaa/Agro2/install/tiago_behavior_tree/local/lib/python3.10/dist-packages/tiago_behavior_tree/tiago_behavior_tree_s__rosidl_typesupport_introspection_c.cpython-310-x86_64-linux-gnu.so
[8.457s] -- Up-to-date: /home/ayaa/Agro2/install/tiago_behavior_tree/local/lib/python3.10/dist-packages/tiago_behavior_tree/_tiago_behavior_tree_s.ep.rosidl_typesupport_c.c
[8.457s] -- Up-to-date: /home/ayaa/Agro2/install/tiago_behavior_tree/local/lib/python3.10/dist-packages/tiago_behavior_tree/_tiago_behavior_tree_s.ep.rosidl_typesupport_fastrtps_c.c
[8.458s] -- Up-to-date: /home/ayaa/Agro2/install/tiago_behavior_tree/local/lib/python3.10/dist-packages/tiago_behavior_tree/tiago_behavior_tree_s__rosidl_typesupport_c.cpython-310-x86_64-linux-gnu.so
[8.458s] -- Up-to-date: /home/ayaa/Agro2/install/tiago_behavior_tree/local/lib/python3.10/dist-packages/tiago_behavior_tree/tiago_behavior_tree_s__rosidl_typesupport_fastrtps_c.cpython-310-x86_64-linux-gnu.so
[8.458s] -- Up-to-date: /home/ayaa/Agro2/install/tiago_behavior_tree/local/lib/python3.10/dist-packages/tiago_behavior_tree/action
[8.458s] -- Up-to-date: /home/ayaa/Agro2/install/tiago_behavior_tree/local/lib/python3.10/dist-packages/tiago_behavior_tree/action/__init__.py
[8.458s] -- Up-to-date: /home/ayaa/Agro2/install/tiago_behavior_tree/local/lib/python3.10/dist-packages/tiago_behavior_tree/action/_open_gripper_s.c
[8.458s] -- Up-to-date: /home/ayaa/Agro2/install/tiago_behavior_tree/local/lib/python3.10/dist-packages/tiago_behavior_tree/action/_open_gripper.py
[8.458s] -- Up-to-date: /home/ayaa/Agro2/install/tiago_behavior_tree/local/lib/python3.10/dist-packages/tiago_behavior_tree/libtiago_behavior_tree__rosidl_generator_py.so
[8.523s] Listing '/home/ayaa/Agro2/install/tiago_behavior_tree/local/lib/python3.10/dist-packages/tiago_behavior_tree'...
[8.523s] Listing '/home/ayaa/Agro2/install/tiago_behavior_tree/local/lib/python3.10/dist-packages/tiago_behavior_tree/action'...
[8.530s] -- Up-to-date: /home/ayaa/Agro2/install/tiago_behavior_tree/local/lib/python3.10/dist-packages/tiago_behavior_tree/tiago_behavior_tree_s__rosidl_typesupport_fastrtps_c.cpython-310-x86_64-linux-gnu.so
[8.531s] -- Up-to-date: /home/ayaa/Agro2/install/tiago_behavior_tree/local/lib/python3.10/dist-packages/tiago_behavior_tree/tiago_behavior_tree_s__rosidl_typesupport_introspection_c.cpython-310-x86_64-linux-gnu.so
[8.531s] -- Up-to-date: /home/ayaa/Agro2/install/tiago_behavior_tree/local/lib/python3.10/dist-packages/tiago_behavior_tree/tiago_behavior_tree_s__rosidl_typesupport_c.cpython-310-x86_64-linux-gnu.so
[8.532s] -- Up-to-date: /home/ayaa/Agro2/install/tiago_behavior_tree/lib/libtiago_behavior_tree__rosidl_generator_py.so
[8.532s] -- Up-to-date: /home/ayaa/Agro2/install/tiago_behavior_tree/share/tiago_behavior_tree/action/OpenGripper.idl
[8.532s] -- Up-to-date: /home/ayaa/Agro2/install/tiago_behavior_tree/share/tiago_behavior_tree/action/OpenGripper.action
[8.532s] -- Installing: /home/ayaa/Agro2/install/tiago_behavior_tree/share/tiago_behavior_tree/pick_plugin.xml
[8.532s] -- Up-to-date: /home/ayaa/Agro2/install/tiago_behavior_tree/include
[8.533s] -- Up-to-date: /home/ayaa/Agro2/install/tiago_behavior_tree/include/tiago_behavior_tree
[8.533s] -- Up-to-date: /home/ayaa/Agro2/install/tiago_behavior_tree/include/tiago_behavior_tree/action
[8.533s] -- Up-to-date: /home/ayaa/Agro2/install/tiago_behavior_tree/include/tiago_behavior_tree/action/OpenGripper.action
[8.533s] -- Installing: /home/ayaa/Agro2/install/tiago_behavior_tree/lib/libpick_action_node.so
[8.536s] -- Set runtime path of "/home/ayaa/Agro2/install/tiago_behavior_tree/lib/libpick_action_node.so" to ""
[8.537s] -- Up-to-date: /home/ayaa/Agro2/install/tiago_behavior_tree/share/tiago_behavior_tree/pick_plugin.xml
[8.537s] -- Up-to-date: /home/ayaa/Agro2/install/tiago_behavior_tree/share/ament_index/resource_index/package_run_dependencies/tiago_behavior_tree
[8.537s] -- Up-to-date: /home/ayaa/Agro2/install/tiago_behavior_tree/share/ament_index/resource_index/parent_prefix_path/tiago_behavior_tree
[8.537s] -- Up-to-date: /home/ayaa/Agro2/install/tiago_behavior_tree/share/tiago_behavior_tree/environment/ament_prefix_path.sh
[8.537s] -- Up-to-date: /home/ayaa/Agro2/install/tiago_behavior_tree/share/tiago_behavior_tree/environment/ament_prefix_path.dsv
[8.538s] -- Up-to-date: /home/ayaa/Agro2/install/tiago_behavior_tree/share/tiago_behavior_tree/environment/path.sh
[8.538s] -- Up-to-date: /home/ayaa/Agro2/install/tiago_behavior_tree/share/tiago_behavior_tree/environment/path.dsv
[8.538s] -- Up-to-date: /home/ayaa/Agro2/install/tiago_behavior_tree/share/tiago_behavior_tree/local_setup.bash
[8.539s] -- Up-to-date: /home/ayaa/Agro2/install/tiago_behavior_tree/share/tiago_behavior_tree/local_setup.sh
[8.539s] -- Up-to-date: /home/ayaa/Agro2/install/tiago_behavior_tree/share/tiago_behavior_tree/local_setup.zsh
[8.539s] -- Up-to-date: /home/ayaa/Agro2/install/tiago_behavior_tree/share/tiago_behavior_tree/local_setup.dsv
[8.540s] -- Installing: /home/ayaa/Agro2/install/tiago_behavior_tree/share/tiago_behavior_tree/package.dsv
[8.540s] -- Up-to-date: /home/ayaa/Agro2/install/tiago_behavior_tree/share/ament_index/resource_index/packages/tiago_behavior_tree
[8.540s] -- Up-to-date: /home/ayaa/Agro2/install/tiago_behavior_tree/share/ament_index/resource_index/nav2_behavior_tree__pluginlib__plugin/tiago_behavior_tree
[8.540s] -- Up-to-date: /home/ayaa/Agro2/install/tiago_behavior_tree/share/tiago_behavior_tree/cmake/export_tiago_behavior_tree__rosidl_generator_cExport.cmake
[8.540s] -- Up-to-date: /home/ayaa/Agro2/install/tiago_behavior_tree/share/tiago_behavior_tree/cmake/export_tiago_behavior_tree__rosidl_generator_cExport-noconfig.cmake
[8.541s] -- Up-to-date: /home/ayaa/Agro2/install/tiago_behavior_tree/share/tiago_behavior_tree/cmake/export_tiago_behavior_tree__rosidl_typesupport_fastrtps_cExport.cmake
[8.541s] -- Up-to-date: /home/ayaa/Agro2/install/tiago_behavior_tree/share/tiago_behavior_tree/cmake/export_tiago_behavior_tree__rosidl_typesupport_fastrtps_cExport-noconfig.cmake
[8.541s] -- Up-to-date: /home/ayaa/Agro2/install/tiago_behavior_tree/share/tiago_behavior_tree/cmake/export_tiago_behavior_tree__rosidl_generator_cppExport.cmake
[8.541s] -- Up-to-date: /home/ayaa/Agro2/install/tiago_behavior_tree/share/tiago_behavior_tree/cmake/export_tiago_behavior_tree__rosidl_typesupport_fastrtps_cppExport.cmake
[8.541s] -- Up-to-date: /home/ayaa/Agro2/install/tiago_behavior_tree/share/tiago_behavior_tree/cmake/export_tiago_behavior_tree__rosidl_typesupport_fastrtps_cppExport-noconfig.cmake
[8.542s] -- Up-to-date: /home/ayaa/Agro2/install/tiago_behavior_tree/share/tiago_behavior_tree/cmake/tiago_behavior_tree__rosidl_typesupport_introspection_cExport.cmake
[8.542s] -- Up-to-date: /home/ayaa/Agro2/install/tiago_behavior_tree/share/tiago_behavior_tree/cmake/tiago_behavior_tree__rosidl_typesupport_introspection_cExport-noconfig.cmake
[8.542s] -- Up-to-date: /home/ayaa/Agro2/install/tiago_behavior_tree/share/tiago_behavior_tree/cmake/tiago_behavior_tree__rosidl_typesupport_cExport.cmake
[8.543s] -- Up-to-date: /home/ayaa/Agro2/install/tiago_behavior_tree/share/tiago_behavior_tree/cmake/tiago_behavior_tree__rosidl_typesupport_cExport-noconfig.cmake
[8.547s] -- Up-to-date: /home/ayaa/Agro2/install/tiago_behavior_tree/share/tiago_behavior_tree/cmake/tiago_behavior_tree__rosidl_typesupport_introspection_cppExport.cmake
[8.547s] -- Up-to-date: /home/ayaa/Agro2/install/tiago_behavior_tree/share/tiago_behavior_tree/cmake/tiago_behavior_tree__rosidl_typesupport_introspection_cppExport-noconfig.cmake
[8.548s] -- Up-to-date: /home/ayaa/Agro2/install/tiago_behavior_tree/share/tiago_behavior_tree/cmake/tiago_behavior_tree__rosidl_typesupport_cppExport.cmake
[8.548s] -- Up-to-date: /home/ayaa/Agro2/install/tiago_behavior_tree/share/tiago_behavior_tree/cmake/tiago_behavior_tree__rosidl_typesupport_cppExport-noconfig.cmake
[8.548s] -- Up-to-date: /home/ayaa/Agro2/install/tiago_behavior_tree/share/tiago_behavior_tree/cmake/export_tiago_behavior_tree__rosidl_generator_pyExport.cmake
[8.549s] -- Up-to-date: /home/ayaa/Agro2/install/tiago_behavior_tree/share/tiago_behavior_tree/cmake/export_tiago_behavior_tree__rosidl_generator_pyExport-noconfig.cmake
[8.549s] -- Up-to-date: /home/ayaa/Agro2/install/tiago_behavior_tree/share/tiago_behavior_tree/cmake/rosidl_cmake-extras.cmake
[8.550s] -- Up-to-date: /home/ayaa/Agro2/install/tiago_behavior_tree/share/tiago_behavior_tree/cmake/ament_cmake_export_dependencies-extras.cmake
[8.559s] -- Up-to-date: /home/ayaa/Agro2/install/tiago_behavior_tree/share/tiago_behavior_tree/cmake/ament_cmake_export_include_directories-extras.cmake
[8.559s] -- Up-to-date: /home/ayaa/Agro2/install/tiago_behavior_tree/share/tiago_behavior_tree/cmake/ament_cmake_export_libraries-extras.cmake
[8.560s] -- Up-to-date: /home/ayaa/Agro2/install/tiago_behavior_tree/share/tiago_behavior_tree/cmake/ament_cmake_export_targets-extras.cmake
[8.560s] -- Up-to-date: /home/ayaa/Agro2/install/tiago_behavior_tree/share/tiago_behavior_tree/cmake/rosidl_cmake_export_typesupport_targets-extras.cmake
[8.560s] -- Up-to-date: /home/ayaa/Agro2/install/tiago_behavior_tree/share/tiago_behavior_tree/cmake/rosidl_cmake_export_typesupport_libraries-extras.cmake
[8.561s] -- Up-to-date: /home/ayaa/Agro2/install/tiago_behavior_tree/share/tiago_behavior_tree/cmake/tiago_behavior_treeConfig.cmake
[8.561s] -- Up-to-date: /home/ayaa/Agro2/install/tiago_behavior_tree/share/tiago_behavior_tree/cmake/tiago_behavior_treeConfig-version.cmake
[8.561s] -- Up-to-date: /home/ayaa/Agro2/install/tiago_behavior_tree/share/tiago_behavior_tree/package.xml
[8.562s] Invoked command in '/home/ayaa/Agro2/build/tiago_behavior_tree' returned '0': CMAKE_PREFIX_PATH=${CMAKE_PREFIX_PATH}:/home/ayaa/Agro2/install/trials:/home/ayaa/Agro2/install/tiago_custom:/home/ayaa/Agro2/install/my_nav2_bringup:/home/ayaa/Agro2/install/fer_gazebo:/home/ayaa/Agro2/install/custom_worlds:/opt/ros/humble /usr/bin/cmake --install /home/ayaa/Agro2/build/tiago_behavior_tree
