[5.595s] Invoking command in '/home/ayaa/Agro2/src/custom_worlds': PYTHONPATH=/home/ayaa/Agro2/build/custom_worlds/prefix_override:/usr/lib/python3/dist-packages/colcon_core/task/python/colcon_distutils_commands:/home/ayaa/Agro2/install/custom_worlds/lib/python3.10/site-packages:${PYTHONPATH} /usr/bin/python3 -W ignore:setup.py install is deprecated -W ignore:easy_install command is deprecated setup.py egg_info --egg-base ../../build/custom_worlds build --build-base /home/ayaa/Agro2/build/custom_worlds/build install --record /home/ayaa/Agro2/build/custom_worlds/install.log --single-version-externally-managed install_data
[6.760s] running egg_info
[6.809s] writing ../../build/custom_worlds/custom_worlds.egg-info/PKG-INFO
[6.810s] writing dependency_links to ../../build/custom_worlds/custom_worlds.egg-info/dependency_links.txt
[6.810s] writing requirements to ../../build/custom_worlds/custom_worlds.egg-info/requires.txt
[6.811s] writing top-level names to ../../build/custom_worlds/custom_worlds.egg-info/top_level.txt
[6.901s] reading manifest file '../../build/custom_worlds/custom_worlds.egg-info/SOURCES.txt'
[6.903s] adding license file 'LICENSE'
[6.904s] writing manifest file '../../build/custom_worlds/custom_worlds.egg-info/SOURCES.txt'
[6.904s] running build
[6.904s] running build_py
[6.905s] running install
[6.924s] running install_lib
[6.963s] running install_data
[6.963s] running install_egg_info
[7.007s] removing '/home/ayaa/Agro2/install/custom_worlds/lib/python3.10/site-packages/custom_worlds-0.0.0-py3.10.egg-info' (and everything under it)
[7.008s] Copying ../../build/custom_worlds/custom_worlds.egg-info to /home/ayaa/Agro2/install/custom_worlds/lib/python3.10/site-packages/custom_worlds-0.0.0-py3.10.egg-info
[7.009s] running install_scripts
[7.179s] writing list of installed files to '/home/ayaa/Agro2/build/custom_worlds/install.log'
[7.349s] Invoked command in '/home/ayaa/Agro2/src/custom_worlds' returned '0': PYTHONPATH=/home/ayaa/Agro2/build/custom_worlds/prefix_override:/usr/lib/python3/dist-packages/colcon_core/task/python/colcon_distutils_commands:/home/ayaa/Agro2/install/custom_worlds/lib/python3.10/site-packages:${PYTHONPATH} /usr/bin/python3 -W ignore:setup.py install is deprecated -W ignore:easy_install command is deprecated setup.py egg_info --egg-base ../../build/custom_worlds build --build-base /home/ayaa/Agro2/build/custom_worlds/build install --record /home/ayaa/Agro2/build/custom_worlds/install.log --single-version-externally-managed install_data
