[0.058s] Invoking command in '/home/ayaa/Agro2/build/franka_description': CMAKE_PREFIX_PATH=/home/ayaa/Agro2/install/ur5_moveit:/home/ayaa/Agro2/install/ur_description:/home/ayaa/Agro2/install/tiago_simulation:/home/ayaa/Agro2/install/tiago_robot:/home/ayaa/Agro2/install/tiago_gazebo:/home/ayaa/Agro2/install/tiago_bringup:/home/ayaa/Agro2/install/tiago_description:/home/ayaa/Agro2/install/tiago_cpp:/home/ayaa/Agro2/install/tiago_controller_configuration:/home/ayaa/Agro2/install/tiago_behavior_tree:/home/ayaa/Agro2/install/fer_moveit:/home/ayaa/Agro2/install/tiago_custom:/home/ayaa/Agro2/install/my_nav2_bringup:/home/ayaa/Agro2/install/fer_gazebo:/home/ayaa/Agro2/install/custom_worlds:/opt/ros/humble:/home/ayaa/Agro2/install/franka_description:/home/ayaa/Agro2/install/fer_cpp_moveit /usr/bin/cmake --build /home/ayaa/Agro2/build/franka_description -- -j8 -l8
[1.988s] Invoked command in '/home/ayaa/Agro2/build/franka_description' returned '0': CMAKE_PREFIX_PATH=/home/ayaa/Agro2/install/ur5_moveit:/home/ayaa/Agro2/install/ur_description:/home/ayaa/Agro2/install/tiago_simulation:/home/ayaa/Agro2/install/tiago_robot:/home/ayaa/Agro2/install/tiago_gazebo:/home/ayaa/Agro2/install/tiago_bringup:/home/ayaa/Agro2/install/tiago_description:/home/ayaa/Agro2/install/tiago_cpp:/home/ayaa/Agro2/install/tiago_controller_configuration:/home/ayaa/Agro2/install/tiago_behavior_tree:/home/ayaa/Agro2/install/fer_moveit:/home/ayaa/Agro2/install/tiago_custom:/home/ayaa/Agro2/install/my_nav2_bringup:/home/ayaa/Agro2/install/fer_gazebo:/home/ayaa/Agro2/install/custom_worlds:/opt/ros/humble:/home/ayaa/Agro2/install/franka_description:/home/ayaa/Agro2/install/fer_cpp_moveit /usr/bin/cmake --build /home/ayaa/Agro2/build/franka_description -- -j8 -l8
[2.004s] Invoking command in '/home/ayaa/Agro2/build/franka_description': CMAKE_PREFIX_PATH=/home/ayaa/Agro2/install/ur5_moveit:/home/ayaa/Agro2/install/ur_description:/home/ayaa/Agro2/install/tiago_simulation:/home/ayaa/Agro2/install/tiago_robot:/home/ayaa/Agro2/install/tiago_gazebo:/home/ayaa/Agro2/install/tiago_bringup:/home/ayaa/Agro2/install/tiago_description:/home/ayaa/Agro2/install/tiago_cpp:/home/ayaa/Agro2/install/tiago_controller_configuration:/home/ayaa/Agro2/install/tiago_behavior_tree:/home/ayaa/Agro2/install/fer_moveit:/home/ayaa/Agro2/install/tiago_custom:/home/ayaa/Agro2/install/my_nav2_bringup:/home/ayaa/Agro2/install/fer_gazebo:/home/ayaa/Agro2/install/custom_worlds:/opt/ros/humble:/home/ayaa/Agro2/install/franka_description:/home/ayaa/Agro2/install/fer_cpp_moveit /usr/bin/cmake --install /home/ayaa/Agro2/build/franka_description
[2.061s] -- Install configuration: ""
[2.061s] -- Up-to-date: /home/ayaa/Agro2/install/franka_description/share/franka_description//launch
[2.062s] -- Up-to-date: /home/ayaa/Agro2/install/franka_description/share/franka_description//launch/visualize_franka.launch.py
[2.062s] -- Up-to-date: /home/ayaa/Agro2/install/franka_description/share/franka_description//robots
[2.062s] -- Up-to-date: /home/ayaa/Agro2/install/franka_description/share/franka_description//robots/fp3
[2.063s] -- Up-to-date: /home/ayaa/Agro2/install/franka_description/share/franka_description//robots/fp3/inertials.yaml
[2.063s] -- Up-to-date: /home/ayaa/Agro2/install/franka_description/share/franka_description//robots/fp3/joint_limits.yaml
[2.063s] -- Up-to-date: /home/ayaa/Agro2/install/franka_description/share/franka_description//robots/fp3/dynamics.yaml
[2.064s] -- Up-to-date: /home/ayaa/Agro2/install/franka_description/share/franka_description//robots/fp3/kinematics.yaml
[2.064s] -- Up-to-date: /home/ayaa/Agro2/install/franka_description/share/franka_description//robots/fp3/fp3.urdf.xacro
[2.065s] -- Up-to-date: /home/ayaa/Agro2/install/franka_description/share/franka_description//robots/fr3
[2.065s] -- Up-to-date: /home/ayaa/Agro2/install/franka_description/share/franka_description//robots/fr3/inertials.yaml
[2.065s] -- Up-to-date: /home/ayaa/Agro2/install/franka_description/share/franka_description//robots/fr3/joint_limits.yaml
[2.065s] -- Up-to-date: /home/ayaa/Agro2/install/franka_description/share/franka_description//robots/fr3/dynamics.yaml
[2.066s] -- Up-to-date: /home/ayaa/Agro2/install/franka_description/share/franka_description//robots/fr3/kinematics.yaml
[2.066s] -- Up-to-date: /home/ayaa/Agro2/install/franka_description/share/franka_description//robots/fr3/fr3.urdf.xacro
[2.066s] -- Up-to-date: /home/ayaa/Agro2/install/franka_description/share/franka_description//robots/fer
[2.066s] -- Up-to-date: /home/ayaa/Agro2/install/franka_description/share/franka_description//robots/fer/fer_ros2_control.xacro.urdf
[2.067s] -- Up-to-date: /home/ayaa/Agro2/install/franka_description/share/franka_description//robots/fer/inertials.yaml
[2.067s] -- Up-to-date: /home/ayaa/Agro2/install/franka_description/share/franka_description//robots/fer/joint_limits.yaml
[2.067s] -- Up-to-date: /home/ayaa/Agro2/install/franka_description/share/franka_description//robots/fer/dynamics.yaml
[2.068s] -- Up-to-date: /home/ayaa/Agro2/install/franka_description/share/franka_description//robots/fer/fer.urdf
[2.068s] -- Up-to-date: /home/ayaa/Agro2/install/franka_description/share/franka_description//robots/fer/kinematics.yaml
[2.068s] -- Up-to-date: /home/ayaa/Agro2/install/franka_description/share/franka_description//robots/fer/fer.urdf.xacro
[2.068s] -- Up-to-date: /home/ayaa/Agro2/install/franka_description/share/franka_description//robots/common
[2.069s] -- Up-to-date: /home/ayaa/Agro2/install/franka_description/share/franka_description//robots/common/utils.xacro
[2.070s] -- Up-to-date: /home/ayaa/Agro2/install/franka_description/share/franka_description//robots/common/franka_arm.xacro
[2.070s] -- Up-to-date: /home/ayaa/Agro2/install/franka_description/share/franka_description//robots/common/franka_robot.xacro
[2.070s] -- Up-to-date: /home/ayaa/Agro2/install/franka_description/share/franka_description//robots/common/franka_arm.ros2_control.xacro
[2.071s] -- Up-to-date: /home/ayaa/Agro2/install/franka_description/share/franka_description//robots/multi_arm
[2.071s] -- Up-to-date: /home/ayaa/Agro2/install/franka_description/share/franka_description//robots/multi_arm/multi_arm.urdf.xacro
[2.072s] -- Up-to-date: /home/ayaa/Agro2/install/franka_description/share/franka_description//end_effectors
[2.072s] -- Up-to-date: /home/ayaa/Agro2/install/franka_description/share/franka_description//end_effectors/franka_hand
[2.072s] -- Up-to-date: /home/ayaa/Agro2/install/franka_description/share/franka_description//end_effectors/franka_hand/inertials.yaml
[2.073s] -- Up-to-date: /home/ayaa/Agro2/install/franka_description/share/franka_description//end_effectors/franka_hand/franka_hand_arguments.xacro
[2.073s] -- Up-to-date: /home/ayaa/Agro2/install/franka_description/share/franka_description//end_effectors/franka_hand/franka_hand.urdf.xacro
[2.073s] -- Up-to-date: /home/ayaa/Agro2/install/franka_description/share/franka_description//end_effectors/common
[2.074s] -- Up-to-date: /home/ayaa/Agro2/install/franka_description/share/franka_description//end_effectors/common/utils.xacro
[2.074s] -- Up-to-date: /home/ayaa/Agro2/install/franka_description/share/franka_description//end_effectors/common/ee_with_one_link.xacro
[2.075s] -- Up-to-date: /home/ayaa/Agro2/install/franka_description/share/franka_description//end_effectors/common/franka_hand.xacro
[2.075s] -- Up-to-date: /home/ayaa/Agro2/install/franka_description/share/franka_description//end_effectors/cobot_pump
[2.075s] -- Up-to-date: /home/ayaa/Agro2/install/franka_description/share/franka_description//end_effectors/cobot_pump/inertials.yaml
[2.076s] -- Up-to-date: /home/ayaa/Agro2/install/franka_description/share/franka_description//end_effectors/cobot_pump/cobot_pump_arguments.xacro
[2.076s] -- Up-to-date: /home/ayaa/Agro2/install/franka_description/share/franka_description//end_effectors/cobot_pump/cobot_pump.urdf.xacro
[2.076s] -- Up-to-date: /home/ayaa/Agro2/install/franka_description/share/franka_description//meshes
[2.077s] -- Up-to-date: /home/ayaa/Agro2/install/franka_description/share/franka_description//meshes/robot_arms
[2.078s] -- Up-to-date: /home/ayaa/Agro2/install/franka_description/share/franka_description//meshes/robot_arms/fp3
[2.078s] -- Up-to-date: /home/ayaa/Agro2/install/franka_description/share/franka_description//meshes/robot_arms/fp3/collision
[2.079s] -- Up-to-date: /home/ayaa/Agro2/install/franka_description/share/franka_description//meshes/robot_arms/fp3/collision/link0.stl
[2.079s] -- Up-to-date: /home/ayaa/Agro2/install/franka_description/share/franka_description//meshes/robot_arms/fp3/collision/link7.stl
[2.079s] -- Up-to-date: /home/ayaa/Agro2/install/franka_description/share/franka_description//meshes/robot_arms/fp3/collision/link2.stl
[2.079s] -- Up-to-date: /home/ayaa/Agro2/install/franka_description/share/franka_description//meshes/robot_arms/fp3/collision/link5.stl
[2.079s] -- Up-to-date: /home/ayaa/Agro2/install/franka_description/share/franka_description//meshes/robot_arms/fp3/collision/link3.stl
[2.079s] -- Up-to-date: /home/ayaa/Agro2/install/franka_description/share/franka_description//meshes/robot_arms/fp3/collision/link4.stl
[2.079s] -- Up-to-date: /home/ayaa/Agro2/install/franka_description/share/franka_description//meshes/robot_arms/fp3/collision/link6.stl
[2.080s] -- Up-to-date: /home/ayaa/Agro2/install/franka_description/share/franka_description//meshes/robot_arms/fp3/collision/link1.stl
[2.080s] -- Up-to-date: /home/ayaa/Agro2/install/franka_description/share/franka_description//meshes/robot_arms/fp3/visual
[2.080s] -- Up-to-date: /home/ayaa/Agro2/install/franka_description/share/franka_description//meshes/robot_arms/fp3/visual/link5.dae
[2.080s] -- Up-to-date: /home/ayaa/Agro2/install/franka_description/share/franka_description//meshes/robot_arms/fp3/visual/link2.dae
[2.080s] -- Up-to-date: /home/ayaa/Agro2/install/franka_description/share/franka_description//meshes/robot_arms/fp3/visual/link0.dae
[2.081s] -- Up-to-date: /home/ayaa/Agro2/install/franka_description/share/franka_description//meshes/robot_arms/fp3/visual/link4.dae
[2.081s] -- Up-to-date: /home/ayaa/Agro2/install/franka_description/share/franka_description//meshes/robot_arms/fp3/visual/link6.dae
[2.081s] -- Up-to-date: /home/ayaa/Agro2/install/franka_description/share/franka_description//meshes/robot_arms/fp3/visual/link7.dae
[2.081s] -- Up-to-date: /home/ayaa/Agro2/install/franka_description/share/franka_description//meshes/robot_arms/fp3/visual/link1.dae
[2.081s] -- Up-to-date: /home/ayaa/Agro2/install/franka_description/share/franka_description//meshes/robot_arms/fp3/visual/link3.dae
[2.082s] -- Up-to-date: /home/ayaa/Agro2/install/franka_description/share/franka_description//meshes/robot_arms/fr3
[2.082s] -- Up-to-date: /home/ayaa/Agro2/install/franka_description/share/franka_description//meshes/robot_arms/fr3/collision
[2.082s] -- Up-to-date: /home/ayaa/Agro2/install/franka_description/share/franka_description//meshes/robot_arms/fr3/collision/link0.stl
[2.082s] -- Up-to-date: /home/ayaa/Agro2/install/franka_description/share/franka_description//meshes/robot_arms/fr3/collision/link7.stl
[2.083s] -- Up-to-date: /home/ayaa/Agro2/install/franka_description/share/franka_description//meshes/robot_arms/fr3/collision/link2.stl
[2.084s] -- Up-to-date: /home/ayaa/Agro2/install/franka_description/share/franka_description//meshes/robot_arms/fr3/collision/link5.stl
[2.084s] -- Up-to-date: /home/ayaa/Agro2/install/franka_description/share/franka_description//meshes/robot_arms/fr3/collision/link3.stl
[2.084s] -- Up-to-date: /home/ayaa/Agro2/install/franka_description/share/franka_description//meshes/robot_arms/fr3/collision/link4.stl
[2.084s] -- Up-to-date: /home/ayaa/Agro2/install/franka_description/share/franka_description//meshes/robot_arms/fr3/collision/link6.stl
[2.084s] -- Up-to-date: /home/ayaa/Agro2/install/franka_description/share/franka_description//meshes/robot_arms/fr3/collision/link1.stl
[2.084s] -- Up-to-date: /home/ayaa/Agro2/install/franka_description/share/franka_description//meshes/robot_arms/fr3/visual
[2.085s] -- Up-to-date: /home/ayaa/Agro2/install/franka_description/share/franka_description//meshes/robot_arms/fr3/visual/link5.dae
[2.085s] -- Up-to-date: /home/ayaa/Agro2/install/franka_description/share/franka_description//meshes/robot_arms/fr3/visual/link2.dae
[2.085s] -- Up-to-date: /home/ayaa/Agro2/install/franka_description/share/franka_description//meshes/robot_arms/fr3/visual/link0.dae
[2.085s] -- Up-to-date: /home/ayaa/Agro2/install/franka_description/share/franka_description//meshes/robot_arms/fr3/visual/link4.dae
[2.085s] -- Up-to-date: /home/ayaa/Agro2/install/franka_description/share/franka_description//meshes/robot_arms/fr3/visual/link6.dae
[2.085s] -- Up-to-date: /home/ayaa/Agro2/install/franka_description/share/franka_description//meshes/robot_arms/fr3/visual/link7.dae
[2.085s] -- Up-to-date: /home/ayaa/Agro2/install/franka_description/share/franka_description//meshes/robot_arms/fr3/visual/link1.dae
[2.085s] -- Up-to-date: /home/ayaa/Agro2/install/franka_description/share/franka_description//meshes/robot_arms/fr3/visual/link3.dae
[2.086s] -- Up-to-date: /home/ayaa/Agro2/install/franka_description/share/franka_description//meshes/robot_arms/fer
[2.086s] -- Up-to-date: /home/ayaa/Agro2/install/franka_description/share/franka_description//meshes/robot_arms/fer/collision
[2.086s] -- Up-to-date: /home/ayaa/Agro2/install/franka_description/share/franka_description//meshes/robot_arms/fer/collision/link0.stl
[2.086s] -- Up-to-date: /home/ayaa/Agro2/install/franka_description/share/franka_description//meshes/robot_arms/fer/collision/link7.stl
[2.086s] -- Up-to-date: /home/ayaa/Agro2/install/franka_description/share/franka_description//meshes/robot_arms/fer/collision/link2.stl
[2.086s] -- Up-to-date: /home/ayaa/Agro2/install/franka_description/share/franka_description//meshes/robot_arms/fer/collision/link5.stl
[2.086s] -- Up-to-date: /home/ayaa/Agro2/install/franka_description/share/franka_description//meshes/robot_arms/fer/collision/link3.stl
[2.086s] -- Up-to-date: /home/ayaa/Agro2/install/franka_description/share/franka_description//meshes/robot_arms/fer/collision/link4.stl
[2.086s] -- Up-to-date: /home/ayaa/Agro2/install/franka_description/share/franka_description//meshes/robot_arms/fer/collision/link6.stl
[2.086s] -- Up-to-date: /home/ayaa/Agro2/install/franka_description/share/franka_description//meshes/robot_arms/fer/collision/link1.stl
[2.087s] -- Up-to-date: /home/ayaa/Agro2/install/franka_description/share/franka_description//meshes/robot_arms/fer/collision/hand.stl
[2.087s] -- Up-to-date: /home/ayaa/Agro2/install/franka_description/share/franka_description//meshes/robot_arms/fer/visual
[2.087s] -- Up-to-date: /home/ayaa/Agro2/install/franka_description/share/franka_description//meshes/robot_arms/fer/visual/link5.dae
[2.087s] -- Up-to-date: /home/ayaa/Agro2/install/franka_description/share/franka_description//meshes/robot_arms/fer/visual/link2.dae
[2.087s] -- Up-to-date: /home/ayaa/Agro2/install/franka_description/share/franka_description//meshes/robot_arms/fer/visual/link0.dae
[2.087s] -- Up-to-date: /home/ayaa/Agro2/install/franka_description/share/franka_description//meshes/robot_arms/fer/visual/link4.dae
[2.088s] -- Up-to-date: /home/ayaa/Agro2/install/franka_description/share/franka_description//meshes/robot_arms/fer/visual/link6.dae
[2.088s] -- Up-to-date: /home/ayaa/Agro2/install/franka_description/share/franka_description//meshes/robot_arms/fer/visual/link7.dae
[2.088s] -- Up-to-date: /home/ayaa/Agro2/install/franka_description/share/franka_description//meshes/robot_arms/fer/visual/link1.dae
[2.089s] -- Up-to-date: /home/ayaa/Agro2/install/franka_description/share/franka_description//meshes/robot_arms/fer/visual/finger.dae
[2.089s] -- Up-to-date: /home/ayaa/Agro2/install/franka_description/share/franka_description//meshes/robot_arms/fer/visual/link3.dae
[2.089s] -- Up-to-date: /home/ayaa/Agro2/install/franka_description/share/franka_description//meshes/robot_arms/fer/visual/hand.dae
[2.090s] -- Up-to-date: /home/ayaa/Agro2/install/franka_description/share/franka_description//meshes/robot_ee
[2.090s] -- Up-to-date: /home/ayaa/Agro2/install/franka_description/share/franka_description//meshes/robot_ee/franka_hand_white
[2.090s] -- Up-to-date: /home/ayaa/Agro2/install/franka_description/share/franka_description//meshes/robot_ee/franka_hand_white/collision
[2.090s] -- Up-to-date: /home/ayaa/Agro2/install/franka_description/share/franka_description//meshes/robot_ee/franka_hand_white/collision/hand.stl
[2.091s] -- Up-to-date: /home/ayaa/Agro2/install/franka_description/share/franka_description//meshes/robot_ee/franka_hand_white/visual
[2.091s] -- Up-to-date: /home/ayaa/Agro2/install/franka_description/share/franka_description//meshes/robot_ee/franka_hand_white/visual/finger.dae
[2.091s] -- Up-to-date: /home/ayaa/Agro2/install/franka_description/share/franka_description//meshes/robot_ee/franka_hand_white/visual/hand.dae
[2.091s] -- Up-to-date: /home/ayaa/Agro2/install/franka_description/share/franka_description//meshes/robot_ee/cobot_pump
[2.091s] -- Up-to-date: /home/ayaa/Agro2/install/franka_description/share/franka_description//meshes/robot_ee/cobot_pump/collision
[2.091s] -- Up-to-date: /home/ayaa/Agro2/install/franka_description/share/franka_description//meshes/robot_ee/cobot_pump/collision/cobot_pump.stl
[2.092s] -- Up-to-date: /home/ayaa/Agro2/install/franka_description/share/franka_description//meshes/robot_ee/cobot_pump/visual
[2.093s] -- Up-to-date: /home/ayaa/Agro2/install/franka_description/share/franka_description//meshes/robot_ee/cobot_pump/visual/cobot_pump.dae
[2.095s] -- Up-to-date: /home/ayaa/Agro2/install/franka_description/share/franka_description//meshes/robot_ee/franka_hand_black
[2.095s] -- Up-to-date: /home/ayaa/Agro2/install/franka_description/share/franka_description//meshes/robot_ee/franka_hand_black/collision
[2.096s] -- Up-to-date: /home/ayaa/Agro2/install/franka_description/share/franka_description//meshes/robot_ee/franka_hand_black/collision/hand.stl
[2.097s] -- Up-to-date: /home/ayaa/Agro2/install/franka_description/share/franka_description//meshes/robot_ee/franka_hand_black/visual
[2.097s] -- Up-to-date: /home/ayaa/Agro2/install/franka_description/share/franka_description//meshes/robot_ee/franka_hand_black/visual/finger.dae
[2.097s] -- Up-to-date: /home/ayaa/Agro2/install/franka_description/share/franka_description//meshes/robot_ee/franka_hand_black/visual/hand.dae
[2.098s] -- Up-to-date: /home/ayaa/Agro2/install/franka_description/share/franka_description//rviz
[2.098s] -- Up-to-date: /home/ayaa/Agro2/install/franka_description/share/franka_description//rviz/visualize_franka.rviz
[2.099s] -- Up-to-date: /home/ayaa/Agro2/install/franka_description/share/ament_index/resource_index/package_run_dependencies/franka_description
[2.099s] -- Up-to-date: /home/ayaa/Agro2/install/franka_description/share/ament_index/resource_index/parent_prefix_path/franka_description
[2.100s] -- Up-to-date: /home/ayaa/Agro2/install/franka_description/share/franka_description/environment/ament_prefix_path.sh
[2.100s] -- Up-to-date: /home/ayaa/Agro2/install/franka_description/share/franka_description/environment/ament_prefix_path.dsv
[2.101s] -- Up-to-date: /home/ayaa/Agro2/install/franka_description/share/franka_description/environment/path.sh
[2.101s] -- Up-to-date: /home/ayaa/Agro2/install/franka_description/share/franka_description/environment/path.dsv
[2.101s] -- Up-to-date: /home/ayaa/Agro2/install/franka_description/share/franka_description/local_setup.bash
[2.101s] -- Up-to-date: /home/ayaa/Agro2/install/franka_description/share/franka_description/local_setup.sh
[2.101s] -- Up-to-date: /home/ayaa/Agro2/install/franka_description/share/franka_description/local_setup.zsh
[2.101s] -- Up-to-date: /home/ayaa/Agro2/install/franka_description/share/franka_description/local_setup.dsv
[2.101s] -- Installing: /home/ayaa/Agro2/install/franka_description/share/franka_description/package.dsv
[2.101s] -- Up-to-date: /home/ayaa/Agro2/install/franka_description/share/ament_index/resource_index/packages/franka_description
[2.102s] -- Up-to-date: /home/ayaa/Agro2/install/franka_description/share/franka_description/cmake/franka_descriptionConfig.cmake
[2.102s] -- Up-to-date: /home/ayaa/Agro2/install/franka_description/share/franka_description/cmake/franka_descriptionConfig-version.cmake
[2.102s] -- Up-to-date: /home/ayaa/Agro2/install/franka_description/share/franka_description/package.xml
[2.122s] Invoked command in '/home/ayaa/Agro2/build/franka_description' returned '0': CMAKE_PREFIX_PATH=/home/ayaa/Agro2/install/ur5_moveit:/home/ayaa/Agro2/install/ur_description:/home/ayaa/Agro2/install/tiago_simulation:/home/ayaa/Agro2/install/tiago_robot:/home/ayaa/Agro2/install/tiago_gazebo:/home/ayaa/Agro2/install/tiago_bringup:/home/ayaa/Agro2/install/tiago_description:/home/ayaa/Agro2/install/tiago_cpp:/home/ayaa/Agro2/install/tiago_controller_configuration:/home/ayaa/Agro2/install/tiago_behavior_tree:/home/ayaa/Agro2/install/fer_moveit:/home/ayaa/Agro2/install/tiago_custom:/home/ayaa/Agro2/install/my_nav2_bringup:/home/ayaa/Agro2/install/fer_gazebo:/home/ayaa/Agro2/install/custom_worlds:/opt/ros/humble:/home/ayaa/Agro2/install/franka_description:/home/ayaa/Agro2/install/fer_cpp_moveit /usr/bin/cmake --install /home/ayaa/Agro2/build/franka_description
