[0.057s] Invoking command in '/home/ayaa/Agro2/build/franka_description': CMAKE_PREFIX_PATH=/home/ayaa/Agro2/install/ur5_moveit:/home/ayaa/Agro2/install/ur_description:/home/ayaa/Agro2/install/tiago_simulation:/home/ayaa/Agro2/install/tiago_robot:/home/ayaa/Agro2/install/tiago_gazebo:/home/ayaa/Agro2/install/tiago_bringup:/home/ayaa/Agro2/install/tiago_description:/home/ayaa/Agro2/install/tiago_cpp:/home/ayaa/Agro2/install/tiago_controller_configuration:/home/ayaa/Agro2/install/tiago_behavior_tree:/home/ayaa/Agro2/install/fer_moveit:/home/ayaa/Agro2/install/tiago_custom:/home/ayaa/Agro2/install/my_nav2_bringup:/home/ayaa/Agro2/install/fer_gazebo:/home/ayaa/Agro2/install/custom_worlds:/opt/ros/humble:/home/ayaa/Agro2/install/franka_description:/home/ayaa/Agro2/install/fer_cpp_moveit /usr/bin/cmake --build /home/ayaa/Agro2/build/franka_description -- -j8 -l8
[2.587s] Invoked command in '/home/ayaa/Agro2/build/franka_description' returned '0': CMAKE_PREFIX_PATH=/home/ayaa/Agro2/install/ur5_moveit:/home/ayaa/Agro2/install/ur_description:/home/ayaa/Agro2/install/tiago_simulation:/home/ayaa/Agro2/install/tiago_robot:/home/ayaa/Agro2/install/tiago_gazebo:/home/ayaa/Agro2/install/tiago_bringup:/home/ayaa/Agro2/install/tiago_description:/home/ayaa/Agro2/install/tiago_cpp:/home/ayaa/Agro2/install/tiago_controller_configuration:/home/ayaa/Agro2/install/tiago_behavior_tree:/home/ayaa/Agro2/install/fer_moveit:/home/ayaa/Agro2/install/tiago_custom:/home/ayaa/Agro2/install/my_nav2_bringup:/home/ayaa/Agro2/install/fer_gazebo:/home/ayaa/Agro2/install/custom_worlds:/opt/ros/humble:/home/ayaa/Agro2/install/franka_description:/home/ayaa/Agro2/install/fer_cpp_moveit /usr/bin/cmake --build /home/ayaa/Agro2/build/franka_description -- -j8 -l8
[2.600s] Invoking command in '/home/ayaa/Agro2/build/franka_description': CMAKE_PREFIX_PATH=/home/ayaa/Agro2/install/ur5_moveit:/home/ayaa/Agro2/install/ur_description:/home/ayaa/Agro2/install/tiago_simulation:/home/ayaa/Agro2/install/tiago_robot:/home/ayaa/Agro2/install/tiago_gazebo:/home/ayaa/Agro2/install/tiago_bringup:/home/ayaa/Agro2/install/tiago_description:/home/ayaa/Agro2/install/tiago_cpp:/home/ayaa/Agro2/install/tiago_controller_configuration:/home/ayaa/Agro2/install/tiago_behavior_tree:/home/ayaa/Agro2/install/fer_moveit:/home/ayaa/Agro2/install/tiago_custom:/home/ayaa/Agro2/install/my_nav2_bringup:/home/ayaa/Agro2/install/fer_gazebo:/home/ayaa/Agro2/install/custom_worlds:/opt/ros/humble:/home/ayaa/Agro2/install/franka_description:/home/ayaa/Agro2/install/fer_cpp_moveit /usr/bin/cmake --install /home/ayaa/Agro2/build/franka_description
[2.612s] -- Install configuration: ""
[2.613s] -- Up-to-date: /home/ayaa/Agro2/install/franka_description/share/franka_description//launch
[2.616s] -- Up-to-date: /home/ayaa/Agro2/install/franka_description/share/franka_description//launch/visualize_franka.launch.py
[2.616s] -- Up-to-date: /home/ayaa/Agro2/install/franka_description/share/franka_description//robots
[2.616s] -- Up-to-date: /home/ayaa/Agro2/install/franka_description/share/franka_description//robots/fp3
[2.617s] -- Up-to-date: /home/ayaa/Agro2/install/franka_description/share/franka_description//robots/fp3/inertials.yaml
[2.617s] -- Up-to-date: /home/ayaa/Agro2/install/franka_description/share/franka_description//robots/fp3/joint_limits.yaml
[2.617s] -- Up-to-date: /home/ayaa/Agro2/install/franka_description/share/franka_description//robots/fp3/dynamics.yaml
[2.617s] -- Up-to-date: /home/ayaa/Agro2/install/franka_description/share/franka_description//robots/fp3/kinematics.yaml
[2.617s] -- Up-to-date: /home/ayaa/Agro2/install/franka_description/share/franka_description//robots/fp3/fp3.urdf.xacro
[2.617s] -- Up-to-date: /home/ayaa/Agro2/install/franka_description/share/franka_description//robots/fr3
[2.618s] -- Up-to-date: /home/ayaa/Agro2/install/franka_description/share/franka_description//robots/fr3/inertials.yaml
[2.618s] -- Up-to-date: /home/ayaa/Agro2/install/franka_description/share/franka_description//robots/fr3/joint_limits.yaml
[2.619s] -- Up-to-date: /home/ayaa/Agro2/install/franka_description/share/franka_description//robots/fr3/dynamics.yaml
[2.619s] -- Up-to-date: /home/ayaa/Agro2/install/franka_description/share/franka_description//robots/fr3/kinematics.yaml
[2.619s] -- Up-to-date: /home/ayaa/Agro2/install/franka_description/share/franka_description//robots/fr3/fr3.urdf.xacro
[2.620s] -- Up-to-date: /home/ayaa/Agro2/install/franka_description/share/franka_description//robots/fer
[2.621s] -- Up-to-date: /home/ayaa/Agro2/install/franka_description/share/franka_description//robots/fer/fer_ros2_control.xacro.urdf
[2.621s] -- Up-to-date: /home/ayaa/Agro2/install/franka_description/share/franka_description//robots/fer/inertials.yaml
[2.621s] -- Up-to-date: /home/ayaa/Agro2/install/franka_description/share/franka_description//robots/fer/joint_limits.yaml
[2.621s] -- Up-to-date: /home/ayaa/Agro2/install/franka_description/share/franka_description//robots/fer/dynamics.yaml
[2.621s] -- Up-to-date: /home/ayaa/Agro2/install/franka_description/share/franka_description//robots/fer/fer.urdf
[2.621s] -- Up-to-date: /home/ayaa/Agro2/install/franka_description/share/franka_description//robots/fer/kinematics.yaml
[2.622s] -- Up-to-date: /home/ayaa/Agro2/install/franka_description/share/franka_description//robots/fer/fer.urdf.xacro
[2.622s] -- Up-to-date: /home/ayaa/Agro2/install/franka_description/share/franka_description//robots/common
[2.622s] -- Up-to-date: /home/ayaa/Agro2/install/franka_description/share/franka_description//robots/common/utils.xacro
[2.622s] -- Up-to-date: /home/ayaa/Agro2/install/franka_description/share/franka_description//robots/common/franka_arm.xacro
[2.622s] -- Up-to-date: /home/ayaa/Agro2/install/franka_description/share/franka_description//robots/common/franka_robot.xacro
[2.623s] -- Up-to-date: /home/ayaa/Agro2/install/franka_description/share/franka_description//robots/common/franka_arm.ros2_control.xacro
[2.623s] -- Up-to-date: /home/ayaa/Agro2/install/franka_description/share/franka_description//robots/multi_arm
[2.623s] -- Up-to-date: /home/ayaa/Agro2/install/franka_description/share/franka_description//robots/multi_arm/multi_arm.urdf.xacro
[2.623s] -- Up-to-date: /home/ayaa/Agro2/install/franka_description/share/franka_description//end_effectors
[2.623s] -- Up-to-date: /home/ayaa/Agro2/install/franka_description/share/franka_description//end_effectors/franka_hand
[2.623s] -- Up-to-date: /home/ayaa/Agro2/install/franka_description/share/franka_description//end_effectors/franka_hand/inertials.yaml
[2.623s] -- Up-to-date: /home/ayaa/Agro2/install/franka_description/share/franka_description//end_effectors/franka_hand/franka_hand_arguments.xacro
[2.624s] -- Up-to-date: /home/ayaa/Agro2/install/franka_description/share/franka_description//end_effectors/franka_hand/franka_hand.urdf.xacro
[2.624s] -- Up-to-date: /home/ayaa/Agro2/install/franka_description/share/franka_description//end_effectors/common
[2.624s] -- Up-to-date: /home/ayaa/Agro2/install/franka_description/share/franka_description//end_effectors/common/utils.xacro
[2.625s] -- Up-to-date: /home/ayaa/Agro2/install/franka_description/share/franka_description//end_effectors/common/ee_with_one_link.xacro
[2.626s] -- Up-to-date: /home/ayaa/Agro2/install/franka_description/share/franka_description//end_effectors/common/franka_hand.xacro
[2.628s] -- Up-to-date: /home/ayaa/Agro2/install/franka_description/share/franka_description//end_effectors/cobot_pump
[2.628s] -- Up-to-date: /home/ayaa/Agro2/install/franka_description/share/franka_description//end_effectors/cobot_pump/inertials.yaml
[2.629s] -- Up-to-date: /home/ayaa/Agro2/install/franka_description/share/franka_description//end_effectors/cobot_pump/cobot_pump_arguments.xacro
[2.629s] -- Up-to-date: /home/ayaa/Agro2/install/franka_description/share/franka_description//end_effectors/cobot_pump/cobot_pump.urdf.xacro
[2.629s] -- Up-to-date: /home/ayaa/Agro2/install/franka_description/share/franka_description//meshes
[2.630s] -- Up-to-date: /home/ayaa/Agro2/install/franka_description/share/franka_description//meshes/robot_arms
[2.630s] -- Up-to-date: /home/ayaa/Agro2/install/franka_description/share/franka_description//meshes/robot_arms/fp3
[2.630s] -- Up-to-date: /home/ayaa/Agro2/install/franka_description/share/franka_description//meshes/robot_arms/fp3/collision
[2.630s] -- Up-to-date: /home/ayaa/Agro2/install/franka_description/share/franka_description//meshes/robot_arms/fp3/collision/link0.stl
[2.630s] -- Up-to-date: /home/ayaa/Agro2/install/franka_description/share/franka_description//meshes/robot_arms/fp3/collision/link7.stl
[2.630s] -- Up-to-date: /home/ayaa/Agro2/install/franka_description/share/franka_description//meshes/robot_arms/fp3/collision/link2.stl
[2.631s] -- Up-to-date: /home/ayaa/Agro2/install/franka_description/share/franka_description//meshes/robot_arms/fp3/collision/link5.stl
[2.631s] -- Up-to-date: /home/ayaa/Agro2/install/franka_description/share/franka_description//meshes/robot_arms/fp3/collision/link3.stl
[2.631s] -- Up-to-date: /home/ayaa/Agro2/install/franka_description/share/franka_description//meshes/robot_arms/fp3/collision/link4.stl
[2.631s] -- Up-to-date: /home/ayaa/Agro2/install/franka_description/share/franka_description//meshes/robot_arms/fp3/collision/link6.stl
[2.633s] -- Up-to-date: /home/ayaa/Agro2/install/franka_description/share/franka_description//meshes/robot_arms/fp3/collision/link1.stl
[2.635s] -- Up-to-date: /home/ayaa/Agro2/install/franka_description/share/franka_description//meshes/robot_arms/fp3/visual
[2.636s] -- Up-to-date: /home/ayaa/Agro2/install/franka_description/share/franka_description//meshes/robot_arms/fp3/visual/link5.dae
[2.637s] -- Up-to-date: /home/ayaa/Agro2/install/franka_description/share/franka_description//meshes/robot_arms/fp3/visual/link2.dae
[2.638s] -- Up-to-date: /home/ayaa/Agro2/install/franka_description/share/franka_description//meshes/robot_arms/fp3/visual/link0.dae
[2.639s] -- Up-to-date: /home/ayaa/Agro2/install/franka_description/share/franka_description//meshes/robot_arms/fp3/visual/link4.dae
[2.640s] -- Up-to-date: /home/ayaa/Agro2/install/franka_description/share/franka_description//meshes/robot_arms/fp3/visual/link6.dae
[2.640s] -- Up-to-date: /home/ayaa/Agro2/install/franka_description/share/franka_description//meshes/robot_arms/fp3/visual/link7.dae
[2.641s] -- Up-to-date: /home/ayaa/Agro2/install/franka_description/share/franka_description//meshes/robot_arms/fp3/visual/link1.dae
[2.641s] -- Up-to-date: /home/ayaa/Agro2/install/franka_description/share/franka_description//meshes/robot_arms/fp3/visual/link3.dae
[2.646s] -- Up-to-date: /home/ayaa/Agro2/install/franka_description/share/franka_description//meshes/robot_arms/fr3
[2.646s] -- Up-to-date: /home/ayaa/Agro2/install/franka_description/share/franka_description//meshes/robot_arms/fr3/collision
[2.647s] -- Up-to-date: /home/ayaa/Agro2/install/franka_description/share/franka_description//meshes/robot_arms/fr3/collision/link0.stl
[2.647s] -- Up-to-date: /home/ayaa/Agro2/install/franka_description/share/franka_description//meshes/robot_arms/fr3/collision/link7.stl
[2.647s] -- Up-to-date: /home/ayaa/Agro2/install/franka_description/share/franka_description//meshes/robot_arms/fr3/collision/link2.stl
[2.648s] -- Up-to-date: /home/ayaa/Agro2/install/franka_description/share/franka_description//meshes/robot_arms/fr3/collision/link5.stl
[2.648s] -- Up-to-date: /home/ayaa/Agro2/install/franka_description/share/franka_description//meshes/robot_arms/fr3/collision/link3.stl
[2.648s] -- Up-to-date: /home/ayaa/Agro2/install/franka_description/share/franka_description//meshes/robot_arms/fr3/collision/link4.stl
[2.649s] -- Up-to-date: /home/ayaa/Agro2/install/franka_description/share/franka_description//meshes/robot_arms/fr3/collision/link6.stl
[2.649s] -- Up-to-date: /home/ayaa/Agro2/install/franka_description/share/franka_description//meshes/robot_arms/fr3/collision/link1.stl
[2.649s] -- Up-to-date: /home/ayaa/Agro2/install/franka_description/share/franka_description//meshes/robot_arms/fr3/visual
[2.649s] -- Up-to-date: /home/ayaa/Agro2/install/franka_description/share/franka_description//meshes/robot_arms/fr3/visual/link5.dae
[2.649s] -- Up-to-date: /home/ayaa/Agro2/install/franka_description/share/franka_description//meshes/robot_arms/fr3/visual/link2.dae
[2.650s] -- Up-to-date: /home/ayaa/Agro2/install/franka_description/share/franka_description//meshes/robot_arms/fr3/visual/link0.dae
[2.650s] -- Up-to-date: /home/ayaa/Agro2/install/franka_description/share/franka_description//meshes/robot_arms/fr3/visual/link4.dae
[2.650s] -- Up-to-date: /home/ayaa/Agro2/install/franka_description/share/franka_description//meshes/robot_arms/fr3/visual/link6.dae
[2.650s] -- Up-to-date: /home/ayaa/Agro2/install/franka_description/share/franka_description//meshes/robot_arms/fr3/visual/link7.dae
[2.650s] -- Up-to-date: /home/ayaa/Agro2/install/franka_description/share/franka_description//meshes/robot_arms/fr3/visual/link1.dae
[2.650s] -- Up-to-date: /home/ayaa/Agro2/install/franka_description/share/franka_description//meshes/robot_arms/fr3/visual/link3.dae
[2.651s] -- Up-to-date: /home/ayaa/Agro2/install/franka_description/share/franka_description//meshes/robot_arms/fer
[2.651s] -- Up-to-date: /home/ayaa/Agro2/install/franka_description/share/franka_description//meshes/robot_arms/fer/collision
[2.651s] -- Up-to-date: /home/ayaa/Agro2/install/franka_description/share/franka_description//meshes/robot_arms/fer/collision/link0.stl
[2.651s] -- Up-to-date: /home/ayaa/Agro2/install/franka_description/share/franka_description//meshes/robot_arms/fer/collision/link7.stl
[2.651s] -- Up-to-date: /home/ayaa/Agro2/install/franka_description/share/franka_description//meshes/robot_arms/fer/collision/link2.stl
[2.651s] -- Up-to-date: /home/ayaa/Agro2/install/franka_description/share/franka_description//meshes/robot_arms/fer/collision/link5.stl
[2.651s] -- Up-to-date: /home/ayaa/Agro2/install/franka_description/share/franka_description//meshes/robot_arms/fer/collision/link3.stl
[2.652s] -- Up-to-date: /home/ayaa/Agro2/install/franka_description/share/franka_description//meshes/robot_arms/fer/collision/link4.stl
[2.652s] -- Up-to-date: /home/ayaa/Agro2/install/franka_description/share/franka_description//meshes/robot_arms/fer/collision/link6.stl
[2.652s] -- Up-to-date: /home/ayaa/Agro2/install/franka_description/share/franka_description//meshes/robot_arms/fer/collision/link1.stl
[2.652s] -- Up-to-date: /home/ayaa/Agro2/install/franka_description/share/franka_description//meshes/robot_arms/fer/collision/hand.stl
[2.652s] -- Up-to-date: /home/ayaa/Agro2/install/franka_description/share/franka_description//meshes/robot_arms/fer/visual
[2.652s] -- Up-to-date: /home/ayaa/Agro2/install/franka_description/share/franka_description//meshes/robot_arms/fer/visual/link5.dae
[2.653s] -- Up-to-date: /home/ayaa/Agro2/install/franka_description/share/franka_description//meshes/robot_arms/fer/visual/link2.dae
[2.653s] -- Up-to-date: /home/ayaa/Agro2/install/franka_description/share/franka_description//meshes/robot_arms/fer/visual/link0.dae
[2.653s] -- Up-to-date: /home/ayaa/Agro2/install/franka_description/share/franka_description//meshes/robot_arms/fer/visual/link4.dae
[2.653s] -- Up-to-date: /home/ayaa/Agro2/install/franka_description/share/franka_description//meshes/robot_arms/fer/visual/link6.dae
[2.655s] -- Up-to-date: /home/ayaa/Agro2/install/franka_description/share/franka_description//meshes/robot_arms/fer/visual/link7.dae
[2.655s] -- Up-to-date: /home/ayaa/Agro2/install/franka_description/share/franka_description//meshes/robot_arms/fer/visual/link1.dae
[2.656s] -- Up-to-date: /home/ayaa/Agro2/install/franka_description/share/franka_description//meshes/robot_arms/fer/visual/finger.dae
[2.656s] -- Up-to-date: /home/ayaa/Agro2/install/franka_description/share/franka_description//meshes/robot_arms/fer/visual/link3.dae
[2.657s] -- Up-to-date: /home/ayaa/Agro2/install/franka_description/share/franka_description//meshes/robot_arms/fer/visual/hand.dae
[2.657s] -- Up-to-date: /home/ayaa/Agro2/install/franka_description/share/franka_description//meshes/robot_ee
[2.658s] -- Up-to-date: /home/ayaa/Agro2/install/franka_description/share/franka_description//meshes/robot_ee/franka_hand_white
[2.658s] -- Up-to-date: /home/ayaa/Agro2/install/franka_description/share/franka_description//meshes/robot_ee/franka_hand_white/collision
[2.658s] -- Up-to-date: /home/ayaa/Agro2/install/franka_description/share/franka_description//meshes/robot_ee/franka_hand_white/collision/hand.stl
[2.659s] -- Up-to-date: /home/ayaa/Agro2/install/franka_description/share/franka_description//meshes/robot_ee/franka_hand_white/visual
[2.659s] -- Up-to-date: /home/ayaa/Agro2/install/franka_description/share/franka_description//meshes/robot_ee/franka_hand_white/visual/finger.dae
[2.659s] -- Up-to-date: /home/ayaa/Agro2/install/franka_description/share/franka_description//meshes/robot_ee/franka_hand_white/visual/hand.dae
[2.660s] -- Up-to-date: /home/ayaa/Agro2/install/franka_description/share/franka_description//meshes/robot_ee/cobot_pump
[2.661s] -- Up-to-date: /home/ayaa/Agro2/install/franka_description/share/franka_description//meshes/robot_ee/cobot_pump/collision
[2.661s] -- Up-to-date: /home/ayaa/Agro2/install/franka_description/share/franka_description//meshes/robot_ee/cobot_pump/collision/cobot_pump.stl
[2.661s] -- Up-to-date: /home/ayaa/Agro2/install/franka_description/share/franka_description//meshes/robot_ee/cobot_pump/visual
[2.662s] -- Up-to-date: /home/ayaa/Agro2/install/franka_description/share/franka_description//meshes/robot_ee/cobot_pump/visual/cobot_pump.dae
[2.662s] -- Up-to-date: /home/ayaa/Agro2/install/franka_description/share/franka_description//meshes/robot_ee/franka_hand_black
[2.662s] -- Up-to-date: /home/ayaa/Agro2/install/franka_description/share/franka_description//meshes/robot_ee/franka_hand_black/collision
[2.663s] -- Up-to-date: /home/ayaa/Agro2/install/franka_description/share/franka_description//meshes/robot_ee/franka_hand_black/collision/hand.stl
[2.664s] -- Up-to-date: /home/ayaa/Agro2/install/franka_description/share/franka_description//meshes/robot_ee/franka_hand_black/visual
[2.665s] -- Up-to-date: /home/ayaa/Agro2/install/franka_description/share/franka_description//meshes/robot_ee/franka_hand_black/visual/finger.dae
[2.665s] -- Up-to-date: /home/ayaa/Agro2/install/franka_description/share/franka_description//meshes/robot_ee/franka_hand_black/visual/hand.dae
[2.665s] -- Up-to-date: /home/ayaa/Agro2/install/franka_description/share/franka_description//rviz
[2.666s] -- Up-to-date: /home/ayaa/Agro2/install/franka_description/share/franka_description//rviz/visualize_franka.rviz
[2.666s] -- Up-to-date: /home/ayaa/Agro2/install/franka_description/share/ament_index/resource_index/package_run_dependencies/franka_description
[2.666s] -- Up-to-date: /home/ayaa/Agro2/install/franka_description/share/ament_index/resource_index/parent_prefix_path/franka_description
[2.666s] -- Up-to-date: /home/ayaa/Agro2/install/franka_description/share/franka_description/environment/ament_prefix_path.sh
[2.667s] -- Up-to-date: /home/ayaa/Agro2/install/franka_description/share/franka_description/environment/ament_prefix_path.dsv
[2.667s] -- Up-to-date: /home/ayaa/Agro2/install/franka_description/share/franka_description/environment/path.sh
[2.667s] -- Up-to-date: /home/ayaa/Agro2/install/franka_description/share/franka_description/environment/path.dsv
[2.667s] -- Up-to-date: /home/ayaa/Agro2/install/franka_description/share/franka_description/local_setup.bash
[2.667s] -- Up-to-date: /home/ayaa/Agro2/install/franka_description/share/franka_description/local_setup.sh
[2.668s] -- Up-to-date: /home/ayaa/Agro2/install/franka_description/share/franka_description/local_setup.zsh
[2.669s] -- Up-to-date: /home/ayaa/Agro2/install/franka_description/share/franka_description/local_setup.dsv
[2.669s] -- Installing: /home/ayaa/Agro2/install/franka_description/share/franka_description/package.dsv
[2.669s] -- Up-to-date: /home/ayaa/Agro2/install/franka_description/share/ament_index/resource_index/packages/franka_description
[2.670s] -- Up-to-date: /home/ayaa/Agro2/install/franka_description/share/franka_description/cmake/franka_descriptionConfig.cmake
[2.670s] -- Up-to-date: /home/ayaa/Agro2/install/franka_description/share/franka_description/cmake/franka_descriptionConfig-version.cmake
[2.670s] -- Up-to-date: /home/ayaa/Agro2/install/franka_description/share/franka_description/package.xml
[2.692s] Invoked command in '/home/ayaa/Agro2/build/franka_description' returned '0': CMAKE_PREFIX_PATH=/home/ayaa/Agro2/install/ur5_moveit:/home/ayaa/Agro2/install/ur_description:/home/ayaa/Agro2/install/tiago_simulation:/home/ayaa/Agro2/install/tiago_robot:/home/ayaa/Agro2/install/tiago_gazebo:/home/ayaa/Agro2/install/tiago_bringup:/home/ayaa/Agro2/install/tiago_description:/home/ayaa/Agro2/install/tiago_cpp:/home/ayaa/Agro2/install/tiago_controller_configuration:/home/ayaa/Agro2/install/tiago_behavior_tree:/home/ayaa/Agro2/install/fer_moveit:/home/ayaa/Agro2/install/tiago_custom:/home/ayaa/Agro2/install/my_nav2_bringup:/home/ayaa/Agro2/install/fer_gazebo:/home/ayaa/Agro2/install/custom_worlds:/opt/ros/humble:/home/ayaa/Agro2/install/franka_description:/home/ayaa/Agro2/install/fer_cpp_moveit /usr/bin/cmake --install /home/ayaa/Agro2/build/franka_description
