[0.101s] Invoking command in '/home/ayaa/Agro2/build/tiago_behavior_tree': CMAKE_PREFIX_PATH=${CMAKE_PREFIX_PATH}:/home/ayaa/Agro2/install/trials:/home/ayaa/Agro2/install/tiago_custom:/home/ayaa/Agro2/install/my_nav2_bringup:/home/ayaa/Agro2/install/fer_gazebo:/home/ayaa/Agro2/install/custom_worlds:/opt/ros/humble /usr/bin/cmake --build /home/ayaa/Agro2/build/tiago_behavior_tree -- -j8 -l8
[0.182s] [  2%] Built target tiago_behavior_tree__cpp
[0.183s] [ 11%] Built target tiago_behavior_tree__rosidl_generator_c
[0.185s] [ 11%] Built target ament_cmake_python_copy_tiago_behavior_tree
[0.231s] [ 20%] Built target tiago_behavior_tree__rosidl_typesupport_cpp
[0.244s] [ 28%] Built target tiago_behavior_tree__rosidl_typesupport_fastrtps_cpp
[0.247s] [ 37%] Built target tiago_behavior_tree__rosidl_typesupport_introspection_cpp
[0.251s] [ 45%] Built target tiago_behavior_tree__rosidl_typesupport_fastrtps_c
[0.256s] [ 54%] Built target tiago_behavior_tree__rosidl_typesupport_c
[0.261s] [ 62%] Built target tiago_behavior_tree__rosidl_typesupport_introspection_c
[0.271s] [35m[1mConsolidate compiler generated dependencies of target pick_action_node[0m
[0.289s] [ 62%] Built target tiago_behavior_tree
[0.293s] [ 68%] Built target open_gripper_server
[0.312s] [ 71%] [32mBuilding CXX object CMakeFiles/pick_action_node.dir/src/pick_action.cpp.o[0m
[0.317s] [ 74%] Built target tiago_behavior_tree__py
[0.351s] [ 80%] Built target tiago_behavior_tree__rosidl_generator_py
[0.388s] [ 85%] Built target tiago_behavior_tree__rosidl_typesupport_fastrtps_c__pyext
[0.401s] [ 91%] Built target tiago_behavior_tree__rosidl_typesupport_c__pyext
[0.406s] [ 97%] Built target tiago_behavior_tree__rosidl_typesupport_introspection_c__pyext
[0.726s] running egg_info
[0.746s] writing tiago_behavior_tree.egg-info/PKG-INFO
[0.747s] writing dependency_links to tiago_behavior_tree.egg-info/dependency_links.txt
[0.747s] writing top-level names to tiago_behavior_tree.egg-info/top_level.txt
[0.804s] reading manifest file 'tiago_behavior_tree.egg-info/SOURCES.txt'
[0.804s] writing manifest file 'tiago_behavior_tree.egg-info/SOURCES.txt'
[0.860s] [ 97%] Built target ament_cmake_python_build_tiago_behavior_tree_egg
[5.717s] [01m[K/home/ayaa/Agro2/src/tiago_behavior_tree/src/pick_action.cpp:[m[K In member function ‘[01m[Kvirtual void nav2_behavior_tree::OpenGripperAction::on_tick()[m[K’:
[5.717s] [01m[K/home/ayaa/Agro2/src/tiago_behavior_tree/src/pick_action.cpp:48:59:[m[K [01;31m[Kerror: [m[K‘[01m[Kmoveit::MoveItErrorCode[m[K’ has not been declared
[5.717s]    48 |     bool success = (gripper_group_->plan(plan) == moveit::[01;31m[KMoveItErrorCode[m[K::SUCCESS);
[5.717s]       |                                                           [01;31m[K^~~~~~~~~~~~~~~[m[K
[8.464s] gmake[2]: *** [CMakeFiles/pick_action_node.dir/build.make:76: CMakeFiles/pick_action_node.dir/src/pick_action.cpp.o] Error 1
[8.465s] gmake[1]: *** [CMakeFiles/Makefile2:595: CMakeFiles/pick_action_node.dir/all] Error 2
[8.465s] gmake: *** [Makefile:146: all] Error 2
[8.468s] Invoked command in '/home/ayaa/Agro2/build/tiago_behavior_tree' returned '2': CMAKE_PREFIX_PATH=${CMAKE_PREFIX_PATH}:/home/ayaa/Agro2/install/trials:/home/ayaa/Agro2/install/tiago_custom:/home/ayaa/Agro2/install/my_nav2_bringup:/home/ayaa/Agro2/install/fer_gazebo:/home/ayaa/Agro2/install/custom_worlds:/opt/ros/humble /usr/bin/cmake --build /home/ayaa/Agro2/build/tiago_behavior_tree -- -j8 -l8
