[6.221s] Invoking command in '/home/ayaa/Agro2/src/my_nav2_bringup': PYTHONPATH=/home/ayaa/Agro2/build/my_nav2_bringup/prefix_override:/usr/lib/python3/dist-packages/colcon_core/task/python/colcon_distutils_commands:/home/ayaa/Agro2/install/my_nav2_bringup/lib/python3.10/site-packages:${PYTHONPATH} /usr/bin/python3 -W ignore:setup.py install is deprecated -W ignore:easy_install command is deprecated setup.py egg_info --egg-base ../../build/my_nav2_bringup build --build-base /home/ayaa/Agro2/build/my_nav2_bringup/build install --record /home/ayaa/Agro2/build/my_nav2_bringup/install.log --single-version-externally-managed install_data
[7.818s] running egg_info
[7.885s] writing ../../build/my_nav2_bringup/my_nav2_bringup.egg-info/PKG-INFO
[7.885s] writing dependency_links to ../../build/my_nav2_bringup/my_nav2_bringup.egg-info/dependency_links.txt
[7.885s] writing requirements to ../../build/my_nav2_bringup/my_nav2_bringup.egg-info/requires.txt
[7.885s] writing top-level names to ../../build/my_nav2_bringup/my_nav2_bringup.egg-info/top_level.txt
[8.027s] reading manifest file '../../build/my_nav2_bringup/my_nav2_bringup.egg-info/SOURCES.txt'
[8.027s] adding license file 'LICENSE'
[8.029s] writing manifest file '../../build/my_nav2_bringup/my_nav2_bringup.egg-info/SOURCES.txt'
[8.030s] running build
[8.030s] running build_py
[8.031s] running install
[8.051s] running install_lib
[8.114s] running install_data
[8.115s] running install_egg_info
[8.183s] removing '/home/ayaa/Agro2/install/my_nav2_bringup/lib/python3.10/site-packages/my_nav2_bringup-0.0.0-py3.10.egg-info' (and everything under it)
[8.183s] Copying ../../build/my_nav2_bringup/my_nav2_bringup.egg-info to /home/ayaa/Agro2/install/my_nav2_bringup/lib/python3.10/site-packages/my_nav2_bringup-0.0.0-py3.10.egg-info
[8.186s] running install_scripts
[8.438s] writing list of installed files to '/home/ayaa/Agro2/build/my_nav2_bringup/install.log'
[8.555s] Invoked command in '/home/ayaa/Agro2/src/my_nav2_bringup' returned '0': PYTHONPATH=/home/ayaa/Agro2/build/my_nav2_bringup/prefix_override:/usr/lib/python3/dist-packages/colcon_core/task/python/colcon_distutils_commands:/home/ayaa/Agro2/install/my_nav2_bringup/lib/python3.10/site-packages:${PYTHONPATH} /usr/bin/python3 -W ignore:setup.py install is deprecated -W ignore:easy_install command is deprecated setup.py egg_info --egg-base ../../build/my_nav2_bringup build --build-base /home/ayaa/Agro2/build/my_nav2_bringup/build install --record /home/ayaa/Agro2/build/my_nav2_bringup/install.log --single-version-externally-managed install_data
