[0.142s] DEBUG:colcon:Command line arguments: ['/usr/bin/colcon', 'build', '--packages-select', 'fer_moveit']
[0.142s] DEBUG:colcon:Parsed command line arguments: Namespace(log_base=None, log_level=None, verb_name='build', build_base='build', install_base='install', merge_install=False, symlink_install=False, test_result_base=None, continue_on_error=False, executor='parallel', parallel_workers=8, event_handlers=None, ignore_user_meta=False, metas=['./colcon.meta'], base_paths=['.'], packages_ignore=None, packages_ignore_regex=None, paths=None, packages_up_to=None, packages_up_to_regex=None, packages_above=None, packages_above_and_dependencies=None, packages_above_depth=None, packages_select_by_dep=None, packages_skip_by_dep=None, packages_skip_up_to=None, packages_select_build_failed=False, packages_skip_build_finished=False, packages_select_test_failures=False, packages_skip_test_passed=False, packages_select=['fer_moveit'], packages_skip=None, packages_select_regex=None, packages_skip_regex=None, packages_start=None, packages_end=None, allow_overriding=[], cmake_args=None, cmake_target=None, cmake_target_skip_unavailable=False, cmake_clean_cache=False, cmake_clean_first=False, cmake_force_configure=False, ament_cmake_args=None, catkin_cmake_args=None, catkin_skip_building_tests=False, mixin_files=None, mixin=None, verb_parser=<colcon_mixin.mixin.mixin_argument.MixinArgumentDecorator object at 0x7f0101e49300>, verb_extension=<colcon_core.verb.build.BuildVerb object at 0x7f0101e49420>, main=<bound method BuildVerb.main of <colcon_core.verb.build.BuildVerb object at 0x7f0101e49420>>, mixin_verb=('build',))
[0.391s] Level 1:colcon.colcon_core.package_discovery:discover_packages(colcon_meta) check parameters
[0.391s] Level 1:colcon.colcon_core.package_discovery:discover_packages(recursive) check parameters
[0.391s] Level 1:colcon.colcon_core.package_discovery:discover_packages(ignore) check parameters
[0.391s] Level 1:colcon.colcon_core.package_discovery:discover_packages(path) check parameters
[0.391s] Level 1:colcon.colcon_core.package_discovery:discover_packages(colcon_meta) discover
[0.391s] Level 1:colcon.colcon_core.package_discovery:discover_packages(recursive) discover
[0.391s] INFO:colcon.colcon_core.package_discovery:Crawling recursively for packages in '/home/ayaa/Agro2'
[0.392s] Level 1:colcon.colcon_core.package_identification:_identify(.) by extensions ['ignore', 'ignore_ament_install']
[0.392s] Level 1:colcon.colcon_core.package_identification:_identify(.) by extension 'ignore'
[0.392s] Level 1:colcon.colcon_core.package_identification:_identify(.) by extension 'ignore_ament_install'
[0.392s] Level 1:colcon.colcon_core.package_identification:_identify(.) by extensions ['colcon_pkg']
[0.392s] Level 1:colcon.colcon_core.package_identification:_identify(.) by extension 'colcon_pkg'
[0.392s] Level 1:colcon.colcon_core.package_identification:_identify(.) by extensions ['colcon_meta']
[0.392s] Level 1:colcon.colcon_core.package_identification:_identify(.) by extension 'colcon_meta'
[0.392s] Level 1:colcon.colcon_core.package_identification:_identify(.) by extensions ['ros']
[0.392s] Level 1:colcon.colcon_core.package_identification:_identify(.) by extension 'ros'
[0.405s] Level 1:colcon.colcon_core.package_identification:_identify(.) by extensions ['cmake', 'python']
[0.405s] Level 1:colcon.colcon_core.package_identification:_identify(.) by extension 'cmake'
[0.405s] Level 1:colcon.colcon_core.package_identification:_identify(.) by extension 'python'
[0.405s] Level 1:colcon.colcon_core.package_identification:_identify(.) by extensions ['python_setup_py']
[0.405s] Level 1:colcon.colcon_core.package_identification:_identify(.) by extension 'python_setup_py'
[0.405s] Level 1:colcon.colcon_core.package_identification:_identify(build) by extensions ['ignore', 'ignore_ament_install']
[0.405s] Level 1:colcon.colcon_core.package_identification:_identify(build) by extension 'ignore'
[0.405s] Level 1:colcon.colcon_core.package_identification:_identify(build) ignored
[0.405s] Level 1:colcon.colcon_core.package_identification:_identify(install) by extensions ['ignore', 'ignore_ament_install']
[0.405s] Level 1:colcon.colcon_core.package_identification:_identify(install) by extension 'ignore'
[0.405s] Level 1:colcon.colcon_core.package_identification:_identify(install) ignored
[0.406s] Level 1:colcon.colcon_core.package_identification:_identify(log) by extensions ['ignore', 'ignore_ament_install']
[0.406s] Level 1:colcon.colcon_core.package_identification:_identify(log) by extension 'ignore'
[0.406s] Level 1:colcon.colcon_core.package_identification:_identify(log) ignored
[0.406s] Level 1:colcon.colcon_core.package_identification:_identify(rosbag2_2025_03_02-20_45_56) by extensions ['ignore', 'ignore_ament_install']
[0.406s] Level 1:colcon.colcon_core.package_identification:_identify(rosbag2_2025_03_02-20_45_56) by extension 'ignore'
[0.406s] Level 1:colcon.colcon_core.package_identification:_identify(rosbag2_2025_03_02-20_45_56) by extension 'ignore_ament_install'
[0.406s] Level 1:colcon.colcon_core.package_identification:_identify(rosbag2_2025_03_02-20_45_56) by extensions ['colcon_pkg']
[0.406s] Level 1:colcon.colcon_core.package_identification:_identify(rosbag2_2025_03_02-20_45_56) by extension 'colcon_pkg'
[0.406s] Level 1:colcon.colcon_core.package_identification:_identify(rosbag2_2025_03_02-20_45_56) by extensions ['colcon_meta']
[0.406s] Level 1:colcon.colcon_core.package_identification:_identify(rosbag2_2025_03_02-20_45_56) by extension 'colcon_meta'
[0.406s] Level 1:colcon.colcon_core.package_identification:_identify(rosbag2_2025_03_02-20_45_56) by extensions ['ros']
[0.406s] Level 1:colcon.colcon_core.package_identification:_identify(rosbag2_2025_03_02-20_45_56) by extension 'ros'
[0.406s] Level 1:colcon.colcon_core.package_identification:_identify(rosbag2_2025_03_02-20_45_56) by extensions ['cmake', 'python']
[0.406s] Level 1:colcon.colcon_core.package_identification:_identify(rosbag2_2025_03_02-20_45_56) by extension 'cmake'
[0.407s] Level 1:colcon.colcon_core.package_identification:_identify(rosbag2_2025_03_02-20_45_56) by extension 'python'
[0.407s] Level 1:colcon.colcon_core.package_identification:_identify(rosbag2_2025_03_02-20_45_56) by extensions ['python_setup_py']
[0.407s] Level 1:colcon.colcon_core.package_identification:_identify(rosbag2_2025_03_02-20_45_56) by extension 'python_setup_py'
[0.407s] Level 1:colcon.colcon_core.package_identification:_identify(src) by extensions ['ignore', 'ignore_ament_install']
[0.407s] Level 1:colcon.colcon_core.package_identification:_identify(src) by extension 'ignore'
[0.407s] Level 1:colcon.colcon_core.package_identification:_identify(src) by extension 'ignore_ament_install'
[0.407s] Level 1:colcon.colcon_core.package_identification:_identify(src) by extensions ['colcon_pkg']
[0.407s] Level 1:colcon.colcon_core.package_identification:_identify(src) by extension 'colcon_pkg'
[0.407s] Level 1:colcon.colcon_core.package_identification:_identify(src) by extensions ['colcon_meta']
[0.407s] Level 1:colcon.colcon_core.package_identification:_identify(src) by extension 'colcon_meta'
[0.407s] Level 1:colcon.colcon_core.package_identification:_identify(src) by extensions ['ros']
[0.407s] Level 1:colcon.colcon_core.package_identification:_identify(src) by extension 'ros'
[0.407s] Level 1:colcon.colcon_core.package_identification:_identify(src) by extensions ['cmake', 'python']
[0.407s] Level 1:colcon.colcon_core.package_identification:_identify(src) by extension 'cmake'
[0.407s] Level 1:colcon.colcon_core.package_identification:_identify(src) by extension 'python'
[0.407s] Level 1:colcon.colcon_core.package_identification:_identify(src) by extensions ['python_setup_py']
[0.407s] Level 1:colcon.colcon_core.package_identification:_identify(src) by extension 'python_setup_py'
[0.407s] Level 1:colcon.colcon_core.package_identification:_identify(src/build) by extensions ['ignore', 'ignore_ament_install']
[0.407s] Level 1:colcon.colcon_core.package_identification:_identify(src/build) by extension 'ignore'
[0.407s] Level 1:colcon.colcon_core.package_identification:_identify(src/build) ignored
[0.408s] Level 1:colcon.colcon_core.package_identification:_identify(src/custom_worlds) by extensions ['ignore', 'ignore_ament_install']
[0.408s] Level 1:colcon.colcon_core.package_identification:_identify(src/custom_worlds) by extension 'ignore'
[0.408s] Level 1:colcon.colcon_core.package_identification:_identify(src/custom_worlds) by extension 'ignore_ament_install'
[0.408s] Level 1:colcon.colcon_core.package_identification:_identify(src/custom_worlds) by extensions ['colcon_pkg']
[0.408s] Level 1:colcon.colcon_core.package_identification:_identify(src/custom_worlds) by extension 'colcon_pkg'
[0.408s] Level 1:colcon.colcon_core.package_identification:_identify(src/custom_worlds) by extensions ['colcon_meta']
[0.408s] Level 1:colcon.colcon_core.package_identification:_identify(src/custom_worlds) by extension 'colcon_meta'
[0.408s] Level 1:colcon.colcon_core.package_identification:_identify(src/custom_worlds) by extensions ['ros']
[0.408s] Level 1:colcon.colcon_core.package_identification:_identify(src/custom_worlds) by extension 'ros'
[0.410s] DEBUG:colcon.colcon_core.package_identification:Package 'src/custom_worlds' with type 'ros.ament_python' and name 'custom_worlds'
[0.410s] Level 1:colcon.colcon_core.package_identification:_identify(src/fer_cpp_moveit) by extensions ['ignore', 'ignore_ament_install']
[0.411s] Level 1:colcon.colcon_core.package_identification:_identify(src/fer_cpp_moveit) by extension 'ignore'
[0.411s] Level 1:colcon.colcon_core.package_identification:_identify(src/fer_cpp_moveit) by extension 'ignore_ament_install'
[0.411s] Level 1:colcon.colcon_core.package_identification:_identify(src/fer_cpp_moveit) by extensions ['colcon_pkg']
[0.411s] Level 1:colcon.colcon_core.package_identification:_identify(src/fer_cpp_moveit) by extension 'colcon_pkg'
[0.411s] Level 1:colcon.colcon_core.package_identification:_identify(src/fer_cpp_moveit) by extensions ['colcon_meta']
[0.411s] Level 1:colcon.colcon_core.package_identification:_identify(src/fer_cpp_moveit) by extension 'colcon_meta'
[0.411s] Level 1:colcon.colcon_core.package_identification:_identify(src/fer_cpp_moveit) by extensions ['ros']
[0.411s] Level 1:colcon.colcon_core.package_identification:_identify(src/fer_cpp_moveit) by extension 'ros'
[0.411s] DEBUG:colcon.colcon_core.package_identification:Package 'src/fer_cpp_moveit' with type 'ros.ament_cmake' and name 'fer_cpp_moveit'
[0.412s] Level 1:colcon.colcon_core.package_identification:_identify(src/fer_gazebo) by extensions ['ignore', 'ignore_ament_install']
[0.412s] Level 1:colcon.colcon_core.package_identification:_identify(src/fer_gazebo) by extension 'ignore'
[0.412s] Level 1:colcon.colcon_core.package_identification:_identify(src/fer_gazebo) by extension 'ignore_ament_install'
[0.412s] Level 1:colcon.colcon_core.package_identification:_identify(src/fer_gazebo) by extensions ['colcon_pkg']
[0.412s] Level 1:colcon.colcon_core.package_identification:_identify(src/fer_gazebo) by extension 'colcon_pkg'
[0.412s] Level 1:colcon.colcon_core.package_identification:_identify(src/fer_gazebo) by extensions ['colcon_meta']
[0.412s] Level 1:colcon.colcon_core.package_identification:_identify(src/fer_gazebo) by extension 'colcon_meta'
[0.412s] Level 1:colcon.colcon_core.package_identification:_identify(src/fer_gazebo) by extensions ['ros']
[0.412s] Level 1:colcon.colcon_core.package_identification:_identify(src/fer_gazebo) by extension 'ros'
[0.412s] DEBUG:colcon.colcon_core.package_identification:Package 'src/fer_gazebo' with type 'ros.ament_python' and name 'fer_gazebo'
[0.412s] Level 1:colcon.colcon_core.package_identification:_identify(src/fer_moveit) by extensions ['ignore', 'ignore_ament_install']
[0.413s] Level 1:colcon.colcon_core.package_identification:_identify(src/fer_moveit) by extension 'ignore'
[0.413s] Level 1:colcon.colcon_core.package_identification:_identify(src/fer_moveit) by extension 'ignore_ament_install'
[0.413s] Level 1:colcon.colcon_core.package_identification:_identify(src/fer_moveit) by extensions ['colcon_pkg']
[0.413s] Level 1:colcon.colcon_core.package_identification:_identify(src/fer_moveit) by extension 'colcon_pkg'
[0.413s] Level 1:colcon.colcon_core.package_identification:_identify(src/fer_moveit) by extensions ['colcon_meta']
[0.413s] Level 1:colcon.colcon_core.package_identification:_identify(src/fer_moveit) by extension 'colcon_meta'
[0.413s] Level 1:colcon.colcon_core.package_identification:_identify(src/fer_moveit) by extensions ['ros']
[0.413s] Level 1:colcon.colcon_core.package_identification:_identify(src/fer_moveit) by extension 'ros'
[0.414s] DEBUG:colcon.colcon_core.package_identification:Package 'src/fer_moveit' with type 'ros.ament_cmake' and name 'fer_moveit'
[0.414s] Level 1:colcon.colcon_core.package_identification:_identify(src/franka_description) by extensions ['ignore', 'ignore_ament_install']
[0.414s] Level 1:colcon.colcon_core.package_identification:_identify(src/franka_description) by extension 'ignore'
[0.414s] Level 1:colcon.colcon_core.package_identification:_identify(src/franka_description) by extension 'ignore_ament_install'
[0.414s] Level 1:colcon.colcon_core.package_identification:_identify(src/franka_description) by extensions ['colcon_pkg']
[0.414s] Level 1:colcon.colcon_core.package_identification:_identify(src/franka_description) by extension 'colcon_pkg'
[0.414s] Level 1:colcon.colcon_core.package_identification:_identify(src/franka_description) by extensions ['colcon_meta']
[0.414s] Level 1:colcon.colcon_core.package_identification:_identify(src/franka_description) by extension 'colcon_meta'
[0.414s] Level 1:colcon.colcon_core.package_identification:_identify(src/franka_description) by extensions ['ros']
[0.414s] Level 1:colcon.colcon_core.package_identification:_identify(src/franka_description) by extension 'ros'
[0.415s] DEBUG:colcon.colcon_core.package_identification:Package 'src/franka_description' with type 'ros.ament_cmake' and name 'franka_description'
[0.415s] Level 1:colcon.colcon_core.package_identification:_identify(src/install) by extensions ['ignore', 'ignore_ament_install']
[0.415s] Level 1:colcon.colcon_core.package_identification:_identify(src/install) by extension 'ignore'
[0.415s] Level 1:colcon.colcon_core.package_identification:_identify(src/install) ignored
[0.415s] Level 1:colcon.colcon_core.package_identification:_identify(src/log) by extensions ['ignore', 'ignore_ament_install']
[0.415s] Level 1:colcon.colcon_core.package_identification:_identify(src/log) by extension 'ignore'
[0.415s] Level 1:colcon.colcon_core.package_identification:_identify(src/log) ignored
[0.415s] Level 1:colcon.colcon_core.package_identification:_identify(src/my_nav2_bringup) by extensions ['ignore', 'ignore_ament_install']
[0.415s] Level 1:colcon.colcon_core.package_identification:_identify(src/my_nav2_bringup) by extension 'ignore'
[0.415s] Level 1:colcon.colcon_core.package_identification:_identify(src/my_nav2_bringup) by extension 'ignore_ament_install'
[0.415s] Level 1:colcon.colcon_core.package_identification:_identify(src/my_nav2_bringup) by extensions ['colcon_pkg']
[0.415s] Level 1:colcon.colcon_core.package_identification:_identify(src/my_nav2_bringup) by extension 'colcon_pkg'
[0.415s] Level 1:colcon.colcon_core.package_identification:_identify(src/my_nav2_bringup) by extensions ['colcon_meta']
[0.415s] Level 1:colcon.colcon_core.package_identification:_identify(src/my_nav2_bringup) by extension 'colcon_meta'
[0.415s] Level 1:colcon.colcon_core.package_identification:_identify(src/my_nav2_bringup) by extensions ['ros']
[0.415s] Level 1:colcon.colcon_core.package_identification:_identify(src/my_nav2_bringup) by extension 'ros'
[0.416s] DEBUG:colcon.colcon_core.package_identification:Package 'src/my_nav2_bringup' with type 'ros.ament_python' and name 'my_nav2_bringup'
[0.416s] Level 1:colcon.colcon_core.package_identification:_identify(src/tiago_behavior_tree) by extensions ['ignore', 'ignore_ament_install']
[0.416s] Level 1:colcon.colcon_core.package_identification:_identify(src/tiago_behavior_tree) by extension 'ignore'
[0.416s] Level 1:colcon.colcon_core.package_identification:_identify(src/tiago_behavior_tree) by extension 'ignore_ament_install'
[0.416s] Level 1:colcon.colcon_core.package_identification:_identify(src/tiago_behavior_tree) by extensions ['colcon_pkg']
[0.416s] Level 1:colcon.colcon_core.package_identification:_identify(src/tiago_behavior_tree) by extension 'colcon_pkg'
[0.416s] Level 1:colcon.colcon_core.package_identification:_identify(src/tiago_behavior_tree) by extensions ['colcon_meta']
[0.416s] Level 1:colcon.colcon_core.package_identification:_identify(src/tiago_behavior_tree) by extension 'colcon_meta'
[0.416s] Level 1:colcon.colcon_core.package_identification:_identify(src/tiago_behavior_tree) by extensions ['ros']
[0.416s] Level 1:colcon.colcon_core.package_identification:_identify(src/tiago_behavior_tree) by extension 'ros'
[0.417s] DEBUG:colcon.colcon_core.package_identification:Package 'src/tiago_behavior_tree' with type 'ros.ament_cmake' and name 'tiago_behavior_tree'
[0.417s] Level 1:colcon.colcon_core.package_identification:_identify(src/tiago_cpp) by extensions ['ignore', 'ignore_ament_install']
[0.417s] Level 1:colcon.colcon_core.package_identification:_identify(src/tiago_cpp) by extension 'ignore'
[0.417s] Level 1:colcon.colcon_core.package_identification:_identify(src/tiago_cpp) by extension 'ignore_ament_install'
[0.417s] Level 1:colcon.colcon_core.package_identification:_identify(src/tiago_cpp) by extensions ['colcon_pkg']
[0.417s] Level 1:colcon.colcon_core.package_identification:_identify(src/tiago_cpp) by extension 'colcon_pkg'
[0.417s] Level 1:colcon.colcon_core.package_identification:_identify(src/tiago_cpp) by extensions ['colcon_meta']
[0.417s] Level 1:colcon.colcon_core.package_identification:_identify(src/tiago_cpp) by extension 'colcon_meta'
[0.417s] Level 1:colcon.colcon_core.package_identification:_identify(src/tiago_cpp) by extensions ['ros']
[0.417s] Level 1:colcon.colcon_core.package_identification:_identify(src/tiago_cpp) by extension 'ros'
[0.418s] DEBUG:colcon.colcon_core.package_identification:Package 'src/tiago_cpp' with type 'ros.ament_cmake' and name 'tiago_cpp'
[0.418s] Level 1:colcon.colcon_core.package_identification:_identify(src/tiago_custom) by extensions ['ignore', 'ignore_ament_install']
[0.418s] Level 1:colcon.colcon_core.package_identification:_identify(src/tiago_custom) by extension 'ignore'
[0.418s] Level 1:colcon.colcon_core.package_identification:_identify(src/tiago_custom) by extension 'ignore_ament_install'
[0.418s] Level 1:colcon.colcon_core.package_identification:_identify(src/tiago_custom) by extensions ['colcon_pkg']
[0.418s] Level 1:colcon.colcon_core.package_identification:_identify(src/tiago_custom) by extension 'colcon_pkg'
[0.418s] Level 1:colcon.colcon_core.package_identification:_identify(src/tiago_custom) by extensions ['colcon_meta']
[0.418s] Level 1:colcon.colcon_core.package_identification:_identify(src/tiago_custom) by extension 'colcon_meta'
[0.418s] Level 1:colcon.colcon_core.package_identification:_identify(src/tiago_custom) by extensions ['ros']
[0.418s] Level 1:colcon.colcon_core.package_identification:_identify(src/tiago_custom) by extension 'ros'
[0.419s] DEBUG:colcon.colcon_core.package_identification:Package 'src/tiago_custom' with type 'ros.ament_python' and name 'tiago_custom'
[0.419s] Level 1:colcon.colcon_core.package_discovery:discover_packages(recursive) using defaults
[0.419s] Level 1:colcon.colcon_core.package_discovery:discover_packages(ignore) discover
[0.419s] Level 1:colcon.colcon_core.package_discovery:discover_packages(ignore) using defaults
[0.419s] Level 1:colcon.colcon_core.package_discovery:discover_packages(path) discover
[0.419s] Level 1:colcon.colcon_core.package_discovery:discover_packages(path) using defaults
[0.438s] INFO:colcon.colcon_core.package_selection:Skipping not selected package 'custom_worlds' in 'src/custom_worlds'
[0.438s] INFO:colcon.colcon_core.package_selection:Skipping not selected package 'fer_cpp_moveit' in 'src/fer_cpp_moveit'
[0.438s] INFO:colcon.colcon_core.package_selection:Skipping not selected package 'fer_gazebo' in 'src/fer_gazebo'
[0.438s] INFO:colcon.colcon_core.package_selection:Skipping not selected package 'franka_description' in 'src/franka_description'
[0.438s] INFO:colcon.colcon_core.package_selection:Skipping not selected package 'my_nav2_bringup' in 'src/my_nav2_bringup'
[0.438s] INFO:colcon.colcon_core.package_selection:Skipping not selected package 'tiago_behavior_tree' in 'src/tiago_behavior_tree'
[0.438s] INFO:colcon.colcon_core.package_selection:Skipping not selected package 'tiago_cpp' in 'src/tiago_cpp'
[0.438s] INFO:colcon.colcon_core.package_selection:Skipping not selected package 'tiago_custom' in 'src/tiago_custom'
[0.439s] Level 1:colcon.colcon_core.package_discovery:discover_packages(prefix_path) check parameters
[0.439s] Level 1:colcon.colcon_core.package_discovery:discover_packages(prefix_path) discover
[0.442s] DEBUG:colcon.colcon_installed_package_information.package_discovery:Found 18 installed packages in /home/ayaa/Agro2/install
[0.444s] DEBUG:colcon.colcon_installed_package_information.package_discovery:Found 470 installed packages in /opt/ros/humble
[0.446s] Level 1:colcon.colcon_core.package_discovery:discover_packages(prefix_path) using defaults
[0.499s] Level 5:colcon.colcon_core.verb:set package 'fer_moveit' build argument 'cmake_args' from command line to 'None'
[0.499s] Level 5:colcon.colcon_core.verb:set package 'fer_moveit' build argument 'cmake_target' from command line to 'None'
[0.499s] Level 5:colcon.colcon_core.verb:set package 'fer_moveit' build argument 'cmake_target_skip_unavailable' from command line to 'False'
[0.499s] Level 5:colcon.colcon_core.verb:set package 'fer_moveit' build argument 'cmake_clean_cache' from command line to 'False'
[0.499s] Level 5:colcon.colcon_core.verb:set package 'fer_moveit' build argument 'cmake_clean_first' from command line to 'False'
[0.499s] Level 5:colcon.colcon_core.verb:set package 'fer_moveit' build argument 'cmake_force_configure' from command line to 'False'
[0.499s] Level 5:colcon.colcon_core.verb:set package 'fer_moveit' build argument 'ament_cmake_args' from command line to 'None'
[0.499s] Level 5:colcon.colcon_core.verb:set package 'fer_moveit' build argument 'catkin_cmake_args' from command line to 'None'
[0.499s] Level 5:colcon.colcon_core.verb:set package 'fer_moveit' build argument 'catkin_skip_building_tests' from command line to 'False'
[0.499s] DEBUG:colcon.colcon_core.verb:Building package 'fer_moveit' with the following arguments: {'ament_cmake_args': None, 'build_base': '/home/ayaa/Agro2/build/fer_moveit', 'catkin_cmake_args': None, 'catkin_skip_building_tests': False, 'cmake_args': None, 'cmake_clean_cache': False, 'cmake_clean_first': False, 'cmake_force_configure': False, 'cmake_target': None, 'cmake_target_skip_unavailable': False, 'install_base': '/home/ayaa/Agro2/install/fer_moveit', 'merge_install': False, 'path': '/home/ayaa/Agro2/src/fer_moveit', 'symlink_install': False, 'test_result_base': None}
[0.499s] INFO:colcon.colcon_core.executor:Executing jobs using 'parallel' executor
[0.500s] DEBUG:colcon.colcon_parallel_executor.executor.parallel:run_until_complete
[0.500s] INFO:colcon.colcon_ros.task.ament_cmake.build:Building ROS package in '/home/ayaa/Agro2/src/fer_moveit' with build type 'ament_cmake'
[0.500s] INFO:colcon.colcon_cmake.task.cmake.build:Building CMake package in '/home/ayaa/Agro2/src/fer_moveit'
[0.504s] INFO:colcon.colcon_core.plugin_system:Skipping extension 'colcon_core.shell.bat': Not used on non-Windows systems
[0.504s] INFO:colcon.colcon_core.shell:Skip shell extension 'powershell' for command environment: Not usable outside of PowerShell
[0.504s] DEBUG:colcon.colcon_core.shell:Skip shell extension 'dsv' for command environment
[0.513s] DEBUG:colcon.colcon_core.event_handler.log_command:Invoking command in '/home/ayaa/Agro2/build/fer_moveit': CMAKE_PREFIX_PATH=/home/ayaa/Agro2/install/tiago_custom:/home/ayaa/Agro2/install/my_nav2_bringup:/home/ayaa/Agro2/install/fer_gazebo:/home/ayaa/Agro2/install/custom_worlds:/opt/ros/humble:/home/ayaa/Agro2/install/franka_description:/home/ayaa/Agro2/install/ur5_moveit:/home/ayaa/Agro2/install/ur_description:/home/ayaa/Agro2/install/tiago_simulation:/home/ayaa/Agro2/install/tiago_robot:/home/ayaa/Agro2/install/tiago_gazebo:/home/ayaa/Agro2/install/tiago_bringup:/home/ayaa/Agro2/install/tiago_description:/home/ayaa/Agro2/install/tiago_cpp:/home/ayaa/Agro2/install/tiago_controller_configuration:/home/ayaa/Agro2/install/tiago_behavior_tree:/home/ayaa/Agro2/install/fer_moveit:/home/ayaa/Agro2/install/fer_cpp_moveit /usr/bin/cmake --build /home/ayaa/Agro2/build/fer_moveit -- -j8 -l8
[0.548s] DEBUG:colcon.colcon_core.event_handler.log_command:Invoked command in '/home/ayaa/Agro2/build/fer_moveit' returned '0': CMAKE_PREFIX_PATH=/home/ayaa/Agro2/install/tiago_custom:/home/ayaa/Agro2/install/my_nav2_bringup:/home/ayaa/Agro2/install/fer_gazebo:/home/ayaa/Agro2/install/custom_worlds:/opt/ros/humble:/home/ayaa/Agro2/install/franka_description:/home/ayaa/Agro2/install/ur5_moveit:/home/ayaa/Agro2/install/ur_description:/home/ayaa/Agro2/install/tiago_simulation:/home/ayaa/Agro2/install/tiago_robot:/home/ayaa/Agro2/install/tiago_gazebo:/home/ayaa/Agro2/install/tiago_bringup:/home/ayaa/Agro2/install/tiago_description:/home/ayaa/Agro2/install/tiago_cpp:/home/ayaa/Agro2/install/tiago_controller_configuration:/home/ayaa/Agro2/install/tiago_behavior_tree:/home/ayaa/Agro2/install/fer_moveit:/home/ayaa/Agro2/install/fer_cpp_moveit /usr/bin/cmake --build /home/ayaa/Agro2/build/fer_moveit -- -j8 -l8
[0.557s] DEBUG:colcon.colcon_core.event_handler.log_command:Invoking command in '/home/ayaa/Agro2/build/fer_moveit': CMAKE_PREFIX_PATH=/home/ayaa/Agro2/install/tiago_custom:/home/ayaa/Agro2/install/my_nav2_bringup:/home/ayaa/Agro2/install/fer_gazebo:/home/ayaa/Agro2/install/custom_worlds:/opt/ros/humble:/home/ayaa/Agro2/install/franka_description:/home/ayaa/Agro2/install/ur5_moveit:/home/ayaa/Agro2/install/ur_description:/home/ayaa/Agro2/install/tiago_simulation:/home/ayaa/Agro2/install/tiago_robot:/home/ayaa/Agro2/install/tiago_gazebo:/home/ayaa/Agro2/install/tiago_bringup:/home/ayaa/Agro2/install/tiago_description:/home/ayaa/Agro2/install/tiago_cpp:/home/ayaa/Agro2/install/tiago_controller_configuration:/home/ayaa/Agro2/install/tiago_behavior_tree:/home/ayaa/Agro2/install/fer_moveit:/home/ayaa/Agro2/install/fer_cpp_moveit /usr/bin/cmake --install /home/ayaa/Agro2/build/fer_moveit
[0.569s] Level 1:colcon.colcon_core.environment:create_environment_scripts_only(fer_moveit)
[0.573s] DEBUG:colcon.colcon_core.event_handler.log_command:Invoked command in '/home/ayaa/Agro2/build/fer_moveit' returned '0': CMAKE_PREFIX_PATH=/home/ayaa/Agro2/install/tiago_custom:/home/ayaa/Agro2/install/my_nav2_bringup:/home/ayaa/Agro2/install/fer_gazebo:/home/ayaa/Agro2/install/custom_worlds:/opt/ros/humble:/home/ayaa/Agro2/install/franka_description:/home/ayaa/Agro2/install/ur5_moveit:/home/ayaa/Agro2/install/ur_description:/home/ayaa/Agro2/install/tiago_simulation:/home/ayaa/Agro2/install/tiago_robot:/home/ayaa/Agro2/install/tiago_gazebo:/home/ayaa/Agro2/install/tiago_bringup:/home/ayaa/Agro2/install/tiago_description:/home/ayaa/Agro2/install/tiago_cpp:/home/ayaa/Agro2/install/tiago_controller_configuration:/home/ayaa/Agro2/install/tiago_behavior_tree:/home/ayaa/Agro2/install/fer_moveit:/home/ayaa/Agro2/install/fer_cpp_moveit /usr/bin/cmake --install /home/ayaa/Agro2/build/fer_moveit
[0.575s] Level 1:colcon.colcon_core.environment:checking '/home/ayaa/Agro2/install/fer_moveit' for CMake module files
[0.576s] Level 1:colcon.colcon_core.environment:checking '/home/ayaa/Agro2/install/fer_moveit' for CMake config files
[0.576s] Level 1:colcon.colcon_core.shell:create_environment_hook('fer_moveit', 'cmake_prefix_path')
[0.576s] INFO:colcon.colcon_core.shell:Creating environment hook '/home/ayaa/Agro2/install/fer_moveit/share/fer_moveit/hook/cmake_prefix_path.ps1'
[0.577s] INFO:colcon.colcon_core.shell:Creating environment descriptor '/home/ayaa/Agro2/install/fer_moveit/share/fer_moveit/hook/cmake_prefix_path.dsv'
[0.577s] INFO:colcon.colcon_core.shell:Creating environment hook '/home/ayaa/Agro2/install/fer_moveit/share/fer_moveit/hook/cmake_prefix_path.sh'
[0.578s] Level 1:colcon.colcon_core.environment:checking '/home/ayaa/Agro2/install/fer_moveit/bin'
[0.578s] Level 1:colcon.colcon_core.environment:checking '/home/ayaa/Agro2/install/fer_moveit/lib/pkgconfig/fer_moveit.pc'
[0.578s] Level 1:colcon.colcon_core.environment:checking '/home/ayaa/Agro2/install/fer_moveit/lib/python3.10/site-packages'
[0.578s] Level 1:colcon.colcon_core.environment:checking '/home/ayaa/Agro2/install/fer_moveit/bin'
[0.578s] INFO:colcon.colcon_core.shell:Creating package script '/home/ayaa/Agro2/install/fer_moveit/share/fer_moveit/package.ps1'
[0.579s] INFO:colcon.colcon_core.shell:Creating package descriptor '/home/ayaa/Agro2/install/fer_moveit/share/fer_moveit/package.dsv'
[0.580s] INFO:colcon.colcon_core.shell:Creating package script '/home/ayaa/Agro2/install/fer_moveit/share/fer_moveit/package.sh'
[0.580s] INFO:colcon.colcon_core.shell:Creating package script '/home/ayaa/Agro2/install/fer_moveit/share/fer_moveit/package.bash'
[0.581s] INFO:colcon.colcon_core.shell:Creating package script '/home/ayaa/Agro2/install/fer_moveit/share/fer_moveit/package.zsh'
[0.582s] Level 1:colcon.colcon_core.environment:create_file_with_runtime_dependencies(/home/ayaa/Agro2/install/fer_moveit/share/colcon-core/packages/fer_moveit)
[0.582s] Level 1:colcon.colcon_core.environment:create_environment_scripts_only(fer_moveit)
[0.582s] Level 1:colcon.colcon_core.environment:checking '/home/ayaa/Agro2/install/fer_moveit' for CMake module files
[0.583s] Level 1:colcon.colcon_core.environment:checking '/home/ayaa/Agro2/install/fer_moveit' for CMake config files
[0.583s] Level 1:colcon.colcon_core.shell:create_environment_hook('fer_moveit', 'cmake_prefix_path')
[0.583s] INFO:colcon.colcon_core.shell:Creating environment hook '/home/ayaa/Agro2/install/fer_moveit/share/fer_moveit/hook/cmake_prefix_path.ps1'
[0.584s] INFO:colcon.colcon_core.shell:Creating environment descriptor '/home/ayaa/Agro2/install/fer_moveit/share/fer_moveit/hook/cmake_prefix_path.dsv'
[0.584s] INFO:colcon.colcon_core.shell:Creating environment hook '/home/ayaa/Agro2/install/fer_moveit/share/fer_moveit/hook/cmake_prefix_path.sh'
[0.584s] Level 1:colcon.colcon_core.environment:checking '/home/ayaa/Agro2/install/fer_moveit/bin'
[0.584s] Level 1:colcon.colcon_core.environment:checking '/home/ayaa/Agro2/install/fer_moveit/lib/pkgconfig/fer_moveit.pc'
[0.585s] Level 1:colcon.colcon_core.environment:checking '/home/ayaa/Agro2/install/fer_moveit/lib/python3.10/site-packages'
[0.585s] Level 1:colcon.colcon_core.environment:checking '/home/ayaa/Agro2/install/fer_moveit/bin'
[0.585s] INFO:colcon.colcon_core.shell:Creating package script '/home/ayaa/Agro2/install/fer_moveit/share/fer_moveit/package.ps1'
[0.585s] INFO:colcon.colcon_core.shell:Creating package descriptor '/home/ayaa/Agro2/install/fer_moveit/share/fer_moveit/package.dsv'
[0.586s] INFO:colcon.colcon_core.shell:Creating package script '/home/ayaa/Agro2/install/fer_moveit/share/fer_moveit/package.sh'
[0.586s] INFO:colcon.colcon_core.shell:Creating package script '/home/ayaa/Agro2/install/fer_moveit/share/fer_moveit/package.bash'
[0.587s] INFO:colcon.colcon_core.shell:Creating package script '/home/ayaa/Agro2/install/fer_moveit/share/fer_moveit/package.zsh'
[0.587s] Level 1:colcon.colcon_core.environment:create_file_with_runtime_dependencies(/home/ayaa/Agro2/install/fer_moveit/share/colcon-core/packages/fer_moveit)
[0.587s] DEBUG:colcon.colcon_parallel_executor.executor.parallel:closing loop
[0.588s] DEBUG:colcon.colcon_parallel_executor.executor.parallel:loop closed
[0.588s] DEBUG:colcon.colcon_parallel_executor.executor.parallel:run_until_complete finished with '0'
[0.588s] DEBUG:colcon.colcon_core.event_reactor:joining thread
[0.596s] INFO:colcon.colcon_core.plugin_system:Skipping extension 'colcon_notification.desktop_notification.terminal_notifier': Not used on non-Darwin systems
[0.596s] INFO:colcon.colcon_core.plugin_system:Skipping extension 'colcon_notification.desktop_notification.win32': Not used on non-Windows systems
[0.597s] INFO:colcon.colcon_notification.desktop_notification:Sending desktop notification using 'notify2'
[0.607s] DEBUG:colcon.colcon_core.event_reactor:joined thread
[0.607s] INFO:colcon.colcon_core.shell:Creating prefix script '/home/ayaa/Agro2/install/local_setup.ps1'
[0.608s] INFO:colcon.colcon_core.shell:Creating prefix util module '/home/ayaa/Agro2/install/_local_setup_util_ps1.py'
[0.610s] INFO:colcon.colcon_core.shell:Creating prefix chain script '/home/ayaa/Agro2/install/setup.ps1'
[0.612s] INFO:colcon.colcon_core.shell:Creating prefix script '/home/ayaa/Agro2/install/local_setup.sh'
[0.612s] INFO:colcon.colcon_core.shell:Creating prefix util module '/home/ayaa/Agro2/install/_local_setup_util_sh.py'
[0.613s] INFO:colcon.colcon_core.shell:Creating prefix chain script '/home/ayaa/Agro2/install/setup.sh'
[0.615s] INFO:colcon.colcon_core.shell:Creating prefix script '/home/ayaa/Agro2/install/local_setup.bash'
[0.615s] INFO:colcon.colcon_core.shell:Creating prefix chain script '/home/ayaa/Agro2/install/setup.bash'
[0.617s] INFO:colcon.colcon_core.shell:Creating prefix script '/home/ayaa/Agro2/install/local_setup.zsh'
[0.617s] INFO:colcon.colcon_core.shell:Creating prefix chain script '/home/ayaa/Agro2/install/setup.zsh'
