[0.020s] Invoking command in '/home/ayaa/Agro2/build/tiago_robot': AMENT_PREFIX_PATH=/home/ayaa/Agro2/install/tiago_bringup:/home/ayaa/Agro2/install/tiago_description:/home/ayaa/Agro2/install/tiago_controller_configuration:${AMENT_PREFIX_PATH} CMAKE_PREFIX_PATH=/home/ayaa/Agro2/install/tiago_bringup:/home/ayaa/Agro2/install/tiago_description:/home/ayaa/Agro2/install/tiago_controller_configuration:/home/ayaa/Agro2/install/tiago_simulation:/home/ayaa/Agro2/install/tiago_gazebo:/home/ayaa/Agro2/install/ur5_moveit:/home/ayaa/Agro2/install/ur_description:/home/ayaa/Agro2/install/fer_moveit:/home/ayaa/Agro2/install/my_nav2_bringup:/home/ayaa/Agro2/install/fer_gazebo:/home/ayaa/Agro2/install/custom_worlds:/opt/ros/humble:/home/ayaa/Agro2/install/franka_description:/home/ayaa/Agro2/install/fer_cpp_moveit PYTHONPATH=/home/ayaa/Agro2/install/tiago_description/local/lib/python3.10/dist-packages:${PYTHONPATH} /usr/bin/cmake /home/ayaa/Agro2/src/tiago_robot/tiago_robot -DCMAKE_INSTALL_PREFIX=/home/ayaa/Agro2/install/tiago_robot
[0.084s] -- The C compiler identification is GNU 11.4.0
[0.153s] -- The CXX compiler identification is GNU 11.4.0
[0.165s] -- Detecting C compiler ABI info
[0.240s] -- Detecting C compiler ABI info - done
[0.249s] -- Check for working C compiler: /usr/bin/cc - skipped
[0.249s] -- Detecting C compile features
[0.249s] -- Detecting C compile features - done
[0.253s] -- Detecting CXX compiler ABI info
[0.332s] -- Detecting CXX compiler ABI info - done
[0.340s] -- Check for working CXX compiler: /usr/bin/c++ - skipped
[0.340s] -- Detecting CXX compile features
[0.341s] -- Detecting CXX compile features - done
[0.345s] -- Found ament_cmake: 1.3.11 (/opt/ros/humble/share/ament_cmake/cmake)
[1.000s] -- Found Python3: /usr/bin/python3 (found version "3.10.12") found components: Interpreter 
[1.157s] -- Configuring done
[1.159s] -- Generating done
[1.161s] -- Build files have been written to: /home/ayaa/Agro2/build/tiago_robot
[1.164s] Invoked command in '/home/ayaa/Agro2/build/tiago_robot' returned '0': AMENT_PREFIX_PATH=/home/ayaa/Agro2/install/tiago_bringup:/home/ayaa/Agro2/install/tiago_description:/home/ayaa/Agro2/install/tiago_controller_configuration:${AMENT_PREFIX_PATH} CMAKE_PREFIX_PATH=/home/ayaa/Agro2/install/tiago_bringup:/home/ayaa/Agro2/install/tiago_description:/home/ayaa/Agro2/install/tiago_controller_configuration:/home/ayaa/Agro2/install/tiago_simulation:/home/ayaa/Agro2/install/tiago_gazebo:/home/ayaa/Agro2/install/ur5_moveit:/home/ayaa/Agro2/install/ur_description:/home/ayaa/Agro2/install/fer_moveit:/home/ayaa/Agro2/install/my_nav2_bringup:/home/ayaa/Agro2/install/fer_gazebo:/home/ayaa/Agro2/install/custom_worlds:/opt/ros/humble:/home/ayaa/Agro2/install/franka_description:/home/ayaa/Agro2/install/fer_cpp_moveit PYTHONPATH=/home/ayaa/Agro2/install/tiago_description/local/lib/python3.10/dist-packages:${PYTHONPATH} /usr/bin/cmake /home/ayaa/Agro2/src/tiago_robot/tiago_robot -DCMAKE_INSTALL_PREFIX=/home/ayaa/Agro2/install/tiago_robot
[1.166s] Invoking command in '/home/ayaa/Agro2/build/tiago_robot': AMENT_PREFIX_PATH=/home/ayaa/Agro2/install/tiago_bringup:/home/ayaa/Agro2/install/tiago_description:/home/ayaa/Agro2/install/tiago_controller_configuration:${AMENT_PREFIX_PATH} CMAKE_PREFIX_PATH=/home/ayaa/Agro2/install/tiago_bringup:/home/ayaa/Agro2/install/tiago_description:/home/ayaa/Agro2/install/tiago_controller_configuration:/home/ayaa/Agro2/install/tiago_simulation:/home/ayaa/Agro2/install/tiago_gazebo:/home/ayaa/Agro2/install/ur5_moveit:/home/ayaa/Agro2/install/ur_description:/home/ayaa/Agro2/install/fer_moveit:/home/ayaa/Agro2/install/my_nav2_bringup:/home/ayaa/Agro2/install/fer_gazebo:/home/ayaa/Agro2/install/custom_worlds:/opt/ros/humble:/home/ayaa/Agro2/install/franka_description:/home/ayaa/Agro2/install/fer_cpp_moveit PYTHONPATH=/home/ayaa/Agro2/install/tiago_description/local/lib/python3.10/dist-packages:${PYTHONPATH} /usr/bin/cmake --build /home/ayaa/Agro2/build/tiago_robot -- -j8 -l8
[1.200s] Invoked command in '/home/ayaa/Agro2/build/tiago_robot' returned '0': AMENT_PREFIX_PATH=/home/ayaa/Agro2/install/tiago_bringup:/home/ayaa/Agro2/install/tiago_description:/home/ayaa/Agro2/install/tiago_controller_configuration:${AMENT_PREFIX_PATH} CMAKE_PREFIX_PATH=/home/ayaa/Agro2/install/tiago_bringup:/home/ayaa/Agro2/install/tiago_description:/home/ayaa/Agro2/install/tiago_controller_configuration:/home/ayaa/Agro2/install/tiago_simulation:/home/ayaa/Agro2/install/tiago_gazebo:/home/ayaa/Agro2/install/ur5_moveit:/home/ayaa/Agro2/install/ur_description:/home/ayaa/Agro2/install/fer_moveit:/home/ayaa/Agro2/install/my_nav2_bringup:/home/ayaa/Agro2/install/fer_gazebo:/home/ayaa/Agro2/install/custom_worlds:/opt/ros/humble:/home/ayaa/Agro2/install/franka_description:/home/ayaa/Agro2/install/fer_cpp_moveit PYTHONPATH=/home/ayaa/Agro2/install/tiago_description/local/lib/python3.10/dist-packages:${PYTHONPATH} /usr/bin/cmake --build /home/ayaa/Agro2/build/tiago_robot -- -j8 -l8
[1.201s] Invoking command in '/home/ayaa/Agro2/build/tiago_robot': AMENT_PREFIX_PATH=/home/ayaa/Agro2/install/tiago_bringup:/home/ayaa/Agro2/install/tiago_description:/home/ayaa/Agro2/install/tiago_controller_configuration:${AMENT_PREFIX_PATH} CMAKE_PREFIX_PATH=/home/ayaa/Agro2/install/tiago_bringup:/home/ayaa/Agro2/install/tiago_description:/home/ayaa/Agro2/install/tiago_controller_configuration:/home/ayaa/Agro2/install/tiago_simulation:/home/ayaa/Agro2/install/tiago_gazebo:/home/ayaa/Agro2/install/ur5_moveit:/home/ayaa/Agro2/install/ur_description:/home/ayaa/Agro2/install/fer_moveit:/home/ayaa/Agro2/install/my_nav2_bringup:/home/ayaa/Agro2/install/fer_gazebo:/home/ayaa/Agro2/install/custom_worlds:/opt/ros/humble:/home/ayaa/Agro2/install/franka_description:/home/ayaa/Agro2/install/fer_cpp_moveit PYTHONPATH=/home/ayaa/Agro2/install/tiago_description/local/lib/python3.10/dist-packages:${PYTHONPATH} /usr/bin/cmake --install /home/ayaa/Agro2/build/tiago_robot
[1.208s] -- Install configuration: ""
[1.208s] -- Installing: /home/ayaa/Agro2/install/tiago_robot/share/ament_index/resource_index/package_run_dependencies/tiago_robot
[1.209s] -- Installing: /home/ayaa/Agro2/install/tiago_robot/share/ament_index/resource_index/parent_prefix_path/tiago_robot
[1.209s] -- Installing: /home/ayaa/Agro2/install/tiago_robot/share/tiago_robot/environment/ament_prefix_path.sh
[1.209s] -- Installing: /home/ayaa/Agro2/install/tiago_robot/share/tiago_robot/environment/ament_prefix_path.dsv
[1.210s] -- Installing: /home/ayaa/Agro2/install/tiago_robot/share/tiago_robot/environment/path.sh
[1.210s] -- Installing: /home/ayaa/Agro2/install/tiago_robot/share/tiago_robot/environment/path.dsv
[1.210s] -- Installing: /home/ayaa/Agro2/install/tiago_robot/share/tiago_robot/local_setup.bash
[1.210s] -- Installing: /home/ayaa/Agro2/install/tiago_robot/share/tiago_robot/local_setup.sh
[1.210s] -- Installing: /home/ayaa/Agro2/install/tiago_robot/share/tiago_robot/local_setup.zsh
[1.210s] -- Installing: /home/ayaa/Agro2/install/tiago_robot/share/tiago_robot/local_setup.dsv
[1.211s] -- Installing: /home/ayaa/Agro2/install/tiago_robot/share/tiago_robot/package.dsv
[1.211s] -- Installing: /home/ayaa/Agro2/install/tiago_robot/share/ament_index/resource_index/packages/tiago_robot
[1.211s] -- Installing: /home/ayaa/Agro2/install/tiago_robot/share/tiago_robot/cmake/tiago_robotConfig.cmake
[1.211s] -- Installing: /home/ayaa/Agro2/install/tiago_robot/share/tiago_robot/cmake/tiago_robotConfig-version.cmake
[1.211s] -- Installing: /home/ayaa/Agro2/install/tiago_robot/share/tiago_robot/package.xml
[1.214s] Invoked command in '/home/ayaa/Agro2/build/tiago_robot' returned '0': AMENT_PREFIX_PATH=/home/ayaa/Agro2/install/tiago_bringup:/home/ayaa/Agro2/install/tiago_description:/home/ayaa/Agro2/install/tiago_controller_configuration:${AMENT_PREFIX_PATH} CMAKE_PREFIX_PATH=/home/ayaa/Agro2/install/tiago_bringup:/home/ayaa/Agro2/install/tiago_description:/home/ayaa/Agro2/install/tiago_controller_configuration:/home/ayaa/Agro2/install/tiago_simulation:/home/ayaa/Agro2/install/tiago_gazebo:/home/ayaa/Agro2/install/ur5_moveit:/home/ayaa/Agro2/install/ur_description:/home/ayaa/Agro2/install/fer_moveit:/home/ayaa/Agro2/install/my_nav2_bringup:/home/ayaa/Agro2/install/fer_gazebo:/home/ayaa/Agro2/install/custom_worlds:/opt/ros/humble:/home/ayaa/Agro2/install/franka_description:/home/ayaa/Agro2/install/fer_cpp_moveit PYTHONPATH=/home/ayaa/Agro2/install/tiago_description/local/lib/python3.10/dist-packages:${PYTHONPATH} /usr/bin/cmake --install /home/ayaa/Agro2/build/tiago_robot
