[0.872s] Invoking command in '/home/ayaa/Agro2/build/fer_moveit': CMAKE_PREFIX_PATH=/home/ayaa/Agro2/install/franka_description:/home/ayaa/Agro2/install/fer_moveit:/home/ayaa/Agro2/install/tiago_cpp:/home/ayaa/Agro2/install/tiago_behavior_tree:/home/ayaa/Agro2/install/smclib:/home/ayaa/Agro2/install/service_define:/home/ayaa/Agro2/install/occupancy_grid_demo:/home/ayaa/Agro2/install/fer_cpp_moveit:/home/ayaa/Agro2/install/bond:/home/ayaa/Agro2/install/actions:/home/ayaa/Agro2/install/trials:/home/ayaa/Agro2/install/tiago_custom:/home/ayaa/Agro2/install/my_nav2_bringup:/home/ayaa/Agro2/install/fer_gazebo:/home/ayaa/Agro2/install/custom_worlds:/opt/ros/humble /usr/bin/cmake --build /home/ayaa/Agro2/build/fer_moveit -- -j8 -l8
[1.364s] Invoked command in '/home/ayaa/Agro2/build/fer_moveit' returned '0': CMAKE_PREFIX_PATH=/home/ayaa/Agro2/install/franka_description:/home/ayaa/Agro2/install/fer_moveit:/home/ayaa/Agro2/install/tiago_cpp:/home/ayaa/Agro2/install/tiago_behavior_tree:/home/ayaa/Agro2/install/smclib:/home/ayaa/Agro2/install/service_define:/home/ayaa/Agro2/install/occupancy_grid_demo:/home/ayaa/Agro2/install/fer_cpp_moveit:/home/ayaa/Agro2/install/bond:/home/ayaa/Agro2/install/actions:/home/ayaa/Agro2/install/trials:/home/ayaa/Agro2/install/tiago_custom:/home/ayaa/Agro2/install/my_nav2_bringup:/home/ayaa/Agro2/install/fer_gazebo:/home/ayaa/Agro2/install/custom_worlds:/opt/ros/humble /usr/bin/cmake --build /home/ayaa/Agro2/build/fer_moveit -- -j8 -l8
[1.366s] Invoking command in '/home/ayaa/Agro2/build/fer_moveit': CMAKE_PREFIX_PATH=/home/ayaa/Agro2/install/franka_description:/home/ayaa/Agro2/install/fer_moveit:/home/ayaa/Agro2/install/tiago_cpp:/home/ayaa/Agro2/install/tiago_behavior_tree:/home/ayaa/Agro2/install/smclib:/home/ayaa/Agro2/install/service_define:/home/ayaa/Agro2/install/occupancy_grid_demo:/home/ayaa/Agro2/install/fer_cpp_moveit:/home/ayaa/Agro2/install/bond:/home/ayaa/Agro2/install/actions:/home/ayaa/Agro2/install/trials:/home/ayaa/Agro2/install/tiago_custom:/home/ayaa/Agro2/install/my_nav2_bringup:/home/ayaa/Agro2/install/fer_gazebo:/home/ayaa/Agro2/install/custom_worlds:/opt/ros/humble /usr/bin/cmake --install /home/ayaa/Agro2/build/fer_moveit
[1.377s] -- Install configuration: ""
[1.377s] -- Up-to-date: /home/ayaa/Agro2/install/fer_moveit/share/ament_index/resource_index/package_run_dependencies/fer_moveit
[1.377s] -- Up-to-date: /home/ayaa/Agro2/install/fer_moveit/share/ament_index/resource_index/parent_prefix_path/fer_moveit
[1.377s] -- Up-to-date: /home/ayaa/Agro2/install/fer_moveit/share/fer_moveit/environment/ament_prefix_path.sh
[1.377s] -- Up-to-date: /home/ayaa/Agro2/install/fer_moveit/share/fer_moveit/environment/ament_prefix_path.dsv
[1.378s] -- Up-to-date: /home/ayaa/Agro2/install/fer_moveit/share/fer_moveit/environment/path.sh
[1.378s] -- Up-to-date: /home/ayaa/Agro2/install/fer_moveit/share/fer_moveit/environment/path.dsv
[1.378s] -- Up-to-date: /home/ayaa/Agro2/install/fer_moveit/share/fer_moveit/local_setup.bash
[1.378s] -- Up-to-date: /home/ayaa/Agro2/install/fer_moveit/share/fer_moveit/local_setup.sh
[1.379s] -- Up-to-date: /home/ayaa/Agro2/install/fer_moveit/share/fer_moveit/local_setup.zsh
[1.379s] -- Up-to-date: /home/ayaa/Agro2/install/fer_moveit/share/fer_moveit/local_setup.dsv
[1.379s] -- Installing: /home/ayaa/Agro2/install/fer_moveit/share/fer_moveit/package.dsv
[1.379s] -- Up-to-date: /home/ayaa/Agro2/install/fer_moveit/share/ament_index/resource_index/packages/fer_moveit
[1.380s] -- Up-to-date: /home/ayaa/Agro2/install/fer_moveit/share/fer_moveit/cmake/fer_moveitConfig.cmake
[1.380s] -- Up-to-date: /home/ayaa/Agro2/install/fer_moveit/share/fer_moveit/cmake/fer_moveitConfig-version.cmake
[1.380s] -- Up-to-date: /home/ayaa/Agro2/install/fer_moveit/share/fer_moveit/package.xml
[1.380s] -- Up-to-date: /home/ayaa/Agro2/install/fer_moveit/share/fer_moveit/launch
[1.380s] -- Up-to-date: /home/ayaa/Agro2/install/fer_moveit/share/fer_moveit/launch/warehouse_db.launch.py
[1.380s] -- Up-to-date: /home/ayaa/Agro2/install/fer_moveit/share/fer_moveit/launch/demo.launch.py
[1.380s] -- Up-to-date: /home/ayaa/Agro2/install/fer_moveit/share/fer_moveit/launch/move_group.launch.py
[1.380s] -- Up-to-date: /home/ayaa/Agro2/install/fer_moveit/share/fer_moveit/launch/fer_gazebo.launch.py
[1.380s] -- Up-to-date: /home/ayaa/Agro2/install/fer_moveit/share/fer_moveit/launch/moveit_rviz.launch.py
[1.381s] -- Up-to-date: /home/ayaa/Agro2/install/fer_moveit/share/fer_moveit/launch/spawn_controllers.launch.py
[1.381s] -- Up-to-date: /home/ayaa/Agro2/install/fer_moveit/share/fer_moveit/launch/setup_assistant.launch.py
[1.381s] -- Up-to-date: /home/ayaa/Agro2/install/fer_moveit/share/fer_moveit/launch/static_virtual_joint_tfs.launch.py
[1.381s] -- Up-to-date: /home/ayaa/Agro2/install/fer_moveit/share/fer_moveit/launch/rsp.launch.py
[1.381s] -- Up-to-date: /home/ayaa/Agro2/install/fer_moveit/share/fer_moveit/config
[1.381s] -- Up-to-date: /home/ayaa/Agro2/install/fer_moveit/share/fer_moveit/config/fer_gazebo.urdf
[1.381s] -- Up-to-date: /home/ayaa/Agro2/install/fer_moveit/share/fer_moveit/config/fer.ros2_control.xacro
[1.381s] -- Up-to-date: /home/ayaa/Agro2/install/fer_moveit/share/fer_moveit/config/moveit_controllers.yaml
[1.382s] -- Up-to-date: /home/ayaa/Agro2/install/fer_moveit/share/fer_moveit/config/custom_fer.ros2_control.xacro
[1.382s] -- Up-to-date: /home/ayaa/Agro2/install/fer_moveit/share/fer_moveit/config/initial_positions.yaml
[1.384s] -- Up-to-date: /home/ayaa/Agro2/install/fer_moveit/share/fer_moveit/config/log
[1.384s] -- Up-to-date: /home/ayaa/Agro2/install/fer_moveit/share/fer_moveit/config/log/latest_build
[1.384s] -- Up-to-date: /home/ayaa/Agro2/install/fer_moveit/share/fer_moveit/config/log/COLCON_IGNORE
[1.385s] -- Up-to-date: /home/ayaa/Agro2/install/fer_moveit/share/fer_moveit/config/log/latest
[1.385s] -- Up-to-date: /home/ayaa/Agro2/install/fer_moveit/share/fer_moveit/config/log/build_2025-03-14_23-27-25
[1.385s] -- Up-to-date: /home/ayaa/Agro2/install/fer_moveit/share/fer_moveit/config/log/build_2025-03-14_23-27-25/events.log
[1.385s] -- Up-to-date: /home/ayaa/Agro2/install/fer_moveit/share/fer_moveit/config/log/build_2025-03-14_23-27-25/logger_all.log
[1.385s] -- Up-to-date: /home/ayaa/Agro2/install/fer_moveit/share/fer_moveit/config/moveit.rviz
[1.385s] -- Up-to-date: /home/ayaa/Agro2/install/fer_moveit/share/fer_moveit/config/joint_limits.yaml
[1.385s] -- Up-to-date: /home/ayaa/Agro2/install/fer_moveit/share/fer_moveit/config/install
[1.386s] -- Up-to-date: /home/ayaa/Agro2/install/fer_moveit/share/fer_moveit/config/install/_local_setup_util_ps1.py
[1.386s] -- Up-to-date: /home/ayaa/Agro2/install/fer_moveit/share/fer_moveit/config/install/.colcon_install_layout
[1.388s] -- Up-to-date: /home/ayaa/Agro2/install/fer_moveit/share/fer_moveit/config/install/local_setup.sh
[1.388s] -- Up-to-date: /home/ayaa/Agro2/install/fer_moveit/share/fer_moveit/config/install/setup.bash
[1.388s] -- Up-to-date: /home/ayaa/Agro2/install/fer_moveit/share/fer_moveit/config/install/setup.ps1
[1.389s] -- Up-to-date: /home/ayaa/Agro2/install/fer_moveit/share/fer_moveit/config/install/COLCON_IGNORE
[1.389s] -- Up-to-date: /home/ayaa/Agro2/install/fer_moveit/share/fer_moveit/config/install/setup.zsh
[1.389s] -- Up-to-date: /home/ayaa/Agro2/install/fer_moveit/share/fer_moveit/config/install/_local_setup_util_sh.py
[1.390s] -- Up-to-date: /home/ayaa/Agro2/install/fer_moveit/share/fer_moveit/config/install/local_setup.zsh
[1.390s] -- Up-to-date: /home/ayaa/Agro2/install/fer_moveit/share/fer_moveit/config/install/local_setup.ps1
[1.391s] -- Up-to-date: /home/ayaa/Agro2/install/fer_moveit/share/fer_moveit/config/install/setup.sh
[1.391s] -- Up-to-date: /home/ayaa/Agro2/install/fer_moveit/share/fer_moveit/config/install/local_setup.bash
[1.393s] -- Up-to-date: /home/ayaa/Agro2/install/fer_moveit/share/fer_moveit/config/t.urdf
[1.394s] -- Up-to-date: /home/ayaa/Agro2/install/fer_moveit/share/fer_moveit/config/fer.urdf
[1.394s] -- Up-to-date: /home/ayaa/Agro2/install/fer_moveit/share/fer_moveit/config/kinematics.yaml
[1.395s] -- Up-to-date: /home/ayaa/Agro2/install/fer_moveit/share/fer_moveit/config/sensors_3d.yaml
[1.395s] -- Up-to-date: /home/ayaa/Agro2/install/fer_moveit/share/fer_moveit/config/ros2_controllers.yaml
[1.396s] -- Up-to-date: /home/ayaa/Agro2/install/fer_moveit/share/fer_moveit/config/fer.srdf
[1.396s] -- Up-to-date: /home/ayaa/Agro2/install/fer_moveit/share/fer_moveit/config/pilz_cartesian_limits.yaml
[1.397s] -- Up-to-date: /home/ayaa/Agro2/install/fer_moveit/share/fer_moveit/config/build
[1.397s] -- Up-to-date: /home/ayaa/Agro2/install/fer_moveit/share/fer_moveit/config/build/.built_by
[1.397s] -- Up-to-date: /home/ayaa/Agro2/install/fer_moveit/share/fer_moveit/config/build/COLCON_IGNORE
[1.398s] -- Up-to-date: /home/ayaa/Agro2/install/fer_moveit/share/fer_moveit/config/fer.urdf.xacro
[1.398s] -- Up-to-date: /home/ayaa/Agro2/install/fer_moveit/share/fer_moveit/.setup_assistant
[1.398s] Invoked command in '/home/ayaa/Agro2/build/fer_moveit' returned '0': CMAKE_PREFIX_PATH=/home/ayaa/Agro2/install/franka_description:/home/ayaa/Agro2/install/fer_moveit:/home/ayaa/Agro2/install/tiago_cpp:/home/ayaa/Agro2/install/tiago_behavior_tree:/home/ayaa/Agro2/install/smclib:/home/ayaa/Agro2/install/service_define:/home/ayaa/Agro2/install/occupancy_grid_demo:/home/ayaa/Agro2/install/fer_cpp_moveit:/home/ayaa/Agro2/install/bond:/home/ayaa/Agro2/install/actions:/home/ayaa/Agro2/install/trials:/home/ayaa/Agro2/install/tiago_custom:/home/ayaa/Agro2/install/my_nav2_bringup:/home/ayaa/Agro2/install/fer_gazebo:/home/ayaa/Agro2/install/custom_worlds:/opt/ros/humble /usr/bin/cmake --install /home/ayaa/Agro2/build/fer_moveit
