[0.043s] Invoking command in '/home/ayaa/Agro2/build/tiago_simulation': CMAKE_PREFIX_PATH=/home/ayaa/Agro2/install/tiago_gazebo:/home/ayaa/Agro2/install/tiago_simulation:/home/ayaa/Agro2/install/ur5_moveit:/home/ayaa/Agro2/install/ur_description:/home/ayaa/Agro2/install/fer_moveit:/home/ayaa/Agro2/install/my_nav2_bringup:/home/ayaa/Agro2/install/fer_gazebo:/home/ayaa/Agro2/install/custom_worlds:/opt/ros/humble:/home/ayaa/Agro2/install/franka_description:/home/ayaa/Agro2/install/fer_cpp_moveit /usr/bin/cmake --build /home/ayaa/Agro2/build/tiago_simulation -- -j8 -l8
[0.104s] Invoked command in '/home/ayaa/Agro2/build/tiago_simulation' returned '0': CMAKE_PREFIX_PATH=/home/ayaa/Agro2/install/tiago_gazebo:/home/ayaa/Agro2/install/tiago_simulation:/home/ayaa/Agro2/install/ur5_moveit:/home/ayaa/Agro2/install/ur_description:/home/ayaa/Agro2/install/fer_moveit:/home/ayaa/Agro2/install/my_nav2_bringup:/home/ayaa/Agro2/install/fer_gazebo:/home/ayaa/Agro2/install/custom_worlds:/opt/ros/humble:/home/ayaa/Agro2/install/franka_description:/home/ayaa/Agro2/install/fer_cpp_moveit /usr/bin/cmake --build /home/ayaa/Agro2/build/tiago_simulation -- -j8 -l8
[0.107s] Invoking command in '/home/ayaa/Agro2/build/tiago_simulation': CMAKE_PREFIX_PATH=/home/ayaa/Agro2/install/tiago_gazebo:/home/ayaa/Agro2/install/tiago_simulation:/home/ayaa/Agro2/install/ur5_moveit:/home/ayaa/Agro2/install/ur_description:/home/ayaa/Agro2/install/fer_moveit:/home/ayaa/Agro2/install/my_nav2_bringup:/home/ayaa/Agro2/install/fer_gazebo:/home/ayaa/Agro2/install/custom_worlds:/opt/ros/humble:/home/ayaa/Agro2/install/franka_description:/home/ayaa/Agro2/install/fer_cpp_moveit /usr/bin/cmake --install /home/ayaa/Agro2/build/tiago_simulation
[0.140s] -- Install configuration: ""
[0.140s] -- Up-to-date: /home/ayaa/Agro2/install/tiago_simulation/share/ament_index/resource_index/package_run_dependencies/tiago_simulation
[0.141s] -- Up-to-date: /home/ayaa/Agro2/install/tiago_simulation/share/ament_index/resource_index/parent_prefix_path/tiago_simulation
[0.141s] -- Up-to-date: /home/ayaa/Agro2/install/tiago_simulation/share/tiago_simulation/environment/ament_prefix_path.sh
[0.141s] -- Up-to-date: /home/ayaa/Agro2/install/tiago_simulation/share/tiago_simulation/environment/ament_prefix_path.dsv
[0.141s] -- Up-to-date: /home/ayaa/Agro2/install/tiago_simulation/share/tiago_simulation/environment/path.sh
[0.141s] -- Up-to-date: /home/ayaa/Agro2/install/tiago_simulation/share/tiago_simulation/environment/path.dsv
[0.142s] -- Up-to-date: /home/ayaa/Agro2/install/tiago_simulation/share/tiago_simulation/local_setup.bash
[0.143s] -- Up-to-date: /home/ayaa/Agro2/install/tiago_simulation/share/tiago_simulation/local_setup.sh
[0.143s] -- Up-to-date: /home/ayaa/Agro2/install/tiago_simulation/share/tiago_simulation/local_setup.zsh
[0.144s] -- Up-to-date: /home/ayaa/Agro2/install/tiago_simulation/share/tiago_simulation/local_setup.dsv
[0.144s] -- Up-to-date: /home/ayaa/Agro2/install/tiago_simulation/share/tiago_simulation/package.dsv
[0.144s] -- Up-to-date: /home/ayaa/Agro2/install/tiago_simulation/share/ament_index/resource_index/packages/tiago_simulation
[0.144s] -- Up-to-date: /home/ayaa/Agro2/install/tiago_simulation/share/tiago_simulation/cmake/tiago_simulationConfig.cmake
[0.145s] -- Up-to-date: /home/ayaa/Agro2/install/tiago_simulation/share/tiago_simulation/cmake/tiago_simulationConfig-version.cmake
[0.145s] -- Up-to-date: /home/ayaa/Agro2/install/tiago_simulation/share/tiago_simulation/package.xml
[0.157s] Invoked command in '/home/ayaa/Agro2/build/tiago_simulation' returned '0': CMAKE_PREFIX_PATH=/home/ayaa/Agro2/install/tiago_gazebo:/home/ayaa/Agro2/install/tiago_simulation:/home/ayaa/Agro2/install/ur5_moveit:/home/ayaa/Agro2/install/ur_description:/home/ayaa/Agro2/install/fer_moveit:/home/ayaa/Agro2/install/my_nav2_bringup:/home/ayaa/Agro2/install/fer_gazebo:/home/ayaa/Agro2/install/custom_worlds:/opt/ros/humble:/home/ayaa/Agro2/install/franka_description:/home/ayaa/Agro2/install/fer_cpp_moveit /usr/bin/cmake --install /home/ayaa/Agro2/build/tiago_simulation
