[0.770s] Invoking command in '/home/ayaa/Agro2/src/custom_worlds': PYTHONPATH=/home/ayaa/Agro2/build/custom_worlds/prefix_override:/usr/lib/python3/dist-packages/colcon_core/task/python/colcon_distutils_commands:/home/ayaa/Agro2/install/custom_worlds/lib/python3.8/site-packages:${PYTHONPATH} /usr/bin/python3 -W ignore:setup.py install is deprecated -W ignore:easy_install command is deprecated setup.py egg_info --egg-base ../../build/custom_worlds build --build-base /home/ayaa/Agro2/build/custom_worlds/build install --record /home/ayaa/Agro2/build/custom_worlds/install.log --install-scripts $base/lib/custom_worlds --single-version-externally-managed install_data
[1.032s] running egg_info
[1.032s] writing ../../build/custom_worlds/custom_worlds.egg-info/PKG-INFO
[1.033s] writing dependency_links to ../../build/custom_worlds/custom_worlds.egg-info/dependency_links.txt
[1.033s] writing entry points to ../../build/custom_worlds/custom_worlds.egg-info/entry_points.txt
[1.033s] writing requirements to ../../build/custom_worlds/custom_worlds.egg-info/requires.txt
[1.033s] writing top-level names to ../../build/custom_worlds/custom_worlds.egg-info/top_level.txt
[1.070s] reading manifest file '../../build/custom_worlds/custom_worlds.egg-info/SOURCES.txt'
[1.071s] writing manifest file '../../build/custom_worlds/custom_worlds.egg-info/SOURCES.txt'
[1.072s] running build
[1.072s] running build_py
[1.072s] running install
[1.073s] running install_lib
[1.074s] running install_data
[1.074s] copying worlds/turtlebot_agr.sdf -> /home/ayaa/Agro2/install/custom_worlds/share/custom_worlds/worlds
[1.075s] running install_egg_info
[1.076s] removing '/home/ayaa/Agro2/install/custom_worlds/lib/python3.8/site-packages/custom_worlds-0.0.0-py3.8.egg-info' (and everything under it)
[1.077s] Copying ../../build/custom_worlds/custom_worlds.egg-info to /home/ayaa/Agro2/install/custom_worlds/lib/python3.8/site-packages/custom_worlds-0.0.0-py3.8.egg-info
[1.078s] running install_scripts
[1.095s] writing list of installed files to '/home/ayaa/Agro2/build/custom_worlds/install.log'
[1.122s] Invoked command in '/home/ayaa/Agro2/src/custom_worlds' returned '0': PYTHONPATH=/home/ayaa/Agro2/build/custom_worlds/prefix_override:/usr/lib/python3/dist-packages/colcon_core/task/python/colcon_distutils_commands:/home/ayaa/Agro2/install/custom_worlds/lib/python3.8/site-packages:${PYTHONPATH} /usr/bin/python3 -W ignore:setup.py install is deprecated -W ignore:easy_install command is deprecated setup.py egg_info --egg-base ../../build/custom_worlds build --build-base /home/ayaa/Agro2/build/custom_worlds/build install --record /home/ayaa/Agro2/build/custom_worlds/install.log --install-scripts $base/lib/custom_worlds --single-version-externally-managed install_data
