[2.359s] Invoking command in '/home/ayaa/Agro2/src/tiago_custom': PYTHONPATH=/home/ayaa/Agro2/build/tiago_custom/prefix_override:/usr/lib/python3/dist-packages/colcon_core/task/python/colcon_distutils_commands:/home/ayaa/Agro2/install/tiago_custom/lib/python3.10/site-packages:${PYTHONPATH} /usr/bin/python3 -W ignore:setup.py install is deprecated -W ignore:easy_install command is deprecated setup.py egg_info --egg-base ../../build/tiago_custom build --build-base /home/ayaa/Agro2/build/tiago_custom/build install --record /home/ayaa/Agro2/build/tiago_custom/install.log --single-version-externally-managed install_data
[2.840s] running egg_info
[2.859s] writing ../../build/tiago_custom/tiago_custom.egg-info/PKG-INFO
[2.859s] writing dependency_links to ../../build/tiago_custom/tiago_custom.egg-info/dependency_links.txt
[2.859s] writing entry points to ../../build/tiago_custom/tiago_custom.egg-info/entry_points.txt
[2.859s] writing requirements to ../../build/tiago_custom/tiago_custom.egg-info/requires.txt
[2.860s] writing top-level names to ../../build/tiago_custom/tiago_custom.egg-info/top_level.txt
[2.907s] reading manifest file '../../build/tiago_custom/tiago_custom.egg-info/SOURCES.txt'
[2.908s] writing manifest file '../../build/tiago_custom/tiago_custom.egg-info/SOURCES.txt'
[2.908s] running build
[2.908s] running build_py
[2.908s] running install
[2.915s] running install_lib
[2.934s] running install_data
[2.934s] running install_egg_info
[2.953s] removing '/home/ayaa/Agro2/install/tiago_custom/lib/python3.10/site-packages/tiago_custom-0.0.0-py3.10.egg-info' (and everything under it)
[2.954s] Copying ../../build/tiago_custom/tiago_custom.egg-info to /home/ayaa/Agro2/install/tiago_custom/lib/python3.10/site-packages/tiago_custom-0.0.0-py3.10.egg-info
[2.955s] running install_scripts
[3.029s] Installing bridge_cmd script to /home/ayaa/Agro2/install/tiago_custom/lib/tiago_custom
[3.029s] writing list of installed files to '/home/ayaa/Agro2/build/tiago_custom/install.log'
[3.076s] Invoked command in '/home/ayaa/Agro2/src/tiago_custom' returned '0': PYTHONPATH=/home/ayaa/Agro2/build/tiago_custom/prefix_override:/usr/lib/python3/dist-packages/colcon_core/task/python/colcon_distutils_commands:/home/ayaa/Agro2/install/tiago_custom/lib/python3.10/site-packages:${PYTHONPATH} /usr/bin/python3 -W ignore:setup.py install is deprecated -W ignore:easy_install command is deprecated setup.py egg_info --egg-base ../../build/tiago_custom build --build-base /home/ayaa/Agro2/build/tiago_custom/build install --record /home/ayaa/Agro2/build/tiago_custom/install.log --single-version-externally-managed install_data
