[0.032s] Invoking command in '/home/ayaa/Agro2/build/franka_msgs': /usr/bin/cmake /home/ayaa/Agro2/src/franka_ros/franka_msgs -DCATKIN_INSTALL_INTO_PREFIX_ROOT=0 -DCMAKE_INSTALL_PREFIX=/home/ayaa/Agro2/install/franka_msgs
[0.454s] -- The C compiler identification is GNU 11.4.0
[0.455s] -- The CXX compiler identification is GNU 11.4.0
[0.455s] -- Detecting C compiler ABI info
[0.456s] -- Detecting C compiler ABI info - done
[0.457s] -- Check for working C compiler: /usr/bin/cc - skipped
[0.457s] -- Detecting C compile features
[0.457s] -- Detecting C compile features - done
[0.457s] -- Detecting CXX compiler ABI info
[0.457s] -- Detecting CXX compiler ABI info - done
[0.458s] -- Check for working CXX compiler: /usr/bin/c++ - skipped
[0.458s] -- Detecting CXX compile features
[0.458s] -- Detecting CXX compile features - done
[0.458s] -- Configuring incomplete, errors occurred!
[0.458s] See also "/home/ayaa/Agro2/build/franka_msgs/CMakeFiles/CMakeOutput.log".
[0.458s] [31mCMake Error at CMakeLists.txt:4 (find_package):
[0.458s]   By not providing "Findcatkin.cmake" in CMAKE_MODULE_PATH this project has
[0.458s]   asked CMake to find a package configuration file provided by "catkin", but
[0.458s]   CMake did not find one.
[0.458s] 
[0.458s]   Could not find a package configuration file provided by "catkin" with any
[0.458s]   of the following names:
[0.458s] 
[0.458s]     catkinConfig.cmake
[0.458s]     catkin-config.cmake
[0.458s] 
[0.458s]   Add the installation prefix of "catkin" to CMAKE_PREFIX_PATH or set
[0.458s]   "catkin_DIR" to a directory containing one of the above files.  If "catkin"
[0.459s]   provides a separate development package or SDK, be sure it has been
[0.459s]   installed.
[0.459s] 
[0.459s] [0m
[0.843s] Invoked command in '/home/ayaa/Agro2/build/franka_msgs' returned '1': /usr/bin/cmake /home/ayaa/Agro2/src/franka_ros/franka_msgs -DCATKIN_INSTALL_INTO_PREFIX_ROOT=0 -DCMAKE_INSTALL_PREFIX=/home/ayaa/Agro2/install/franka_msgs
