[2.045s] Invoking command in '/home/ayaa/Agro2/build/learn_one': CMAKE_PREFIX_PATH=${CMAKE_PREFIX_PATH}:/home/ayaa/Agro2/install/trials:/home/ayaa/Agro2/install/tiago_custom:/home/ayaa/Agro2/install/my_nav2_bringup:/home/ayaa/Agro2/install/fer_gazebo:/home/ayaa/Agro2/install/custom_worlds:/opt/ros/humble /usr/bin/cmake --build /home/ayaa/Agro2/build/learn_one -- -j8 -l8
[2.948s] Invoked command in '/home/ayaa/Agro2/build/learn_one' returned '0': CMAKE_PREFIX_PATH=${CMAKE_PREFIX_PATH}:/home/ayaa/Agro2/install/trials:/home/ayaa/Agro2/install/tiago_custom:/home/ayaa/Agro2/install/my_nav2_bringup:/home/ayaa/Agro2/install/fer_gazebo:/home/ayaa/Agro2/install/custom_worlds:/opt/ros/humble /usr/bin/cmake --build /home/ayaa/Agro2/build/learn_one -- -j8 -l8
[2.949s] Invoking command in '/home/ayaa/Agro2/build/learn_one': CMAKE_PREFIX_PATH=${CMAKE_PREFIX_PATH}:/home/ayaa/Agro2/install/trials:/home/ayaa/Agro2/install/tiago_custom:/home/ayaa/Agro2/install/my_nav2_bringup:/home/ayaa/Agro2/install/fer_gazebo:/home/ayaa/Agro2/install/custom_worlds:/opt/ros/humble /usr/bin/cmake --install /home/ayaa/Agro2/build/learn_one
[3.079s] -- Install configuration: ""
[3.079s] -- Up-to-date: /home/ayaa/Agro2/install/learn_one/share/learn_one/config
[3.080s] -- Up-to-date: /home/ayaa/Agro2/install/learn_one/share/learn_one/config/my_controllers.yaml
[3.080s] -- Up-to-date: /home/ayaa/Agro2/install/learn_one/share/learn_one/config/drive_bot.rviz
[3.080s] -- Up-to-date: /home/ayaa/Agro2/install/learn_one/share/learn_one/config/gazebo_params.yaml
[3.080s] -- Up-to-date: /home/ayaa/Agro2/install/learn_one/share/learn_one/config/view_bot.rviz
[3.080s] -- Up-to-date: /home/ayaa/Agro2/install/learn_one/share/learn_one/config/ekf.yaml
[3.080s] -- Up-to-date: /home/ayaa/Agro2/install/learn_one/share/learn_one/config/empty.yaml
[3.080s] -- Up-to-date: /home/ayaa/Agro2/install/learn_one/share/learn_one/config/main.rviz
[3.081s] -- Up-to-date: /home/ayaa/Agro2/install/learn_one/share/learn_one/config/twist_mux.yaml
[3.081s] -- Up-to-date: /home/ayaa/Agro2/install/learn_one/share/learn_one/config/map.rviz
[3.081s] -- Up-to-date: /home/ayaa/Agro2/install/learn_one/share/learn_one/config/nav2_params.yaml
[3.081s] -- Up-to-date: /home/ayaa/Agro2/install/learn_one/share/learn_one/config/mapper_params_online_async.yaml
[3.081s] -- Up-to-date: /home/ayaa/Agro2/install/learn_one/share/learn_one/description
[3.081s] -- Up-to-date: /home/ayaa/Agro2/install/learn_one/share/learn_one/description/inertial_macros.xacro
[3.081s] -- Up-to-date: /home/ayaa/Agro2/install/learn_one/share/learn_one/description/gazebo_control.xacro
[3.082s] -- Up-to-date: /home/ayaa/Agro2/install/learn_one/share/learn_one/description/imu.xacro
[3.082s] -- Up-to-date: /home/ayaa/Agro2/install/learn_one/share/learn_one/description/robot_core.xacro
[3.082s] -- Up-to-date: /home/ayaa/Agro2/install/learn_one/share/learn_one/description/ros2_control.xacro
[3.082s] -- Up-to-date: /home/ayaa/Agro2/install/learn_one/share/learn_one/description/robot.urdf.xacro
[3.082s] -- Up-to-date: /home/ayaa/Agro2/install/learn_one/share/learn_one/description/lidar.xacro
[3.082s] -- Up-to-date: /home/ayaa/Agro2/install/learn_one/share/learn_one/launch
[3.083s] -- Up-to-date: /home/ayaa/Agro2/install/learn_one/share/learn_one/launch/navigation_launch.py
[3.083s] -- Up-to-date: /home/ayaa/Agro2/install/learn_one/share/learn_one/launch/ekf_gazebo.launch.py
[3.083s] -- Up-to-date: /home/ayaa/Agro2/install/learn_one/share/learn_one/launch/rplidar.launch.py
[3.083s] -- Up-to-date: /home/ayaa/Agro2/install/learn_one/share/learn_one/launch/localization_launch.py
[3.083s] -- Up-to-date: /home/ayaa/Agro2/install/learn_one/share/learn_one/launch/test_launch.launch.py
[3.083s] -- Up-to-date: /home/ayaa/Agro2/install/learn_one/share/learn_one/launch/launch_hardware.launch.py
[3.083s] -- Up-to-date: /home/ayaa/Agro2/install/learn_one/share/learn_one/launch/rsp.launch.py
[3.084s] -- Up-to-date: /home/ayaa/Agro2/install/learn_one/share/learn_one/launch/launch_sim.launch.py
[3.084s] -- Up-to-date: /home/ayaa/Agro2/install/learn_one/share/learn_one/launch/online_async_launch.py
[3.084s] -- Up-to-date: /home/ayaa/Agro2/install/learn_one/share/learn_one/worlds
[3.084s] -- Up-to-date: /home/ayaa/Agro2/install/learn_one/share/learn_one/worlds/empty.world
[3.084s] -- Up-to-date: /home/ayaa/Agro2/install/learn_one/share/learn_one/worlds/obstacles.world
[3.084s] -- Up-to-date: /home/ayaa/Agro2/install/learn_one/share/ament_index/resource_index/package_run_dependencies/learn_one
[3.085s] -- Up-to-date: /home/ayaa/Agro2/install/learn_one/share/ament_index/resource_index/parent_prefix_path/learn_one
[3.085s] -- Up-to-date: /home/ayaa/Agro2/install/learn_one/share/learn_one/environment/ament_prefix_path.sh
[3.085s] -- Up-to-date: /home/ayaa/Agro2/install/learn_one/share/learn_one/environment/ament_prefix_path.dsv
[3.085s] -- Up-to-date: /home/ayaa/Agro2/install/learn_one/share/learn_one/environment/path.sh
[3.085s] -- Up-to-date: /home/ayaa/Agro2/install/learn_one/share/learn_one/environment/path.dsv
[3.085s] -- Up-to-date: /home/ayaa/Agro2/install/learn_one/share/learn_one/local_setup.bash
[3.086s] -- Up-to-date: /home/ayaa/Agro2/install/learn_one/share/learn_one/local_setup.sh
[3.086s] -- Up-to-date: /home/ayaa/Agro2/install/learn_one/share/learn_one/local_setup.zsh
[3.086s] -- Up-to-date: /home/ayaa/Agro2/install/learn_one/share/learn_one/local_setup.dsv
[3.086s] -- Installing: /home/ayaa/Agro2/install/learn_one/share/learn_one/package.dsv
[3.086s] -- Up-to-date: /home/ayaa/Agro2/install/learn_one/share/ament_index/resource_index/packages/learn_one
[3.086s] -- Up-to-date: /home/ayaa/Agro2/install/learn_one/share/learn_one/cmake/learn_oneConfig.cmake
[3.086s] -- Up-to-date: /home/ayaa/Agro2/install/learn_one/share/learn_one/cmake/learn_oneConfig-version.cmake
[3.087s] -- Up-to-date: /home/ayaa/Agro2/install/learn_one/share/learn_one/package.xml
[3.232s] Invoked command in '/home/ayaa/Agro2/build/learn_one' returned '0': CMAKE_PREFIX_PATH=${CMAKE_PREFIX_PATH}:/home/ayaa/Agro2/install/trials:/home/ayaa/Agro2/install/tiago_custom:/home/ayaa/Agro2/install/my_nav2_bringup:/home/ayaa/Agro2/install/fer_gazebo:/home/ayaa/Agro2/install/custom_worlds:/opt/ros/humble /usr/bin/cmake --install /home/ayaa/Agro2/build/learn_one
