[0.238s] Invoking command in '/home/ayaa/Agro2/build/fer_moveit': CMAKE_PREFIX_PATH=/home/ayaa/Agro2/install/tiago_custom:/home/ayaa/Agro2/install/my_nav2_bringup:/home/ayaa/Agro2/install/fer_gazebo:/home/ayaa/Agro2/install/custom_worlds:/opt/ros/humble:/home/ayaa/Agro2/install/franka_description:/home/ayaa/Agro2/install/ur5_moveit:/home/ayaa/Agro2/install/ur_description:/home/ayaa/Agro2/install/tiago_simulation:/home/ayaa/Agro2/install/tiago_robot:/home/ayaa/Agro2/install/tiago_gazebo:/home/ayaa/Agro2/install/tiago_bringup:/home/ayaa/Agro2/install/tiago_description:/home/ayaa/Agro2/install/tiago_cpp:/home/ayaa/Agro2/install/tiago_controller_configuration:/home/ayaa/Agro2/install/tiago_behavior_tree:/home/ayaa/Agro2/install/fer_moveit:/home/ayaa/Agro2/install/fer_cpp_moveit /usr/bin/cmake --build /home/ayaa/Agro2/build/fer_moveit -- -j8 -l8
[0.427s] Invoked command in '/home/ayaa/Agro2/build/fer_moveit' returned '0': CMAKE_PREFIX_PATH=/home/ayaa/Agro2/install/tiago_custom:/home/ayaa/Agro2/install/my_nav2_bringup:/home/ayaa/Agro2/install/fer_gazebo:/home/ayaa/Agro2/install/custom_worlds:/opt/ros/humble:/home/ayaa/Agro2/install/franka_description:/home/ayaa/Agro2/install/ur5_moveit:/home/ayaa/Agro2/install/ur_description:/home/ayaa/Agro2/install/tiago_simulation:/home/ayaa/Agro2/install/tiago_robot:/home/ayaa/Agro2/install/tiago_gazebo:/home/ayaa/Agro2/install/tiago_bringup:/home/ayaa/Agro2/install/tiago_description:/home/ayaa/Agro2/install/tiago_cpp:/home/ayaa/Agro2/install/tiago_controller_configuration:/home/ayaa/Agro2/install/tiago_behavior_tree:/home/ayaa/Agro2/install/fer_moveit:/home/ayaa/Agro2/install/fer_cpp_moveit /usr/bin/cmake --build /home/ayaa/Agro2/build/fer_moveit -- -j8 -l8
[0.433s] Invoking command in '/home/ayaa/Agro2/build/fer_moveit': CMAKE_PREFIX_PATH=/home/ayaa/Agro2/install/tiago_custom:/home/ayaa/Agro2/install/my_nav2_bringup:/home/ayaa/Agro2/install/fer_gazebo:/home/ayaa/Agro2/install/custom_worlds:/opt/ros/humble:/home/ayaa/Agro2/install/franka_description:/home/ayaa/Agro2/install/ur5_moveit:/home/ayaa/Agro2/install/ur_description:/home/ayaa/Agro2/install/tiago_simulation:/home/ayaa/Agro2/install/tiago_robot:/home/ayaa/Agro2/install/tiago_gazebo:/home/ayaa/Agro2/install/tiago_bringup:/home/ayaa/Agro2/install/tiago_description:/home/ayaa/Agro2/install/tiago_cpp:/home/ayaa/Agro2/install/tiago_controller_configuration:/home/ayaa/Agro2/install/tiago_behavior_tree:/home/ayaa/Agro2/install/fer_moveit:/home/ayaa/Agro2/install/fer_cpp_moveit /usr/bin/cmake --install /home/ayaa/Agro2/build/fer_moveit
[0.477s] -- Install configuration: ""
[0.478s] -- Up-to-date: /home/ayaa/Agro2/install/fer_moveit/share/ament_index/resource_index/package_run_dependencies/fer_moveit
[0.479s] -- Up-to-date: /home/ayaa/Agro2/install/fer_moveit/share/ament_index/resource_index/parent_prefix_path/fer_moveit
[0.479s] -- Up-to-date: /home/ayaa/Agro2/install/fer_moveit/share/fer_moveit/environment/ament_prefix_path.sh
[0.480s] -- Up-to-date: /home/ayaa/Agro2/install/fer_moveit/share/fer_moveit/environment/ament_prefix_path.dsv
[0.481s] -- Up-to-date: /home/ayaa/Agro2/install/fer_moveit/share/fer_moveit/environment/path.sh
[0.481s] -- Up-to-date: /home/ayaa/Agro2/install/fer_moveit/share/fer_moveit/environment/path.dsv
[0.482s] -- Up-to-date: /home/ayaa/Agro2/install/fer_moveit/share/fer_moveit/local_setup.bash
[0.482s] -- Up-to-date: /home/ayaa/Agro2/install/fer_moveit/share/fer_moveit/local_setup.sh
[0.483s] -- Up-to-date: /home/ayaa/Agro2/install/fer_moveit/share/fer_moveit/local_setup.zsh
[0.483s] -- Up-to-date: /home/ayaa/Agro2/install/fer_moveit/share/fer_moveit/local_setup.dsv
[0.484s] -- Installing: /home/ayaa/Agro2/install/fer_moveit/share/fer_moveit/package.dsv
[0.484s] -- Up-to-date: /home/ayaa/Agro2/install/fer_moveit/share/ament_index/resource_index/packages/fer_moveit
[0.485s] -- Up-to-date: /home/ayaa/Agro2/install/fer_moveit/share/fer_moveit/cmake/fer_moveitConfig.cmake
[0.487s] -- Up-to-date: /home/ayaa/Agro2/install/fer_moveit/share/fer_moveit/cmake/fer_moveitConfig-version.cmake
[0.488s] -- Up-to-date: /home/ayaa/Agro2/install/fer_moveit/share/fer_moveit/package.xml
[0.488s] -- Up-to-date: /home/ayaa/Agro2/install/fer_moveit/share/fer_moveit/launch
[0.489s] -- Up-to-date: /home/ayaa/Agro2/install/fer_moveit/share/fer_moveit/launch/warehouse_db.launch.py
[0.490s] -- Up-to-date: /home/ayaa/Agro2/install/fer_moveit/share/fer_moveit/launch/demo.launch.py
[0.490s] -- Up-to-date: /home/ayaa/Agro2/install/fer_moveit/share/fer_moveit/launch/move_group.launch.py
[0.491s] -- Up-to-date: /home/ayaa/Agro2/install/fer_moveit/share/fer_moveit/launch/fer_gazebo.launch.py
[0.491s] -- Up-to-date: /home/ayaa/Agro2/install/fer_moveit/share/fer_moveit/launch/moveit_rviz.launch.py
[0.492s] -- Up-to-date: /home/ayaa/Agro2/install/fer_moveit/share/fer_moveit/launch/spawn_controllers.launch.py
[0.492s] -- Up-to-date: /home/ayaa/Agro2/install/fer_moveit/share/fer_moveit/launch/setup_assistant.launch.py
[0.493s] -- Up-to-date: /home/ayaa/Agro2/install/fer_moveit/share/fer_moveit/launch/static_virtual_joint_tfs.launch.py
[0.494s] -- Up-to-date: /home/ayaa/Agro2/install/fer_moveit/share/fer_moveit/launch/rsp.launch.py
[0.494s] -- Up-to-date: /home/ayaa/Agro2/install/fer_moveit/share/fer_moveit/config
[0.497s] -- Up-to-date: /home/ayaa/Agro2/install/fer_moveit/share/fer_moveit/config/fer.ros2_control.xacro
[0.502s] -- Up-to-date: /home/ayaa/Agro2/install/fer_moveit/share/fer_moveit/config/moveit_controllers.yaml
[0.502s] -- Up-to-date: /home/ayaa/Agro2/install/fer_moveit/share/fer_moveit/config/initial_positions.yaml
[0.503s] -- Up-to-date: /home/ayaa/Agro2/install/fer_moveit/share/fer_moveit/config/log
[0.503s] -- Up-to-date: /home/ayaa/Agro2/install/fer_moveit/share/fer_moveit/config/log/latest_build
[0.504s] -- Up-to-date: /home/ayaa/Agro2/install/fer_moveit/share/fer_moveit/config/log/COLCON_IGNORE
[0.505s] -- Up-to-date: /home/ayaa/Agro2/install/fer_moveit/share/fer_moveit/config/log/latest
[0.507s] -- Up-to-date: /home/ayaa/Agro2/install/fer_moveit/share/fer_moveit/config/log/build_2025-03-14_23-27-25
[0.507s] -- Up-to-date: /home/ayaa/Agro2/install/fer_moveit/share/fer_moveit/config/log/build_2025-03-14_23-27-25/events.log
[0.508s] -- Up-to-date: /home/ayaa/Agro2/install/fer_moveit/share/fer_moveit/config/log/build_2025-03-14_23-27-25/logger_all.log
[0.508s] -- Up-to-date: /home/ayaa/Agro2/install/fer_moveit/share/fer_moveit/config/moveit.rviz
[0.509s] -- Up-to-date: /home/ayaa/Agro2/install/fer_moveit/share/fer_moveit/config/joint_limits.yaml
[0.510s] -- Up-to-date: /home/ayaa/Agro2/install/fer_moveit/share/fer_moveit/config/install
[0.510s] -- Up-to-date: /home/ayaa/Agro2/install/fer_moveit/share/fer_moveit/config/install/_local_setup_util_ps1.py
[0.511s] -- Up-to-date: /home/ayaa/Agro2/install/fer_moveit/share/fer_moveit/config/install/.colcon_install_layout
[0.512s] -- Up-to-date: /home/ayaa/Agro2/install/fer_moveit/share/fer_moveit/config/install/local_setup.sh
[0.512s] -- Up-to-date: /home/ayaa/Agro2/install/fer_moveit/share/fer_moveit/config/install/setup.bash
[0.513s] -- Up-to-date: /home/ayaa/Agro2/install/fer_moveit/share/fer_moveit/config/install/setup.ps1
[0.513s] -- Up-to-date: /home/ayaa/Agro2/install/fer_moveit/share/fer_moveit/config/install/COLCON_IGNORE
[0.514s] -- Up-to-date: /home/ayaa/Agro2/install/fer_moveit/share/fer_moveit/config/install/setup.zsh
[0.515s] -- Up-to-date: /home/ayaa/Agro2/install/fer_moveit/share/fer_moveit/config/install/_local_setup_util_sh.py
[0.515s] -- Up-to-date: /home/ayaa/Agro2/install/fer_moveit/share/fer_moveit/config/install/local_setup.zsh
[0.516s] -- Up-to-date: /home/ayaa/Agro2/install/fer_moveit/share/fer_moveit/config/install/local_setup.ps1
[0.517s] -- Up-to-date: /home/ayaa/Agro2/install/fer_moveit/share/fer_moveit/config/install/setup.sh
[0.517s] -- Up-to-date: /home/ayaa/Agro2/install/fer_moveit/share/fer_moveit/config/install/local_setup.bash
[0.518s] -- Up-to-date: /home/ayaa/Agro2/install/fer_moveit/share/fer_moveit/config/fer.urdf
[0.519s] -- Up-to-date: /home/ayaa/Agro2/install/fer_moveit/share/fer_moveit/config/kinematics.yaml
[0.519s] -- Up-to-date: /home/ayaa/Agro2/install/fer_moveit/share/fer_moveit/config/sensors_3d.yaml
[0.520s] -- Up-to-date: /home/ayaa/Agro2/install/fer_moveit/share/fer_moveit/config/ros2_controllers.yaml
[0.521s] -- Up-to-date: /home/ayaa/Agro2/install/fer_moveit/share/fer_moveit/config/fer.srdf
[0.524s] -- Up-to-date: /home/ayaa/Agro2/install/fer_moveit/share/fer_moveit/config/pilz_cartesian_limits.yaml
[0.525s] -- Up-to-date: /home/ayaa/Agro2/install/fer_moveit/share/fer_moveit/config/build
[0.526s] -- Up-to-date: /home/ayaa/Agro2/install/fer_moveit/share/fer_moveit/config/build/.built_by
[0.527s] -- Up-to-date: /home/ayaa/Agro2/install/fer_moveit/share/fer_moveit/config/build/COLCON_IGNORE
[0.528s] -- Up-to-date: /home/ayaa/Agro2/install/fer_moveit/share/fer_moveit/config/fer.urdf.xacro
[0.530s] -- Up-to-date: /home/ayaa/Agro2/install/fer_moveit/share/fer_moveit/.setup_assistant
[0.531s] Invoked command in '/home/ayaa/Agro2/build/fer_moveit' returned '0': CMAKE_PREFIX_PATH=/home/ayaa/Agro2/install/tiago_custom:/home/ayaa/Agro2/install/my_nav2_bringup:/home/ayaa/Agro2/install/fer_gazebo:/home/ayaa/Agro2/install/custom_worlds:/opt/ros/humble:/home/ayaa/Agro2/install/franka_description:/home/ayaa/Agro2/install/ur5_moveit:/home/ayaa/Agro2/install/ur_description:/home/ayaa/Agro2/install/tiago_simulation:/home/ayaa/Agro2/install/tiago_robot:/home/ayaa/Agro2/install/tiago_gazebo:/home/ayaa/Agro2/install/tiago_bringup:/home/ayaa/Agro2/install/tiago_description:/home/ayaa/Agro2/install/tiago_cpp:/home/ayaa/Agro2/install/tiago_controller_configuration:/home/ayaa/Agro2/install/tiago_behavior_tree:/home/ayaa/Agro2/install/fer_moveit:/home/ayaa/Agro2/install/fer_cpp_moveit /usr/bin/cmake --install /home/ayaa/Agro2/build/fer_moveit
