[0.102s] Invoking command in '/home/ayaa/Agro2/build/tiago_behavior_tree': CMAKE_PREFIX_PATH=${CMAKE_PREFIX_PATH}:/home/ayaa/Agro2/install/trials:/home/ayaa/Agro2/install/tiago_custom:/home/ayaa/Agro2/install/my_nav2_bringup:/home/ayaa/Agro2/install/fer_gazebo:/home/ayaa/Agro2/install/custom_worlds:/opt/ros/humble /usr/bin/cmake --build /home/ayaa/Agro2/build/tiago_behavior_tree -- -j8 -l8
[0.197s] [  3%] Built target ament_cmake_python_copy_tiago_behavior_tree
[0.197s] [  3%] Built target tiago_behavior_tree__cpp
[0.199s] [ 12%] Built target tiago_behavior_tree__rosidl_generator_c
[0.235s] [ 21%] Built target tiago_behavior_tree__rosidl_typesupport_cpp
[0.245s] [ 30%] Built target tiago_behavior_tree__rosidl_typesupport_fastrtps_cpp
[0.256s] [ 39%] Built target tiago_behavior_tree__rosidl_typesupport_introspection_cpp
[0.275s] [35m[1mConsolidate compiler generated dependencies of target pick_action_node[0m
[0.276s] [ 48%] Built target tiago_behavior_tree__rosidl_typesupport_fastrtps_c
[0.286s] [ 57%] Built target tiago_behavior_tree__rosidl_typesupport_c
[0.295s] [ 66%] Built target tiago_behavior_tree__rosidl_typesupport_introspection_c
[0.307s] [ 72%] Built target pick_action_node
[0.323s] [ 72%] Built target tiago_behavior_tree
[0.355s] [ 75%] Built target tiago_behavior_tree__py
[0.387s] [ 81%] Built target tiago_behavior_tree__rosidl_generator_py
[0.418s] [100%] Built target tiago_behavior_tree__rosidl_typesupport_introspection_c__pyext
[0.418s] [100%] Built target tiago_behavior_tree__rosidl_typesupport_c__pyext
[0.418s] [100%] Built target tiago_behavior_tree__rosidl_typesupport_fastrtps_c__pyext
[0.919s] running egg_info
[0.953s] writing tiago_behavior_tree.egg-info/PKG-INFO
[0.954s] writing dependency_links to tiago_behavior_tree.egg-info/dependency_links.txt
[0.954s] writing top-level names to tiago_behavior_tree.egg-info/top_level.txt
[1.031s] reading manifest file 'tiago_behavior_tree.egg-info/SOURCES.txt'
[1.032s] writing manifest file 'tiago_behavior_tree.egg-info/SOURCES.txt'
[1.118s] [100%] Built target ament_cmake_python_build_tiago_behavior_tree_egg
[1.520s] Invoked command in '/home/ayaa/Agro2/build/tiago_behavior_tree' returned '0': CMAKE_PREFIX_PATH=${CMAKE_PREFIX_PATH}:/home/ayaa/Agro2/install/trials:/home/ayaa/Agro2/install/tiago_custom:/home/ayaa/Agro2/install/my_nav2_bringup:/home/ayaa/Agro2/install/fer_gazebo:/home/ayaa/Agro2/install/custom_worlds:/opt/ros/humble /usr/bin/cmake --build /home/ayaa/Agro2/build/tiago_behavior_tree -- -j8 -l8
[1.522s] Invoking command in '/home/ayaa/Agro2/build/tiago_behavior_tree': CMAKE_PREFIX_PATH=${CMAKE_PREFIX_PATH}:/home/ayaa/Agro2/install/trials:/home/ayaa/Agro2/install/tiago_custom:/home/ayaa/Agro2/install/my_nav2_bringup:/home/ayaa/Agro2/install/fer_gazebo:/home/ayaa/Agro2/install/custom_worlds:/opt/ros/humble /usr/bin/cmake --install /home/ayaa/Agro2/build/tiago_behavior_tree
[1.548s] -- Install configuration: ""
[1.548s] -- Up-to-date: /home/ayaa/Agro2/install/tiago_behavior_tree/share/ament_index/resource_index/rosidl_interfaces/tiago_behavior_tree
[1.549s] -- Up-to-date: /home/ayaa/Agro2/install/tiago_behavior_tree/include/tiago_behavior_tree/tiago_behavior_tree
[1.549s] -- Up-to-date: /home/ayaa/Agro2/install/tiago_behavior_tree/include/tiago_behavior_tree/tiago_behavior_tree/msg
[1.550s] -- Up-to-date: /home/ayaa/Agro2/install/tiago_behavior_tree/include/tiago_behavior_tree/tiago_behavior_tree/msg/rosidl_generator_c__visibility_control.h
[1.550s] -- Up-to-date: /home/ayaa/Agro2/install/tiago_behavior_tree/include/tiago_behavior_tree/tiago_behavior_tree/action
[1.550s] -- Up-to-date: /home/ayaa/Agro2/install/tiago_behavior_tree/include/tiago_behavior_tree/tiago_behavior_tree/action/detail
[1.551s] -- Up-to-date: /home/ayaa/Agro2/install/tiago_behavior_tree/include/tiago_behavior_tree/tiago_behavior_tree/action/detail/open_gripper__functions.c
[1.551s] -- Up-to-date: /home/ayaa/Agro2/install/tiago_behavior_tree/include/tiago_behavior_tree/tiago_behavior_tree/action/detail/open_gripper__functions.h
[1.551s] -- Up-to-date: /home/ayaa/Agro2/install/tiago_behavior_tree/include/tiago_behavior_tree/tiago_behavior_tree/action/detail/open_gripper__struct.h
[1.552s] -- Up-to-date: /home/ayaa/Agro2/install/tiago_behavior_tree/include/tiago_behavior_tree/tiago_behavior_tree/action/detail/open_gripper__type_support.h
[1.552s] -- Up-to-date: /home/ayaa/Agro2/install/tiago_behavior_tree/include/tiago_behavior_tree/tiago_behavior_tree/action/open_gripper.h
[1.552s] -- Up-to-date: /home/ayaa/Agro2/install/tiago_behavior_tree/share/tiago_behavior_tree/environment/library_path.sh
[1.553s] -- Up-to-date: /home/ayaa/Agro2/install/tiago_behavior_tree/share/tiago_behavior_tree/environment/library_path.dsv
[1.553s] -- Up-to-date: /home/ayaa/Agro2/install/tiago_behavior_tree/lib/libtiago_behavior_tree__rosidl_generator_c.so
[1.553s] -- Up-to-date: /home/ayaa/Agro2/install/tiago_behavior_tree/include/tiago_behavior_tree/tiago_behavior_tree
[1.553s] -- Up-to-date: /home/ayaa/Agro2/install/tiago_behavior_tree/include/tiago_behavior_tree/tiago_behavior_tree/msg
[1.555s] -- Up-to-date: /home/ayaa/Agro2/install/tiago_behavior_tree/include/tiago_behavior_tree/tiago_behavior_tree/msg/rosidl_typesupport_fastrtps_c__visibility_control.h
[1.555s] -- Up-to-date: /home/ayaa/Agro2/install/tiago_behavior_tree/include/tiago_behavior_tree/tiago_behavior_tree/action
[1.555s] -- Up-to-date: /home/ayaa/Agro2/install/tiago_behavior_tree/include/tiago_behavior_tree/tiago_behavior_tree/action/detail
[1.556s] -- Up-to-date: /home/ayaa/Agro2/install/tiago_behavior_tree/include/tiago_behavior_tree/tiago_behavior_tree/action/detail/open_gripper__rosidl_typesupport_fastrtps_c.h
[1.556s] -- Up-to-date: /home/ayaa/Agro2/install/tiago_behavior_tree/lib/libtiago_behavior_tree__rosidl_typesupport_fastrtps_c.so
[1.556s] -- Up-to-date: /home/ayaa/Agro2/install/tiago_behavior_tree/include/tiago_behavior_tree/tiago_behavior_tree
[1.556s] -- Up-to-date: /home/ayaa/Agro2/install/tiago_behavior_tree/include/tiago_behavior_tree/tiago_behavior_tree/msg
[1.557s] -- Up-to-date: /home/ayaa/Agro2/install/tiago_behavior_tree/include/tiago_behavior_tree/tiago_behavior_tree/msg/rosidl_generator_cpp__visibility_control.hpp
[1.557s] -- Up-to-date: /home/ayaa/Agro2/install/tiago_behavior_tree/include/tiago_behavior_tree/tiago_behavior_tree/action
[1.557s] -- Up-to-date: /home/ayaa/Agro2/install/tiago_behavior_tree/include/tiago_behavior_tree/tiago_behavior_tree/action/detail
[1.557s] -- Up-to-date: /home/ayaa/Agro2/install/tiago_behavior_tree/include/tiago_behavior_tree/tiago_behavior_tree/action/detail/open_gripper__traits.hpp
[1.558s] -- Up-to-date: /home/ayaa/Agro2/install/tiago_behavior_tree/include/tiago_behavior_tree/tiago_behavior_tree/action/detail/open_gripper__type_support.hpp
[1.558s] -- Up-to-date: /home/ayaa/Agro2/install/tiago_behavior_tree/include/tiago_behavior_tree/tiago_behavior_tree/action/detail/open_gripper__struct.hpp
[1.559s] -- Up-to-date: /home/ayaa/Agro2/install/tiago_behavior_tree/include/tiago_behavior_tree/tiago_behavior_tree/action/detail/open_gripper__builder.hpp
[1.559s] -- Up-to-date: /home/ayaa/Agro2/install/tiago_behavior_tree/include/tiago_behavior_tree/tiago_behavior_tree/action/open_gripper.hpp
[1.559s] -- Up-to-date: /home/ayaa/Agro2/install/tiago_behavior_tree/include/tiago_behavior_tree/tiago_behavior_tree
[1.560s] -- Up-to-date: /home/ayaa/Agro2/install/tiago_behavior_tree/include/tiago_behavior_tree/tiago_behavior_tree/msg
[1.560s] -- Up-to-date: /home/ayaa/Agro2/install/tiago_behavior_tree/include/tiago_behavior_tree/tiago_behavior_tree/msg/rosidl_typesupport_fastrtps_cpp__visibility_control.h
[1.560s] -- Up-to-date: /home/ayaa/Agro2/install/tiago_behavior_tree/include/tiago_behavior_tree/tiago_behavior_tree/action
[1.560s] -- Up-to-date: /home/ayaa/Agro2/install/tiago_behavior_tree/include/tiago_behavior_tree/tiago_behavior_tree/action/detail
[1.561s] -- Up-to-date: /home/ayaa/Agro2/install/tiago_behavior_tree/include/tiago_behavior_tree/tiago_behavior_tree/action/detail/open_gripper__rosidl_typesupport_fastrtps_cpp.hpp
[1.561s] -- Up-to-date: /home/ayaa/Agro2/install/tiago_behavior_tree/include/tiago_behavior_tree/tiago_behavior_tree/action/detail/dds_fastrtps
[1.562s] -- Up-to-date: /home/ayaa/Agro2/install/tiago_behavior_tree/lib/libtiago_behavior_tree__rosidl_typesupport_fastrtps_cpp.so
[1.562s] -- Up-to-date: /home/ayaa/Agro2/install/tiago_behavior_tree/include/tiago_behavior_tree/tiago_behavior_tree
[1.562s] -- Up-to-date: /home/ayaa/Agro2/install/tiago_behavior_tree/include/tiago_behavior_tree/tiago_behavior_tree/msg
[1.563s] -- Up-to-date: /home/ayaa/Agro2/install/tiago_behavior_tree/include/tiago_behavior_tree/tiago_behavior_tree/msg/rosidl_typesupport_introspection_c__visibility_control.h
[1.563s] -- Up-to-date: /home/ayaa/Agro2/install/tiago_behavior_tree/include/tiago_behavior_tree/tiago_behavior_tree/action
[1.564s] -- Up-to-date: /home/ayaa/Agro2/install/tiago_behavior_tree/include/tiago_behavior_tree/tiago_behavior_tree/action/detail
[1.565s] -- Up-to-date: /home/ayaa/Agro2/install/tiago_behavior_tree/include/tiago_behavior_tree/tiago_behavior_tree/action/detail/open_gripper__type_support.c
[1.566s] -- Up-to-date: /home/ayaa/Agro2/install/tiago_behavior_tree/include/tiago_behavior_tree/tiago_behavior_tree/action/detail/open_gripper__rosidl_typesupport_introspection_c.h
[1.566s] -- Up-to-date: /home/ayaa/Agro2/install/tiago_behavior_tree/lib/libtiago_behavior_tree__rosidl_typesupport_introspection_c.so
[1.566s] -- Up-to-date: /home/ayaa/Agro2/install/tiago_behavior_tree/lib/libtiago_behavior_tree__rosidl_typesupport_c.so
[1.566s] -- Up-to-date: /home/ayaa/Agro2/install/tiago_behavior_tree/include/tiago_behavior_tree/tiago_behavior_tree
[1.567s] -- Up-to-date: /home/ayaa/Agro2/install/tiago_behavior_tree/include/tiago_behavior_tree/tiago_behavior_tree/action
[1.567s] -- Up-to-date: /home/ayaa/Agro2/install/tiago_behavior_tree/include/tiago_behavior_tree/tiago_behavior_tree/action/detail
[1.568s] -- Up-to-date: /home/ayaa/Agro2/install/tiago_behavior_tree/include/tiago_behavior_tree/tiago_behavior_tree/action/detail/open_gripper__type_support.cpp
[1.568s] -- Up-to-date: /home/ayaa/Agro2/install/tiago_behavior_tree/include/tiago_behavior_tree/tiago_behavior_tree/action/detail/open_gripper__rosidl_typesupport_introspection_cpp.hpp
[1.569s] -- Up-to-date: /home/ayaa/Agro2/install/tiago_behavior_tree/lib/libtiago_behavior_tree__rosidl_typesupport_introspection_cpp.so
[1.569s] -- Up-to-date: /home/ayaa/Agro2/install/tiago_behavior_tree/lib/libtiago_behavior_tree__rosidl_typesupport_cpp.so
[1.569s] -- Up-to-date: /home/ayaa/Agro2/install/tiago_behavior_tree/share/tiago_behavior_tree/environment/pythonpath.sh
[1.569s] -- Up-to-date: /home/ayaa/Agro2/install/tiago_behavior_tree/share/tiago_behavior_tree/environment/pythonpath.dsv
[1.570s] -- Up-to-date: /home/ayaa/Agro2/install/tiago_behavior_tree/local/lib/python3.10/dist-packages/tiago_behavior_tree-0.0.0-py3.10.egg-info
[1.570s] -- Installing: /home/ayaa/Agro2/install/tiago_behavior_tree/local/lib/python3.10/dist-packages/tiago_behavior_tree-0.0.0-py3.10.egg-info/PKG-INFO
[1.570s] -- Installing: /home/ayaa/Agro2/install/tiago_behavior_tree/local/lib/python3.10/dist-packages/tiago_behavior_tree-0.0.0-py3.10.egg-info/dependency_links.txt
[1.571s] -- Installing: /home/ayaa/Agro2/install/tiago_behavior_tree/local/lib/python3.10/dist-packages/tiago_behavior_tree-0.0.0-py3.10.egg-info/SOURCES.txt
[1.571s] -- Installing: /home/ayaa/Agro2/install/tiago_behavior_tree/local/lib/python3.10/dist-packages/tiago_behavior_tree-0.0.0-py3.10.egg-info/top_level.txt
[1.572s] -- Up-to-date: /home/ayaa/Agro2/install/tiago_behavior_tree/local/lib/python3.10/dist-packages/tiago_behavior_tree
[1.572s] -- Up-to-date: /home/ayaa/Agro2/install/tiago_behavior_tree/local/lib/python3.10/dist-packages/tiago_behavior_tree/__init__.py
[1.572s] -- Up-to-date: /home/ayaa/Agro2/install/tiago_behavior_tree/local/lib/python3.10/dist-packages/tiago_behavior_tree/_tiago_behavior_tree_s.ep.rosidl_typesupport_introspection_c.c
[1.572s] -- Up-to-date: /home/ayaa/Agro2/install/tiago_behavior_tree/local/lib/python3.10/dist-packages/tiago_behavior_tree/tiago_behavior_tree_s__rosidl_typesupport_introspection_c.cpython-310-x86_64-linux-gnu.so
[1.572s] -- Up-to-date: /home/ayaa/Agro2/install/tiago_behavior_tree/local/lib/python3.10/dist-packages/tiago_behavior_tree/_tiago_behavior_tree_s.ep.rosidl_typesupport_c.c
[1.573s] -- Up-to-date: /home/ayaa/Agro2/install/tiago_behavior_tree/local/lib/python3.10/dist-packages/tiago_behavior_tree/_tiago_behavior_tree_s.ep.rosidl_typesupport_fastrtps_c.c
[1.573s] -- Up-to-date: /home/ayaa/Agro2/install/tiago_behavior_tree/local/lib/python3.10/dist-packages/tiago_behavior_tree/tiago_behavior_tree_s__rosidl_typesupport_c.cpython-310-x86_64-linux-gnu.so
[1.573s] -- Up-to-date: /home/ayaa/Agro2/install/tiago_behavior_tree/local/lib/python3.10/dist-packages/tiago_behavior_tree/tiago_behavior_tree_s__rosidl_typesupport_fastrtps_c.cpython-310-x86_64-linux-gnu.so
[1.573s] -- Up-to-date: /home/ayaa/Agro2/install/tiago_behavior_tree/local/lib/python3.10/dist-packages/tiago_behavior_tree/action
[1.573s] -- Up-to-date: /home/ayaa/Agro2/install/tiago_behavior_tree/local/lib/python3.10/dist-packages/tiago_behavior_tree/action/__init__.py
[1.573s] -- Up-to-date: /home/ayaa/Agro2/install/tiago_behavior_tree/local/lib/python3.10/dist-packages/tiago_behavior_tree/action/_open_gripper_s.c
[1.574s] -- Up-to-date: /home/ayaa/Agro2/install/tiago_behavior_tree/local/lib/python3.10/dist-packages/tiago_behavior_tree/action/_open_gripper.py
[1.574s] -- Up-to-date: /home/ayaa/Agro2/install/tiago_behavior_tree/local/lib/python3.10/dist-packages/tiago_behavior_tree/libtiago_behavior_tree__rosidl_generator_py.so
[1.604s] Listing '/home/ayaa/Agro2/install/tiago_behavior_tree/local/lib/python3.10/dist-packages/tiago_behavior_tree'...
[1.604s] Listing '/home/ayaa/Agro2/install/tiago_behavior_tree/local/lib/python3.10/dist-packages/tiago_behavior_tree/action'...
[1.615s] -- Up-to-date: /home/ayaa/Agro2/install/tiago_behavior_tree/local/lib/python3.10/dist-packages/tiago_behavior_tree/tiago_behavior_tree_s__rosidl_typesupport_fastrtps_c.cpython-310-x86_64-linux-gnu.so
[1.616s] -- Up-to-date: /home/ayaa/Agro2/install/tiago_behavior_tree/local/lib/python3.10/dist-packages/tiago_behavior_tree/tiago_behavior_tree_s__rosidl_typesupport_introspection_c.cpython-310-x86_64-linux-gnu.so
[1.617s] -- Up-to-date: /home/ayaa/Agro2/install/tiago_behavior_tree/local/lib/python3.10/dist-packages/tiago_behavior_tree/tiago_behavior_tree_s__rosidl_typesupport_c.cpython-310-x86_64-linux-gnu.so
[1.618s] -- Up-to-date: /home/ayaa/Agro2/install/tiago_behavior_tree/lib/libtiago_behavior_tree__rosidl_generator_py.so
[1.618s] -- Up-to-date: /home/ayaa/Agro2/install/tiago_behavior_tree/share/tiago_behavior_tree/action/OpenGripper.idl
[1.618s] -- Up-to-date: /home/ayaa/Agro2/install/tiago_behavior_tree/share/tiago_behavior_tree/action/OpenGripper.action
[1.618s] -- Installing: /home/ayaa/Agro2/install/tiago_behavior_tree/share/tiago_behavior_tree/pick_plugin.xml
[1.619s] -- Up-to-date: /home/ayaa/Agro2/install/tiago_behavior_tree/include
[1.619s] -- Up-to-date: /home/ayaa/Agro2/install/tiago_behavior_tree/include/tiago_behavior_tree
[1.619s] -- Up-to-date: /home/ayaa/Agro2/install/tiago_behavior_tree/include/tiago_behavior_tree/action
[1.619s] -- Up-to-date: /home/ayaa/Agro2/install/tiago_behavior_tree/include/tiago_behavior_tree/action/OpenGripper.action
[1.619s] -- Up-to-date: /home/ayaa/Agro2/install/tiago_behavior_tree/lib/libpick_action_node.so
[1.619s] -- Up-to-date: /home/ayaa/Agro2/install/tiago_behavior_tree/share/tiago_behavior_tree/pick_plugin.xml
[1.620s] -- Up-to-date: /home/ayaa/Agro2/install/tiago_behavior_tree/share/ament_index/resource_index/package_run_dependencies/tiago_behavior_tree
[1.620s] -- Up-to-date: /home/ayaa/Agro2/install/tiago_behavior_tree/share/ament_index/resource_index/parent_prefix_path/tiago_behavior_tree
[1.620s] -- Up-to-date: /home/ayaa/Agro2/install/tiago_behavior_tree/share/tiago_behavior_tree/environment/ament_prefix_path.sh
[1.620s] -- Up-to-date: /home/ayaa/Agro2/install/tiago_behavior_tree/share/tiago_behavior_tree/environment/ament_prefix_path.dsv
[1.620s] -- Up-to-date: /home/ayaa/Agro2/install/tiago_behavior_tree/share/tiago_behavior_tree/environment/path.sh
[1.621s] -- Up-to-date: /home/ayaa/Agro2/install/tiago_behavior_tree/share/tiago_behavior_tree/environment/path.dsv
[1.621s] -- Up-to-date: /home/ayaa/Agro2/install/tiago_behavior_tree/share/tiago_behavior_tree/local_setup.bash
[1.621s] -- Up-to-date: /home/ayaa/Agro2/install/tiago_behavior_tree/share/tiago_behavior_tree/local_setup.sh
[1.621s] -- Up-to-date: /home/ayaa/Agro2/install/tiago_behavior_tree/share/tiago_behavior_tree/local_setup.zsh
[1.621s] -- Up-to-date: /home/ayaa/Agro2/install/tiago_behavior_tree/share/tiago_behavior_tree/local_setup.dsv
[1.622s] -- Installing: /home/ayaa/Agro2/install/tiago_behavior_tree/share/tiago_behavior_tree/package.dsv
[1.622s] -- Up-to-date: /home/ayaa/Agro2/install/tiago_behavior_tree/share/ament_index/resource_index/packages/tiago_behavior_tree
[1.622s] -- Up-to-date: /home/ayaa/Agro2/install/tiago_behavior_tree/share/ament_index/resource_index/nav2_behavior_tree__pluginlib__plugin/tiago_behavior_tree
[1.622s] -- Up-to-date: /home/ayaa/Agro2/install/tiago_behavior_tree/share/tiago_behavior_tree/cmake/export_tiago_behavior_tree__rosidl_generator_cExport.cmake
[1.622s] -- Up-to-date: /home/ayaa/Agro2/install/tiago_behavior_tree/share/tiago_behavior_tree/cmake/export_tiago_behavior_tree__rosidl_generator_cExport-noconfig.cmake
[1.623s] -- Up-to-date: /home/ayaa/Agro2/install/tiago_behavior_tree/share/tiago_behavior_tree/cmake/export_tiago_behavior_tree__rosidl_typesupport_fastrtps_cExport.cmake
[1.623s] -- Up-to-date: /home/ayaa/Agro2/install/tiago_behavior_tree/share/tiago_behavior_tree/cmake/export_tiago_behavior_tree__rosidl_typesupport_fastrtps_cExport-noconfig.cmake
[1.623s] -- Up-to-date: /home/ayaa/Agro2/install/tiago_behavior_tree/share/tiago_behavior_tree/cmake/export_tiago_behavior_tree__rosidl_generator_cppExport.cmake
[1.623s] -- Up-to-date: /home/ayaa/Agro2/install/tiago_behavior_tree/share/tiago_behavior_tree/cmake/export_tiago_behavior_tree__rosidl_typesupport_fastrtps_cppExport.cmake
[1.623s] -- Up-to-date: /home/ayaa/Agro2/install/tiago_behavior_tree/share/tiago_behavior_tree/cmake/export_tiago_behavior_tree__rosidl_typesupport_fastrtps_cppExport-noconfig.cmake
[1.624s] -- Up-to-date: /home/ayaa/Agro2/install/tiago_behavior_tree/share/tiago_behavior_tree/cmake/tiago_behavior_tree__rosidl_typesupport_introspection_cExport.cmake
[1.624s] -- Up-to-date: /home/ayaa/Agro2/install/tiago_behavior_tree/share/tiago_behavior_tree/cmake/tiago_behavior_tree__rosidl_typesupport_introspection_cExport-noconfig.cmake
[1.624s] -- Up-to-date: /home/ayaa/Agro2/install/tiago_behavior_tree/share/tiago_behavior_tree/cmake/tiago_behavior_tree__rosidl_typesupport_cExport.cmake
[1.624s] -- Up-to-date: /home/ayaa/Agro2/install/tiago_behavior_tree/share/tiago_behavior_tree/cmake/tiago_behavior_tree__rosidl_typesupport_cExport-noconfig.cmake
[1.624s] -- Up-to-date: /home/ayaa/Agro2/install/tiago_behavior_tree/share/tiago_behavior_tree/cmake/tiago_behavior_tree__rosidl_typesupport_introspection_cppExport.cmake
[1.624s] -- Up-to-date: /home/ayaa/Agro2/install/tiago_behavior_tree/share/tiago_behavior_tree/cmake/tiago_behavior_tree__rosidl_typesupport_introspection_cppExport-noconfig.cmake
[1.624s] -- Up-to-date: /home/ayaa/Agro2/install/tiago_behavior_tree/share/tiago_behavior_tree/cmake/tiago_behavior_tree__rosidl_typesupport_cppExport.cmake
[1.624s] -- Up-to-date: /home/ayaa/Agro2/install/tiago_behavior_tree/share/tiago_behavior_tree/cmake/tiago_behavior_tree__rosidl_typesupport_cppExport-noconfig.cmake
[1.625s] -- Up-to-date: /home/ayaa/Agro2/install/tiago_behavior_tree/share/tiago_behavior_tree/cmake/export_tiago_behavior_tree__rosidl_generator_pyExport.cmake
[1.625s] -- Up-to-date: /home/ayaa/Agro2/install/tiago_behavior_tree/share/tiago_behavior_tree/cmake/export_tiago_behavior_tree__rosidl_generator_pyExport-noconfig.cmake
[1.625s] -- Up-to-date: /home/ayaa/Agro2/install/tiago_behavior_tree/share/tiago_behavior_tree/cmake/rosidl_cmake-extras.cmake
[1.625s] -- Up-to-date: /home/ayaa/Agro2/install/tiago_behavior_tree/share/tiago_behavior_tree/cmake/ament_cmake_export_dependencies-extras.cmake
[1.625s] -- Up-to-date: /home/ayaa/Agro2/install/tiago_behavior_tree/share/tiago_behavior_tree/cmake/ament_cmake_export_include_directories-extras.cmake
[1.625s] -- Up-to-date: /home/ayaa/Agro2/install/tiago_behavior_tree/share/tiago_behavior_tree/cmake/ament_cmake_export_libraries-extras.cmake
[1.625s] -- Up-to-date: /home/ayaa/Agro2/install/tiago_behavior_tree/share/tiago_behavior_tree/cmake/ament_cmake_export_targets-extras.cmake
[1.625s] -- Up-to-date: /home/ayaa/Agro2/install/tiago_behavior_tree/share/tiago_behavior_tree/cmake/rosidl_cmake_export_typesupport_targets-extras.cmake
[1.626s] -- Up-to-date: /home/ayaa/Agro2/install/tiago_behavior_tree/share/tiago_behavior_tree/cmake/rosidl_cmake_export_typesupport_libraries-extras.cmake
[1.626s] -- Up-to-date: /home/ayaa/Agro2/install/tiago_behavior_tree/share/tiago_behavior_tree/cmake/tiago_behavior_treeConfig.cmake
[1.626s] -- Up-to-date: /home/ayaa/Agro2/install/tiago_behavior_tree/share/tiago_behavior_tree/cmake/tiago_behavior_treeConfig-version.cmake
[1.626s] -- Up-to-date: /home/ayaa/Agro2/install/tiago_behavior_tree/share/tiago_behavior_tree/package.xml
[1.628s] Invoked command in '/home/ayaa/Agro2/build/tiago_behavior_tree' returned '0': CMAKE_PREFIX_PATH=${CMAKE_PREFIX_PATH}:/home/ayaa/Agro2/install/trials:/home/ayaa/Agro2/install/tiago_custom:/home/ayaa/Agro2/install/my_nav2_bringup:/home/ayaa/Agro2/install/fer_gazebo:/home/ayaa/Agro2/install/custom_worlds:/opt/ros/humble /usr/bin/cmake --install /home/ayaa/Agro2/build/tiago_behavior_tree
