[0.113s] Invoking command in '/home/ayaa/Agro2/build/tiago_behavior_tree': CMAKE_PREFIX_PATH=${CMAKE_PREFIX_PATH}:/home/ayaa/Agro2/install/trials:/home/ayaa/Agro2/install/tiago_custom:/home/ayaa/Agro2/install/my_nav2_bringup:/home/ayaa/Agro2/install/fer_gazebo:/home/ayaa/Agro2/install/custom_worlds:/opt/ros/humble /usr/bin/cmake --build /home/ayaa/Agro2/build/tiago_behavior_tree -- -j8 -l8
[0.205s] [  2%] Built target tiago_behavior_tree__cpp
[0.213s] [ 11%] Built target tiago_behavior_tree__rosidl_generator_c
[0.261s] [ 11%] Built target ament_cmake_python_copy_tiago_behavior_tree
[0.262s] [ 20%] Built target tiago_behavior_tree__rosidl_typesupport_introspection_cpp
[0.273s] [ 30%] Built target tiago_behavior_tree__rosidl_typesupport_fastrtps_cpp
[0.274s] [ 39%] Built target tiago_behavior_tree__rosidl_typesupport_cpp
[0.279s] [ 48%] Built target tiago_behavior_tree__rosidl_typesupport_fastrtps_c
[0.284s] [ 58%] Built target tiago_behavior_tree__rosidl_typesupport_introspection_c
[0.293s] [ 67%] Built target tiago_behavior_tree__rosidl_typesupport_c
[0.322s] [ 67%] Built target tiago_behavior_tree
[0.325s] [ 72%] Built target open_gripper_server
[0.333s] [ 76%] Built target pick_action_node
[0.354s] [ 79%] Built target tiago_behavior_tree__py
[0.387s] [ 86%] Built target tiago_behavior_tree__rosidl_generator_py
[0.418s] [ 90%] Built target tiago_behavior_tree__rosidl_typesupport_fastrtps_c__pyext
[0.419s] [ 95%] Built target tiago_behavior_tree__rosidl_typesupport_c__pyext
[0.419s] [100%] Built target tiago_behavior_tree__rosidl_typesupport_introspection_c__pyext
[0.736s] running egg_info
[0.754s] writing tiago_behavior_tree.egg-info/PKG-INFO
[0.754s] writing dependency_links to tiago_behavior_tree.egg-info/dependency_links.txt
[0.755s] writing top-level names to tiago_behavior_tree.egg-info/top_level.txt
[0.809s] reading manifest file 'tiago_behavior_tree.egg-info/SOURCES.txt'
[0.810s] writing manifest file 'tiago_behavior_tree.egg-info/SOURCES.txt'
[0.904s] [100%] Built target ament_cmake_python_build_tiago_behavior_tree_egg
[0.931s] Invoked command in '/home/ayaa/Agro2/build/tiago_behavior_tree' returned '0': CMAKE_PREFIX_PATH=${CMAKE_PREFIX_PATH}:/home/ayaa/Agro2/install/trials:/home/ayaa/Agro2/install/tiago_custom:/home/ayaa/Agro2/install/my_nav2_bringup:/home/ayaa/Agro2/install/fer_gazebo:/home/ayaa/Agro2/install/custom_worlds:/opt/ros/humble /usr/bin/cmake --build /home/ayaa/Agro2/build/tiago_behavior_tree -- -j8 -l8
[0.932s] Invoking command in '/home/ayaa/Agro2/build/tiago_behavior_tree': CMAKE_PREFIX_PATH=${CMAKE_PREFIX_PATH}:/home/ayaa/Agro2/install/trials:/home/ayaa/Agro2/install/tiago_custom:/home/ayaa/Agro2/install/my_nav2_bringup:/home/ayaa/Agro2/install/fer_gazebo:/home/ayaa/Agro2/install/custom_worlds:/opt/ros/humble /usr/bin/cmake --install /home/ayaa/Agro2/build/tiago_behavior_tree
[0.963s] -- Install configuration: ""
[0.964s] -- Up-to-date: /home/ayaa/Agro2/install/tiago_behavior_tree/share/ament_index/resource_index/rosidl_interfaces/tiago_behavior_tree
[0.964s] -- Up-to-date: /home/ayaa/Agro2/install/tiago_behavior_tree/include/tiago_behavior_tree/tiago_behavior_tree
[0.964s] -- Up-to-date: /home/ayaa/Agro2/install/tiago_behavior_tree/include/tiago_behavior_tree/tiago_behavior_tree/msg
[0.965s] -- Up-to-date: /home/ayaa/Agro2/install/tiago_behavior_tree/include/tiago_behavior_tree/tiago_behavior_tree/msg/rosidl_generator_c__visibility_control.h
[0.965s] -- Up-to-date: /home/ayaa/Agro2/install/tiago_behavior_tree/include/tiago_behavior_tree/tiago_behavior_tree/action
[0.965s] -- Up-to-date: /home/ayaa/Agro2/install/tiago_behavior_tree/include/tiago_behavior_tree/tiago_behavior_tree/action/detail
[0.966s] -- Up-to-date: /home/ayaa/Agro2/install/tiago_behavior_tree/include/tiago_behavior_tree/tiago_behavior_tree/action/detail/approach_object__functions.c
[0.966s] -- Up-to-date: /home/ayaa/Agro2/install/tiago_behavior_tree/include/tiago_behavior_tree/tiago_behavior_tree/action/detail/open_gripper__functions.c
[0.967s] -- Up-to-date: /home/ayaa/Agro2/install/tiago_behavior_tree/include/tiago_behavior_tree/tiago_behavior_tree/action/detail/approach_object__type_support.h
[0.967s] -- Up-to-date: /home/ayaa/Agro2/install/tiago_behavior_tree/include/tiago_behavior_tree/tiago_behavior_tree/action/detail/open_gripper__functions.h
[0.967s] -- Up-to-date: /home/ayaa/Agro2/install/tiago_behavior_tree/include/tiago_behavior_tree/tiago_behavior_tree/action/detail/open_gripper__struct.h
[0.967s] -- Up-to-date: /home/ayaa/Agro2/install/tiago_behavior_tree/include/tiago_behavior_tree/tiago_behavior_tree/action/detail/approach_object__functions.h
[0.968s] -- Up-to-date: /home/ayaa/Agro2/install/tiago_behavior_tree/include/tiago_behavior_tree/tiago_behavior_tree/action/detail/open_gripper__type_support.h
[0.968s] -- Up-to-date: /home/ayaa/Agro2/install/tiago_behavior_tree/include/tiago_behavior_tree/tiago_behavior_tree/action/detail/approach_object__struct.h
[0.968s] -- Up-to-date: /home/ayaa/Agro2/install/tiago_behavior_tree/include/tiago_behavior_tree/tiago_behavior_tree/action/approach_object.h
[0.968s] -- Up-to-date: /home/ayaa/Agro2/install/tiago_behavior_tree/include/tiago_behavior_tree/tiago_behavior_tree/action/open_gripper.h
[0.970s] -- Up-to-date: /home/ayaa/Agro2/install/tiago_behavior_tree/share/tiago_behavior_tree/environment/library_path.sh
[0.970s] -- Up-to-date: /home/ayaa/Agro2/install/tiago_behavior_tree/share/tiago_behavior_tree/environment/library_path.dsv
[0.970s] -- Up-to-date: /home/ayaa/Agro2/install/tiago_behavior_tree/lib/libtiago_behavior_tree__rosidl_generator_c.so
[0.970s] -- Up-to-date: /home/ayaa/Agro2/install/tiago_behavior_tree/include/tiago_behavior_tree/tiago_behavior_tree
[0.971s] -- Up-to-date: /home/ayaa/Agro2/install/tiago_behavior_tree/include/tiago_behavior_tree/tiago_behavior_tree/msg
[0.972s] -- Up-to-date: /home/ayaa/Agro2/install/tiago_behavior_tree/include/tiago_behavior_tree/tiago_behavior_tree/msg/rosidl_typesupport_fastrtps_c__visibility_control.h
[0.972s] -- Up-to-date: /home/ayaa/Agro2/install/tiago_behavior_tree/include/tiago_behavior_tree/tiago_behavior_tree/action
[0.972s] -- Up-to-date: /home/ayaa/Agro2/install/tiago_behavior_tree/include/tiago_behavior_tree/tiago_behavior_tree/action/detail
[0.972s] -- Up-to-date: /home/ayaa/Agro2/install/tiago_behavior_tree/include/tiago_behavior_tree/tiago_behavior_tree/action/detail/open_gripper__rosidl_typesupport_fastrtps_c.h
[0.972s] -- Up-to-date: /home/ayaa/Agro2/install/tiago_behavior_tree/include/tiago_behavior_tree/tiago_behavior_tree/action/detail/approach_object__rosidl_typesupport_fastrtps_c.h
[0.973s] -- Up-to-date: /home/ayaa/Agro2/install/tiago_behavior_tree/lib/libtiago_behavior_tree__rosidl_typesupport_fastrtps_c.so
[0.973s] -- Up-to-date: /home/ayaa/Agro2/install/tiago_behavior_tree/include/tiago_behavior_tree/tiago_behavior_tree
[0.973s] -- Up-to-date: /home/ayaa/Agro2/install/tiago_behavior_tree/include/tiago_behavior_tree/tiago_behavior_tree/msg
[0.973s] -- Up-to-date: /home/ayaa/Agro2/install/tiago_behavior_tree/include/tiago_behavior_tree/tiago_behavior_tree/msg/rosidl_generator_cpp__visibility_control.hpp
[0.973s] -- Up-to-date: /home/ayaa/Agro2/install/tiago_behavior_tree/include/tiago_behavior_tree/tiago_behavior_tree/action
[0.973s] -- Up-to-date: /home/ayaa/Agro2/install/tiago_behavior_tree/include/tiago_behavior_tree/tiago_behavior_tree/action/detail
[0.974s] -- Up-to-date: /home/ayaa/Agro2/install/tiago_behavior_tree/include/tiago_behavior_tree/tiago_behavior_tree/action/detail/open_gripper__traits.hpp
[0.974s] -- Up-to-date: /home/ayaa/Agro2/install/tiago_behavior_tree/include/tiago_behavior_tree/tiago_behavior_tree/action/detail/open_gripper__type_support.hpp
[0.974s] -- Up-to-date: /home/ayaa/Agro2/install/tiago_behavior_tree/include/tiago_behavior_tree/tiago_behavior_tree/action/detail/approach_object__struct.hpp
[0.974s] -- Up-to-date: /home/ayaa/Agro2/install/tiago_behavior_tree/include/tiago_behavior_tree/tiago_behavior_tree/action/detail/approach_object__builder.hpp
[0.974s] -- Up-to-date: /home/ayaa/Agro2/install/tiago_behavior_tree/include/tiago_behavior_tree/tiago_behavior_tree/action/detail/open_gripper__struct.hpp
[0.974s] -- Up-to-date: /home/ayaa/Agro2/install/tiago_behavior_tree/include/tiago_behavior_tree/tiago_behavior_tree/action/detail/approach_object__type_support.hpp
[0.974s] -- Up-to-date: /home/ayaa/Agro2/install/tiago_behavior_tree/include/tiago_behavior_tree/tiago_behavior_tree/action/detail/approach_object__traits.hpp
[0.975s] -- Up-to-date: /home/ayaa/Agro2/install/tiago_behavior_tree/include/tiago_behavior_tree/tiago_behavior_tree/action/detail/open_gripper__builder.hpp
[0.976s] -- Up-to-date: /home/ayaa/Agro2/install/tiago_behavior_tree/include/tiago_behavior_tree/tiago_behavior_tree/action/open_gripper.hpp
[0.977s] -- Up-to-date: /home/ayaa/Agro2/install/tiago_behavior_tree/include/tiago_behavior_tree/tiago_behavior_tree/action/approach_object.hpp
[0.977s] -- Up-to-date: /home/ayaa/Agro2/install/tiago_behavior_tree/include/tiago_behavior_tree/tiago_behavior_tree
[0.977s] -- Up-to-date: /home/ayaa/Agro2/install/tiago_behavior_tree/include/tiago_behavior_tree/tiago_behavior_tree/msg
[0.977s] -- Up-to-date: /home/ayaa/Agro2/install/tiago_behavior_tree/include/tiago_behavior_tree/tiago_behavior_tree/msg/rosidl_typesupport_fastrtps_cpp__visibility_control.h
[0.978s] -- Up-to-date: /home/ayaa/Agro2/install/tiago_behavior_tree/include/tiago_behavior_tree/tiago_behavior_tree/action
[0.978s] -- Up-to-date: /home/ayaa/Agro2/install/tiago_behavior_tree/include/tiago_behavior_tree/tiago_behavior_tree/action/detail
[0.978s] -- Up-to-date: /home/ayaa/Agro2/install/tiago_behavior_tree/include/tiago_behavior_tree/tiago_behavior_tree/action/detail/open_gripper__rosidl_typesupport_fastrtps_cpp.hpp
[0.979s] -- Up-to-date: /home/ayaa/Agro2/install/tiago_behavior_tree/include/tiago_behavior_tree/tiago_behavior_tree/action/detail/dds_fastrtps
[0.979s] -- Up-to-date: /home/ayaa/Agro2/install/tiago_behavior_tree/include/tiago_behavior_tree/tiago_behavior_tree/action/detail/approach_object__rosidl_typesupport_fastrtps_cpp.hpp
[0.979s] -- Up-to-date: /home/ayaa/Agro2/install/tiago_behavior_tree/lib/libtiago_behavior_tree__rosidl_typesupport_fastrtps_cpp.so
[0.979s] -- Up-to-date: /home/ayaa/Agro2/install/tiago_behavior_tree/include/tiago_behavior_tree/tiago_behavior_tree
[0.980s] -- Up-to-date: /home/ayaa/Agro2/install/tiago_behavior_tree/include/tiago_behavior_tree/tiago_behavior_tree/msg
[0.981s] -- Up-to-date: /home/ayaa/Agro2/install/tiago_behavior_tree/include/tiago_behavior_tree/tiago_behavior_tree/msg/rosidl_typesupport_introspection_c__visibility_control.h
[0.982s] -- Up-to-date: /home/ayaa/Agro2/install/tiago_behavior_tree/include/tiago_behavior_tree/tiago_behavior_tree/action
[0.982s] -- Up-to-date: /home/ayaa/Agro2/install/tiago_behavior_tree/include/tiago_behavior_tree/tiago_behavior_tree/action/detail
[0.983s] -- Up-to-date: /home/ayaa/Agro2/install/tiago_behavior_tree/include/tiago_behavior_tree/tiago_behavior_tree/action/detail/open_gripper__type_support.c
[0.983s] -- Up-to-date: /home/ayaa/Agro2/install/tiago_behavior_tree/include/tiago_behavior_tree/tiago_behavior_tree/action/detail/approach_object__type_support.c
[0.984s] -- Up-to-date: /home/ayaa/Agro2/install/tiago_behavior_tree/include/tiago_behavior_tree/tiago_behavior_tree/action/detail/approach_object__rosidl_typesupport_introspection_c.h
[0.984s] -- Up-to-date: /home/ayaa/Agro2/install/tiago_behavior_tree/include/tiago_behavior_tree/tiago_behavior_tree/action/detail/open_gripper__rosidl_typesupport_introspection_c.h
[0.984s] -- Up-to-date: /home/ayaa/Agro2/install/tiago_behavior_tree/lib/libtiago_behavior_tree__rosidl_typesupport_introspection_c.so
[0.984s] -- Up-to-date: /home/ayaa/Agro2/install/tiago_behavior_tree/lib/libtiago_behavior_tree__rosidl_typesupport_c.so
[0.984s] -- Up-to-date: /home/ayaa/Agro2/install/tiago_behavior_tree/include/tiago_behavior_tree/tiago_behavior_tree
[0.985s] -- Up-to-date: /home/ayaa/Agro2/install/tiago_behavior_tree/include/tiago_behavior_tree/tiago_behavior_tree/action
[0.986s] -- Up-to-date: /home/ayaa/Agro2/install/tiago_behavior_tree/include/tiago_behavior_tree/tiago_behavior_tree/action/detail
[0.986s] -- Up-to-date: /home/ayaa/Agro2/install/tiago_behavior_tree/include/tiago_behavior_tree/tiago_behavior_tree/action/detail/approach_object__type_support.cpp
[0.986s] -- Up-to-date: /home/ayaa/Agro2/install/tiago_behavior_tree/include/tiago_behavior_tree/tiago_behavior_tree/action/detail/approach_object__rosidl_typesupport_introspection_cpp.hpp
[0.987s] -- Up-to-date: /home/ayaa/Agro2/install/tiago_behavior_tree/include/tiago_behavior_tree/tiago_behavior_tree/action/detail/open_gripper__type_support.cpp
[0.987s] -- Up-to-date: /home/ayaa/Agro2/install/tiago_behavior_tree/include/tiago_behavior_tree/tiago_behavior_tree/action/detail/open_gripper__rosidl_typesupport_introspection_cpp.hpp
[0.988s] -- Up-to-date: /home/ayaa/Agro2/install/tiago_behavior_tree/lib/libtiago_behavior_tree__rosidl_typesupport_introspection_cpp.so
[0.988s] -- Up-to-date: /home/ayaa/Agro2/install/tiago_behavior_tree/lib/libtiago_behavior_tree__rosidl_typesupport_cpp.so
[0.988s] -- Up-to-date: /home/ayaa/Agro2/install/tiago_behavior_tree/share/tiago_behavior_tree/environment/pythonpath.sh
[0.988s] -- Up-to-date: /home/ayaa/Agro2/install/tiago_behavior_tree/share/tiago_behavior_tree/environment/pythonpath.dsv
[0.989s] -- Up-to-date: /home/ayaa/Agro2/install/tiago_behavior_tree/local/lib/python3.10/dist-packages/tiago_behavior_tree-0.0.0-py3.10.egg-info
[0.989s] -- Installing: /home/ayaa/Agro2/install/tiago_behavior_tree/local/lib/python3.10/dist-packages/tiago_behavior_tree-0.0.0-py3.10.egg-info/PKG-INFO
[0.989s] -- Installing: /home/ayaa/Agro2/install/tiago_behavior_tree/local/lib/python3.10/dist-packages/tiago_behavior_tree-0.0.0-py3.10.egg-info/dependency_links.txt
[0.989s] -- Installing: /home/ayaa/Agro2/install/tiago_behavior_tree/local/lib/python3.10/dist-packages/tiago_behavior_tree-0.0.0-py3.10.egg-info/SOURCES.txt
[0.990s] -- Installing: /home/ayaa/Agro2/install/tiago_behavior_tree/local/lib/python3.10/dist-packages/tiago_behavior_tree-0.0.0-py3.10.egg-info/top_level.txt
[0.991s] -- Up-to-date: /home/ayaa/Agro2/install/tiago_behavior_tree/local/lib/python3.10/dist-packages/tiago_behavior_tree
[0.991s] -- Up-to-date: /home/ayaa/Agro2/install/tiago_behavior_tree/local/lib/python3.10/dist-packages/tiago_behavior_tree/__init__.py
[1.003s] -- Up-to-date: /home/ayaa/Agro2/install/tiago_behavior_tree/local/lib/python3.10/dist-packages/tiago_behavior_tree/_tiago_behavior_tree_s.ep.rosidl_typesupport_introspection_c.c
[1.003s] -- Up-to-date: /home/ayaa/Agro2/install/tiago_behavior_tree/local/lib/python3.10/dist-packages/tiago_behavior_tree/tiago_behavior_tree_s__rosidl_typesupport_introspection_c.cpython-310-x86_64-linux-gnu.so
[1.003s] -- Up-to-date: /home/ayaa/Agro2/install/tiago_behavior_tree/local/lib/python3.10/dist-packages/tiago_behavior_tree/_tiago_behavior_tree_s.ep.rosidl_typesupport_c.c
[1.004s] -- Up-to-date: /home/ayaa/Agro2/install/tiago_behavior_tree/local/lib/python3.10/dist-packages/tiago_behavior_tree/_tiago_behavior_tree_s.ep.rosidl_typesupport_fastrtps_c.c
[1.004s] -- Up-to-date: /home/ayaa/Agro2/install/tiago_behavior_tree/local/lib/python3.10/dist-packages/tiago_behavior_tree/tiago_behavior_tree_s__rosidl_typesupport_c.cpython-310-x86_64-linux-gnu.so
[1.005s] -- Up-to-date: /home/ayaa/Agro2/install/tiago_behavior_tree/local/lib/python3.10/dist-packages/tiago_behavior_tree/tiago_behavior_tree_s__rosidl_typesupport_fastrtps_c.cpython-310-x86_64-linux-gnu.so
[1.005s] -- Up-to-date: /home/ayaa/Agro2/install/tiago_behavior_tree/local/lib/python3.10/dist-packages/tiago_behavior_tree/action
[1.005s] -- Up-to-date: /home/ayaa/Agro2/install/tiago_behavior_tree/local/lib/python3.10/dist-packages/tiago_behavior_tree/action/__init__.py
[1.006s] -- Up-to-date: /home/ayaa/Agro2/install/tiago_behavior_tree/local/lib/python3.10/dist-packages/tiago_behavior_tree/action/_approach_object_s.c
[1.006s] -- Up-to-date: /home/ayaa/Agro2/install/tiago_behavior_tree/local/lib/python3.10/dist-packages/tiago_behavior_tree/action/_approach_object.py
[1.007s] -- Up-to-date: /home/ayaa/Agro2/install/tiago_behavior_tree/local/lib/python3.10/dist-packages/tiago_behavior_tree/action/_open_gripper_s.c
[1.008s] -- Up-to-date: /home/ayaa/Agro2/install/tiago_behavior_tree/local/lib/python3.10/dist-packages/tiago_behavior_tree/action/_open_gripper.py
[1.008s] -- Up-to-date: /home/ayaa/Agro2/install/tiago_behavior_tree/local/lib/python3.10/dist-packages/tiago_behavior_tree/libtiago_behavior_tree__rosidl_generator_py.so
[1.017s] Listing '/home/ayaa/Agro2/install/tiago_behavior_tree/local/lib/python3.10/dist-packages/tiago_behavior_tree'...
[1.018s] Listing '/home/ayaa/Agro2/install/tiago_behavior_tree/local/lib/python3.10/dist-packages/tiago_behavior_tree/action'...
[1.024s] -- Up-to-date: /home/ayaa/Agro2/install/tiago_behavior_tree/local/lib/python3.10/dist-packages/tiago_behavior_tree/tiago_behavior_tree_s__rosidl_typesupport_fastrtps_c.cpython-310-x86_64-linux-gnu.so
[1.024s] -- Up-to-date: /home/ayaa/Agro2/install/tiago_behavior_tree/local/lib/python3.10/dist-packages/tiago_behavior_tree/tiago_behavior_tree_s__rosidl_typesupport_introspection_c.cpython-310-x86_64-linux-gnu.so
[1.028s] -- Up-to-date: /home/ayaa/Agro2/install/tiago_behavior_tree/local/lib/python3.10/dist-packages/tiago_behavior_tree/tiago_behavior_tree_s__rosidl_typesupport_c.cpython-310-x86_64-linux-gnu.so
[1.028s] -- Up-to-date: /home/ayaa/Agro2/install/tiago_behavior_tree/lib/libtiago_behavior_tree__rosidl_generator_py.so
[1.028s] -- Up-to-date: /home/ayaa/Agro2/install/tiago_behavior_tree/share/tiago_behavior_tree/action/OpenGripper.idl
[1.028s] -- Up-to-date: /home/ayaa/Agro2/install/tiago_behavior_tree/share/tiago_behavior_tree/action/ApproachObject.idl
[1.028s] -- Up-to-date: /home/ayaa/Agro2/install/tiago_behavior_tree/share/tiago_behavior_tree/action/OpenGripper.action
[1.028s] -- Up-to-date: /home/ayaa/Agro2/install/tiago_behavior_tree/share/tiago_behavior_tree/action/ApproachObject.action
[1.029s] -- Up-to-date: /home/ayaa/Agro2/install/tiago_behavior_tree/share/tiago_behavior_tree/pick_plugin.xml
[1.029s] -- Up-to-date: /home/ayaa/Agro2/install/tiago_behavior_tree/lib/tiago_behavior_tree/open_gripper_server
[1.030s] -- Up-to-date: /home/ayaa/Agro2/install/tiago_behavior_tree/include
[1.030s] -- Up-to-date: /home/ayaa/Agro2/install/tiago_behavior_tree/include/tiago_behavior_tree
[1.030s] -- Up-to-date: /home/ayaa/Agro2/install/tiago_behavior_tree/include/tiago_behavior_tree/action
[1.031s] -- Up-to-date: /home/ayaa/Agro2/install/tiago_behavior_tree/include/tiago_behavior_tree/action/OpenGripper.action
[1.032s] -- Up-to-date: /home/ayaa/Agro2/install/tiago_behavior_tree/lib/libpick_action_node.so
[1.032s] -- Up-to-date: /home/ayaa/Agro2/install/tiago_behavior_tree/share/tiago_behavior_tree/pick_plugin.xml
[1.032s] -- Up-to-date: /home/ayaa/Agro2/install/tiago_behavior_tree/share/ament_index/resource_index/package_run_dependencies/tiago_behavior_tree
[1.033s] -- Up-to-date: /home/ayaa/Agro2/install/tiago_behavior_tree/share/ament_index/resource_index/parent_prefix_path/tiago_behavior_tree
[1.033s] -- Up-to-date: /home/ayaa/Agro2/install/tiago_behavior_tree/share/tiago_behavior_tree/environment/ament_prefix_path.sh
[1.033s] -- Up-to-date: /home/ayaa/Agro2/install/tiago_behavior_tree/share/tiago_behavior_tree/environment/ament_prefix_path.dsv
[1.033s] -- Up-to-date: /home/ayaa/Agro2/install/tiago_behavior_tree/share/tiago_behavior_tree/environment/path.sh
[1.033s] -- Up-to-date: /home/ayaa/Agro2/install/tiago_behavior_tree/share/tiago_behavior_tree/environment/path.dsv
[1.033s] -- Up-to-date: /home/ayaa/Agro2/install/tiago_behavior_tree/share/tiago_behavior_tree/local_setup.bash
[1.033s] -- Up-to-date: /home/ayaa/Agro2/install/tiago_behavior_tree/share/tiago_behavior_tree/local_setup.sh
[1.034s] -- Up-to-date: /home/ayaa/Agro2/install/tiago_behavior_tree/share/tiago_behavior_tree/local_setup.zsh
[1.034s] -- Up-to-date: /home/ayaa/Agro2/install/tiago_behavior_tree/share/tiago_behavior_tree/local_setup.dsv
[1.034s] -- Installing: /home/ayaa/Agro2/install/tiago_behavior_tree/share/tiago_behavior_tree/package.dsv
[1.034s] -- Up-to-date: /home/ayaa/Agro2/install/tiago_behavior_tree/share/ament_index/resource_index/packages/tiago_behavior_tree
[1.034s] -- Up-to-date: /home/ayaa/Agro2/install/tiago_behavior_tree/share/ament_index/resource_index/nav2_behavior_tree__pluginlib__plugin/tiago_behavior_tree
[1.034s] -- Up-to-date: /home/ayaa/Agro2/install/tiago_behavior_tree/share/tiago_behavior_tree/cmake/export_tiago_behavior_tree__rosidl_generator_cExport.cmake
[1.034s] -- Up-to-date: /home/ayaa/Agro2/install/tiago_behavior_tree/share/tiago_behavior_tree/cmake/export_tiago_behavior_tree__rosidl_generator_cExport-noconfig.cmake
[1.034s] -- Up-to-date: /home/ayaa/Agro2/install/tiago_behavior_tree/share/tiago_behavior_tree/cmake/export_tiago_behavior_tree__rosidl_typesupport_fastrtps_cExport.cmake
[1.035s] -- Up-to-date: /home/ayaa/Agro2/install/tiago_behavior_tree/share/tiago_behavior_tree/cmake/export_tiago_behavior_tree__rosidl_typesupport_fastrtps_cExport-noconfig.cmake
[1.035s] -- Up-to-date: /home/ayaa/Agro2/install/tiago_behavior_tree/share/tiago_behavior_tree/cmake/export_tiago_behavior_tree__rosidl_generator_cppExport.cmake
[1.035s] -- Up-to-date: /home/ayaa/Agro2/install/tiago_behavior_tree/share/tiago_behavior_tree/cmake/export_tiago_behavior_tree__rosidl_typesupport_fastrtps_cppExport.cmake
[1.035s] -- Up-to-date: /home/ayaa/Agro2/install/tiago_behavior_tree/share/tiago_behavior_tree/cmake/export_tiago_behavior_tree__rosidl_typesupport_fastrtps_cppExport-noconfig.cmake
[1.035s] -- Up-to-date: /home/ayaa/Agro2/install/tiago_behavior_tree/share/tiago_behavior_tree/cmake/tiago_behavior_tree__rosidl_typesupport_introspection_cExport.cmake
[1.035s] -- Up-to-date: /home/ayaa/Agro2/install/tiago_behavior_tree/share/tiago_behavior_tree/cmake/tiago_behavior_tree__rosidl_typesupport_introspection_cExport-noconfig.cmake
[1.035s] -- Up-to-date: /home/ayaa/Agro2/install/tiago_behavior_tree/share/tiago_behavior_tree/cmake/tiago_behavior_tree__rosidl_typesupport_cExport.cmake
[1.035s] -- Up-to-date: /home/ayaa/Agro2/install/tiago_behavior_tree/share/tiago_behavior_tree/cmake/tiago_behavior_tree__rosidl_typesupport_cExport-noconfig.cmake
[1.035s] -- Up-to-date: /home/ayaa/Agro2/install/tiago_behavior_tree/share/tiago_behavior_tree/cmake/tiago_behavior_tree__rosidl_typesupport_introspection_cppExport.cmake
[1.036s] -- Up-to-date: /home/ayaa/Agro2/install/tiago_behavior_tree/share/tiago_behavior_tree/cmake/tiago_behavior_tree__rosidl_typesupport_introspection_cppExport-noconfig.cmake
[1.036s] -- Up-to-date: /home/ayaa/Agro2/install/tiago_behavior_tree/share/tiago_behavior_tree/cmake/tiago_behavior_tree__rosidl_typesupport_cppExport.cmake
[1.036s] -- Up-to-date: /home/ayaa/Agro2/install/tiago_behavior_tree/share/tiago_behavior_tree/cmake/tiago_behavior_tree__rosidl_typesupport_cppExport-noconfig.cmake
[1.036s] -- Up-to-date: /home/ayaa/Agro2/install/tiago_behavior_tree/share/tiago_behavior_tree/cmake/export_tiago_behavior_tree__rosidl_generator_pyExport.cmake
[1.036s] -- Up-to-date: /home/ayaa/Agro2/install/tiago_behavior_tree/share/tiago_behavior_tree/cmake/export_tiago_behavior_tree__rosidl_generator_pyExport-noconfig.cmake
[1.036s] -- Up-to-date: /home/ayaa/Agro2/install/tiago_behavior_tree/share/tiago_behavior_tree/cmake/rosidl_cmake-extras.cmake
[1.036s] -- Up-to-date: /home/ayaa/Agro2/install/tiago_behavior_tree/share/tiago_behavior_tree/cmake/ament_cmake_export_dependencies-extras.cmake
[1.036s] -- Up-to-date: /home/ayaa/Agro2/install/tiago_behavior_tree/share/tiago_behavior_tree/cmake/ament_cmake_export_include_directories-extras.cmake
[1.037s] -- Up-to-date: /home/ayaa/Agro2/install/tiago_behavior_tree/share/tiago_behavior_tree/cmake/ament_cmake_export_libraries-extras.cmake
[1.037s] -- Up-to-date: /home/ayaa/Agro2/install/tiago_behavior_tree/share/tiago_behavior_tree/cmake/ament_cmake_export_targets-extras.cmake
[1.037s] -- Up-to-date: /home/ayaa/Agro2/install/tiago_behavior_tree/share/tiago_behavior_tree/cmake/rosidl_cmake_export_typesupport_targets-extras.cmake
[1.037s] -- Up-to-date: /home/ayaa/Agro2/install/tiago_behavior_tree/share/tiago_behavior_tree/cmake/rosidl_cmake_export_typesupport_libraries-extras.cmake
[1.037s] -- Up-to-date: /home/ayaa/Agro2/install/tiago_behavior_tree/share/tiago_behavior_tree/cmake/tiago_behavior_treeConfig.cmake
[1.037s] -- Up-to-date: /home/ayaa/Agro2/install/tiago_behavior_tree/share/tiago_behavior_tree/cmake/tiago_behavior_treeConfig-version.cmake
[1.037s] -- Up-to-date: /home/ayaa/Agro2/install/tiago_behavior_tree/share/tiago_behavior_tree/package.xml
[1.543s] Invoked command in '/home/ayaa/Agro2/build/tiago_behavior_tree' returned '0': CMAKE_PREFIX_PATH=${CMAKE_PREFIX_PATH}:/home/ayaa/Agro2/install/trials:/home/ayaa/Agro2/install/tiago_custom:/home/ayaa/Agro2/install/my_nav2_bringup:/home/ayaa/Agro2/install/fer_gazebo:/home/ayaa/Agro2/install/custom_worlds:/opt/ros/humble /usr/bin/cmake --install /home/ayaa/Agro2/build/tiago_behavior_tree
