[1.465s] Invoking command in '/home/ayaa/Agro2/build/tiago_behavior_tree': CMAKE_PREFIX_PATH=/home/ayaa/Agro2/install/ur5_moveit:/home/ayaa/Agro2/install/ur_description:/home/ayaa/Agro2/install/tiago_simulation:/home/ayaa/Agro2/install/tiago_robot:/home/ayaa/Agro2/install/tiago_gazebo:/home/ayaa/Agro2/install/tiago_bringup:/home/ayaa/Agro2/install/tiago_description:/home/ayaa/Agro2/install/tiago_cpp:/home/ayaa/Agro2/install/tiago_controller_configuration:/home/ayaa/Agro2/install/tiago_behavior_tree:/home/ayaa/Agro2/install/fer_moveit:/home/ayaa/Agro2/install/tiago_custom:/home/ayaa/Agro2/install/my_nav2_bringup:/home/ayaa/Agro2/install/fer_gazebo:/home/ayaa/Agro2/install/custom_worlds:/opt/ros/humble:/home/ayaa/Agro2/install/franka_description:/home/ayaa/Agro2/install/fer_cpp_moveit /usr/bin/cmake --build /home/ayaa/Agro2/build/tiago_behavior_tree -- -j8 -l8
[1.621s] [100%] Built target pick_action_node
[2.179s] Invoked command in '/home/ayaa/Agro2/build/tiago_behavior_tree' returned '0': CMAKE_PREFIX_PATH=/home/ayaa/Agro2/install/ur5_moveit:/home/ayaa/Agro2/install/ur_description:/home/ayaa/Agro2/install/tiago_simulation:/home/ayaa/Agro2/install/tiago_robot:/home/ayaa/Agro2/install/tiago_gazebo:/home/ayaa/Agro2/install/tiago_bringup:/home/ayaa/Agro2/install/tiago_description:/home/ayaa/Agro2/install/tiago_cpp:/home/ayaa/Agro2/install/tiago_controller_configuration:/home/ayaa/Agro2/install/tiago_behavior_tree:/home/ayaa/Agro2/install/fer_moveit:/home/ayaa/Agro2/install/tiago_custom:/home/ayaa/Agro2/install/my_nav2_bringup:/home/ayaa/Agro2/install/fer_gazebo:/home/ayaa/Agro2/install/custom_worlds:/opt/ros/humble:/home/ayaa/Agro2/install/franka_description:/home/ayaa/Agro2/install/fer_cpp_moveit /usr/bin/cmake --build /home/ayaa/Agro2/build/tiago_behavior_tree -- -j8 -l8
[2.181s] Invoking command in '/home/ayaa/Agro2/build/tiago_behavior_tree': CMAKE_PREFIX_PATH=/home/ayaa/Agro2/install/ur5_moveit:/home/ayaa/Agro2/install/ur_description:/home/ayaa/Agro2/install/tiago_simulation:/home/ayaa/Agro2/install/tiago_robot:/home/ayaa/Agro2/install/tiago_gazebo:/home/ayaa/Agro2/install/tiago_bringup:/home/ayaa/Agro2/install/tiago_description:/home/ayaa/Agro2/install/tiago_cpp:/home/ayaa/Agro2/install/tiago_controller_configuration:/home/ayaa/Agro2/install/tiago_behavior_tree:/home/ayaa/Agro2/install/fer_moveit:/home/ayaa/Agro2/install/tiago_custom:/home/ayaa/Agro2/install/my_nav2_bringup:/home/ayaa/Agro2/install/fer_gazebo:/home/ayaa/Agro2/install/custom_worlds:/opt/ros/humble:/home/ayaa/Agro2/install/franka_description:/home/ayaa/Agro2/install/fer_cpp_moveit /usr/bin/cmake --install /home/ayaa/Agro2/build/tiago_behavior_tree
[2.188s] -- Install configuration: ""
[2.188s] -- Up-to-date: /home/ayaa/Agro2/install/tiago_behavior_tree/share/tiago_behavior_tree/pick_plugin.xml
[2.188s] -- Up-to-date: /home/ayaa/Agro2/install/tiago_behavior_tree/lib/tiago_behavior_tree/libpick_action_node.so
[2.188s] -- Up-to-date: /home/ayaa/Agro2/install/tiago_behavior_tree/share/ament_index/resource_index/package_run_dependencies/tiago_behavior_tree
[2.189s] -- Up-to-date: /home/ayaa/Agro2/install/tiago_behavior_tree/share/ament_index/resource_index/parent_prefix_path/tiago_behavior_tree
[2.189s] -- Up-to-date: /home/ayaa/Agro2/install/tiago_behavior_tree/share/tiago_behavior_tree/environment/ament_prefix_path.sh
[2.189s] -- Up-to-date: /home/ayaa/Agro2/install/tiago_behavior_tree/share/tiago_behavior_tree/environment/ament_prefix_path.dsv
[2.189s] -- Up-to-date: /home/ayaa/Agro2/install/tiago_behavior_tree/share/tiago_behavior_tree/environment/path.sh
[2.189s] -- Up-to-date: /home/ayaa/Agro2/install/tiago_behavior_tree/share/tiago_behavior_tree/environment/path.dsv
[2.189s] -- Up-to-date: /home/ayaa/Agro2/install/tiago_behavior_tree/share/tiago_behavior_tree/local_setup.bash
[2.189s] -- Up-to-date: /home/ayaa/Agro2/install/tiago_behavior_tree/share/tiago_behavior_tree/local_setup.sh
[2.190s] -- Up-to-date: /home/ayaa/Agro2/install/tiago_behavior_tree/share/tiago_behavior_tree/local_setup.zsh
[2.190s] -- Up-to-date: /home/ayaa/Agro2/install/tiago_behavior_tree/share/tiago_behavior_tree/local_setup.dsv
[2.190s] -- Installing: /home/ayaa/Agro2/install/tiago_behavior_tree/share/tiago_behavior_tree/package.dsv
[2.191s] -- Up-to-date: /home/ayaa/Agro2/install/tiago_behavior_tree/share/ament_index/resource_index/packages/tiago_behavior_tree
[2.191s] -- Up-to-date: /home/ayaa/Agro2/install/tiago_behavior_tree/share/ament_index/resource_index/behaviortree_cpp_v3__pluginlib__plugin/tiago_behavior_tree
[2.191s] -- Up-to-date: /home/ayaa/Agro2/install/tiago_behavior_tree/share/tiago_behavior_tree/cmake/tiago_behavior_treeConfig.cmake
[2.191s] -- Up-to-date: /home/ayaa/Agro2/install/tiago_behavior_tree/share/tiago_behavior_tree/cmake/tiago_behavior_treeConfig-version.cmake
[2.192s] -- Up-to-date: /home/ayaa/Agro2/install/tiago_behavior_tree/share/tiago_behavior_tree/package.xml
[2.272s] Invoked command in '/home/ayaa/Agro2/build/tiago_behavior_tree' returned '0': CMAKE_PREFIX_PATH=/home/ayaa/Agro2/install/ur5_moveit:/home/ayaa/Agro2/install/ur_description:/home/ayaa/Agro2/install/tiago_simulation:/home/ayaa/Agro2/install/tiago_robot:/home/ayaa/Agro2/install/tiago_gazebo:/home/ayaa/Agro2/install/tiago_bringup:/home/ayaa/Agro2/install/tiago_description:/home/ayaa/Agro2/install/tiago_cpp:/home/ayaa/Agro2/install/tiago_controller_configuration:/home/ayaa/Agro2/install/tiago_behavior_tree:/home/ayaa/Agro2/install/fer_moveit:/home/ayaa/Agro2/install/tiago_custom:/home/ayaa/Agro2/install/my_nav2_bringup:/home/ayaa/Agro2/install/fer_gazebo:/home/ayaa/Agro2/install/custom_worlds:/opt/ros/humble:/home/ayaa/Agro2/install/franka_description:/home/ayaa/Agro2/install/fer_cpp_moveit /usr/bin/cmake --install /home/ayaa/Agro2/build/tiago_behavior_tree
