[3.966s] Invoking command in '/home/ayaa/Agro2/src/custom_worlds': PYTHONPATH=/home/ayaa/Agro2/build/custom_worlds/prefix_override:/usr/lib/python3/dist-packages/colcon_core/task/python/colcon_distutils_commands:/home/ayaa/Agro2/install/custom_worlds/lib/python3.10/site-packages:${PYTHONPATH} /usr/bin/python3 -W ignore:setup.py install is deprecated -W ignore:easy_install command is deprecated setup.py egg_info --egg-base ../../build/custom_worlds build --build-base /home/ayaa/Agro2/build/custom_worlds/build install --record /home/ayaa/Agro2/build/custom_worlds/install.log --single-version-externally-managed install_data
[4.829s] running egg_info
[4.870s] writing ../../build/custom_worlds/custom_worlds.egg-info/PKG-INFO
[4.871s] writing dependency_links to ../../build/custom_worlds/custom_worlds.egg-info/dependency_links.txt
[4.871s] writing requirements to ../../build/custom_worlds/custom_worlds.egg-info/requires.txt
[4.872s] writing top-level names to ../../build/custom_worlds/custom_worlds.egg-info/top_level.txt
[4.951s] reading manifest file '../../build/custom_worlds/custom_worlds.egg-info/SOURCES.txt'
[4.952s] adding license file 'LICENSE'
[4.953s] writing manifest file '../../build/custom_worlds/custom_worlds.egg-info/SOURCES.txt'
[4.954s] running build
[4.954s] running build_py
[4.954s] running install
[4.968s] running install_lib
[5.010s] running install_data
[5.010s] running install_egg_info
[5.068s] removing '/home/ayaa/Agro2/install/custom_worlds/lib/python3.10/site-packages/custom_worlds-0.0.0-py3.10.egg-info' (and everything under it)
[5.069s] Copying ../../build/custom_worlds/custom_worlds.egg-info to /home/ayaa/Agro2/install/custom_worlds/lib/python3.10/site-packages/custom_worlds-0.0.0-py3.10.egg-info
[5.070s] running install_scripts
[5.224s] writing list of installed files to '/home/ayaa/Agro2/build/custom_worlds/install.log'
[5.316s] Invoked command in '/home/ayaa/Agro2/src/custom_worlds' returned '0': PYTHONPATH=/home/ayaa/Agro2/build/custom_worlds/prefix_override:/usr/lib/python3/dist-packages/colcon_core/task/python/colcon_distutils_commands:/home/ayaa/Agro2/install/custom_worlds/lib/python3.10/site-packages:${PYTHONPATH} /usr/bin/python3 -W ignore:setup.py install is deprecated -W ignore:easy_install command is deprecated setup.py egg_info --egg-base ../../build/custom_worlds build --build-base /home/ayaa/Agro2/build/custom_worlds/build install --record /home/ayaa/Agro2/build/custom_worlds/install.log --single-version-externally-managed install_data
