[0.779s] Invoking command in '/home/ayaa/Agro2/src/custom_worlds': PYTHONPATH=/home/ayaa/Agro2/build/custom_worlds/prefix_override:/usr/lib/python3/dist-packages/colcon_core/task/python/colcon_distutils_commands:/home/ayaa/Agro2/install/custom_worlds/lib/python3.8/site-packages:${PYTHONPATH} /usr/bin/python3 -W ignore:setup.py install is deprecated -W ignore:easy_install command is deprecated setup.py egg_info --egg-base ../../build/custom_worlds build --build-base /home/ayaa/Agro2/build/custom_worlds/build install --record /home/ayaa/Agro2/build/custom_worlds/install.log --install-scripts $base/lib/custom_worlds --single-version-externally-managed install_data
[1.020s] running egg_info
[1.021s] writing ../../build/custom_worlds/custom_worlds.egg-info/PKG-INFO
[1.021s] writing dependency_links to ../../build/custom_worlds/custom_worlds.egg-info/dependency_links.txt
[1.022s] writing entry points to ../../build/custom_worlds/custom_worlds.egg-info/entry_points.txt
[1.022s] writing requirements to ../../build/custom_worlds/custom_worlds.egg-info/requires.txt
[1.022s] writing top-level names to ../../build/custom_worlds/custom_worlds.egg-info/top_level.txt
[1.058s] reading manifest file '../../build/custom_worlds/custom_worlds.egg-info/SOURCES.txt'
[1.060s] writing manifest file '../../build/custom_worlds/custom_worlds.egg-info/SOURCES.txt'
[1.060s] running build
[1.060s] running build_py
[1.060s] running install
[1.061s] running install_lib
[1.063s] running install_data
[1.063s] copying launch/map_server.launch.py -> /home/ayaa/Agro2/install/custom_worlds/share/custom_worlds/launch
[1.064s] running install_egg_info
[1.066s] removing '/home/ayaa/Agro2/install/custom_worlds/lib/python3.8/site-packages/custom_worlds-0.0.0-py3.8.egg-info' (and everything under it)
[1.066s] Copying ../../build/custom_worlds/custom_worlds.egg-info to /home/ayaa/Agro2/install/custom_worlds/lib/python3.8/site-packages/custom_worlds-0.0.0-py3.8.egg-info
[1.068s] running install_scripts
[1.084s] writing list of installed files to '/home/ayaa/Agro2/build/custom_worlds/install.log'
[1.109s] Invoked command in '/home/ayaa/Agro2/src/custom_worlds' returned '0': PYTHONPATH=/home/ayaa/Agro2/build/custom_worlds/prefix_override:/usr/lib/python3/dist-packages/colcon_core/task/python/colcon_distutils_commands:/home/ayaa/Agro2/install/custom_worlds/lib/python3.8/site-packages:${PYTHONPATH} /usr/bin/python3 -W ignore:setup.py install is deprecated -W ignore:easy_install command is deprecated setup.py egg_info --egg-base ../../build/custom_worlds build --build-base /home/ayaa/Agro2/build/custom_worlds/build install --record /home/ayaa/Agro2/build/custom_worlds/install.log --install-scripts $base/lib/custom_worlds --single-version-externally-managed install_data
