[0.048s] Invoking command in '/home/ayaa/Agro2/build/service_define': CMAKE_PREFIX_PATH=${CMAKE_PREFIX_PATH}:/home/ayaa/Agro2/install/trials:/home/ayaa/Agro2/install/tiago_custom:/home/ayaa/Agro2/install/my_nav2_bringup:/home/ayaa/Agro2/install/fer_gazebo:/home/ayaa/Agro2/install/custom_worlds:/opt/ros/humble /usr/bin/cmake --build /home/ayaa/Agro2/build/service_define -- -j8 -l8
[1.419s] [  9%] Built target service_define__rosidl_generator_c
[1.419s] [ 12%] Built target service_define__cpp
[1.420s] [ 12%] Built target ament_cmake_python_copy_service_define
[1.421s] [ 22%] Built target service_define__rosidl_typesupport_c
[1.421s] [ 32%] Built target service_define__rosidl_typesupport_fastrtps_c
[1.422s] [ 41%] Built target service_define__rosidl_typesupport_introspection_c
[1.422s] [ 51%] Built target service_define__rosidl_typesupport_cpp
[1.423s] [ 61%] Built target service_define__rosidl_typesupport_fastrtps_cpp
[1.423s] [ 70%] Built target service_define__rosidl_typesupport_introspection_cpp
[1.423s] [ 70%] Built target service_define
[1.423s] [ 74%] Built target service_define__py
[1.423s] [ 80%] Built target service_define__rosidl_generator_py
[1.423s] [ 87%] Built target service_define__rosidl_typesupport_c__pyext
[1.423s] [ 93%] Built target service_define__rosidl_typesupport_introspection_c__pyext
[1.424s] [100%] Built target service_define__rosidl_typesupport_fastrtps_c__pyext
[1.424s] running egg_info
[1.424s] writing service_define.egg-info/PKG-INFO
[1.424s] writing dependency_links to service_define.egg-info/dependency_links.txt
[1.424s] writing top-level names to service_define.egg-info/top_level.txt
[1.424s] reading manifest file 'service_define.egg-info/SOURCES.txt'
[1.424s] writing manifest file 'service_define.egg-info/SOURCES.txt'
[1.424s] [100%] Built target ament_cmake_python_build_service_define_egg
[1.435s] Invoked command in '/home/ayaa/Agro2/build/service_define' returned '0': CMAKE_PREFIX_PATH=${CMAKE_PREFIX_PATH}:/home/ayaa/Agro2/install/trials:/home/ayaa/Agro2/install/tiago_custom:/home/ayaa/Agro2/install/my_nav2_bringup:/home/ayaa/Agro2/install/fer_gazebo:/home/ayaa/Agro2/install/custom_worlds:/opt/ros/humble /usr/bin/cmake --build /home/ayaa/Agro2/build/service_define -- -j8 -l8
[1.436s] Invoking command in '/home/ayaa/Agro2/build/service_define': CMAKE_PREFIX_PATH=${CMAKE_PREFIX_PATH}:/home/ayaa/Agro2/install/trials:/home/ayaa/Agro2/install/tiago_custom:/home/ayaa/Agro2/install/my_nav2_bringup:/home/ayaa/Agro2/install/fer_gazebo:/home/ayaa/Agro2/install/custom_worlds:/opt/ros/humble /usr/bin/cmake --install /home/ayaa/Agro2/build/service_define
[1.452s] -- Install configuration: ""
[1.453s] -- Up-to-date: /home/ayaa/Agro2/install/service_define/share/ament_index/resource_index/rosidl_interfaces/service_define
[1.453s] -- Up-to-date: /home/ayaa/Agro2/install/service_define/include/service_define/service_define
[1.455s] -- Up-to-date: /home/ayaa/Agro2/install/service_define/include/service_define/service_define/srv
[1.456s] -- Up-to-date: /home/ayaa/Agro2/install/service_define/include/service_define/service_define/srv/detail
[1.456s] -- Up-to-date: /home/ayaa/Agro2/install/service_define/include/service_define/service_define/srv/detail/add_two_ints__functions.h
[1.457s] -- Up-to-date: /home/ayaa/Agro2/install/service_define/include/service_define/service_define/srv/detail/add_two_ints__functions.c
[1.458s] -- Up-to-date: /home/ayaa/Agro2/install/service_define/include/service_define/service_define/srv/detail/add_two_ints__type_support.h
[1.459s] -- Up-to-date: /home/ayaa/Agro2/install/service_define/include/service_define/service_define/srv/detail/add_two_ints__struct.h
[1.459s] -- Up-to-date: /home/ayaa/Agro2/install/service_define/include/service_define/service_define/srv/add_two_ints.h
[1.460s] -- Up-to-date: /home/ayaa/Agro2/install/service_define/include/service_define/service_define/msg
[1.460s] -- Up-to-date: /home/ayaa/Agro2/install/service_define/include/service_define/service_define/msg/rosidl_generator_c__visibility_control.h
[1.460s] -- Up-to-date: /home/ayaa/Agro2/install/service_define/share/service_define/environment/library_path.sh
[1.461s] -- Up-to-date: /home/ayaa/Agro2/install/service_define/share/service_define/environment/library_path.dsv
[1.461s] -- Up-to-date: /home/ayaa/Agro2/install/service_define/lib/libservice_define__rosidl_generator_c.so
[1.461s] -- Up-to-date: /home/ayaa/Agro2/install/service_define/include/service_define/service_define
[1.462s] -- Up-to-date: /home/ayaa/Agro2/install/service_define/include/service_define/service_define/srv
[1.462s] -- Up-to-date: /home/ayaa/Agro2/install/service_define/include/service_define/service_define/srv/detail
[1.462s] -- Up-to-date: /home/ayaa/Agro2/install/service_define/include/service_define/service_define/srv/detail/add_two_ints__rosidl_typesupport_fastrtps_c.h
[1.463s] -- Up-to-date: /home/ayaa/Agro2/install/service_define/include/service_define/service_define/msg
[1.463s] -- Up-to-date: /home/ayaa/Agro2/install/service_define/include/service_define/service_define/msg/rosidl_typesupport_fastrtps_c__visibility_control.h
[1.463s] -- Up-to-date: /home/ayaa/Agro2/install/service_define/lib/libservice_define__rosidl_typesupport_fastrtps_c.so
[1.464s] -- Up-to-date: /home/ayaa/Agro2/install/service_define/include/service_define/service_define
[1.464s] -- Up-to-date: /home/ayaa/Agro2/install/service_define/include/service_define/service_define/srv
[1.464s] -- Up-to-date: /home/ayaa/Agro2/install/service_define/include/service_define/service_define/srv/detail
[1.465s] -- Up-to-date: /home/ayaa/Agro2/install/service_define/include/service_define/service_define/srv/detail/add_two_ints__builder.hpp
[1.465s] -- Up-to-date: /home/ayaa/Agro2/install/service_define/include/service_define/service_define/srv/detail/add_two_ints__struct.hpp
[1.465s] -- Up-to-date: /home/ayaa/Agro2/install/service_define/include/service_define/service_define/srv/detail/add_two_ints__type_support.hpp
[1.465s] -- Up-to-date: /home/ayaa/Agro2/install/service_define/include/service_define/service_define/srv/detail/add_two_ints__traits.hpp
[1.465s] -- Up-to-date: /home/ayaa/Agro2/install/service_define/include/service_define/service_define/srv/add_two_ints.hpp
[1.465s] -- Up-to-date: /home/ayaa/Agro2/install/service_define/include/service_define/service_define/msg
[1.466s] -- Up-to-date: /home/ayaa/Agro2/install/service_define/include/service_define/service_define/msg/rosidl_generator_cpp__visibility_control.hpp
[1.466s] -- Up-to-date: /home/ayaa/Agro2/install/service_define/include/service_define/service_define
[1.466s] -- Up-to-date: /home/ayaa/Agro2/install/service_define/include/service_define/service_define/srv
[1.466s] -- Up-to-date: /home/ayaa/Agro2/install/service_define/include/service_define/service_define/srv/detail
[1.466s] -- Up-to-date: /home/ayaa/Agro2/install/service_define/include/service_define/service_define/srv/detail/dds_fastrtps
[1.466s] -- Up-to-date: /home/ayaa/Agro2/install/service_define/include/service_define/service_define/srv/detail/add_two_ints__rosidl_typesupport_fastrtps_cpp.hpp
[1.466s] -- Up-to-date: /home/ayaa/Agro2/install/service_define/include/service_define/service_define/msg
[1.478s] -- Up-to-date: /home/ayaa/Agro2/install/service_define/include/service_define/service_define/msg/rosidl_typesupport_fastrtps_cpp__visibility_control.h
[1.493s] -- Up-to-date: /home/ayaa/Agro2/install/service_define/lib/libservice_define__rosidl_typesupport_fastrtps_cpp.so
[1.502s] -- Up-to-date: /home/ayaa/Agro2/install/service_define/include/service_define/service_define
[1.502s] -- Up-to-date: /home/ayaa/Agro2/install/service_define/include/service_define/service_define/srv
[1.503s] -- Up-to-date: /home/ayaa/Agro2/install/service_define/include/service_define/service_define/srv/detail
[1.503s] -- Up-to-date: /home/ayaa/Agro2/install/service_define/include/service_define/service_define/srv/detail/add_two_ints__rosidl_typesupport_introspection_c.h
[1.503s] -- Up-to-date: /home/ayaa/Agro2/install/service_define/include/service_define/service_define/srv/detail/add_two_ints__type_support.c
[1.503s] -- Up-to-date: /home/ayaa/Agro2/install/service_define/include/service_define/service_define/msg
[1.503s] -- Up-to-date: /home/ayaa/Agro2/install/service_define/include/service_define/service_define/msg/rosidl_typesupport_introspection_c__visibility_control.h
[1.503s] -- Up-to-date: /home/ayaa/Agro2/install/service_define/lib/libservice_define__rosidl_typesupport_introspection_c.so
[1.503s] -- Up-to-date: /home/ayaa/Agro2/install/service_define/lib/libservice_define__rosidl_typesupport_c.so
[1.503s] -- Up-to-date: /home/ayaa/Agro2/install/service_define/include/service_define/service_define
[1.507s] -- Up-to-date: /home/ayaa/Agro2/install/service_define/include/service_define/service_define/srv
[1.507s] -- Up-to-date: /home/ayaa/Agro2/install/service_define/include/service_define/service_define/srv/detail
[1.507s] -- Up-to-date: /home/ayaa/Agro2/install/service_define/include/service_define/service_define/srv/detail/add_two_ints__rosidl_typesupport_introspection_cpp.hpp
[1.507s] -- Up-to-date: /home/ayaa/Agro2/install/service_define/include/service_define/service_define/srv/detail/add_two_ints__type_support.cpp
[1.508s] -- Up-to-date: /home/ayaa/Agro2/install/service_define/lib/libservice_define__rosidl_typesupport_introspection_cpp.so
[1.512s] -- Up-to-date: /home/ayaa/Agro2/install/service_define/lib/libservice_define__rosidl_typesupport_cpp.so
[1.512s] -- Up-to-date: /home/ayaa/Agro2/install/service_define/share/service_define/environment/pythonpath.sh
[1.512s] -- Up-to-date: /home/ayaa/Agro2/install/service_define/share/service_define/environment/pythonpath.dsv
[1.513s] -- Up-to-date: /home/ayaa/Agro2/install/service_define/local/lib/python3.10/dist-packages/service_define-0.0.0-py3.10.egg-info
[1.514s] -- Installing: /home/ayaa/Agro2/install/service_define/local/lib/python3.10/dist-packages/service_define-0.0.0-py3.10.egg-info/PKG-INFO
[1.514s] -- Installing: /home/ayaa/Agro2/install/service_define/local/lib/python3.10/dist-packages/service_define-0.0.0-py3.10.egg-info/dependency_links.txt
[1.514s] -- Installing: /home/ayaa/Agro2/install/service_define/local/lib/python3.10/dist-packages/service_define-0.0.0-py3.10.egg-info/SOURCES.txt
[1.515s] -- Installing: /home/ayaa/Agro2/install/service_define/local/lib/python3.10/dist-packages/service_define-0.0.0-py3.10.egg-info/top_level.txt
[1.515s] -- Up-to-date: /home/ayaa/Agro2/install/service_define/local/lib/python3.10/dist-packages/service_define
[1.515s] -- Up-to-date: /home/ayaa/Agro2/install/service_define/local/lib/python3.10/dist-packages/service_define/__init__.py
[1.515s] -- Up-to-date: /home/ayaa/Agro2/install/service_define/local/lib/python3.10/dist-packages/service_define/srv
[1.516s] -- Up-to-date: /home/ayaa/Agro2/install/service_define/local/lib/python3.10/dist-packages/service_define/srv/__init__.py
[1.521s] -- Up-to-date: /home/ayaa/Agro2/install/service_define/local/lib/python3.10/dist-packages/service_define/srv/_add_two_ints.py
[1.521s] -- Up-to-date: /home/ayaa/Agro2/install/service_define/local/lib/python3.10/dist-packages/service_define/srv/_add_two_ints_s.c
[1.521s] -- Up-to-date: /home/ayaa/Agro2/install/service_define/local/lib/python3.10/dist-packages/service_define/service_define_s__rosidl_typesupport_introspection_c.cpython-310-x86_64-linux-gnu.so
[1.521s] -- Up-to-date: /home/ayaa/Agro2/install/service_define/local/lib/python3.10/dist-packages/service_define/_service_define_s.ep.rosidl_typesupport_c.c
[1.521s] -- Up-to-date: /home/ayaa/Agro2/install/service_define/local/lib/python3.10/dist-packages/service_define/_service_define_s.ep.rosidl_typesupport_fastrtps_c.c
[1.521s] -- Up-to-date: /home/ayaa/Agro2/install/service_define/local/lib/python3.10/dist-packages/service_define/service_define_s__rosidl_typesupport_c.cpython-310-x86_64-linux-gnu.so
[1.521s] -- Up-to-date: /home/ayaa/Agro2/install/service_define/local/lib/python3.10/dist-packages/service_define/service_define_s__rosidl_typesupport_fastrtps_c.cpython-310-x86_64-linux-gnu.so
[1.523s] -- Up-to-date: /home/ayaa/Agro2/install/service_define/local/lib/python3.10/dist-packages/service_define/_service_define_s.ep.rosidl_typesupport_introspection_c.c
[1.524s] -- Up-to-date: /home/ayaa/Agro2/install/service_define/local/lib/python3.10/dist-packages/service_define/libservice_define__rosidl_generator_py.so
[1.536s] Listing '/home/ayaa/Agro2/install/service_define/local/lib/python3.10/dist-packages/service_define'...
[1.537s] Listing '/home/ayaa/Agro2/install/service_define/local/lib/python3.10/dist-packages/service_define/srv'...
[1.537s] -- Up-to-date: /home/ayaa/Agro2/install/service_define/local/lib/python3.10/dist-packages/service_define/service_define_s__rosidl_typesupport_fastrtps_c.cpython-310-x86_64-linux-gnu.so
[1.537s] -- Up-to-date: /home/ayaa/Agro2/install/service_define/local/lib/python3.10/dist-packages/service_define/service_define_s__rosidl_typesupport_introspection_c.cpython-310-x86_64-linux-gnu.so
[1.537s] -- Up-to-date: /home/ayaa/Agro2/install/service_define/local/lib/python3.10/dist-packages/service_define/service_define_s__rosidl_typesupport_c.cpython-310-x86_64-linux-gnu.so
[1.538s] -- Up-to-date: /home/ayaa/Agro2/install/service_define/lib/libservice_define__rosidl_generator_py.so
[1.538s] -- Up-to-date: /home/ayaa/Agro2/install/service_define/share/service_define/srv/AddTwoInts.idl
[1.538s] -- Up-to-date: /home/ayaa/Agro2/install/service_define/share/service_define/srv/AddTwoInts.srv
[1.538s] -- Up-to-date: /home/ayaa/Agro2/install/service_define/share/service_define/srv/AddTwoInts_Request.msg
[1.539s] -- Up-to-date: /home/ayaa/Agro2/install/service_define/share/service_define/srv/AddTwoInts_Response.msg
[1.539s] -- Up-to-date: /home/ayaa/Agro2/install/service_define/share/ament_index/resource_index/package_run_dependencies/service_define
[1.541s] -- Up-to-date: /home/ayaa/Agro2/install/service_define/share/ament_index/resource_index/parent_prefix_path/service_define
[1.541s] -- Up-to-date: /home/ayaa/Agro2/install/service_define/share/service_define/environment/ament_prefix_path.sh
[1.542s] -- Up-to-date: /home/ayaa/Agro2/install/service_define/share/service_define/environment/ament_prefix_path.dsv
[1.542s] -- Up-to-date: /home/ayaa/Agro2/install/service_define/share/service_define/environment/path.sh
[1.542s] -- Up-to-date: /home/ayaa/Agro2/install/service_define/share/service_define/environment/path.dsv
[1.542s] -- Up-to-date: /home/ayaa/Agro2/install/service_define/share/service_define/local_setup.bash
[1.542s] -- Up-to-date: /home/ayaa/Agro2/install/service_define/share/service_define/local_setup.sh
[1.543s] -- Up-to-date: /home/ayaa/Agro2/install/service_define/share/service_define/local_setup.zsh
[1.543s] -- Up-to-date: /home/ayaa/Agro2/install/service_define/share/service_define/local_setup.dsv
[1.544s] -- Installing: /home/ayaa/Agro2/install/service_define/share/service_define/package.dsv
[1.544s] -- Up-to-date: /home/ayaa/Agro2/install/service_define/share/ament_index/resource_index/packages/service_define
[1.545s] -- Up-to-date: /home/ayaa/Agro2/install/service_define/share/service_define/cmake/export_service_define__rosidl_generator_cExport.cmake
[1.545s] -- Up-to-date: /home/ayaa/Agro2/install/service_define/share/service_define/cmake/export_service_define__rosidl_generator_cExport-noconfig.cmake
[1.545s] -- Up-to-date: /home/ayaa/Agro2/install/service_define/share/service_define/cmake/export_service_define__rosidl_typesupport_fastrtps_cExport.cmake
[1.545s] -- Up-to-date: /home/ayaa/Agro2/install/service_define/share/service_define/cmake/export_service_define__rosidl_typesupport_fastrtps_cExport-noconfig.cmake
[1.545s] -- Up-to-date: /home/ayaa/Agro2/install/service_define/share/service_define/cmake/export_service_define__rosidl_generator_cppExport.cmake
[1.546s] -- Up-to-date: /home/ayaa/Agro2/install/service_define/share/service_define/cmake/export_service_define__rosidl_typesupport_fastrtps_cppExport.cmake
[1.546s] -- Up-to-date: /home/ayaa/Agro2/install/service_define/share/service_define/cmake/export_service_define__rosidl_typesupport_fastrtps_cppExport-noconfig.cmake
[1.546s] -- Up-to-date: /home/ayaa/Agro2/install/service_define/share/service_define/cmake/service_define__rosidl_typesupport_introspection_cExport.cmake
[1.546s] -- Up-to-date: /home/ayaa/Agro2/install/service_define/share/service_define/cmake/service_define__rosidl_typesupport_introspection_cExport-noconfig.cmake
[1.546s] -- Up-to-date: /home/ayaa/Agro2/install/service_define/share/service_define/cmake/service_define__rosidl_typesupport_cExport.cmake
[1.547s] -- Up-to-date: /home/ayaa/Agro2/install/service_define/share/service_define/cmake/service_define__rosidl_typesupport_cExport-noconfig.cmake
[1.547s] -- Up-to-date: /home/ayaa/Agro2/install/service_define/share/service_define/cmake/service_define__rosidl_typesupport_introspection_cppExport.cmake
[1.547s] -- Up-to-date: /home/ayaa/Agro2/install/service_define/share/service_define/cmake/service_define__rosidl_typesupport_introspection_cppExport-noconfig.cmake
[1.547s] -- Up-to-date: /home/ayaa/Agro2/install/service_define/share/service_define/cmake/service_define__rosidl_typesupport_cppExport.cmake
[1.547s] -- Up-to-date: /home/ayaa/Agro2/install/service_define/share/service_define/cmake/service_define__rosidl_typesupport_cppExport-noconfig.cmake
[1.548s] -- Up-to-date: /home/ayaa/Agro2/install/service_define/share/service_define/cmake/export_service_define__rosidl_generator_pyExport.cmake
[1.548s] -- Up-to-date: /home/ayaa/Agro2/install/service_define/share/service_define/cmake/export_service_define__rosidl_generator_pyExport-noconfig.cmake
[1.548s] -- Up-to-date: /home/ayaa/Agro2/install/service_define/share/service_define/cmake/rosidl_cmake-extras.cmake
[1.548s] -- Up-to-date: /home/ayaa/Agro2/install/service_define/share/service_define/cmake/ament_cmake_export_dependencies-extras.cmake
[1.548s] -- Up-to-date: /home/ayaa/Agro2/install/service_define/share/service_define/cmake/ament_cmake_export_include_directories-extras.cmake
[1.549s] -- Up-to-date: /home/ayaa/Agro2/install/service_define/share/service_define/cmake/ament_cmake_export_libraries-extras.cmake
[1.549s] -- Up-to-date: /home/ayaa/Agro2/install/service_define/share/service_define/cmake/ament_cmake_export_targets-extras.cmake
[1.549s] -- Up-to-date: /home/ayaa/Agro2/install/service_define/share/service_define/cmake/rosidl_cmake_export_typesupport_targets-extras.cmake
[1.549s] -- Up-to-date: /home/ayaa/Agro2/install/service_define/share/service_define/cmake/rosidl_cmake_export_typesupport_libraries-extras.cmake
[1.549s] -- Up-to-date: /home/ayaa/Agro2/install/service_define/share/service_define/cmake/service_defineConfig.cmake
[1.549s] -- Up-to-date: /home/ayaa/Agro2/install/service_define/share/service_define/cmake/service_defineConfig-version.cmake
[1.550s] -- Up-to-date: /home/ayaa/Agro2/install/service_define/share/service_define/package.xml
[1.583s] Invoked command in '/home/ayaa/Agro2/build/service_define' returned '0': CMAKE_PREFIX_PATH=${CMAKE_PREFIX_PATH}:/home/ayaa/Agro2/install/trials:/home/ayaa/Agro2/install/tiago_custom:/home/ayaa/Agro2/install/my_nav2_bringup:/home/ayaa/Agro2/install/fer_gazebo:/home/ayaa/Agro2/install/custom_worlds:/opt/ros/humble /usr/bin/cmake --install /home/ayaa/Agro2/build/service_define
