[5.245s] Invoking command in '/home/ayaa/Agro2/build/tiago_cpp': CMAKE_PREFIX_PATH=/home/ayaa/Agro2/install/ur5_moveit:/home/ayaa/Agro2/install/ur_description:/home/ayaa/Agro2/install/tiago_simulation:/home/ayaa/Agro2/install/tiago_robot:/home/ayaa/Agro2/install/tiago_gazebo:/home/ayaa/Agro2/install/tiago_bringup:/home/ayaa/Agro2/install/tiago_description:/home/ayaa/Agro2/install/tiago_cpp:/home/ayaa/Agro2/install/tiago_controller_configuration:/home/ayaa/Agro2/install/tiago_behavior_tree:/home/ayaa/Agro2/install/fer_moveit:/home/ayaa/Agro2/install/tiago_custom:/home/ayaa/Agro2/install/my_nav2_bringup:/home/ayaa/Agro2/install/fer_gazebo:/home/ayaa/Agro2/install/custom_worlds:/opt/ros/humble:/home/ayaa/Agro2/install/franka_description:/home/ayaa/Agro2/install/fer_cpp_moveit /usr/bin/cmake --build /home/ayaa/Agro2/build/tiago_cpp -- -j8 -l8
[5.487s] [100%] Built target pick_place_tiago
[7.134s] Invoked command in '/home/ayaa/Agro2/build/tiago_cpp' returned '0': CMAKE_PREFIX_PATH=/home/ayaa/Agro2/install/ur5_moveit:/home/ayaa/Agro2/install/ur_description:/home/ayaa/Agro2/install/tiago_simulation:/home/ayaa/Agro2/install/tiago_robot:/home/ayaa/Agro2/install/tiago_gazebo:/home/ayaa/Agro2/install/tiago_bringup:/home/ayaa/Agro2/install/tiago_description:/home/ayaa/Agro2/install/tiago_cpp:/home/ayaa/Agro2/install/tiago_controller_configuration:/home/ayaa/Agro2/install/tiago_behavior_tree:/home/ayaa/Agro2/install/fer_moveit:/home/ayaa/Agro2/install/tiago_custom:/home/ayaa/Agro2/install/my_nav2_bringup:/home/ayaa/Agro2/install/fer_gazebo:/home/ayaa/Agro2/install/custom_worlds:/opt/ros/humble:/home/ayaa/Agro2/install/franka_description:/home/ayaa/Agro2/install/fer_cpp_moveit /usr/bin/cmake --build /home/ayaa/Agro2/build/tiago_cpp -- -j8 -l8
[7.192s] Invoking command in '/home/ayaa/Agro2/build/tiago_cpp': CMAKE_PREFIX_PATH=/home/ayaa/Agro2/install/ur5_moveit:/home/ayaa/Agro2/install/ur_description:/home/ayaa/Agro2/install/tiago_simulation:/home/ayaa/Agro2/install/tiago_robot:/home/ayaa/Agro2/install/tiago_gazebo:/home/ayaa/Agro2/install/tiago_bringup:/home/ayaa/Agro2/install/tiago_description:/home/ayaa/Agro2/install/tiago_cpp:/home/ayaa/Agro2/install/tiago_controller_configuration:/home/ayaa/Agro2/install/tiago_behavior_tree:/home/ayaa/Agro2/install/fer_moveit:/home/ayaa/Agro2/install/tiago_custom:/home/ayaa/Agro2/install/my_nav2_bringup:/home/ayaa/Agro2/install/fer_gazebo:/home/ayaa/Agro2/install/custom_worlds:/opt/ros/humble:/home/ayaa/Agro2/install/franka_description:/home/ayaa/Agro2/install/fer_cpp_moveit /usr/bin/cmake --install /home/ayaa/Agro2/build/tiago_cpp
[7.243s] -- Install configuration: ""
[7.243s] -- Up-to-date: /home/ayaa/Agro2/install/tiago_cpp/lib/tiago_cpp/pick_place_tiago
[7.244s] -- Up-to-date: /home/ayaa/Agro2/install/tiago_cpp/share/ament_index/resource_index/package_run_dependencies/tiago_cpp
[7.245s] -- Up-to-date: /home/ayaa/Agro2/install/tiago_cpp/share/ament_index/resource_index/parent_prefix_path/tiago_cpp
[7.246s] -- Up-to-date: /home/ayaa/Agro2/install/tiago_cpp/share/tiago_cpp/environment/ament_prefix_path.sh
[7.246s] -- Up-to-date: /home/ayaa/Agro2/install/tiago_cpp/share/tiago_cpp/environment/ament_prefix_path.dsv
[7.247s] -- Up-to-date: /home/ayaa/Agro2/install/tiago_cpp/share/tiago_cpp/environment/path.sh
[7.249s] -- Up-to-date: /home/ayaa/Agro2/install/tiago_cpp/share/tiago_cpp/environment/path.dsv
[7.250s] -- Up-to-date: /home/ayaa/Agro2/install/tiago_cpp/share/tiago_cpp/local_setup.bash
[7.251s] -- Up-to-date: /home/ayaa/Agro2/install/tiago_cpp/share/tiago_cpp/local_setup.sh
[7.252s] -- Up-to-date: /home/ayaa/Agro2/install/tiago_cpp/share/tiago_cpp/local_setup.zsh
[7.254s] -- Up-to-date: /home/ayaa/Agro2/install/tiago_cpp/share/tiago_cpp/local_setup.dsv
[7.254s] -- Installing: /home/ayaa/Agro2/install/tiago_cpp/share/tiago_cpp/package.dsv
[7.255s] -- Up-to-date: /home/ayaa/Agro2/install/tiago_cpp/share/ament_index/resource_index/packages/tiago_cpp
[7.256s] -- Up-to-date: /home/ayaa/Agro2/install/tiago_cpp/share/tiago_cpp/cmake/tiago_cppConfig.cmake
[7.257s] -- Up-to-date: /home/ayaa/Agro2/install/tiago_cpp/share/tiago_cpp/cmake/tiago_cppConfig-version.cmake
[7.258s] -- Up-to-date: /home/ayaa/Agro2/install/tiago_cpp/share/tiago_cpp/package.xml
[7.416s] Invoked command in '/home/ayaa/Agro2/build/tiago_cpp' returned '0': CMAKE_PREFIX_PATH=/home/ayaa/Agro2/install/ur5_moveit:/home/ayaa/Agro2/install/ur_description:/home/ayaa/Agro2/install/tiago_simulation:/home/ayaa/Agro2/install/tiago_robot:/home/ayaa/Agro2/install/tiago_gazebo:/home/ayaa/Agro2/install/tiago_bringup:/home/ayaa/Agro2/install/tiago_description:/home/ayaa/Agro2/install/tiago_cpp:/home/ayaa/Agro2/install/tiago_controller_configuration:/home/ayaa/Agro2/install/tiago_behavior_tree:/home/ayaa/Agro2/install/fer_moveit:/home/ayaa/Agro2/install/tiago_custom:/home/ayaa/Agro2/install/my_nav2_bringup:/home/ayaa/Agro2/install/fer_gazebo:/home/ayaa/Agro2/install/custom_worlds:/opt/ros/humble:/home/ayaa/Agro2/install/franka_description:/home/ayaa/Agro2/install/fer_cpp_moveit /usr/bin/cmake --install /home/ayaa/Agro2/build/tiago_cpp
