[10.790s] Invoking command in '/home/ayaa/Agro2/src/custom_worlds': PYTHONPATH=/home/ayaa/Agro2/build/custom_worlds/prefix_override:/usr/lib/python3/dist-packages/colcon_core/task/python/colcon_distutils_commands:/home/ayaa/Agro2/install/custom_worlds/lib/python3.10/site-packages:${PYTHONPATH} /usr/bin/python3 -W ignore:setup.py install is deprecated -W ignore:easy_install command is deprecated setup.py egg_info --egg-base ../../build/custom_worlds build --build-base /home/ayaa/Agro2/build/custom_worlds/build install --record /home/ayaa/Agro2/build/custom_worlds/install.log --single-version-externally-managed install_data
[12.753s] running egg_info
[12.835s] writing ../../build/custom_worlds/custom_worlds.egg-info/PKG-INFO
[12.835s] writing dependency_links to ../../build/custom_worlds/custom_worlds.egg-info/dependency_links.txt
[12.837s] writing requirements to ../../build/custom_worlds/custom_worlds.egg-info/requires.txt
[12.837s] writing top-level names to ../../build/custom_worlds/custom_worlds.egg-info/top_level.txt
[13.041s] reading manifest file '../../build/custom_worlds/custom_worlds.egg-info/SOURCES.txt'
[13.042s] adding license file 'LICENSE'
[13.046s] writing manifest file '../../build/custom_worlds/custom_worlds.egg-info/SOURCES.txt'
[13.046s] running build
[13.047s] running build_py
[13.048s] running install
[13.076s] running install_lib
[13.164s] running install_data
[13.166s] running install_egg_info
[13.252s] removing '/home/ayaa/Agro2/install/custom_worlds/lib/python3.10/site-packages/custom_worlds-0.0.0-py3.10.egg-info' (and everything under it)
[13.253s] Copying ../../build/custom_worlds/custom_worlds.egg-info to /home/ayaa/Agro2/install/custom_worlds/lib/python3.10/site-packages/custom_worlds-0.0.0-py3.10.egg-info
[13.257s] running install_scripts
[13.579s] writing list of installed files to '/home/ayaa/Agro2/build/custom_worlds/install.log'
[13.772s] Invoked command in '/home/ayaa/Agro2/src/custom_worlds' returned '0': PYTHONPATH=/home/ayaa/Agro2/build/custom_worlds/prefix_override:/usr/lib/python3/dist-packages/colcon_core/task/python/colcon_distutils_commands:/home/ayaa/Agro2/install/custom_worlds/lib/python3.10/site-packages:${PYTHONPATH} /usr/bin/python3 -W ignore:setup.py install is deprecated -W ignore:easy_install command is deprecated setup.py egg_info --egg-base ../../build/custom_worlds build --build-base /home/ayaa/Agro2/build/custom_worlds/build install --record /home/ayaa/Agro2/build/custom_worlds/install.log --single-version-externally-managed install_data
