running develop
Removing /home/ayaa/Agro2/install/custom_worlds/lib/python3.8/site-packages/custom-worlds.egg-link (link to .)
running egg_info
writing ../../build/custom_worlds/custom_worlds.egg-info/PKG-INFO
writing dependency_links to ../../build/custom_worlds/custom_worlds.egg-info/dependency_links.txt
writing entry points to ../../build/custom_worlds/custom_worlds.egg-info/entry_points.txt
writing requirements to ../../build/custom_worlds/custom_worlds.egg-info/requires.txt
writing top-level names to ../../build/custom_worlds/custom_worlds.egg-info/top_level.txt
reading manifest file '../../build/custom_worlds/custom_worlds.egg-info/SOURCES.txt'
writing manifest file '../../build/custom_worlds/custom_worlds.egg-info/SOURCES.txt'
running build
running build_py
creating /home/ayaa/Agro2/build/custom_worlds/build
creating /home/ayaa/Agro2/build/custom_worlds/build/lib
creating /home/ayaa/Agro2/build/custom_worlds/build/lib/custom_worlds
copying custom_worlds/__init__.py -> /home/ayaa/Agro2/build/custom_worlds/build/lib/custom_worlds
running install
running install_lib
creating /home/ayaa/Agro2/install/custom_worlds/lib/python3.8/site-packages/custom_worlds
copying /home/ayaa/Agro2/build/custom_worlds/build/lib/custom_worlds/__init__.py -> /home/ayaa/Agro2/install/custom_worlds/lib/python3.8/site-packages/custom_worlds
byte-compiling /home/ayaa/Agro2/install/custom_worlds/lib/python3.8/site-packages/custom_worlds/__init__.py to __init__.cpython-38.pyc
running install_data
copying resource/custom_worlds -> /home/ayaa/Agro2/install/custom_worlds/share/ament_index/resource_index/packages
copying package.xml -> /home/ayaa/Agro2/install/custom_worlds/share/custom_worlds
copying launch/agricultural.launch.py -> /home/ayaa/Agro2/install/custom_worlds/share/custom_worlds/launch
copying launch/ag_world.launch.xml -> /home/ayaa/Agro2/install/custom_worlds/share/custom_worlds/launch
copying worlds/agricultural.sdf -> /home/ayaa/Agro2/install/custom_worlds/share/custom_worlds/worlds
copying worlds/agricultural.world.sdf -> /home/ayaa/Agro2/install/custom_worlds/share/custom_worlds/worlds
running install_egg_info
Copying ../../build/custom_worlds/custom_worlds.egg-info to /home/ayaa/Agro2/install/custom_worlds/lib/python3.8/site-packages/custom_worlds-0.0.0-py3.8.egg-info
running install_scripts
writing list of installed files to '/home/ayaa/Agro2/build/custom_worlds/install.log'
