[0.254s] Invoking command in '/home/ayaa/Agro2/build/franka_description': CMAKE_PREFIX_PATH=/home/ayaa/Agro2/install/ur5_moveit:/home/ayaa/Agro2/install/ur_description:/home/ayaa/Agro2/install/tiago_simulation:/home/ayaa/Agro2/install/tiago_robot:/home/ayaa/Agro2/install/tiago_gazebo:/home/ayaa/Agro2/install/tiago_bringup:/home/ayaa/Agro2/install/tiago_description:/home/ayaa/Agro2/install/tiago_cpp:/home/ayaa/Agro2/install/tiago_controller_configuration:/home/ayaa/Agro2/install/tiago_behavior_tree:/home/ayaa/Agro2/install/fer_moveit:/home/ayaa/Agro2/install/tiago_custom:/home/ayaa/Agro2/install/my_nav2_bringup:/home/ayaa/Agro2/install/fer_gazebo:/home/ayaa/Agro2/install/custom_worlds:/opt/ros/humble:/home/ayaa/Agro2/install/franka_description:/home/ayaa/Agro2/install/fer_cpp_moveit /usr/bin/cmake --build /home/ayaa/Agro2/build/franka_description -- -j8 -l8
[7.464s] Invoked command in '/home/ayaa/Agro2/build/franka_description' returned '0': CMAKE_PREFIX_PATH=/home/ayaa/Agro2/install/ur5_moveit:/home/ayaa/Agro2/install/ur_description:/home/ayaa/Agro2/install/tiago_simulation:/home/ayaa/Agro2/install/tiago_robot:/home/ayaa/Agro2/install/tiago_gazebo:/home/ayaa/Agro2/install/tiago_bringup:/home/ayaa/Agro2/install/tiago_description:/home/ayaa/Agro2/install/tiago_cpp:/home/ayaa/Agro2/install/tiago_controller_configuration:/home/ayaa/Agro2/install/tiago_behavior_tree:/home/ayaa/Agro2/install/fer_moveit:/home/ayaa/Agro2/install/tiago_custom:/home/ayaa/Agro2/install/my_nav2_bringup:/home/ayaa/Agro2/install/fer_gazebo:/home/ayaa/Agro2/install/custom_worlds:/opt/ros/humble:/home/ayaa/Agro2/install/franka_description:/home/ayaa/Agro2/install/fer_cpp_moveit /usr/bin/cmake --build /home/ayaa/Agro2/build/franka_description -- -j8 -l8
[7.472s] Invoking command in '/home/ayaa/Agro2/build/franka_description': CMAKE_PREFIX_PATH=/home/ayaa/Agro2/install/ur5_moveit:/home/ayaa/Agro2/install/ur_description:/home/ayaa/Agro2/install/tiago_simulation:/home/ayaa/Agro2/install/tiago_robot:/home/ayaa/Agro2/install/tiago_gazebo:/home/ayaa/Agro2/install/tiago_bringup:/home/ayaa/Agro2/install/tiago_description:/home/ayaa/Agro2/install/tiago_cpp:/home/ayaa/Agro2/install/tiago_controller_configuration:/home/ayaa/Agro2/install/tiago_behavior_tree:/home/ayaa/Agro2/install/fer_moveit:/home/ayaa/Agro2/install/tiago_custom:/home/ayaa/Agro2/install/my_nav2_bringup:/home/ayaa/Agro2/install/fer_gazebo:/home/ayaa/Agro2/install/custom_worlds:/opt/ros/humble:/home/ayaa/Agro2/install/franka_description:/home/ayaa/Agro2/install/fer_cpp_moveit /usr/bin/cmake --install /home/ayaa/Agro2/build/franka_description
[7.562s] -- Install configuration: ""
[7.565s] -- Up-to-date: /home/ayaa/Agro2/install/franka_description/share/franka_description//launch
[7.566s] -- Up-to-date: /home/ayaa/Agro2/install/franka_description/share/franka_description//launch/visualize_franka.launch.py
[7.575s] -- Up-to-date: /home/ayaa/Agro2/install/franka_description/share/franka_description//robots
[7.576s] -- Up-to-date: /home/ayaa/Agro2/install/franka_description/share/franka_description//robots/fp3
[7.577s] -- Up-to-date: /home/ayaa/Agro2/install/franka_description/share/franka_description//robots/fp3/inertials.yaml
[7.578s] -- Up-to-date: /home/ayaa/Agro2/install/franka_description/share/franka_description//robots/fp3/joint_limits.yaml
[7.580s] -- Up-to-date: /home/ayaa/Agro2/install/franka_description/share/franka_description//robots/fp3/dynamics.yaml
[7.581s] -- Up-to-date: /home/ayaa/Agro2/install/franka_description/share/franka_description//robots/fp3/kinematics.yaml
[7.583s] -- Up-to-date: /home/ayaa/Agro2/install/franka_description/share/franka_description//robots/fp3/fp3.urdf.xacro
[7.584s] -- Up-to-date: /home/ayaa/Agro2/install/franka_description/share/franka_description//robots/fr3
[7.585s] -- Up-to-date: /home/ayaa/Agro2/install/franka_description/share/franka_description//robots/fr3/inertials.yaml
[7.586s] -- Up-to-date: /home/ayaa/Agro2/install/franka_description/share/franka_description//robots/fr3/joint_limits.yaml
[7.588s] -- Up-to-date: /home/ayaa/Agro2/install/franka_description/share/franka_description//robots/fr3/dynamics.yaml
[7.588s] -- Up-to-date: /home/ayaa/Agro2/install/franka_description/share/franka_description//robots/fr3/kinematics.yaml
[7.589s] -- Up-to-date: /home/ayaa/Agro2/install/franka_description/share/franka_description//robots/fr3/fr3.urdf.xacro
[7.590s] -- Up-to-date: /home/ayaa/Agro2/install/franka_description/share/franka_description//robots/fer
[7.591s] -- Up-to-date: /home/ayaa/Agro2/install/franka_description/share/franka_description//robots/fer/fer_ros2_control.xacro.urdf
[7.592s] -- Up-to-date: /home/ayaa/Agro2/install/franka_description/share/franka_description//robots/fer/inertials.yaml
[7.597s] -- Up-to-date: /home/ayaa/Agro2/install/franka_description/share/franka_description//robots/fer/joint_limits.yaml
[7.598s] -- Up-to-date: /home/ayaa/Agro2/install/franka_description/share/franka_description//robots/fer/dynamics.yaml
[7.599s] -- Up-to-date: /home/ayaa/Agro2/install/franka_description/share/franka_description//robots/fer/fer.urdf
[7.599s] -- Up-to-date: /home/ayaa/Agro2/install/franka_description/share/franka_description//robots/fer/kinematics.yaml
[7.599s] -- Up-to-date: /home/ayaa/Agro2/install/franka_description/share/franka_description//robots/fer/fer.urdf.xacro
[7.600s] -- Up-to-date: /home/ayaa/Agro2/install/franka_description/share/franka_description//robots/common
[7.600s] -- Up-to-date: /home/ayaa/Agro2/install/franka_description/share/franka_description//robots/common/utils.xacro
[7.600s] -- Up-to-date: /home/ayaa/Agro2/install/franka_description/share/franka_description//robots/common/franka_arm.xacro
[7.600s] -- Up-to-date: /home/ayaa/Agro2/install/franka_description/share/franka_description//robots/common/franka_robot.xacro
[7.601s] -- Up-to-date: /home/ayaa/Agro2/install/franka_description/share/franka_description//robots/common/franka_arm.ros2_control.xacro
[7.601s] -- Up-to-date: /home/ayaa/Agro2/install/franka_description/share/franka_description//robots/multi_arm
[7.601s] -- Up-to-date: /home/ayaa/Agro2/install/franka_description/share/franka_description//robots/multi_arm/multi_arm.urdf.xacro
[7.601s] -- Up-to-date: /home/ayaa/Agro2/install/franka_description/share/franka_description//end_effectors
[7.602s] -- Up-to-date: /home/ayaa/Agro2/install/franka_description/share/franka_description//end_effectors/franka_hand
[7.602s] -- Up-to-date: /home/ayaa/Agro2/install/franka_description/share/franka_description//end_effectors/franka_hand/inertials.yaml
[7.603s] -- Up-to-date: /home/ayaa/Agro2/install/franka_description/share/franka_description//end_effectors/franka_hand/franka_hand_arguments.xacro
[7.603s] -- Up-to-date: /home/ayaa/Agro2/install/franka_description/share/franka_description//end_effectors/franka_hand/franka_hand.urdf.xacro
[7.603s] -- Up-to-date: /home/ayaa/Agro2/install/franka_description/share/franka_description//end_effectors/common
[7.604s] -- Up-to-date: /home/ayaa/Agro2/install/franka_description/share/franka_description//end_effectors/common/utils.xacro
[7.604s] -- Up-to-date: /home/ayaa/Agro2/install/franka_description/share/franka_description//end_effectors/common/ee_with_one_link.xacro
[7.604s] -- Up-to-date: /home/ayaa/Agro2/install/franka_description/share/franka_description//end_effectors/common/franka_hand.xacro
[7.605s] -- Up-to-date: /home/ayaa/Agro2/install/franka_description/share/franka_description//end_effectors/cobot_pump
[7.605s] -- Up-to-date: /home/ayaa/Agro2/install/franka_description/share/franka_description//end_effectors/cobot_pump/inertials.yaml
[7.605s] -- Up-to-date: /home/ayaa/Agro2/install/franka_description/share/franka_description//end_effectors/cobot_pump/cobot_pump_arguments.xacro
[7.606s] -- Up-to-date: /home/ayaa/Agro2/install/franka_description/share/franka_description//end_effectors/cobot_pump/cobot_pump.urdf.xacro
[7.607s] -- Up-to-date: /home/ayaa/Agro2/install/franka_description/share/franka_description//meshes
[7.607s] -- Up-to-date: /home/ayaa/Agro2/install/franka_description/share/franka_description//meshes/robot_arms
[7.608s] -- Up-to-date: /home/ayaa/Agro2/install/franka_description/share/franka_description//meshes/robot_arms/fp3
[7.608s] -- Up-to-date: /home/ayaa/Agro2/install/franka_description/share/franka_description//meshes/robot_arms/fp3/collision
[7.609s] -- Up-to-date: /home/ayaa/Agro2/install/franka_description/share/franka_description//meshes/robot_arms/fp3/collision/link0.stl
[7.609s] -- Up-to-date: /home/ayaa/Agro2/install/franka_description/share/franka_description//meshes/robot_arms/fp3/collision/link7.stl
[7.611s] -- Up-to-date: /home/ayaa/Agro2/install/franka_description/share/franka_description//meshes/robot_arms/fp3/collision/link2.stl
[7.612s] -- Up-to-date: /home/ayaa/Agro2/install/franka_description/share/franka_description//meshes/robot_arms/fp3/collision/link5.stl
[7.613s] -- Up-to-date: /home/ayaa/Agro2/install/franka_description/share/franka_description//meshes/robot_arms/fp3/collision/link3.stl
[7.615s] -- Up-to-date: /home/ayaa/Agro2/install/franka_description/share/franka_description//meshes/robot_arms/fp3/collision/link4.stl
[7.615s] -- Up-to-date: /home/ayaa/Agro2/install/franka_description/share/franka_description//meshes/robot_arms/fp3/collision/link6.stl
[7.618s] -- Up-to-date: /home/ayaa/Agro2/install/franka_description/share/franka_description//meshes/robot_arms/fp3/collision/link1.stl
[7.619s] -- Up-to-date: /home/ayaa/Agro2/install/franka_description/share/franka_description//meshes/robot_arms/fp3/visual
[7.620s] -- Up-to-date: /home/ayaa/Agro2/install/franka_description/share/franka_description//meshes/robot_arms/fp3/visual/link5.dae
[7.621s] -- Up-to-date: /home/ayaa/Agro2/install/franka_description/share/franka_description//meshes/robot_arms/fp3/visual/link2.dae
[7.621s] -- Up-to-date: /home/ayaa/Agro2/install/franka_description/share/franka_description//meshes/robot_arms/fp3/visual/link0.dae
[7.622s] -- Up-to-date: /home/ayaa/Agro2/install/franka_description/share/franka_description//meshes/robot_arms/fp3/visual/link4.dae
[7.623s] -- Up-to-date: /home/ayaa/Agro2/install/franka_description/share/franka_description//meshes/robot_arms/fp3/visual/link6.dae
[7.624s] -- Up-to-date: /home/ayaa/Agro2/install/franka_description/share/franka_description//meshes/robot_arms/fp3/visual/link7.dae
[7.625s] -- Up-to-date: /home/ayaa/Agro2/install/franka_description/share/franka_description//meshes/robot_arms/fp3/visual/link1.dae
[7.625s] -- Up-to-date: /home/ayaa/Agro2/install/franka_description/share/franka_description//meshes/robot_arms/fp3/visual/link3.dae
[7.626s] -- Up-to-date: /home/ayaa/Agro2/install/franka_description/share/franka_description//meshes/robot_arms/fr3
[7.627s] -- Up-to-date: /home/ayaa/Agro2/install/franka_description/share/franka_description//meshes/robot_arms/fr3/collision
[7.627s] -- Up-to-date: /home/ayaa/Agro2/install/franka_description/share/franka_description//meshes/robot_arms/fr3/collision/link0.stl
[7.628s] -- Up-to-date: /home/ayaa/Agro2/install/franka_description/share/franka_description//meshes/robot_arms/fr3/collision/link7.stl
[7.630s] -- Up-to-date: /home/ayaa/Agro2/install/franka_description/share/franka_description//meshes/robot_arms/fr3/collision/link2.stl
[7.630s] -- Up-to-date: /home/ayaa/Agro2/install/franka_description/share/franka_description//meshes/robot_arms/fr3/collision/link5.stl
[7.631s] -- Up-to-date: /home/ayaa/Agro2/install/franka_description/share/franka_description//meshes/robot_arms/fr3/collision/link3.stl
[7.633s] -- Up-to-date: /home/ayaa/Agro2/install/franka_description/share/franka_description//meshes/robot_arms/fr3/collision/link4.stl
[7.633s] -- Up-to-date: /home/ayaa/Agro2/install/franka_description/share/franka_description//meshes/robot_arms/fr3/collision/link6.stl
[7.634s] -- Up-to-date: /home/ayaa/Agro2/install/franka_description/share/franka_description//meshes/robot_arms/fr3/collision/link1.stl
[7.635s] -- Up-to-date: /home/ayaa/Agro2/install/franka_description/share/franka_description//meshes/robot_arms/fr3/visual
[7.636s] -- Up-to-date: /home/ayaa/Agro2/install/franka_description/share/franka_description//meshes/robot_arms/fr3/visual/link5.dae
[7.637s] -- Up-to-date: /home/ayaa/Agro2/install/franka_description/share/franka_description//meshes/robot_arms/fr3/visual/link2.dae
[7.638s] -- Up-to-date: /home/ayaa/Agro2/install/franka_description/share/franka_description//meshes/robot_arms/fr3/visual/link0.dae
[7.638s] -- Up-to-date: /home/ayaa/Agro2/install/franka_description/share/franka_description//meshes/robot_arms/fr3/visual/link4.dae
[7.639s] -- Up-to-date: /home/ayaa/Agro2/install/franka_description/share/franka_description//meshes/robot_arms/fr3/visual/link6.dae
[7.640s] -- Up-to-date: /home/ayaa/Agro2/install/franka_description/share/franka_description//meshes/robot_arms/fr3/visual/link7.dae
[7.642s] -- Up-to-date: /home/ayaa/Agro2/install/franka_description/share/franka_description//meshes/robot_arms/fr3/visual/link1.dae
[7.642s] -- Up-to-date: /home/ayaa/Agro2/install/franka_description/share/franka_description//meshes/robot_arms/fr3/visual/link3.dae
[7.643s] -- Up-to-date: /home/ayaa/Agro2/install/franka_description/share/franka_description//meshes/robot_arms/fer
[7.645s] -- Up-to-date: /home/ayaa/Agro2/install/franka_description/share/franka_description//meshes/robot_arms/fer/collision
[7.645s] -- Up-to-date: /home/ayaa/Agro2/install/franka_description/share/franka_description//meshes/robot_arms/fer/collision/link0.stl
[7.647s] -- Up-to-date: /home/ayaa/Agro2/install/franka_description/share/franka_description//meshes/robot_arms/fer/collision/link7.stl
[7.647s] -- Up-to-date: /home/ayaa/Agro2/install/franka_description/share/franka_description//meshes/robot_arms/fer/collision/link2.stl
[7.652s] -- Up-to-date: /home/ayaa/Agro2/install/franka_description/share/franka_description//meshes/robot_arms/fer/collision/link5.stl
[7.655s] -- Up-to-date: /home/ayaa/Agro2/install/franka_description/share/franka_description//meshes/robot_arms/fer/collision/link3.stl
[7.656s] -- Up-to-date: /home/ayaa/Agro2/install/franka_description/share/franka_description//meshes/robot_arms/fer/collision/link4.stl
[7.656s] -- Up-to-date: /home/ayaa/Agro2/install/franka_description/share/franka_description//meshes/robot_arms/fer/collision/link6.stl
[7.658s] -- Up-to-date: /home/ayaa/Agro2/install/franka_description/share/franka_description//meshes/robot_arms/fer/collision/link1.stl
[7.658s] -- Up-to-date: /home/ayaa/Agro2/install/franka_description/share/franka_description//meshes/robot_arms/fer/collision/hand.stl
[7.659s] -- Up-to-date: /home/ayaa/Agro2/install/franka_description/share/franka_description//meshes/robot_arms/fer/visual
[7.661s] -- Up-to-date: /home/ayaa/Agro2/install/franka_description/share/franka_description//meshes/robot_arms/fer/visual/link5.dae
[7.662s] -- Up-to-date: /home/ayaa/Agro2/install/franka_description/share/franka_description//meshes/robot_arms/fer/visual/link2.dae
[7.662s] -- Up-to-date: /home/ayaa/Agro2/install/franka_description/share/franka_description//meshes/robot_arms/fer/visual/link0.dae
[7.667s] -- Up-to-date: /home/ayaa/Agro2/install/franka_description/share/franka_description//meshes/robot_arms/fer/visual/link4.dae
[7.667s] -- Up-to-date: /home/ayaa/Agro2/install/franka_description/share/franka_description//meshes/robot_arms/fer/visual/link6.dae
[7.668s] -- Up-to-date: /home/ayaa/Agro2/install/franka_description/share/franka_description//meshes/robot_arms/fer/visual/link7.dae
[7.669s] -- Up-to-date: /home/ayaa/Agro2/install/franka_description/share/franka_description//meshes/robot_arms/fer/visual/link1.dae
[7.672s] -- Up-to-date: /home/ayaa/Agro2/install/franka_description/share/franka_description//meshes/robot_arms/fer/visual/finger.dae
[7.673s] -- Up-to-date: /home/ayaa/Agro2/install/franka_description/share/franka_description//meshes/robot_arms/fer/visual/link3.dae
[7.674s] -- Up-to-date: /home/ayaa/Agro2/install/franka_description/share/franka_description//meshes/robot_arms/fer/visual/hand.dae
[7.675s] -- Up-to-date: /home/ayaa/Agro2/install/franka_description/share/franka_description//meshes/robot_ee
[7.676s] -- Up-to-date: /home/ayaa/Agro2/install/franka_description/share/franka_description//meshes/robot_ee/franka_hand_white
[7.678s] -- Up-to-date: /home/ayaa/Agro2/install/franka_description/share/franka_description//meshes/robot_ee/franka_hand_white/collision
[7.679s] -- Up-to-date: /home/ayaa/Agro2/install/franka_description/share/franka_description//meshes/robot_ee/franka_hand_white/collision/hand.stl
[7.680s] -- Up-to-date: /home/ayaa/Agro2/install/franka_description/share/franka_description//meshes/robot_ee/franka_hand_white/visual
[7.680s] -- Up-to-date: /home/ayaa/Agro2/install/franka_description/share/franka_description//meshes/robot_ee/franka_hand_white/visual/finger.dae
[7.681s] -- Up-to-date: /home/ayaa/Agro2/install/franka_description/share/franka_description//meshes/robot_ee/franka_hand_white/visual/hand.dae
[7.682s] -- Up-to-date: /home/ayaa/Agro2/install/franka_description/share/franka_description//meshes/robot_ee/cobot_pump
[7.683s] -- Up-to-date: /home/ayaa/Agro2/install/franka_description/share/franka_description//meshes/robot_ee/cobot_pump/collision
[7.683s] -- Up-to-date: /home/ayaa/Agro2/install/franka_description/share/franka_description//meshes/robot_ee/cobot_pump/collision/cobot_pump.stl
[7.684s] -- Up-to-date: /home/ayaa/Agro2/install/franka_description/share/franka_description//meshes/robot_ee/cobot_pump/visual
[7.684s] -- Up-to-date: /home/ayaa/Agro2/install/franka_description/share/franka_description//meshes/robot_ee/cobot_pump/visual/cobot_pump.dae
[7.685s] -- Up-to-date: /home/ayaa/Agro2/install/franka_description/share/franka_description//meshes/robot_ee/franka_hand_black
[7.686s] -- Up-to-date: /home/ayaa/Agro2/install/franka_description/share/franka_description//meshes/robot_ee/franka_hand_black/collision
[7.687s] -- Up-to-date: /home/ayaa/Agro2/install/franka_description/share/franka_description//meshes/robot_ee/franka_hand_black/collision/hand.stl
[7.688s] -- Up-to-date: /home/ayaa/Agro2/install/franka_description/share/franka_description//meshes/robot_ee/franka_hand_black/visual
[7.688s] -- Up-to-date: /home/ayaa/Agro2/install/franka_description/share/franka_description//meshes/robot_ee/franka_hand_black/visual/finger.dae
[7.689s] -- Up-to-date: /home/ayaa/Agro2/install/franka_description/share/franka_description//meshes/robot_ee/franka_hand_black/visual/hand.dae
[7.693s] -- Up-to-date: /home/ayaa/Agro2/install/franka_description/share/franka_description//rviz
[7.693s] -- Up-to-date: /home/ayaa/Agro2/install/franka_description/share/franka_description//rviz/visualize_franka.rviz
[7.694s] -- Up-to-date: /home/ayaa/Agro2/install/franka_description/share/ament_index/resource_index/package_run_dependencies/franka_description
[7.695s] -- Up-to-date: /home/ayaa/Agro2/install/franka_description/share/ament_index/resource_index/parent_prefix_path/franka_description
[7.696s] -- Up-to-date: /home/ayaa/Agro2/install/franka_description/share/franka_description/environment/ament_prefix_path.sh
[7.696s] -- Up-to-date: /home/ayaa/Agro2/install/franka_description/share/franka_description/environment/ament_prefix_path.dsv
[7.701s] -- Up-to-date: /home/ayaa/Agro2/install/franka_description/share/franka_description/environment/path.sh
[7.701s] -- Up-to-date: /home/ayaa/Agro2/install/franka_description/share/franka_description/environment/path.dsv
[7.703s] -- Up-to-date: /home/ayaa/Agro2/install/franka_description/share/franka_description/local_setup.bash
[7.703s] -- Up-to-date: /home/ayaa/Agro2/install/franka_description/share/franka_description/local_setup.sh
[7.704s] -- Up-to-date: /home/ayaa/Agro2/install/franka_description/share/franka_description/local_setup.zsh
[7.705s] -- Up-to-date: /home/ayaa/Agro2/install/franka_description/share/franka_description/local_setup.dsv
[7.705s] -- Installing: /home/ayaa/Agro2/install/franka_description/share/franka_description/package.dsv
[7.706s] -- Up-to-date: /home/ayaa/Agro2/install/franka_description/share/ament_index/resource_index/packages/franka_description
[7.707s] -- Up-to-date: /home/ayaa/Agro2/install/franka_description/share/franka_description/cmake/franka_descriptionConfig.cmake
[7.707s] -- Up-to-date: /home/ayaa/Agro2/install/franka_description/share/franka_description/cmake/franka_descriptionConfig-version.cmake
[7.708s] -- Up-to-date: /home/ayaa/Agro2/install/franka_description/share/franka_description/package.xml
[7.828s] Invoked command in '/home/ayaa/Agro2/build/franka_description' returned '0': CMAKE_PREFIX_PATH=/home/ayaa/Agro2/install/ur5_moveit:/home/ayaa/Agro2/install/ur_description:/home/ayaa/Agro2/install/tiago_simulation:/home/ayaa/Agro2/install/tiago_robot:/home/ayaa/Agro2/install/tiago_gazebo:/home/ayaa/Agro2/install/tiago_bringup:/home/ayaa/Agro2/install/tiago_description:/home/ayaa/Agro2/install/tiago_cpp:/home/ayaa/Agro2/install/tiago_controller_configuration:/home/ayaa/Agro2/install/tiago_behavior_tree:/home/ayaa/Agro2/install/fer_moveit:/home/ayaa/Agro2/install/tiago_custom:/home/ayaa/Agro2/install/my_nav2_bringup:/home/ayaa/Agro2/install/fer_gazebo:/home/ayaa/Agro2/install/custom_worlds:/opt/ros/humble:/home/ayaa/Agro2/install/franka_description:/home/ayaa/Agro2/install/fer_cpp_moveit /usr/bin/cmake --install /home/ayaa/Agro2/build/franka_description
