[1.439s] Invoking command in '/home/ayaa/Agro2/src/custom_worlds': PYTHONPATH=/home/ayaa/Agro2/build/custom_worlds/prefix_override:/usr/lib/python3/dist-packages/colcon_core/task/python/colcon_distutils_commands:/home/ayaa/Agro2/install/custom_worlds/lib/python3.10/site-packages:${PYTHONPATH} /usr/bin/python3 -W ignore:setup.py install is deprecated -W ignore:easy_install command is deprecated setup.py egg_info --egg-base ../../build/custom_worlds build --build-base /home/ayaa/Agro2/build/custom_worlds/build install --record /home/ayaa/Agro2/build/custom_worlds/install.log --single-version-externally-managed install_data
[1.832s] running egg_info
[1.848s] writing ../../build/custom_worlds/custom_worlds.egg-info/PKG-INFO
[1.849s] writing dependency_links to ../../build/custom_worlds/custom_worlds.egg-info/dependency_links.txt
[1.849s] writing requirements to ../../build/custom_worlds/custom_worlds.egg-info/requires.txt
[1.849s] writing top-level names to ../../build/custom_worlds/custom_worlds.egg-info/top_level.txt
[1.882s] reading manifest file '../../build/custom_worlds/custom_worlds.egg-info/SOURCES.txt'
[1.882s] adding license file 'LICENSE'
[1.883s] writing manifest file '../../build/custom_worlds/custom_worlds.egg-info/SOURCES.txt'
[1.883s] running build
[1.883s] running build_py
[1.883s] running install
[1.889s] running install_lib
[1.906s] running install_data
[1.906s] running install_egg_info
[1.935s] removing '/home/ayaa/Agro2/install/custom_worlds/lib/python3.10/site-packages/custom_worlds-0.0.0-py3.10.egg-info' (and everything under it)
[1.935s] Copying ../../build/custom_worlds/custom_worlds.egg-info to /home/ayaa/Agro2/install/custom_worlds/lib/python3.10/site-packages/custom_worlds-0.0.0-py3.10.egg-info
[1.936s] running install_scripts
[1.999s] writing list of installed files to '/home/ayaa/Agro2/build/custom_worlds/install.log'
[2.065s] Invoked command in '/home/ayaa/Agro2/src/custom_worlds' returned '0': PYTHONPATH=/home/ayaa/Agro2/build/custom_worlds/prefix_override:/usr/lib/python3/dist-packages/colcon_core/task/python/colcon_distutils_commands:/home/ayaa/Agro2/install/custom_worlds/lib/python3.10/site-packages:${PYTHONPATH} /usr/bin/python3 -W ignore:setup.py install is deprecated -W ignore:easy_install command is deprecated setup.py egg_info --egg-base ../../build/custom_worlds build --build-base /home/ayaa/Agro2/build/custom_worlds/build install --record /home/ayaa/Agro2/build/custom_worlds/install.log --single-version-externally-managed install_data
